#
# There is insufficient memory for the Java Runtime Environment to continue.
# Native memory allocation (mmap) failed to map 78643200 bytes. Error detail: G1 virtual space
# Possible reasons:
#   The system is out of physical RAM or swap space
#   This process is running with CompressedOops enabled, and the Java Heap may be blocking the growth of the native heap
# Possible solutions:
#   Reduce memory load on the system
#   Increase physical memory or swap space
#   Check if swap backing store is full
#   Decrease Java heap size (-Xmx/-Xms)
#   Decrease number of Java threads
#   Decrease Java thread stack sizes (-Xss)
#   Set larger code cache with -XX:ReservedCodeCacheSize=
#   JVM is running with Unscaled Compressed Oops mode in which the Java heap is
#     placed in the first 4GB address space. The Java Heap base address is the
#     maximum limit for the native heap growth. Please use -XX:HeapBaseMinAddress
#     to set the Java Heap base and to place the Java Heap above 4GB virtual address.
# This output file may be truncated or incomplete.
#
#  Out of Memory Error (os_windows.cpp:3707), pid=5932, tid=10644
#
# JRE version: Java(TM) SE Runtime Environment (23.0.2+7) (build 23.0.2+7-58)
# Java VM: Java HotSpot(TM) 64-Bit Server VM (23.0.2+7-58, mixed mode, sharing, tiered, compressed oops, compressed class ptrs, g1 gc, windows-amd64)
# No core dump will be written. Minidumps are not enabled by default on client versions of Windows
#

---------------  S U M M A R Y ------------

Command Line: -DkotlinLanguageServer.version=1.3.13 org.javacs.kt.MainKt

Host: 11th Gen Intel(R) Core(TM) i3-1115G4 @ 3.00GHz, 4 cores, 7G,  Windows 11 , 64 bit Build 22621 (10.0.22621.5415)
Time: Fri May  8 21:07:27 2026 SE Asia Standard Time elapsed time: 11.584141 seconds (0d 0h 0m 11s)

---------------  T H R E A D  ---------------

Current thread (0x000001b349dd7ad0):  VMThread "VM Thread"          [id=10644, stack(0x000000532a100000,0x000000532a200000) (1024K)]

Stack: [0x000000532a100000,0x000000532a200000]
Native frames: (J=compiled Java code, j=interpreted, Vv=VM code, C=native code)
V  [jvm.dll+0x6e0b99]  (no source info available)
V  [jvm.dll+0x87e2b3]  (no source info available)
V  [jvm.dll+0x88073e]  (no source info available)
V  [jvm.dll+0x880e13]  (no source info available)
V  [jvm.dll+0x27b006]  (no source info available)
V  [jvm.dll+0x6dd485]  (no source info available)
V  [jvm.dll+0x6d127a]  (no source info available)
V  [jvm.dll+0x35b50a]  (no source info available)
V  [jvm.dll+0x363916]  (no source info available)
V  [jvm.dll+0x34fe7e]  (no source info available)
V  [jvm.dll+0x350118]  (no source info available)
V  [jvm.dll+0x328aec]  (no source info available)
V  [jvm.dll+0x328b7a]  (no source info available)
V  [jvm.dll+0x374db2]  (no source info available)
V  [jvm.dll+0x3734b2]  (no source info available)
V  [jvm.dll+0x3282c7]  (no source info available)
V  [jvm.dll+0x372c64]  (no source info available)
V  [jvm.dll+0x886d50]  (no source info available)
V  [jvm.dll+0x888077]  (no source info available)
V  [jvm.dll+0x8885a8]  (no source info available)
V  [jvm.dll+0x888843]  (no source info available)
V  [jvm.dll+0x8254cb]  (no source info available)
V  [jvm.dll+0x6df345]  (no source info available)
C  [ucrtbase.dll+0x29333]  (no source info available)
C  [KERNEL32.DLL+0x1259d]  (no source info available)
C  [ntdll.dll+0x5af78]  (no source info available)

VM_Operation (0x000000532b6fcd50): G1CollectForAllocation, mode: safepoint, requested by thread 0x000001b3998764b0


---------------  P R O C E S S  ---------------

Threads class SMR info:
_java_thread_list=0x000001b39c2a7540, length=19, elements={
0x000001b349df00a0, 0x000001b349df0eb0, 0x000001b349df3c50, 0x000001b349df47a0,
0x000001b349df56c0, 0x000001b349e00770, 0x000001b349e05120, 0x000001b349e07e00,
0x000001b38f11d010, 0x000001b38f123650, 0x000001b38f5f3ff0, 0x000001b399bad930,
0x000001b32b70de60, 0x000001b390ea0820, 0x000001b39b06c860, 0x000001b39ad2e4e0,
0x000001b39ad30c40, 0x000001b39b9f8b40, 0x000001b3998764b0
}

Java Threads: ( => current thread )
  0x000001b349df00a0 JavaThread "Reference Handler"          daemon [_thread_blocked, id=17464, stack(0x000000532a200000,0x000000532a300000) (1024K)]
  0x000001b349df0eb0 JavaThread "Finalizer"                  daemon [_thread_blocked, id=17312, stack(0x000000532a300000,0x000000532a400000) (1024K)]
  0x000001b349df3c50 JavaThread "Signal Dispatcher"          daemon [_thread_blocked, id=14476, stack(0x000000532a400000,0x000000532a500000) (1024K)]
  0x000001b349df47a0 JavaThread "Attach Listener"            daemon [_thread_blocked, id=13512, stack(0x000000532a500000,0x000000532a600000) (1024K)]
  0x000001b349df56c0 JavaThread "Service Thread"             daemon [_thread_blocked, id=14548, stack(0x000000532a600000,0x000000532a700000) (1024K)]
  0x000001b349e00770 JavaThread "Monitor Deflation Thread"   daemon [_thread_blocked, id=2268, stack(0x000000532a700000,0x000000532a800000) (1024K)]
  0x000001b349e05120 JavaThread "C2 CompilerThread0"         daemon [_thread_blocked, id=9912, stack(0x000000532a800000,0x000000532a900000) (1024K)]
  0x000001b349e07e00 JavaThread "C1 CompilerThread0"         daemon [_thread_blocked, id=16212, stack(0x000000532a900000,0x000000532aa00000) (1024K)]
  0x000001b38f11d010 JavaThread "Notification Thread"        daemon [_thread_blocked, id=1568, stack(0x000000532aa00000,0x000000532ab00000) (1024K)]
  0x000001b38f123650 JavaThread "Common-Cleaner"             daemon [_thread_blocked, id=15948, stack(0x000000532ab00000,0x000000532ac00000) (1024K)]
  0x000001b38f5f3ff0 JavaThread "C2 CompilerThread1"         daemon [_thread_blocked, id=9072, stack(0x000000532ac00000,0x000000532ad00000) (1024K)]
  0x000001b399bad930 JavaThread "client"                            [_thread_in_native, id=17500, stack(0x000000532b000000,0x000000532b100000) (1024K)]
  0x000001b32b70de60 JavaThread "DestroyJavaVM"                     [_thread_blocked, id=15704, stack(0x0000005329a00000,0x0000005329b00000) (1024K)]
  0x000001b390ea0820 JavaThread "async0"                            [_thread_blocked, id=12284, stack(0x000000532b100000,0x000000532b200000) (1024K)]
  0x000001b39b06c860 JavaThread "async1"                            [_thread_blocked, id=17528, stack(0x000000532b200000,0x000000532b300000) (1024K)]
  0x000001b39ad2e4e0 JavaThread "debounce0"                         [_thread_blocked, id=17504, stack(0x000000532b300000,0x000000532b400000) (1024K)]
  0x000001b39ad30c40 JavaThread "async2"                            [_thread_blocked, id=17540, stack(0x000000532b400000,0x000000532b500000) (1024K)]
  0x000001b39b9f8b40 JavaThread "async3"                            [_thread_blocked, id=17508, stack(0x000000532b500000,0x000000532b600000) (1024K)]
  0x000001b3998764b0 JavaThread "ForkJoinPool.commonPool-worker-1" daemon [_thread_blocked, id=17964, stack(0x000000532b600000,0x000000532b700000) (1024K)]
Total: 19

Other Threads:
=>0x000001b349dd7ad0 VMThread "VM Thread"                           [id=10644, stack(0x000000532a100000,0x000000532a200000) (1024K)]
  0x000001b32b7bc3f0 WatcherThread "VM Periodic Task Thread"        [id=7308, stack(0x000000532a000000,0x000000532a100000) (1024K)]
  0x000001b32dba4f10 WorkerThread "GC Thread#0"                     [id=15968, stack(0x0000005329b00000,0x0000005329c00000) (1024K)]
  0x000001b38f543a90 WorkerThread "GC Thread#1"                     [id=18364, stack(0x000000532ad00000,0x000000532ae00000) (1024K)]
  0x000001b38f5852f0 WorkerThread "GC Thread#2"                     [id=1364, stack(0x000000532ae00000,0x000000532af00000) (1024K)]
  0x000001b38f5856a0 WorkerThread "GC Thread#3"                     [id=10068, stack(0x000000532af00000,0x000000532b000000) (1024K)]
  0x000001b32dbb9620 ConcurrentGCThread "G1 Main Marker"            [id=8644, stack(0x0000005329c00000,0x0000005329d00000) (1024K)]
  0x000001b32dbba130 WorkerThread "G1 Conc#0"                       [id=12888, stack(0x0000005329d00000,0x0000005329e00000) (1024K)]
  0x000001b349c9b9e0 ConcurrentGCThread "G1 Refine#0"               [id=7512, stack(0x0000005329e00000,0x0000005329f00000) (1024K)]
  0x000001b349c9c210 ConcurrentGCThread "G1 Service"                [id=15892, stack(0x0000005329f00000,0x000000532a000000) (1024K)]
Total: 10

Threads with active compile tasks:
C2 CompilerThread0  11630 10582       4       com.intellij.core.CoreFileTypeRegistry::getFileTypeByFile (56 bytes)
C2 CompilerThread1  11630 10584       4       com.intellij.psi.impl.compiled.StubBuildingVisitor::constToString (504 bytes)
Total: 2

VM state: at safepoint (normal execution)

VM Mutex/Monitor currently owned by a thread:  ([mutex/lock_event])
[0x00007ffbbc624888] Threads_lock - owner thread: 0x000001b349dd7ad0
[0x00007ffbbc624988] Heap_lock - owner thread: 0x000001b3998764b0

Heap address: 0x0000000084a00000, size: 1974 MB, Compressed Oops mode: 32-bit

CDS archive(s) mapped at: [0x000001b34a000000-0x000001b34ad70000-0x000001b34ad70000), size 14090240, SharedBaseAddress: 0x000001b34a000000, ArchiveRelocationMode: 1.
Compressed class space mapped at: 0x000001b34b000000-0x000001b38b000000, reserved size: 1073741824
Narrow klass base: 0x000001b34a000000, Narrow klass shift: 0, Narrow klass range: 0x41000000

GC Precious Log:
 CardTable entry size: 512
 Card Set container configuration: InlinePtr #cards 5 size 8 Array Of Cards #cards 10 size 36 Howl #buckets 4 coarsen threshold 1843 Howl Bitmap #cards 512 size 80 coarsen threshold 460 Card regions per heap region 1 cards per card region 2048
 CPUs: 4 total, 4 available
 Memory: 7894M
 Large Page Support: Disabled
 NUMA Support: Disabled
 Compressed Oops: Enabled (32-bit)
 Heap Region Size: 1M
 Heap Min Capacity: 8M
 Heap Initial Capacity: 124M
 Heap Max Capacity: 1974M
 Pre-touch: Disabled
 Parallel Workers: 4
 Concurrent Workers: 1
 Concurrent Refinement Workers: 4
 Periodic GC: Disabled

Heap:
 garbage-first heap   total reserved 2021376K, committed 154624K, used 104730K [0x0000000084a00000, 0x0000000100000000)
  region size 1024K, 6 young (6144K), 6 survivors (6144K)
 Metaspace       used 71280K, committed 72256K, reserved 1114112K
  class space    used 8654K, committed 9152K, reserved 1048576K

Heap Regions: E=young(eden), S=young(survivor), O=old, HS=humongous(starts), HC=humongous(continues), CS=collection set, F=free, TAMS=top-at-mark-start, PB=parsable bottom
|   0|0x0000000084a00000, 0x0000000084b00000, 0x0000000084b00000|100%|HS|  |TAMS 0x0000000084b00000| PB 0x0000000084a00000| Complete |  0
|   1|0x0000000084b00000, 0x0000000084c00000, 0x0000000084c00000|100%|HC|  |TAMS 0x0000000084c00000| PB 0x0000000084b00000| Complete |  0
|   2|0x0000000084c00000, 0x0000000084d00000, 0x0000000084d00000|100%|HC|  |TAMS 0x0000000084d00000| PB 0x0000000084c00000| Complete |  0
|   3|0x0000000084d00000, 0x0000000084e00000, 0x0000000084e00000|100%|HC|  |TAMS 0x0000000084e00000| PB 0x0000000084d00000| Complete |  0
|   4|0x0000000084e00000, 0x0000000084f00000, 0x0000000084f00000|100%| O|  |TAMS 0x0000000084f00000| PB 0x0000000084e00000| Untracked |  0
|   5|0x0000000084f00000, 0x0000000085000000, 0x0000000085000000|100%| O|  |TAMS 0x0000000085000000| PB 0x0000000084f00000| Untracked |  0
|   6|0x0000000085000000, 0x0000000085100000, 0x0000000085100000|100%| O|  |TAMS 0x0000000085100000| PB 0x0000000085000000| Untracked |  0
|   7|0x0000000085100000, 0x0000000085200000, 0x0000000085200000|100%| O|  |TAMS 0x0000000085200000| PB 0x0000000085100000| Untracked |  0
|   8|0x0000000085200000, 0x0000000085300000, 0x0000000085300000|100%| O|  |TAMS 0x0000000085300000| PB 0x0000000085200000| Untracked |  0
|   9|0x0000000085300000, 0x0000000085400000, 0x0000000085400000|100%| O|  |TAMS 0x0000000085400000| PB 0x0000000085300000| Untracked |  0
|  10|0x0000000085400000, 0x0000000085500000, 0x0000000085500000|100%| O|  |TAMS 0x0000000085500000| PB 0x0000000085400000| Untracked |  0
|  11|0x0000000085500000, 0x0000000085600000, 0x0000000085600000|100%| O|  |TAMS 0x0000000085600000| PB 0x0000000085500000| Untracked |  0
|  12|0x0000000085600000, 0x0000000085700000, 0x0000000085700000|100%| O|  |TAMS 0x0000000085700000| PB 0x0000000085600000| Untracked |  0
|  13|0x0000000085700000, 0x0000000085800000, 0x0000000085800000|100%| O|  |TAMS 0x0000000085800000| PB 0x0000000085700000| Untracked |  0
|  14|0x0000000085800000, 0x0000000085900000, 0x0000000085900000|100%| O|  |TAMS 0x0000000085900000| PB 0x0000000085800000| Untracked |  0
|  15|0x0000000085900000, 0x0000000085a00000, 0x0000000085a00000|100%| O|  |TAMS 0x0000000085a00000| PB 0x0000000085900000| Untracked |  0
|  16|0x0000000085a00000, 0x0000000085b00000, 0x0000000085b00000|100%| O|  |TAMS 0x0000000085b00000| PB 0x0000000085a00000| Untracked |  0
|  17|0x0000000085b00000, 0x0000000085c00000, 0x0000000085c00000|100%| O|  |TAMS 0x0000000085c00000| PB 0x0000000085b00000| Untracked |  0
|  18|0x0000000085c00000, 0x0000000085d00000, 0x0000000085d00000|100%| O|  |TAMS 0x0000000085d00000| PB 0x0000000085c00000| Untracked |  0
|  19|0x0000000085d00000, 0x0000000085e00000, 0x0000000085e00000|100%| O|  |TAMS 0x0000000085e00000| PB 0x0000000085d00000| Untracked |  0
|  20|0x0000000085e00000, 0x0000000085f00000, 0x0000000085f00000|100%| O|  |TAMS 0x0000000085f00000| PB 0x0000000085e00000| Untracked |  0
|  21|0x0000000085f00000, 0x0000000086000000, 0x0000000086000000|100%| O|  |TAMS 0x0000000086000000| PB 0x0000000085f00000| Untracked |  0
|  22|0x0000000086000000, 0x0000000086100000, 0x0000000086100000|100%| O|  |TAMS 0x0000000086100000| PB 0x0000000086000000| Untracked |  0
|  23|0x0000000086100000, 0x0000000086200000, 0x0000000086200000|100%| O|  |TAMS 0x0000000086200000| PB 0x0000000086100000| Untracked |  0
|  24|0x0000000086200000, 0x0000000086300000, 0x0000000086300000|100%| O|  |TAMS 0x0000000086300000| PB 0x0000000086200000| Untracked |  0
|  25|0x0000000086300000, 0x0000000086400000, 0x0000000086400000|100%| O|  |TAMS 0x0000000086400000| PB 0x0000000086300000| Untracked |  0
|  26|0x0000000086400000, 0x0000000086500000, 0x0000000086500000|100%| O|  |TAMS 0x0000000086500000| PB 0x0000000086400000| Untracked |  0
|  27|0x0000000086500000, 0x0000000086600000, 0x0000000086600000|100%| O|  |TAMS 0x0000000086600000| PB 0x0000000086500000| Untracked |  0
|  28|0x0000000086600000, 0x0000000086700000, 0x0000000086700000|100%| O|  |TAMS 0x0000000086700000| PB 0x0000000086600000| Untracked |  0
|  29|0x0000000086700000, 0x0000000086800000, 0x0000000086800000|100%| O|  |TAMS 0x0000000086800000| PB 0x0000000086700000| Untracked |  0
|  30|0x0000000086800000, 0x0000000086900000, 0x0000000086900000|100%| O|  |TAMS 0x0000000086900000| PB 0x0000000086800000| Untracked |  0
|  31|0x0000000086900000, 0x0000000086a00000, 0x0000000086a00000|100%| O|  |TAMS 0x0000000086a00000| PB 0x0000000086900000| Untracked |  0
|  32|0x0000000086a00000, 0x0000000086b00000, 0x0000000086b00000|100%| O|  |TAMS 0x0000000086b00000| PB 0x0000000086a00000| Untracked |  0
|  33|0x0000000086b00000, 0x0000000086c00000, 0x0000000086c00000|100%| O|  |TAMS 0x0000000086c00000| PB 0x0000000086b00000| Untracked |  0
|  34|0x0000000086c00000, 0x0000000086d00000, 0x0000000086d00000|100%| O|  |TAMS 0x0000000086d00000| PB 0x0000000086c00000| Untracked |  0
|  35|0x0000000086d00000, 0x0000000086e00000, 0x0000000086e00000|100%| O|  |TAMS 0x0000000086e00000| PB 0x0000000086d00000| Untracked |  0
|  36|0x0000000086e00000, 0x0000000086f00000, 0x0000000086f00000|100%| O|  |TAMS 0x0000000086f00000| PB 0x0000000086e00000| Untracked |  0
|  37|0x0000000086f00000, 0x0000000087000000, 0x0000000087000000|100%| O|  |TAMS 0x0000000087000000| PB 0x0000000086f00000| Untracked |  0
|  38|0x0000000087000000, 0x0000000087100000, 0x0000000087100000|100%| O|  |TAMS 0x0000000087100000| PB 0x0000000087000000| Untracked |  0
|  39|0x0000000087100000, 0x0000000087200000, 0x0000000087200000|100%| O|  |TAMS 0x0000000087200000| PB 0x0000000087100000| Untracked |  0
|  40|0x0000000087200000, 0x0000000087300000, 0x0000000087300000|100%| O|  |TAMS 0x0000000087300000| PB 0x0000000087200000| Untracked |  0
|  41|0x0000000087300000, 0x0000000087400000, 0x0000000087400000|100%| O|  |TAMS 0x0000000087400000| PB 0x0000000087300000| Untracked |  0
|  42|0x0000000087400000, 0x0000000087500000, 0x0000000087500000|100%| O|  |TAMS 0x0000000087500000| PB 0x0000000087400000| Untracked |  0
|  43|0x0000000087500000, 0x0000000087600000, 0x0000000087600000|100%| O|  |TAMS 0x0000000087600000| PB 0x0000000087500000| Untracked |  0
|  44|0x0000000087600000, 0x0000000087700000, 0x0000000087700000|100%| O|  |TAMS 0x0000000087700000| PB 0x0000000087600000| Untracked |  0
|  45|0x0000000087700000, 0x0000000087800000, 0x0000000087800000|100%| O|  |TAMS 0x0000000087800000| PB 0x0000000087700000| Untracked |  0
|  46|0x0000000087800000, 0x0000000087900000, 0x0000000087900000|100%| O|  |TAMS 0x0000000087900000| PB 0x0000000087800000| Untracked |  0
|  47|0x0000000087900000, 0x0000000087a00000, 0x0000000087a00000|100%| O|  |TAMS 0x0000000087a00000| PB 0x0000000087900000| Untracked |  0
|  48|0x0000000087a00000, 0x0000000087b00000, 0x0000000087b00000|100%| O|  |TAMS 0x0000000087b00000| PB 0x0000000087a00000| Untracked |  0
|  49|0x0000000087b00000, 0x0000000087c00000, 0x0000000087c00000|100%| O|  |TAMS 0x0000000087c00000| PB 0x0000000087b00000| Untracked |  0
|  50|0x0000000087c00000, 0x0000000087d00000, 0x0000000087d00000|100%| O|  |TAMS 0x0000000087d00000| PB 0x0000000087c00000| Untracked |  0
|  51|0x0000000087d00000, 0x0000000087e00000, 0x0000000087e00000|100%| O|  |TAMS 0x0000000087e00000| PB 0x0000000087d00000| Untracked |  0
|  52|0x0000000087e00000, 0x0000000087f00000, 0x0000000087f00000|100%| O|  |TAMS 0x0000000087f00000| PB 0x0000000087e00000| Untracked |  0
|  53|0x0000000087f00000, 0x0000000088000000, 0x0000000088000000|100%| O|  |TAMS 0x0000000088000000| PB 0x0000000087f00000| Untracked |  0
|  54|0x0000000088000000, 0x0000000088100000, 0x0000000088100000|100%| O|  |TAMS 0x0000000088100000| PB 0x0000000088000000| Untracked |  0
|  55|0x0000000088100000, 0x0000000088200000, 0x0000000088200000|100%| O|  |TAMS 0x0000000088200000| PB 0x0000000088100000| Untracked |  0
|  56|0x0000000088200000, 0x0000000088300000, 0x0000000088300000|100%| O|  |TAMS 0x0000000088300000| PB 0x0000000088200000| Untracked |  0
|  57|0x0000000088300000, 0x0000000088400000, 0x0000000088400000|100%| O|  |TAMS 0x0000000088400000| PB 0x0000000088300000| Untracked |  0
|  58|0x0000000088400000, 0x0000000088500000, 0x0000000088500000|100%| O|  |TAMS 0x0000000088500000| PB 0x0000000088400000| Untracked |  0
|  59|0x0000000088500000, 0x0000000088600000, 0x0000000088600000|100%| O|  |TAMS 0x0000000088600000| PB 0x0000000088500000| Untracked |  0
|  60|0x0000000088600000, 0x0000000088700000, 0x0000000088700000|100%| O|  |TAMS 0x0000000088700000| PB 0x0000000088600000| Untracked |  0
|  61|0x0000000088700000, 0x0000000088800000, 0x0000000088800000|100%| O|  |TAMS 0x0000000088800000| PB 0x0000000088700000| Untracked |  0
|  62|0x0000000088800000, 0x0000000088900000, 0x0000000088900000|100%| O|  |TAMS 0x0000000088900000| PB 0x0000000088800000| Untracked |  0
|  63|0x0000000088900000, 0x0000000088a00000, 0x0000000088a00000|100%| O|  |TAMS 0x0000000088a00000| PB 0x0000000088900000| Untracked |  0
|  64|0x0000000088a00000, 0x0000000088b00000, 0x0000000088b00000|100%| O|  |TAMS 0x0000000088b00000| PB 0x0000000088a00000| Untracked |  0
|  65|0x0000000088b00000, 0x0000000088c00000, 0x0000000088c00000|100%| O|  |TAMS 0x0000000088c00000| PB 0x0000000088b00000| Untracked |  0
|  66|0x0000000088c00000, 0x0000000088d00000, 0x0000000088d00000|100%| O|  |TAMS 0x0000000088d00000| PB 0x0000000088c00000| Untracked |  0
|  67|0x0000000088d00000, 0x0000000088e00000, 0x0000000088e00000|100%| O|  |TAMS 0x0000000088e00000| PB 0x0000000088d00000| Untracked |  0
|  68|0x0000000088e00000, 0x0000000088f00000, 0x0000000088f00000|100%| O|  |TAMS 0x0000000088f00000| PB 0x0000000088e00000| Untracked |  0
|  69|0x0000000088f00000, 0x0000000089000000, 0x0000000089000000|100%| O|  |TAMS 0x0000000088f00000| PB 0x0000000088f00000| Untracked |  0
|  70|0x0000000089000000, 0x0000000089100000, 0x0000000089100000|100%| O|  |TAMS 0x0000000089100000| PB 0x0000000089000000| Untracked |  0
|  71|0x0000000089100000, 0x0000000089200000, 0x0000000089200000|100%| O|  |TAMS 0x0000000089200000| PB 0x0000000089100000| Untracked |  0
|  72|0x0000000089200000, 0x0000000089300000, 0x0000000089300000|100%| O|  |TAMS 0x0000000089300000| PB 0x0000000089200000| Untracked |  0
|  73|0x0000000089300000, 0x0000000089400000, 0x0000000089400000|100%| O|  |TAMS 0x0000000089400000| PB 0x0000000089300000| Untracked |  0
|  74|0x0000000089400000, 0x0000000089500000, 0x0000000089500000|100%| O|  |TAMS 0x0000000089400000| PB 0x0000000089400000| Untracked |  0
|  75|0x0000000089500000, 0x0000000089600000, 0x0000000089600000|100%| O|  |TAMS 0x0000000089600000| PB 0x0000000089500000| Untracked |  0
|  76|0x0000000089600000, 0x0000000089700000, 0x0000000089700000|100%| O|  |TAMS 0x0000000089700000| PB 0x0000000089600000| Untracked |  0
|  77|0x0000000089700000, 0x0000000089800000, 0x0000000089800000|100%| O|  |TAMS 0x0000000089800000| PB 0x0000000089700000| Untracked |  0
|  78|0x0000000089800000, 0x0000000089900000, 0x0000000089900000|100%| O|  |TAMS 0x0000000089900000| PB 0x0000000089800000| Untracked |  0
|  79|0x0000000089900000, 0x0000000089a00000, 0x0000000089a00000|100%| O|  |TAMS 0x0000000089a00000| PB 0x0000000089900000| Untracked |  0
|  80|0x0000000089a00000, 0x0000000089b00000, 0x0000000089b00000|100%| O|  |TAMS 0x0000000089b00000| PB 0x0000000089a00000| Untracked |  0
|  81|0x0000000089b00000, 0x0000000089c00000, 0x0000000089c00000|100%| O|  |TAMS 0x0000000089c00000| PB 0x0000000089b00000| Untracked |  0
|  82|0x0000000089c00000, 0x0000000089d00000, 0x0000000089d00000|100%| O|  |TAMS 0x0000000089d00000| PB 0x0000000089c00000| Untracked |  0
|  83|0x0000000089d00000, 0x0000000089e00000, 0x0000000089e00000|100%| O|  |TAMS 0x0000000089e00000| PB 0x0000000089d00000| Untracked |  0
|  84|0x0000000089e00000, 0x0000000089f00000, 0x0000000089f00000|100%| O|  |TAMS 0x0000000089f00000| PB 0x0000000089e00000| Untracked |  0
|  85|0x0000000089f00000, 0x000000008a000000, 0x000000008a000000|100%| O|  |TAMS 0x000000008a000000| PB 0x0000000089f00000| Untracked |  0
|  86|0x000000008a000000, 0x000000008a100000, 0x000000008a100000|100%| O|  |TAMS 0x000000008a100000| PB 0x000000008a000000| Untracked |  0
|  87|0x000000008a100000, 0x000000008a200000, 0x000000008a200000|100%| O|  |TAMS 0x000000008a200000| PB 0x000000008a100000| Untracked |  0
|  88|0x000000008a200000, 0x000000008a300000, 0x000000008a300000|100%| O|  |TAMS 0x000000008a300000| PB 0x000000008a200000| Untracked |  0
|  89|0x000000008a300000, 0x000000008a400000, 0x000000008a400000|100%| O|  |TAMS 0x000000008a400000| PB 0x000000008a300000| Untracked |  0
|  90|0x000000008a400000, 0x000000008a500000, 0x000000008a500000|100%| O|  |TAMS 0x000000008a500000| PB 0x000000008a400000| Untracked |  0
|  91|0x000000008a500000, 0x000000008a600000, 0x000000008a600000|100%| O|  |TAMS 0x000000008a5b9238| PB 0x000000008a500000| Untracked |  0
|  92|0x000000008a600000, 0x000000008a700000, 0x000000008a700000|100%| O|  |TAMS 0x000000008a600000| PB 0x000000008a600000| Untracked |  0
|  93|0x000000008a700000, 0x000000008a800000, 0x000000008a800000|100%| O|  |TAMS 0x000000008a700000| PB 0x000000008a700000| Untracked |  0
|  94|0x000000008a800000, 0x000000008a800000, 0x000000008a900000|  0%| F|  |TAMS 0x000000008a800000| PB 0x000000008a800000| Untracked |  0
|  95|0x000000008a900000, 0x000000008a900000, 0x000000008aa00000|  0%| F|  |TAMS 0x000000008a900000| PB 0x000000008a900000| Untracked |  0
|  96|0x000000008aa00000, 0x000000008aa00000, 0x000000008ab00000|  0%| F|  |TAMS 0x000000008aa00000| PB 0x000000008aa00000| Untracked |  0
|  97|0x000000008ab00000, 0x000000008ab00000, 0x000000008ac00000|  0%| F|  |TAMS 0x000000008ab00000| PB 0x000000008ab00000| Untracked |  0
|  98|0x000000008ac00000, 0x000000008ac00000, 0x000000008ad00000|  0%| F|  |TAMS 0x000000008ac00000| PB 0x000000008ac00000| Untracked |  0
|  99|0x000000008ad00000, 0x000000008ae00000, 0x000000008ae00000|100%| O|  |TAMS 0x000000008ad00000| PB 0x000000008ad00000| Untracked |  0
| 100|0x000000008ae00000, 0x000000008af00000, 0x000000008af00000|100%| O|  |TAMS 0x000000008ae00000| PB 0x000000008ae00000| Untracked |  0
| 101|0x000000008af00000, 0x000000008af46830, 0x000000008b000000| 27%| O|  |TAMS 0x000000008af00000| PB 0x000000008af00000| Untracked |  0
| 102|0x000000008b000000, 0x000000008b000000, 0x000000008b100000|  0%| F|  |TAMS 0x000000008b000000| PB 0x000000008b000000| Untracked |  0
| 103|0x000000008b100000, 0x000000008b100000, 0x000000008b200000|  0%| F|  |TAMS 0x000000008b100000| PB 0x000000008b100000| Untracked |  0
| 104|0x000000008b200000, 0x000000008b200000, 0x000000008b300000|  0%| F|  |TAMS 0x000000008b200000| PB 0x000000008b200000| Untracked |  0
| 105|0x000000008b300000, 0x000000008b300000, 0x000000008b400000|  0%| F|  |TAMS 0x000000008b300000| PB 0x000000008b300000| Untracked |  0
| 106|0x000000008b400000, 0x000000008b400000, 0x000000008b500000|  0%| F|  |TAMS 0x000000008b400000| PB 0x000000008b400000| Untracked |  0
| 107|0x000000008b500000, 0x000000008b600000, 0x000000008b600000|100%| S|CS|TAMS 0x000000008b500000| PB 0x000000008b500000| Complete |  0
| 108|0x000000008b600000, 0x000000008b700000, 0x000000008b700000|100%| S|CS|TAMS 0x000000008b600000| PB 0x000000008b600000| Complete |  0
| 109|0x000000008b700000, 0x000000008b800000, 0x000000008b800000|100%| S|CS|TAMS 0x000000008b700000| PB 0x000000008b700000| Complete |  0
| 110|0x000000008b800000, 0x000000008b900000, 0x000000008b900000|100%| S|CS|TAMS 0x000000008b800000| PB 0x000000008b800000| Complete |  0
| 111|0x000000008b900000, 0x000000008ba00000, 0x000000008ba00000|100%| S|CS|TAMS 0x000000008b900000| PB 0x000000008b900000| Complete |  0
| 112|0x000000008ba00000, 0x000000008bb00000, 0x000000008bb00000|100%| S|CS|TAMS 0x000000008ba00000| PB 0x000000008ba00000| Complete |  0
| 113|0x000000008bb00000, 0x000000008bb00000, 0x000000008bc00000|  0%| F|  |TAMS 0x000000008bb00000| PB 0x000000008bb00000| Untracked |  0
| 114|0x000000008bc00000, 0x000000008bc00000, 0x000000008bd00000|  0%| F|  |TAMS 0x000000008bc00000| PB 0x000000008bc00000| Untracked |  0
| 115|0x000000008bd00000, 0x000000008bd00000, 0x000000008be00000|  0%| F|  |TAMS 0x000000008bd00000| PB 0x000000008bd00000| Untracked |  0
| 116|0x000000008be00000, 0x000000008be00000, 0x000000008bf00000|  0%| F|  |TAMS 0x000000008be00000| PB 0x000000008be00000| Untracked |  0
| 117|0x000000008bf00000, 0x000000008bf00000, 0x000000008c000000|  0%| F|  |TAMS 0x000000008bf00000| PB 0x000000008bf00000| Untracked |  0
| 118|0x000000008c000000, 0x000000008c000000, 0x000000008c100000|  0%| F|  |TAMS 0x000000008c000000| PB 0x000000008c000000| Untracked |  0
| 119|0x000000008c100000, 0x000000008c100000, 0x000000008c200000|  0%| F|  |TAMS 0x000000008c100000| PB 0x000000008c100000| Untracked |  0
| 120|0x000000008c200000, 0x000000008c200000, 0x000000008c300000|  0%| F|  |TAMS 0x000000008c200000| PB 0x000000008c200000| Untracked |  0
| 121|0x000000008c300000, 0x000000008c300000, 0x000000008c400000|  0%| F|  |TAMS 0x000000008c300000| PB 0x000000008c300000| Untracked |  0
| 122|0x000000008c400000, 0x000000008c400000, 0x000000008c500000|  0%| F|  |TAMS 0x000000008c400000| PB 0x000000008c400000| Untracked |  0
| 123|0x000000008c500000, 0x000000008c500000, 0x000000008c600000|  0%| F|  |TAMS 0x000000008c500000| PB 0x000000008c500000| Untracked |  0
| 124|0x000000008c600000, 0x000000008c600000, 0x000000008c700000|  0%| F|  |TAMS 0x000000008c600000| PB 0x000000008c600000| Untracked |  0
| 125|0x000000008c700000, 0x000000008c700000, 0x000000008c800000|  0%| F|  |TAMS 0x000000008c700000| PB 0x000000008c700000| Untracked |  0
| 126|0x000000008c800000, 0x000000008c800000, 0x000000008c900000|  0%| F|  |TAMS 0x000000008c800000| PB 0x000000008c800000| Untracked |  0
| 127|0x000000008c900000, 0x000000008c900000, 0x000000008ca00000|  0%| F|  |TAMS 0x000000008c900000| PB 0x000000008c900000| Untracked |  0
| 128|0x000000008ca00000, 0x000000008ca00000, 0x000000008cb00000|  0%| F|  |TAMS 0x000000008ca00000| PB 0x000000008ca00000| Untracked |  0
| 129|0x000000008cb00000, 0x000000008cb00000, 0x000000008cc00000|  0%| F|  |TAMS 0x000000008cb00000| PB 0x000000008cb00000| Untracked |  0
| 130|0x000000008cc00000, 0x000000008cc00000, 0x000000008cd00000|  0%| F|  |TAMS 0x000000008cc00000| PB 0x000000008cc00000| Untracked |  0
| 131|0x000000008cd00000, 0x000000008cd00000, 0x000000008ce00000|  0%| F|  |TAMS 0x000000008cd00000| PB 0x000000008cd00000| Untracked |  0
| 132|0x000000008ce00000, 0x000000008ce00000, 0x000000008cf00000|  0%| F|  |TAMS 0x000000008ce00000| PB 0x000000008ce00000| Untracked |  0
| 133|0x000000008cf00000, 0x000000008cf00000, 0x000000008d000000|  0%| F|  |TAMS 0x000000008cf00000| PB 0x000000008cf00000| Untracked |  0
| 134|0x000000008d000000, 0x000000008d000000, 0x000000008d100000|  0%| F|  |TAMS 0x000000008d000000| PB 0x000000008d000000| Untracked |  0
| 135|0x000000008d100000, 0x000000008d100000, 0x000000008d200000|  0%| F|  |TAMS 0x000000008d100000| PB 0x000000008d100000| Untracked |  0
| 136|0x000000008d200000, 0x000000008d200000, 0x000000008d300000|  0%| F|  |TAMS 0x000000008d200000| PB 0x000000008d200000| Untracked |  0
| 137|0x000000008d300000, 0x000000008d300000, 0x000000008d400000|  0%| F|  |TAMS 0x000000008d300000| PB 0x000000008d300000| Untracked |  0
| 138|0x000000008d400000, 0x000000008d400000, 0x000000008d500000|  0%| F|  |TAMS 0x000000008d400000| PB 0x000000008d400000| Untracked |  0
| 139|0x000000008d500000, 0x000000008d500000, 0x000000008d600000|  0%| F|  |TAMS 0x000000008d500000| PB 0x000000008d500000| Untracked |  0
| 140|0x000000008d600000, 0x000000008d600000, 0x000000008d700000|  0%| F|  |TAMS 0x000000008d600000| PB 0x000000008d600000| Untracked |  0
| 141|0x000000008d700000, 0x000000008d700000, 0x000000008d800000|  0%| F|  |TAMS 0x000000008d700000| PB 0x000000008d700000| Untracked |  0
| 142|0x000000008d800000, 0x000000008d800000, 0x000000008d900000|  0%| F|  |TAMS 0x000000008d800000| PB 0x000000008d800000| Untracked |  0
| 143|0x000000008d900000, 0x000000008d900000, 0x000000008da00000|  0%| F|  |TAMS 0x000000008d900000| PB 0x000000008d900000| Untracked |  0
| 144|0x000000008da00000, 0x000000008da00000, 0x000000008db00000|  0%| F|  |TAMS 0x000000008da00000| PB 0x000000008da00000| Untracked |  0
| 145|0x000000008db00000, 0x000000008db00000, 0x000000008dc00000|  0%| F|  |TAMS 0x000000008db00000| PB 0x000000008db00000| Untracked |  0
| 146|0x000000008dc00000, 0x000000008dc00000, 0x000000008dd00000|  0%| F|  |TAMS 0x000000008dc00000| PB 0x000000008dc00000| Untracked |  0
| 147|0x000000008dd00000, 0x000000008dd00000, 0x000000008de00000|  0%| F|  |TAMS 0x000000008dd00000| PB 0x000000008dd00000| Untracked |  0
| 148|0x000000008de00000, 0x000000008de00000, 0x000000008df00000|  0%| F|  |TAMS 0x000000008de00000| PB 0x000000008de00000| Untracked |  0
|1972|0x00000000ffe00000, 0x00000000ffe00000, 0x00000000fff00000|  0%| F|  |TAMS 0x00000000ffe00000| PB 0x00000000ffe00000| Untracked |  0
|1973|0x00000000fff00000, 0x00000000fff00000, 0x0000000100000000|  0%| F|  |TAMS 0x00000000fff00000| PB 0x00000000fff00000| Untracked |  0

Card table byte_map: [0x000001b345650000,0x000001b345a30000] _byte_map_base: 0x000001b34522b000

Marking Bits: (CMBitMap*) 0x000001b32dba5620
 Bits: [0x000001b345a30000, 0x000001b347908000)

Polling page: 0x000001b32b8f0000

Metaspace:

Usage:
  Non-class:     61.16 MB used.
      Class:      8.45 MB used.
       Both:     69.61 MB used.

Virtual space:
  Non-class space:       64.00 MB reserved,      61.62 MB ( 96%) committed,  1 nodes.
      Class space:        1.00 GB reserved,       8.94 MB ( <1%) committed,  1 nodes.
             Both:        1.06 GB reserved,      70.56 MB (  6%) committed. 

Chunk freelists:
   Non-Class:  2.00 MB
       Class:  6.92 MB
        Both:  8.92 MB

MaxMetaspaceSize: unlimited
CompressedClassSpaceSize: 1.00 GB
Initial GC threshold: 21.00 MB
Current GC threshold: 117.31 MB
CDS: on
 - commit_granule_bytes: 65536.
 - commit_granule_words: 8192.
 - virtual_space_node_default_size: 8388608.
 - enlarge_chunks_in_place: 1.
 - use_allocation_guard: 0.


Internal statistics:

num_allocs_failed_limit: 6.
num_arena_births: 1536.
num_arena_deaths: 0.
num_vsnodes_births: 2.
num_vsnodes_deaths: 0.
num_space_committed: 1128.
num_space_uncommitted: 0.
num_chunks_returned_to_freelist: 6.
num_chunks_taken_from_freelist: 4188.
num_chunk_merges: 6.
num_chunk_splits: 3090.
num_chunks_enlarged: 2348.
num_inconsistent_stats: 0.

CodeHeap 'non-profiled nmethods': size=120064Kb used=4497Kb max_used=4497Kb free=115566Kb
 bounds [0x000001b33dd30000, 0x000001b33e1a0000, 0x000001b345270000]
CodeHeap 'profiled nmethods': size=120000Kb used=16801Kb max_used=16801Kb free=103198Kb
 bounds [0x000001b336270000, 0x000001b3372e0000, 0x000001b33d7a0000]
CodeHeap 'non-nmethods': size=5696Kb used=1908Kb max_used=1985Kb free=3787Kb
 bounds [0x000001b33d7a0000, 0x000001b33da10000, 0x000001b33dd30000]
CodeCache: size=245760Kb, used=23206Kb, max_used=23283Kb, free=222551Kb
 total_blobs=9869, nmethods=9104, adapters=669, full_count=0
Compilation: enabled, stopped_count=0, restarted_count=0

Compilation events (20 events):
Event: 11.546 Thread 0x000001b349e05120 nmethod 10578 0x000001b33e18e388 code [0x000001b33e18e600, 0x000001b33e18f588]
Event: 11.546 Thread 0x000001b349e05120 10579 %     4       it.unimi.dsi.fastutil.objects.ObjectOpenHashSet::rehash @ 37 (133 bytes)
Event: 11.557 Thread 0x000001b349e05120 nmethod 10579% 0x000001b33e18f688 code [0x000001b33e18f860, 0x000001b33e1905e0]
Event: 11.557 Thread 0x000001b349e05120 10581       4       com.intellij.psi.impl.compiled.FirstPassData$ClassEntry::<init> (5 bytes)
Event: 11.558 Thread 0x000001b349e05120 nmethod 10581 0x000001b33e190688 code [0x000001b33e190780, 0x000001b33e1907f8]
Event: 11.558 Thread 0x000001b349e05120 10582       4       com.intellij.core.CoreFileTypeRegistry::getFileTypeByFile (56 bytes)
Event: 11.562 Thread 0x000001b38f5f3ff0 nmethod 10547 0x000001b33e190988 code [0x000001b33e190d60, 0x000001b33e193ff0]
Event: 11.562 Thread 0x000001b38f5f3ff0 10584       4       com.intellij.psi.impl.compiled.StubBuildingVisitor::constToString (504 bytes)
Event: 11.563 Thread 0x000001b349e07e00 10586       3       kotlin.collections.ArraysKt___ArraysKt$asSequence$$inlined$Sequence$1::iterator (10 bytes)
Event: 11.564 Thread 0x000001b349e07e00 nmethod 10586 0x000001b3372d5988 code [0x000001b3372d5ba0, 0x000001b3372d6730]
Event: 11.565 Thread 0x000001b349e07e00 10587       3       com.intellij.util.containers.NotNullList::add (14 bytes)
Event: 11.566 Thread 0x000001b349e07e00 nmethod 10587 0x000001b3372d6808 code [0x000001b3372d6960, 0x000001b3372d6e58]
Event: 11.566 Thread 0x000001b349e07e00 10588       3       com.intellij.openapi.util.ModificationTracker$$Lambda/0x000001b34b0f5ab8::getModificationCount (4 bytes)
Event: 11.566 Thread 0x000001b349e07e00 nmethod 10588 0x000001b3372d6e88 code [0x000001b3372d6fa0, 0x000001b3372d7108]
Event: 11.567 Thread 0x000001b349e07e00 10589       3       com.intellij.psi.util.CachedValueProvider$Result::<init> (86 bytes)
Event: 11.567 Thread 0x000001b349e07e00 nmethod 10589 0x000001b3372d7188 code [0x000001b3372d7380, 0x000001b3372d7d78]
Event: 11.567 Thread 0x000001b349e07e00 10590       3       com.intellij.psi.util.CachedValueProvider$Result::getDependencyItems (13 bytes)
Event: 11.567 Thread 0x000001b349e07e00 nmethod 10590 0x000001b3372d7e08 code [0x000001b3372d7f20, 0x000001b3372d8098]
Event: 11.568 Thread 0x000001b349e07e00 10591       3       com.intellij.util.CachedValueBase::isUpToDate (50 bytes)
Event: 11.568 Thread 0x000001b349e07e00 nmethod 10591 0x000001b3372d8108 code [0x000001b3372d8260, 0x000001b3372d8628]

GC Heap History (20 events):
Event: 8.462 GC heap after
{Heap after GC invocations=32 (full 0):
 garbage-first heap   total reserved 2021376K, committed 109568K, used 60098K [0x0000000084a00000, 0x0000000100000000)
  region size 1024K, 4 young (4096K), 4 survivors (4096K)
 Metaspace       used 66941K, committed 67968K, reserved 1114112K
  class space    used 8194K, committed 8704K, reserved 1048576K
}
Event: 8.669 GC heap before
{Heap before GC invocations=33 (full 0):
 garbage-first heap   total reserved 2021376K, committed 109568K, used 94914K [0x0000000084a00000, 0x0000000100000000)
  region size 1024K, 37 young (37888K), 4 survivors (4096K)
 Metaspace       used 67239K, committed 68224K, reserved 1114112K
  class space    used 8234K, committed 8704K, reserved 1048576K
}
Event: 8.674 GC heap after
{Heap after GC invocations=34 (full 0):
 garbage-first heap   total reserved 2021376K, committed 109568K, used 62648K [0x0000000084a00000, 0x0000000100000000)
  region size 1024K, 3 young (3072K), 3 survivors (3072K)
 Metaspace       used 67239K, committed 68224K, reserved 1114112K
  class space    used 8234K, committed 8704K, reserved 1048576K
}
Event: 8.953 GC heap before
{Heap before GC invocations=34 (full 0):
 garbage-first heap   total reserved 2021376K, committed 109568K, used 97464K [0x0000000084a00000, 0x0000000100000000)
  region size 1024K, 36 young (36864K), 3 survivors (3072K)
 Metaspace       used 69053K, committed 70016K, reserved 1114112K
  class space    used 8487K, committed 8960K, reserved 1048576K
}
Event: 8.957 GC heap after
{Heap after GC invocations=35 (full 0):
 garbage-first heap   total reserved 2021376K, committed 109568K, used 65317K [0x0000000084a00000, 0x0000000100000000)
  region size 1024K, 5 young (5120K), 5 survivors (5120K)
 Metaspace       used 69053K, committed 70016K, reserved 1114112K
  class space    used 8487K, committed 8960K, reserved 1048576K
}
Event: 9.122 GC heap before
{Heap before GC invocations=35 (full 0):
 garbage-first heap   total reserved 2021376K, committed 109568K, used 95013K [0x0000000084a00000, 0x0000000100000000)
  region size 1024K, 35 young (35840K), 5 survivors (5120K)
 Metaspace       used 69394K, committed 70400K, reserved 1114112K
  class space    used 8512K, committed 9024K, reserved 1048576K
}
Event: 9.128 GC heap after
{Heap after GC invocations=36 (full 0):
 garbage-first heap   total reserved 2021376K, committed 154624K, used 70277K [0x0000000084a00000, 0x0000000100000000)
  region size 1024K, 5 young (5120K), 5 survivors (5120K)
 Metaspace       used 69394K, committed 70400K, reserved 1114112K
  class space    used 8512K, committed 9024K, reserved 1048576K
}
Event: 9.287 GC heap before
{Heap before GC invocations=36 (full 0):
 garbage-first heap   total reserved 2021376K, committed 154624K, used 114309K [0x0000000084a00000, 0x0000000100000000)
  region size 1024K, 48 young (49152K), 5 survivors (5120K)
 Metaspace       used 69631K, committed 70592K, reserved 1114112K
  class space    used 8533K, committed 9024K, reserved 1048576K
}
Event: 9.294 GC heap after
{Heap after GC invocations=37 (full 0):
 garbage-first heap   total reserved 2021376K, committed 154624K, used 76005K [0x0000000084a00000, 0x0000000100000000)
  region size 1024K, 6 young (6144K), 6 survivors (6144K)
 Metaspace       used 69631K, committed 70592K, reserved 1114112K
  class space    used 8533K, committed 9024K, reserved 1048576K
}
Event: 9.545 GC heap before
{Heap before GC invocations=38 (full 0):
 garbage-first heap   total reserved 2021376K, committed 154624K, used 127205K [0x0000000084a00000, 0x0000000100000000)
  region size 1024K, 54 young (55296K), 6 survivors (6144K)
 Metaspace       used 69727K, committed 70720K, reserved 1114112K
  class space    used 8533K, committed 9024K, reserved 1048576K
}
Event: 9.554 GC heap after
{Heap after GC invocations=39 (full 0):
 garbage-first heap   total reserved 2021376K, committed 154624K, used 82041K [0x0000000084a00000, 0x0000000100000000)
  region size 1024K, 7 young (7168K), 7 survivors (7168K)
 Metaspace       used 69727K, committed 70720K, reserved 1114112K
  class space    used 8533K, committed 9024K, reserved 1048576K
}
Event: 10.271 GC heap before
{Heap before GC invocations=39 (full 0):
 garbage-first heap   total reserved 2021376K, committed 154624K, used 130169K [0x0000000084a00000, 0x0000000100000000)
  region size 1024K, 54 young (55296K), 7 survivors (7168K)
 Metaspace       used 70823K, committed 71872K, reserved 1114112K
  class space    used 8647K, committed 9152K, reserved 1048576K
}
Event: 10.278 GC heap after
{Heap after GC invocations=40 (full 0):
 garbage-first heap   total reserved 2021376K, committed 154624K, used 82725K [0x0000000084a00000, 0x0000000100000000)
  region size 1024K, 5 young (5120K), 5 survivors (5120K)
 Metaspace       used 70823K, committed 71872K, reserved 1114112K
  class space    used 8647K, committed 9152K, reserved 1048576K
}
Event: 10.749 GC heap before
{Heap before GC invocations=40 (full 0):
 garbage-first heap   total reserved 2021376K, committed 154624K, used 130853K [0x0000000084a00000, 0x0000000100000000)
  region size 1024K, 53 young (54272K), 5 survivors (5120K)
 Metaspace       used 70993K, committed 72000K, reserved 1114112K
  class space    used 8653K, committed 9152K, reserved 1048576K
}
Event: 10.755 GC heap after
{Heap after GC invocations=41 (full 0):
 garbage-first heap   total reserved 2021376K, committed 154624K, used 88721K [0x0000000084a00000, 0x0000000100000000)
  region size 1024K, 6 young (6144K), 6 survivors (6144K)
 Metaspace       used 70993K, committed 72000K, reserved 1114112K
  class space    used 8653K, committed 9152K, reserved 1048576K
}
Event: 11.054 GC heap before
{Heap before GC invocations=42 (full 0):
 garbage-first heap   total reserved 2021376K, committed 154624K, used 135825K [0x0000000084a00000, 0x0000000100000000)
  region size 1024K, 52 young (53248K), 6 survivors (6144K)
 Metaspace       used 71064K, committed 72064K, reserved 1114112K
  class space    used 8653K, committed 9152K, reserved 1048576K
}
Event: 11.061 GC heap after
{Heap after GC invocations=43 (full 0):
 garbage-first heap   total reserved 2021376K, committed 154624K, used 93108K [0x0000000084a00000, 0x0000000100000000)
  region size 1024K, 5 young (5120K), 5 survivors (5120K)
 Metaspace       used 71064K, committed 72064K, reserved 1114112K
  class space    used 8653K, committed 9152K, reserved 1048576K
}
Event: 11.319 GC heap before
{Heap before GC invocations=43 (full 0):
 garbage-first heap   total reserved 2021376K, committed 154624K, used 138164K [0x0000000084a00000, 0x0000000100000000)
  region size 1024K, 49 young (50176K), 5 survivors (5120K)
 Metaspace       used 71154K, committed 72192K, reserved 1114112K
  class space    used 8654K, committed 9152K, reserved 1048576K
}
Event: 11.327 GC heap after
{Heap after GC invocations=44 (full 0):
 garbage-first heap   total reserved 2021376K, committed 154624K, used 98451K [0x0000000084a00000, 0x0000000100000000)
  region size 1024K, 7 young (7168K), 7 survivors (7168K)
 Metaspace       used 71154K, committed 72192K, reserved 1114112K
  class space    used 8654K, committed 9152K, reserved 1048576K
}
Event: 11.573 GC heap before
{Heap before GC invocations=44 (full 0):
 garbage-first heap   total reserved 2021376K, committed 154624K, used 137363K [0x0000000084a00000, 0x0000000100000000)
  region size 1024K, 45 young (46080K), 7 survivors (7168K)
 Metaspace       used 71280K, committed 72256K, reserved 1114112K
  class space    used 8654K, committed 9152K, reserved 1048576K
}

Dll operation events (8 events):
Event: 0.014 Loaded shared library C:\Program Files\Java\jdk-23\bin\java.dll
Event: 0.048 Loaded shared library C:\Program Files\Java\jdk-23\bin\jsvml.dll
Event: 0.089 Loaded shared library C:\Program Files\Java\jdk-23\bin\net.dll
Event: 0.091 Loaded shared library C:\Program Files\Java\jdk-23\bin\nio.dll
Event: 0.096 Loaded shared library C:\Program Files\Java\jdk-23\bin\zip.dll
Event: 0.242 Loaded shared library C:\Program Files\Java\jdk-23\bin\jimage.dll
Event: 1.497 Loaded shared library C:\Program Files\Java\jdk-23\bin\verify.dll
Event: 3.090 Loaded shared library C:\Users\USER\AppData\Local\Temp\sqlite-3.41.2.1-7e7fe431-40fb-4ae7-9ec7-4d998cd24ea1-sqlitejdbc.dll

Deoptimization events (20 events):
Event: 11.277 Thread 0x000001b3998764b0 DEOPT PACKING pc=0x000001b33e16a33c sp=0x000000532b6fcad0
Event: 11.277 Thread 0x000001b3998764b0 DEOPT UNPACKING pc=0x000001b33d7f7982 sp=0x000000532b6fca60 mode 2
Event: 11.277 Thread 0x000001b3998764b0 Uncommon trap: trap_request=0xffffffbe fr.pc=0x000001b33e16a33c relative=0x0000000000006ddc
Event: 11.277 Thread 0x000001b3998764b0 Uncommon trap: reason=profile_predicate action=maybe_recompile pc=0x000001b33e16a33c method=com.intellij.psi.impl.compiled.StubBuildingVisitor.visitMethod(ILjava/lang/String;Ljava/lang/String;Ljava/lang/String;[Ljava/lang/String;)Lorg/jetbrains/org/object
Event: 11.277 Thread 0x000001b3998764b0 DEOPT PACKING pc=0x000001b33e16a33c sp=0x000000532b6fcad0
Event: 11.277 Thread 0x000001b3998764b0 DEOPT UNPACKING pc=0x000001b33d7f7982 sp=0x000000532b6fca60 mode 2
Event: 11.281 Thread 0x000001b3998764b0 Uncommon trap: trap_request=0xffffffbe fr.pc=0x000001b33e16a33c relative=0x0000000000006ddc
Event: 11.281 Thread 0x000001b3998764b0 Uncommon trap: reason=profile_predicate action=maybe_recompile pc=0x000001b33e16a33c method=com.intellij.psi.impl.compiled.StubBuildingVisitor.visitMethod(ILjava/lang/String;Ljava/lang/String;Ljava/lang/String;[Ljava/lang/String;)Lorg/jetbrains/org/object
Event: 11.281 Thread 0x000001b3998764b0 DEOPT PACKING pc=0x000001b33e16a33c sp=0x000000532b6fcad0
Event: 11.281 Thread 0x000001b3998764b0 DEOPT UNPACKING pc=0x000001b33d7f7982 sp=0x000000532b6fca60 mode 2
Event: 11.283 Thread 0x000001b3998764b0 DEOPT PACKING pc=0x000001b33722963b sp=0x000000532b6fd180
Event: 11.283 Thread 0x000001b3998764b0 DEOPT UNPACKING pc=0x000001b33d7f84c2 sp=0x000000532b6fc668 mode 0
Event: 11.283 Thread 0x000001b3998764b0 Uncommon trap: trap_request=0xffffffbe fr.pc=0x000001b33e16a33c relative=0x0000000000006ddc
Event: 11.283 Thread 0x000001b3998764b0 Uncommon trap: reason=profile_predicate action=maybe_recompile pc=0x000001b33e16a33c method=com.intellij.psi.impl.compiled.StubBuildingVisitor.visitMethod(ILjava/lang/String;Ljava/lang/String;Ljava/lang/String;[Ljava/lang/String;)Lorg/jetbrains/org/object
Event: 11.283 Thread 0x000001b3998764b0 DEOPT PACKING pc=0x000001b33e16a33c sp=0x000000532b6fcad0
Event: 11.283 Thread 0x000001b3998764b0 DEOPT UNPACKING pc=0x000001b33d7f7982 sp=0x000000532b6fca60 mode 2
Event: 11.416 Thread 0x000001b3998764b0 Uncommon trap: trap_request=0xffffff45 fr.pc=0x000001b33e143ff8 relative=0x00000000000018d8
Event: 11.416 Thread 0x000001b3998764b0 Uncommon trap: reason=unstable_if action=reinterpret pc=0x000001b33e143ff8 method=org.jetbrains.org.objectweb.asm.ClassReader.readConst(I[C)Ljava/lang/Object; @ 15 c2
Event: 11.416 Thread 0x000001b3998764b0 DEOPT PACKING pc=0x000001b33e143ff8 sp=0x000000532b6fd120
Event: 11.417 Thread 0x000001b3998764b0 DEOPT UNPACKING pc=0x000001b33d7f7982 sp=0x000000532b6fd008 mode 2

Classes loaded (20 events):
Event: 9.782 Loading class java/text/MessageFormat$FormatStyle
Event: 9.782 Loading class java/text/MessageFormat$FormatStyle done
Event: 9.782 Loading class java/text/ChoiceFormat
Event: 9.836 Loading class java/text/ChoiceFormat done
Event: 9.846 Loading class java/util/stream/ReferencePipeline$6
Event: 9.847 Loading class java/util/stream/DoublePipeline$StatelessOp
Event: 9.848 Loading class java/util/stream/DoublePipeline
Event: 9.849 Loading class java/util/stream/DoublePipeline done
Event: 9.849 Loading class java/util/stream/DoublePipeline$StatelessOp done
Event: 9.849 Loading class java/util/stream/ReferencePipeline$6 done
Event: 9.849 Loading class java/util/stream/Nodes$DoubleFixedNodeBuilder
Event: 9.850 Loading class java/util/stream/Node$Builder$OfDouble
Event: 9.850 Loading class java/util/stream/Sink$OfDouble
Event: 9.850 Loading class java/util/stream/Sink$OfDouble done
Event: 9.850 Loading class java/util/stream/Node$Builder$OfDouble done
Event: 9.850 Loading class java/util/stream/Nodes$DoubleArrayNode
Event: 9.850 Loading class java/util/stream/Nodes$DoubleArrayNode done
Event: 9.850 Loading class java/util/stream/Nodes$DoubleFixedNodeBuilder done
Event: 9.850 Loading class java/util/stream/ReferencePipeline$6$1
Event: 9.850 Loading class java/util/stream/ReferencePipeline$6$1 done

Classes unloaded (0 events):
No events

Classes redefined (0 events):
No events

Internal exceptions (20 events):
Event: 5.855 Thread 0x000001b39ad2e4e0 Exception <a 'java/lang/NoSuchMethodError'{0x0000000087064238}: 'int java.lang.invoke.DirectMethodHandle$Holder.invokeStaticInit(java.lang.Object, int)'> (0x0000000087064238) 
thrown [s\open\src\hotspot\share\interpreter\linkResolver.cpp, line 796]
Event: 6.007 Thread 0x000001b39ad2e4e0 Implicit null exception at 0x000001b33de06233 to 0x000001b33de06608
Event: 6.007 Thread 0x000001b39ad2e4e0 Implicit null exception at 0x000001b33df4e29d to 0x000001b33df4e2d8
Event: 6.374 Thread 0x000001b39ad2e4e0 Exception <a 'java/lang/NoSuchMethodError'{0x00000000884e38c0}: 'java.lang.Object java.lang.invoke.DirectMethodHandle$Holder.newInvokeSpecial(java.lang.Object, java.lang.Object, java.lang.Object, java.lang.Object, java.lang.Object, java.lang.Object, java.lang.Object, int)'> (0x00000000884e38c0) 
thrown [s\open\src\hotspot\share\interpreter\linkResolver.cpp, line 796]
Event: 6.375 Thread 0x000001b39ad2e4e0 Exception <a 'java/lang/NoSuchMethodError'{0x00000000884e81c0}: 'java.lang.Object java.lang.invoke.DirectMethodHandle$Holder.invokeSpecial(java.lang.Object, java.lang.Object, java.lang.Object, java.lang.Object, java.lang.Object, java.lang.Object, java.lang.Object, java.lang.Object, int)'> (0x00000000884e81c0) 
thrown [s\open\src\hotspot\share\interpreter\linkResolver.cpp, line 796]
Event: 6.409 Thread 0x000001b39ad2e4e0 Implicit null exception at 0x000001b33ddb6e68 to 0x000001b33ddb7048
Event: 6.771 Thread 0x000001b39ad30c40 Exception <a 'java/lang/NoSuchMethodError'{0x000000008bd19e90}: 'java.lang.Object java.lang.invoke.DirectMethodHandle$Holder.invokeSpecial(java.lang.Object, java.lang.Object, java.lang.Object, java.lang.Object, java.lang.Object, java.lang.Object, int)'> (0x000000008bd19e90) 
thrown [s\open\src\hotspot\share\interpreter\linkResolver.cpp, line 796]
Event: 6.791 Thread 0x000001b39ad30c40 Exception <a 'java/lang/NoSuchMethodError'{0x000000008bdc6d30}: 'java.lang.Object java.lang.invoke.DirectMethodHandle$Holder.invokeStatic(java.lang.Object, int, java.lang.Object)'> (0x000000008bdc6d30) 
thrown [s\open\src\hotspot\share\interpreter\linkResolver.cpp, line 796]
Event: 6.851 Thread 0x000001b39ad30c40 Implicit null exception at 0x000001b33df747a3 to 0x000001b33df76b14
Event: 7.324 Thread 0x000001b39ad30c40 Exception <a 'java/lang/NoSuchMethodError'{0x000000008808cdc8}: 'java.lang.Object java.lang.invoke.DirectMethodHandle$Holder.invokeStatic(java.lang.Object, int, int, java.lang.Object)'> (0x000000008808cdc8) 
thrown [s\open\src\hotspot\share\interpreter\linkResolver.cpp, line 796]
Event: 7.334 Thread 0x000001b39b9f8b40 Exception <a 'java/lang/NoSuchMethodError'{0x0000000087e0ca68}: 'java.lang.Object java.lang.invoke.DirectMethodHandle$Holder.invokeStatic(java.lang.Object, java.lang.Object, java.lang.Object, java.lang.Object, long, java.lang.Object)'> (0x0000000087e0ca68) 
thrown [s\open\src\hotspot\share\interpreter\linkResolver.cpp, line 796]
Event: 7.334 Thread 0x000001b39b9f8b40 Exception <a 'java/lang/NoSuchMethodError'{0x0000000087e13a40}: 'java.lang.Object java.lang.invoke.DirectMethodHandle$Holder.newInvokeSpecial(java.lang.Object, java.lang.Object, java.lang.Object, java.lang.Object, long)'> (0x0000000087e13a40) 
thrown [s\open\src\hotspot\share\interpreter\linkResolver.cpp, line 796]
Event: 7.335 Thread 0x000001b39b9f8b40 Exception <a 'java/lang/NoSuchMethodError'{0x0000000087e17730}: 'java.lang.Object java.lang.invoke.DirectMethodHandle$Holder.invokeSpecial(java.lang.Object, java.lang.Object, java.lang.Object, java.lang.Object, java.lang.Object, long)'> (0x0000000087e17730) 
thrown [s\open\src\hotspot\share\interpreter\linkResolver.cpp, line 796]
Event: 7.335 Thread 0x000001b39b9f8b40 Exception <a 'java/lang/NoSuchMethodError'{0x0000000087e1aec0}: 'java.lang.Object java.lang.invoke.Invokers$Holder.linkToTargetMethod(java.lang.Object, java.lang.Object, java.lang.Object, long, java.lang.Object)'> (0x0000000087e1aec0) 
thrown [s\open\src\hotspot\share\interpreter\linkResolver.cpp, line 796]
Event: 8.280 Thread 0x000001b39ad2e4e0 Exception <a 'java/lang/NoSuchMethodError'{0x0000000089bdd358}: 'java.lang.Object java.lang.invoke.DirectMethodHandle$Holder.newInvokeSpecial(java.lang.Object, java.lang.Object, java.lang.Object, java.lang.Object, java.lang.Object, java.lang.Object, java.lang.Object, int, java.lang.Object)'> (0x0000000089bdd358) 
thrown [s\open\src\hotspot\share\interpreter\linkResolver.cpp, line 796]
Event: 8.653 Thread 0x000001b39ad2e4e0 Exception <a 'java/lang/NoSuchMethodError'{0x0000000088e9f178}: 'java.lang.Object java.lang.invoke.DirectMethodHandle$Holder.invokeSpecial(java.lang.Object, java.lang.Object, int, java.lang.Object, java.lang.Object)'> (0x0000000088e9f178) 
thrown [s\open\src\hotspot\share\interpreter\linkResolver.cpp, line 796]
Event: 8.706 Thread 0x000001b39ad2e4e0 Exception <a 'java/lang/IncompatibleClassChangeError'{0x000000008bc33218}: Found class java.lang.Object, but interface was expected> (0x000000008bc33218) 
thrown [s\open\src\hotspot\share\interpreter\linkResolver.cpp, line 863]
Event: 8.730 Thread 0x000001b39ad2e4e0 Implicit null exception at 0x000001b33ddbea8a to 0x000001b33ddbee00
Event: 9.762 Thread 0x000001b3998764b0 Implicit null exception at 0x000001b33e0ee4cd to 0x000001b33e0ee589
Event: 9.837 Thread 0x000001b39ad2e4e0 Exception <a 'java/lang/NoSuchMethodError'{0x000000008c194a28}: 'double java.lang.invoke.DirectMethodHandle$Holder.invokeStatic(java.lang.Object, java.lang.Object)'> (0x000000008c194a28) 
thrown [s\open\src\hotspot\share\interpreter\linkResolver.cpp, line 796]

VM Operations (20 events):
Event: 9.435 Executing VM operation: G1PauseCleanup done
Event: 9.545 Executing VM operation: G1CollectForAllocation (G1 Evacuation Pause)
Event: 9.554 Executing VM operation: G1CollectForAllocation (G1 Evacuation Pause) done
Event: 9.664 Executing VM operation: HandshakeAllThreads (Deoptimize)
Event: 9.664 Executing VM operation: HandshakeAllThreads (Deoptimize) done
Event: 9.676 Executing VM operation: HandshakeAllThreads (Deoptimize)
Event: 9.676 Executing VM operation: HandshakeAllThreads (Deoptimize) done
Event: 10.271 Executing VM operation: G1CollectForAllocation (G1 Evacuation Pause)
Event: 10.278 Executing VM operation: G1CollectForAllocation (G1 Evacuation Pause) done
Event: 10.749 Executing VM operation: G1CollectForAllocation (G1 Evacuation Pause)
Event: 10.755 Executing VM operation: G1CollectForAllocation (G1 Evacuation Pause) done
Event: 10.878 Executing VM operation: G1PauseRemark
Event: 10.884 Executing VM operation: G1PauseRemark done
Event: 10.923 Executing VM operation: G1PauseCleanup
Event: 10.939 Executing VM operation: G1PauseCleanup done
Event: 11.054 Executing VM operation: G1CollectForAllocation (G1 Evacuation Pause)
Event: 11.061 Executing VM operation: G1CollectForAllocation (G1 Evacuation Pause) done
Event: 11.319 Executing VM operation: G1CollectForAllocation (G1 Evacuation Pause)
Event: 11.327 Executing VM operation: G1CollectForAllocation (G1 Evacuation Pause) done
Event: 11.572 Executing VM operation: G1CollectForAllocation (G1 Evacuation Pause)

Memory protections (0 events):
No events

Nmethod flushes (20 events):
Event: 10.884 Thread 0x000001b349dd7ad0 flushing  nmethod 0x000001b336461f08
Event: 10.884 Thread 0x000001b349dd7ad0 flushing  nmethod 0x000001b336515608
Event: 10.884 Thread 0x000001b349dd7ad0 flushing  nmethod 0x000001b336591488
Event: 10.884 Thread 0x000001b349dd7ad0 flushing  nmethod 0x000001b336736c88
Event: 10.884 Thread 0x000001b349dd7ad0 flushing  nmethod 0x000001b336870908
Event: 10.884 Thread 0x000001b349dd7ad0 flushing  nmethod 0x000001b336938188
Event: 10.884 Thread 0x000001b349dd7ad0 flushing  nmethod 0x000001b3369bc488
Event: 10.884 Thread 0x000001b349dd7ad0 flushing  nmethod 0x000001b3369f0108
Event: 10.884 Thread 0x000001b349dd7ad0 flushing  nmethod 0x000001b336a3f408
Event: 10.884 Thread 0x000001b349dd7ad0 flushing  nmethod 0x000001b336b15188
Event: 10.884 Thread 0x000001b349dd7ad0 flushing  nmethod 0x000001b336ca8088
Event: 10.884 Thread 0x000001b349dd7ad0 flushing  nmethod 0x000001b336cd9c08
Event: 10.884 Thread 0x000001b349dd7ad0 flushing  nmethod 0x000001b336d16e88
Event: 10.884 Thread 0x000001b349dd7ad0 flushing  nmethod 0x000001b336d1a688
Event: 10.884 Thread 0x000001b349dd7ad0 flushing  nmethod 0x000001b336d2ad88
Event: 10.884 Thread 0x000001b349dd7ad0 flushing  nmethod 0x000001b336d2e788
Event: 10.884 Thread 0x000001b349dd7ad0 flushing  nmethod 0x000001b336d3ad08
Event: 10.884 Thread 0x000001b349dd7ad0 flushing  nmethod 0x000001b336daff08
Event: 10.884 Thread 0x000001b349dd7ad0 flushing  nmethod 0x000001b336db6508
Event: 10.884 Thread 0x000001b349dd7ad0 flushing  nmethod 0x000001b336e04d08

Events (20 events):
Event: 0.046 Thread 0x000001b32b70de60 Thread added: 0x000001b349df56c0
Event: 0.046 Thread 0x000001b32b70de60 Thread added: 0x000001b349e00770
Event: 0.046 Thread 0x000001b32b70de60 Thread added: 0x000001b349e05120
Event: 0.046 Thread 0x000001b32b70de60 Thread added: 0x000001b349e07e00
Event: 0.084 Thread 0x000001b32b70de60 Thread added: 0x000001b38f11d010
Event: 0.087 Thread 0x000001b32b70de60 Thread added: 0x000001b38f123650
Event: 0.123 Thread 0x000001b349e05120 Thread added: 0x000001b38f1e4400
Event: 0.252 Thread 0x000001b38f1e4400 Thread exited: 0x000001b38f1e4400
Event: 0.567 Thread 0x000001b349e07e00 Thread added: 0x000001b38f5f3ff0
Event: 2.484 Thread 0x000001b32b70de60 Thread added: 0x000001b390b07940
Event: 2.485 Thread 0x000001b390b07940 Thread exited: 0x000001b390b07940
Event: 2.694 Thread 0x000001b32b70de60 Thread added: 0x000001b399bad930
Event: 2.695 Thread 0x000001b32b70de60 Thread exited: 0x000001b32b70de60
Event: 2.695 Thread 0x000001b32b70de60 Thread added: 0x000001b32b70de60
Event: 2.748 Thread 0x000001b399bad930 Thread added: 0x000001b390ea0820
Event: 3.355 Thread 0x000001b390ea0820 Thread added: 0x000001b39b06c860
Event: 3.462 Thread 0x000001b390ea0820 Thread added: 0x000001b39ad2e4e0
Event: 3.575 Thread 0x000001b399bad930 Thread added: 0x000001b39ad30c40
Event: 7.328 Thread 0x000001b39ad30c40 Thread added: 0x000001b39b9f8b40
Event: 9.714 Thread 0x000001b399bad930 Thread added: 0x000001b3998764b0


Dynamic libraries:
0x00007ff7d9490000 - 0x00007ff7d94a0000 	C:\Program Files\Java\jdk-23\bin\java.exe
0x00007ffc76df0000 - 0x00007ffc77008000 	C:\WINDOWS\SYSTEM32\ntdll.dll
0x00007ffc75d30000 - 0x00007ffc75df4000 	C:\WINDOWS\System32\KERNEL32.DLL
0x00007ffc74330000 - 0x00007ffc74703000 	C:\WINDOWS\System32\KERNELBASE.dll
0x00007ffc73f00000 - 0x00007ffc74011000 	C:\WINDOWS\System32\ucrtbase.dll
0x00007ffc33660000 - 0x00007ffc3367b000 	C:\Program Files\Java\jdk-23\bin\VCRUNTIME140.dll
0x00007ffc33810000 - 0x00007ffc33827000 	C:\Program Files\Java\jdk-23\bin\jli.dll
0x00007ffc752c0000 - 0x00007ffc75472000 	C:\WINDOWS\System32\USER32.dll
0x00007ffc5ecd0000 - 0x00007ffc5ef6c000 	C:\WINDOWS\WinSxS\amd64_microsoft.windows.common-controls_6595b64144ccf1df_6.0.22621.6060_none_2712eda17382d24b\COMCTL32.dll
0x00007ffc74880000 - 0x00007ffc748a6000 	C:\WINDOWS\System32\win32u.dll
0x00007ffc76220000 - 0x00007ffc762c7000 	C:\WINDOWS\System32\msvcrt.dll
0x00007ffc760e0000 - 0x00007ffc76109000 	C:\WINDOWS\System32\GDI32.dll
0x00007ffc740e0000 - 0x00007ffc741fb000 	C:\WINDOWS\System32\gdi32full.dll
0x00007ffc748b0000 - 0x00007ffc7494a000 	C:\WINDOWS\System32\msvcp_win.dll
0x00007ffc761e0000 - 0x00007ffc76211000 	C:\WINDOWS\System32\IMM32.DLL
0x00007ffc52860000 - 0x00007ffc52952000 	C:\Program Files\Windhawk\Engine\1.7.3\64\windhawk.dll
0x00007ffc750a0000 - 0x00007ffc75151000 	C:\WINDOWS\System32\ADVAPI32.dll
0x00007ffc75c50000 - 0x00007ffc75cf8000 	C:\WINDOWS\System32\sechost.dll
0x00007ffc74280000 - 0x00007ffc742a8000 	C:\WINDOWS\System32\bcrypt.dll
0x00007ffc76c90000 - 0x00007ffc76da8000 	C:\WINDOWS\System32\RPCRT4.dll
0x00007ffc5b0c0000 - 0x00007ffc5b0cc000 	C:\Program Files\Java\jdk-23\bin\vcruntime140_1.dll
0x00007ffc310b0000 - 0x00007ffc3113e000 	C:\Program Files\Java\jdk-23\bin\msvcp140.dll
0x00007ffbbb9b0000 - 0x00007ffbbc700000 	C:\Program Files\Java\jdk-23\bin\server\jvm.dll
0x00007ffc76160000 - 0x00007ffc761d1000 	C:\WINDOWS\System32\WS2_32.dll
0x00007ffc73760000 - 0x00007ffc737ad000 	C:\WINDOWS\SYSTEM32\POWRPROF.dll
0x00007ffc6a860000 - 0x00007ffc6a894000 	C:\WINDOWS\SYSTEM32\WINMM.dll
0x00007ffc68cc0000 - 0x00007ffc68cca000 	C:\WINDOWS\SYSTEM32\VERSION.dll
0x00007ffc73740000 - 0x00007ffc73753000 	C:\WINDOWS\SYSTEM32\UMPDC.dll
0x00007ffc72eb0000 - 0x00007ffc72ec8000 	C:\WINDOWS\SYSTEM32\kernel.appcore.dll
0x00007ffc570f0000 - 0x00007ffc570fa000 	C:\Program Files\Java\jdk-23\bin\jimage.dll
0x00007ffc718b0000 - 0x00007ffc71ae3000 	C:\WINDOWS\SYSTEM32\DBGHELP.DLL
0x00007ffc755b0000 - 0x00007ffc75941000 	C:\WINDOWS\System32\combase.dll
0x00007ffc75b70000 - 0x00007ffc75c48000 	C:\WINDOWS\System32\OLEAUT32.dll
0x00007ffc4b380000 - 0x00007ffc4b3b2000 	C:\WINDOWS\SYSTEM32\dbgcore.DLL
0x00007ffc74200000 - 0x00007ffc7427b000 	C:\WINDOWS\System32\bcryptPrimitives.dll
0x00007ffc33640000 - 0x00007ffc3365e000 	C:\Program Files\Java\jdk-23\bin\java.dll
0x00007ffc759c0000 - 0x00007ffc75b61000 	C:\WINDOWS\System32\ole32.dll
0x00007ffc76330000 - 0x00007ffc76bcc000 	C:\WINDOWS\System32\SHELL32.dll
0x00007ffc74950000 - 0x00007ffc74a8f000 	C:\WINDOWS\System32\wintypes.dll
0x00007ffc71db0000 - 0x00007ffc726ca000 	C:\WINDOWS\SYSTEM32\windows.storage.dll
0x00007ffc75480000 - 0x00007ffc75584000 	C:\WINDOWS\System32\SHCORE.dll
0x00007ffc74a90000 - 0x00007ffc74af9000 	C:\WINDOWS\System32\shlwapi.dll
0x00007ffc73e30000 - 0x00007ffc73e55000 	C:\WINDOWS\SYSTEM32\profapi.dll
0x00007ffc24540000 - 0x00007ffc24617000 	C:\Program Files\Java\jdk-23\bin\jsvml.dll
0x00007ffc65f20000 - 0x00007ffc65f30000 	C:\Program Files\Java\jdk-23\bin\net.dll
0x00007ffc73410000 - 0x00007ffc73479000 	C:\WINDOWS\system32\mswsock.dll
0x00007ffc33620000 - 0x00007ffc33636000 	C:\Program Files\Java\jdk-23\bin\nio.dll
0x00007ffc33600000 - 0x00007ffc33617000 	C:\Program Files\Java\jdk-23\bin\zip.dll
0x00007ffc73680000 - 0x00007ffc7369b000 	C:\WINDOWS\SYSTEM32\CRYPTSP.dll
0x00007ffc72e10000 - 0x00007ffc72e47000 	C:\WINDOWS\system32\rsaenh.dll
0x00007ffc73520000 - 0x00007ffc73548000 	C:\WINDOWS\SYSTEM32\USERENV.dll
0x00007ffc736a0000 - 0x00007ffc736ac000 	C:\WINDOWS\SYSTEM32\CRYPTBASE.dll
0x00007ffc72930000 - 0x00007ffc7295d000 	C:\WINDOWS\SYSTEM32\IPHLPAPI.DLL
0x00007ffc74b00000 - 0x00007ffc74b09000 	C:\WINDOWS\System32\NSI.dll
0x00007ffc545f0000 - 0x00007ffc54600000 	C:\Program Files\Java\jdk-23\bin\verify.dll
0x00007ffc1f330000 - 0x00007ffc1f419000 	C:\Users\USER\AppData\Local\Temp\sqlite-3.41.2.1-7e7fe431-40fb-4ae7-9ec7-4d998cd24ea1-sqlitejdbc.dll

dbghelp: loaded successfully - version: 4.0.5 - missing functions: none
symbol engine: initialized successfully - sym options: 0x614 - pdb path: .;C:\Program Files\Java\jdk-23\bin;C:\WINDOWS\SYSTEM32;C:\WINDOWS\WinSxS\amd64_microsoft.windows.common-controls_6595b64144ccf1df_6.0.22621.6060_none_2712eda17382d24b;C:\Program Files\Windhawk\Engine\1.7.3\64;C:\Program Files\Java\jdk-23\bin\server;C:\Users\USER\AppData\Local\Temp

VM Arguments:
jvm_args: -DkotlinLanguageServer.version=1.3.13 
java_command: org.javacs.kt.MainKt
java_class_path (initial): c:\Users\USER\AppData\Roaming\Antigravity\User\globalStorage\fwcd.kotlin\langServerInstall\server\lib\server-1.3.13.jar;c:\Users\USER\AppData\Roaming\Antigravity\User\globalStorage\fwcd.kotlin\langServerInstall\server\lib\shared-1.3.13.jar;c:\Users\USER\AppData\Roaming\Antigravity\User\globalStorage\fwcd.kotlin\langServerInstall\server\lib\kotlin-scripting-jvm-host-unshaded-2.1.0.jar;c:\Users\USER\AppData\Roaming\Antigravity\User\globalStorage\fwcd.kotlin\langServerInstall\server\lib\kotlin-scripting-compiler-2.1.0.jar;c:\Users\USER\AppData\Roaming\Antigravity\User\globalStorage\fwcd.kotlin\langServerInstall\server\lib\ktfmt-b5d31d1.jar;c:\Users\USER\AppData\Roaming\Antigravity\User\globalStorage\fwcd.kotlin\langServerInstall\server\lib\kotlin-compiler-2.1.0.jar;c:\Users\USER\AppData\Roaming\Antigravity\User\globalStorage\fwcd.kotlin\langServerInstall\server\lib\exposed-dao-0.37.3.jar;c:\Users\USER\AppData\Roaming\Antigravity\User\globalStorage\fwcd.kotlin\langServerInstall\server\lib\exposed-jdbc-0.37.3.jar;c:\Users\USER\AppData\Roaming\Antigravity\User\globalStorage\fwcd.kotlin\langServerInstall\server\lib\exposed-core-0.37.3.jar;c:\Users\USER\AppData\Roaming\Antigravity\User\globalStorage\fwcd.kotlin\langServerInstall\server\lib\kotlin-scripting-compiler-impl-2.1.0.jar;c:\Users\USER\AppData\Roaming\Antigravity\User\globalStorage\fwcd.kotlin\langServerInstall\server\lib\kotlin-reflect-2.1.0.jar;c:\Users\USER\AppData\Roaming\Antigravity\User\globalStorage\fwcd.kotlin\langServerInstall\server\lib\kotlin-scripting-jvm-2.1.0.jar;c:\Users\USER\AppData\Roaming\Antigravity\User\globalStorage\fwcd.kotlin\langServerInstall\server\lib\kotlin-scripting-common-2.1.0.jar;c:\Users\USER\AppData\Roaming\Antigravity\User\globalStorage\fwcd.kotlin\langServerInstall\server\lib\kotlinx-coroutines-core-jvm-1.6.4.jar;c:\Users\USER\AppData\Roaming\Antigravity\User\globalStorage\fwcd.kotlin\langServerInstall\server\lib\kotlin-stdlib-jdk8-2.1.0.jar;c:\Users\USER\AppData\Roaming\Antigravity\User\globalStorage\fwcd.kotlin\langServerInstall\server\lib\kotlin-stdlib-jdk7-2.1.0.jar;c:\Users\USER\AppData\Roaming\Antigravity\User\globalStorage\fwcd.kotlin\langServerInstall\server\lib\kotlin-stdlib-2.1.0.jar;c:\Users\USER\AppData\Roaming\Antigravity\User\globalStorage\fwcd.kotlin\langServerInstall\server\lib\org.eclipse.lsp4j-0.21.2.jar;c:\Users\USER\AppData\Roaming\Antigravity\User\globalStorage\fwcd.kotlin\langServerInstall\server\lib\org.eclipse.lsp4j.jsonrpc-0.21.2.jar;c:\Users\USER\AppData\Roaming\Antigravity\User\globalStorage\fwcd.kotlin\langServerInstall\server\lib\kotlin-sam-with-receiver-compiler-plugin-2.1.0.jar;c:\Users\USER\AppData\Roaming\Antigravity\User\globalStorage\fwcd.kotlin\langServerInstall\server\lib\fernflower-1.0.jar;c:\Users\USER\AppData\Roaming\Antigravity\User\globalStorage\fwcd.kotlin\langServerInstall\server\lib\h2-1.4.200.jar;c:\Users\USER\AppData\Roaming\Antigravity\User\globalStorage\fwcd.kotlin\langServerInstall\server\lib\jcommander-1.78.jar;c:\Users\USER\AppData\Roaming\Antigravity\User\globalStorage\fwcd.kotlin\langServerInstall\server\lib\sqlite-jdbc-3.41.2.1.jar;c:\Users\USER\AppData\Roaming\Antigravity\User\globalStorage\fwcd.kotlin\langServerInstall\server\lib\google-java-format-1.8.jar;c:\Users\USER\AppData\Roaming\Antigravity\User\globalStorage\fwcd.kotlin\langServerInstall\server\lib\guava-33.3.0-jre.jar;c:\Users\USER\AppData\Roaming\Antigravity\User\globalStorage\fwcd.kotlin\langServerInstall\server\lib\annotations-13.0.jar;c:\Users\USER\AppData\Roaming\Antigravity\User\globalStorage\fwcd.kotlin\langServerInstall\server\lib\gson-2.10.1.jar;c:\Users\USER\AppData\Roaming\Antigravity\User\globalStorage\fwcd.kotlin\langServerInstall\server\lib\kotlin-script-runtime-2.1.0.jar;c:\Users\USER\AppData\Roaming\Antigravity\User\globalStorage\fwcd.kotlin\langServerInstall\server\lib\trove4j-1.0.20200330.jar;c:\Users\USER\AppData\Roaming\Antigravity\User\globalStorage\fwcd.kotlin\langServerInstall\server\lib\jline-3.24.1.jar;c:\Users\USER\AppData\Roaming\Antigravity\User\globalStorage\fwcd.kotlin\langServerInstall\server\lib\slf4j-api-1.7.25.jar;c:\Users\USER\AppData\Roaming\Antigravity\User\globalStorage\fwcd.kotlin\langServerInstall\server\lib\jna-4.2.2.jar;c:\Users\USER\AppData\Roaming\Antigravity\User\globalStorage\fwcd.kotlin\langServerInstall\server\lib\failureaccess-1.0.2.jar;c:\Users\USER\AppData\Roaming\Antigravity\User\globalStorage\fwcd.kotlin\langServerInstall\server\lib\listenablefuture-9999.0-empty-to-avoid-conflict-with-guava.jar;c:\Users\USER\AppData\Roaming\Antigravity\User\globalStorage\fwcd.kotlin\langServerInstall\server\lib\jsr305-3.0.2.jar;c:\Users\USER\AppData\Roaming\Antigravity\User\globalStorage\fwcd.kotlin\langServerInstall\server\lib\checker-qual-3.43.0.jar;c:\Users\USER\AppData\Roaming\Antigravity\User\globalStorage\fwcd.kotlin\langServerInstall\server\lib\error_prone_annotations-2.28.0.jar
Launcher Type: SUN_STANDARD

[Global flags]
     intx CICompilerCount                          = 3                                         {product} {ergonomic}
     uint ConcGCThreads                            = 1                                         {product} {ergonomic}
     uint G1ConcRefinementThreads                  = 4                                         {product} {ergonomic}
   size_t G1HeapRegionSize                         = 1048576                                   {product} {ergonomic}
   size_t InitialHeapSize                          = 130023424                                 {product} {ergonomic}
   size_t MarkStackSize                            = 4194304                                   {product} {ergonomic}
   size_t MarkStackSizeMax                         = 536870912                                 {product} {ergonomic}
   size_t MaxHeapSize                              = 2069889024                                {product} {ergonomic}
   size_t MaxNewSize                               = 1241513984                                {product} {ergonomic}
   size_t MinHeapDeltaBytes                        = 1048576                                   {product} {ergonomic}
   size_t MinHeapSize                              = 8388608                                   {product} {ergonomic}
    uintx NonNMethodCodeHeapSize                   = 5832704                                {pd product} {ergonomic}
    uintx NonProfiledCodeHeapSize                  = 122945536                              {pd product} {ergonomic}
    uintx ProfiledCodeHeapSize                     = 122880000                              {pd product} {ergonomic}
    uintx ReservedCodeCacheSize                    = 251658240                              {pd product} {ergonomic}
     bool SegmentedCodeCache                       = true                                      {product} {ergonomic}
   size_t SoftMaxHeapSize                          = 2069889024                             {manageable} {ergonomic}
     bool UseCompressedOops                        = true                           {product lp64_product} {ergonomic}
     bool UseG1GC                                  = true                                      {product} {ergonomic}
     bool UseLargePagesIndividualAllocation        = false                                  {pd product} {ergonomic}

Logging:
Log output configuration:
 #0: stdout all=warning uptime,level,tags foldmultilines=false
 #1: stderr all=off uptime,level,tags foldmultilines=false

Environment Variables:
JAVA_HOME=C:\Program Files\Java\jdk-23
CLASSPATH=c:\Users\USER\AppData\Roaming\Antigravity\User\globalStorage\fwcd.kotlin\langServerInstall\server\lib\server-1.3.13.jar;c:\Users\USER\AppData\Roaming\Antigravity\User\globalStorage\fwcd.kotlin\langServerInstall\server\lib\shared-1.3.13.jar;c:\Users\USER\AppData\Roaming\Antigravity\User\globalStorage\fwcd.kotlin\langServerInstall\server\lib\kotlin-scripting-jvm-host-unshaded-2.1.0.jar;c:\Users\USER\AppData\Roaming\Antigravity\User\globalStorage\fwcd.kotlin\langServerInstall\server\lib\kotlin-scripting-compiler-2.1.0.jar;c:\Users\USER\AppData\Roaming\Antigravity\User\globalStorage\fwcd.kotlin\langServerInstall\server\lib\ktfmt-b5d31d1.jar;c:\Users\USER\AppData\Roaming\Antigravity\User\globalStorage\fwcd.kotlin\langServerInstall\server\lib\kotlin-compiler-2.1.0.jar;c:\Users\USER\AppData\Roaming\Antigravity\User\globalStorage\fwcd.kotlin\langServerInstall\server\lib\exposed-dao-0.37.3.jar;c:\Users\USER\AppData\Roaming\Antigravity\User\globalStorage\fwcd.kotlin\langServerInstall\server\lib\exposed-jdbc-0.37.3.jar;c:\Users\USER\AppData\Roaming\Antigravity\User\globalStorage\fwcd.kotlin\langServerInstall\server\lib\exposed-core-0.37.3.jar;c:\Users\USER\AppData\Roaming\Antigravity\User\globalStorage\fwcd.kotlin\langServerInstall\server\lib\kotlin-scripting-compiler-impl-2.1.0.jar;c:\Users\USER\AppData\Roaming\Antigravity\User\globalStorage\fwcd.kotlin\langServerInstall\server\lib\kotlin-reflect-2.1.0.jar;c:\Users\USER\AppData\Roaming\Antigravity\User\globalStorage\fwcd.kotlin\langServerInstall\server\lib\kotlin-scripting-jvm-2.1.0.jar;c:\Users\USER\AppData\Roaming\Antigravity\User\globalStorage\fwcd.kotlin\langServerInstall\server\lib\kotlin-scripting-common-2.1.0.jar;c:\Users\USER\AppData\Roaming\Antigravity\User\globalStorage\fwcd.kotlin\langServerInstall\server\lib\kotlinx-coroutines-core-jvm-1.6.4.jar;c:\Users\USER\AppData\Roaming\Antigravity\User\globalStorage\fwcd.kotlin\langServerInstall\server\lib\kotlin-stdlib-jdk8-2.1.0.jar;c:\Users\USER\AppData\Roaming\Antigravity\User\globalStorage\fwcd.kotlin\langServerInstall\server\lib\kotlin-stdlib-jdk7-2.1.0.jar;c:\Users\USER\AppData\Roaming\Antigravity\User\globalStorage\fwcd.kotlin\langServerInstall\server\lib\kotlin-stdlib-2.1.0.jar;c:\Users\USER\AppData\Roaming\Antigravity\User\globalStorage\fwcd.kotlin\langServerInstall\server\lib\org.eclipse.lsp4j-0.21.2.jar;c:\Users\USER\AppData\Roaming\Antigravity\User\globalStorage\fwcd.kotlin\langServerInstall\server\lib\org.eclipse.lsp4j.jsonrpc-0.21.2.jar;c:\Users\USER\AppData\Roaming\Antigravity\User\globalStorage\fwcd.kotlin\langServerInstall\server\lib\kotlin-sam-with-receiver-compiler-plugin-2.1.0.jar;c:\Users\USER\AppData\Roaming\Antigravity\User\globalStorage\fwcd.kotlin\langServerInstall\server\lib\fernflower-1.0.jar;c:\Users\USER\AppData\Roaming\Antigravity\User\globalStorage\fwcd.kotlin\langServerInstall\server\lib\h2-1.4.200.jar;c:\Users\USER\AppData\Roaming\Antigravity\User\globalStorage\fwcd.kotlin\langServerInstall\server\lib\jcommander-1.78.jar;c:\Users\USER\AppData\Roaming\Antigravity\User\globalStorage\fwcd.kotlin\langServerInstall\server\lib\sqlite-jdbc-3.41.2.1.jar;c:\Users\USER\AppData\Roaming\Antigravity\User\globalStorage\fwcd.kotlin\langServerInstall\server\lib\google-java-format-1.8.jar;c:\Users\USER\AppData\Roaming\Antigravity\User\globalStorage\fwcd.kotlin\langServerInstall\server\lib\guava-33.3.0-jre.jar;c:\Users\USER\AppData\Roaming\Antigravity\User\globalStorage\fwcd.kotlin\langServerInstall\server\lib\annotations-13.0.jar;c:\Users\USER\AppData\Roaming\Antigravity\User\globalStorage\fwcd.kotlin\langServerInstall\server\lib\gson-2.10.1.jar;c:\Users\USER\AppData\Roaming\Antigravity\User\globalStorage\fwcd.kotlin\langServerInstall\server\lib\kotlin-script-runtime-2.1.0.jar;c:\Users\USER\AppData\Roaming\Antigravity\User\globalStorage\fwcd.kotlin\langServerInstall\server\lib\trove4j-1.0.20200330.jar;c:\Users\USER\AppData\Roaming\Antigravity\User\globalStorage\fwcd.kotlin\langServerInstall\server\lib\jline-3.24.1.jar;c:\Users\USER\AppData\Roaming\Antigravity\User\globalStorage\fwcd.kotlin\langServerInstall\server\lib\slf4j-api-1.7.25.jar;c:\Users\USER\AppData\Roaming\Antigravity\User\globalStorage\fwcd.kotlin\langServerInstall\server\lib\jna-4.2.2.jar;c:\Users\USER\AppData\Roaming\Antigravity\User\globalStorage\fwcd.kotlin\langServerInstall\server\lib\failureaccess-1.0.2.jar;c:\Users\USER\AppData\Roaming\Antigravity\User\globalStorage\fwcd.kotlin\langServerInstall\server\lib\listenablefuture-9999.0-empty-to-avoid-conflict-with-guava.jar;c:\Users\USER\AppData\Roaming\Antigravity\User\globalStorage\fwcd.kotlin\langServerInstall\server\lib\jsr305-3.0.2.jar;c:\Users\USER\AppData\Roaming\Antigravity\User\globalStorage\fwcd.kotlin\langServerInstall\server\lib\checker-qual-3.43.0.jar;c:\Users\USER\AppData\Roaming\Antigravity\User\globalStorage\fwcd.kotlin\langServerInstall\server\lib\error_prone_annotations-2.28.0.jar
PATH=C:\Program Files\Common Files\Oracle\Java\javapath;C:\Program Files (x86)\Common Files\Intel\Shared Files\cpp\bin\Intel64;C:\WINDOWS\system32;C:\WINDOWS;C:\WINDOWS\System32\Wbem;C:\WINDOWS\System32\WindowsPowerShell\v1.0\;C:\WINDOWS\System32\OpenSSH\;C:\Program Files\Microsoft\Web Platform Installer\;C:\Program Files\Microsoft SQL Server\110\Tools\Binn\;C:\ProgramData\ComposerSetup\bin;C:\Program Files\Git\cmd;C:\Program Files\Java\jdk-1.8\bin;D:\laragon\bin\php;C:\laragon\bin\nginx\nginx-1.19.10;C:\ngrok;D:\kotlin-compiler-2.2.20\kotlinc\bin;C:\Program Files\nodejs\;C:\Program Files\Go\bin;C:\Users\USER\.local\bin;C:\laragon\bin;C:\laragon\bin\apache\httpd-2.4.47-win64-VS16\bin;C:\laragon\bin\composer;C:\laragon\bin\git\bin;C:\laragon\bin\git\cmd;C:\laragon\bin\git\mingw64\bin;C:\laragon\bin\git\usr\bin;C:\laragon\bin\laragon\utils;C:\laragon\bin\mysql\mysql-5.7.33-winx64\bin;C:\laragon\bin\nginx\nginx-1.19.10;C:\laragon\bin\ngrok;C:\laragon\bin\nodejs\node-v14;C:\laragon\bin\notepad++;C:\laragon\bin\php\php-8.4.4-Win32-vs17-x64;C:\laragon\bin\redis\redis-x64-3.2.100;C:\laragon\bin\telnet;C:\laragon\usr\bin;C:\Users\USER\AppData\Local\Yarn\config\global\node_modules\.bin;C:\Users\USER\AppData\Roaming\Composer\vendor\bin;C:\Users\USER\AppData\Roaming\npm;C:\Users\USER\.config\herd-lite\bin;C:\Users\USER\AppData\Local\Microsoft\WindowsApps;C:\Users\USER\AppData\Local\Programs\Microsoft VS Code\bin;C:\Users\USER\AppData\Local\Microsoft\WinGet\Packages\Genymobile.scrcpy_Microsoft.Winget.Source_8wekyb3d8bbwe\scrcpy-win64-v3.3.2;C:\Users\USER\AppData\Local\Python\bin;C:\Users\USER\AppData\Local\Programs\Antigravity\bin;C:\Users\USER\go\bin
USERNAME=Ardhana Syah Hidayat
OS=Windows_NT
PROCESSOR_IDENTIFIER=Intel64 Family 6 Model 140 Stepping 2, GenuineIntel
TMP=C:\Users\USER\AppData\Local\Temp
TEMP=C:\Users\USER\AppData\Local\Temp




Periodic native trim disabled

---------------  S Y S T E M  ---------------

OS:
 Windows 11 , 64 bit Build 22621 (10.0.22621.5415)
OS uptime: 0 days 3:23 hours
Hyper-V role detected

CPU: total 4 (initial active 4) (2 cores per cpu, 2 threads per core) family 6 model 140 stepping 2 microcode 0x16, cx8, cmov, fxsr, ht, mmx, 3dnowpref, sse, sse2, sse3, ssse3, sse4.1, sse4.2, popcnt, lzcnt, tsc, tscinvbit, avx, avx2, aes, erms, clmul, bmi1, bmi2, adx, avx512f, avx512dq, avx512cd, avx512bw, avx512vl, sha, fma, vzeroupper, avx512_vpopcntdq, avx512_vpclmulqdq, avx512_vaes, avx512_vnni, clflush, clflushopt, clwb, avx512_vbmi2, avx512_vbmi, hv, rdtscp, rdpid, fsrm, gfni, avx512_bitalg, f16c, cet_ibt, cet_ss, avx512_ifma
Processor Information for processor 0
  Max Mhz: 2995, Current Mhz: 1198, Mhz Limit: 2995
Processor Information for processor 1
  Max Mhz: 2995, Current Mhz: 2995, Mhz Limit: 2995
Processor Information for processor 2
  Max Mhz: 2995, Current Mhz: 2995, Mhz Limit: 2995
Processor Information for processor 3
  Max Mhz: 2995, Current Mhz: 1198, Mhz Limit: 2995

Memory: 4k page, system-wide physical 7894M (366M free)
TotalPageFile size 17211M (AvailPageFile size 34M)
current process WorkingSet (physical memory assigned to process): 384M, peak: 385M
current process commit charge ("private bytes"): 399M, peak: 474M

vm_info: Java HotSpot(TM) 64-Bit Server VM (23.0.2+7-58) for windows-amd64 JRE (23.0.2+7-58), built on 2024-11-29T09:34:55Z with MS VC++ 17.6 (VS2022)

END.
