#
# There is insufficient memory for the Java Runtime Environment to continue.
# Native memory allocation (mmap) failed to map 117440512 bytes. Error detail: G1 virtual space
# Possible reasons:
#   The system is out of physical RAM or swap space
#   This process is running with CompressedOops enabled, and the Java Heap may be blocking the growth of the native heap
# Possible solutions:
#   Reduce memory load on the system
#   Increase physical memory or swap space
#   Check if swap backing store is full
#   Decrease Java heap size (-Xmx/-Xms)
#   Decrease number of Java threads
#   Decrease Java thread stack sizes (-Xss)
#   Set larger code cache with -XX:ReservedCodeCacheSize=
#   JVM is running with Unscaled Compressed Oops mode in which the Java heap is
#     placed in the first 4GB address space. The Java Heap base address is the
#     maximum limit for the native heap growth. Please use -XX:HeapBaseMinAddress
#     to set the Java Heap base and to place the Java Heap above 4GB virtual address.
# This output file may be truncated or incomplete.
#
#  Out of Memory Error (os_windows.cpp:3707), pid=8876, tid=18272
#
# JRE version: Java(TM) SE Runtime Environment (23.0.2+7) (build 23.0.2+7-58)
# Java VM: Java HotSpot(TM) 64-Bit Server VM (23.0.2+7-58, mixed mode, sharing, tiered, compressed oops, compressed class ptrs, g1 gc, windows-amd64)
# No core dump will be written. Minidumps are not enabled by default on client versions of Windows
#

---------------  S U M M A R Y ------------

Command Line: -DkotlinLanguageServer.version=1.3.13 org.javacs.kt.MainKt

Host: 11th Gen Intel(R) Core(TM) i3-1115G4 @ 3.00GHz, 4 cores, 7G,  Windows 11 , 64 bit Build 22621 (10.0.22621.5415)
Time: Fri May  8 21:07:51 2026 SE Asia Standard Time elapsed time: 23.722245 seconds (0d 0h 0m 23s)

---------------  T H R E A D  ---------------

Current thread (0x0000022252ba71b0):  VMThread "VM Thread"          [id=18272, stack(0x0000006a5b400000,0x0000006a5b500000) (1024K)]

Stack: [0x0000006a5b400000,0x0000006a5b500000]
Native frames: (J=compiled Java code, j=interpreted, Vv=VM code, C=native code)
V  [jvm.dll+0x6e0b99]  (no source info available)
V  [jvm.dll+0x87e2b3]  (no source info available)
V  [jvm.dll+0x88073e]  (no source info available)
V  [jvm.dll+0x880e13]  (no source info available)
V  [jvm.dll+0x27b006]  (no source info available)
V  [jvm.dll+0x6dd485]  (no source info available)
V  [jvm.dll+0x6d127a]  (no source info available)
V  [jvm.dll+0x35b50a]  (no source info available)
V  [jvm.dll+0x363916]  (no source info available)
V  [jvm.dll+0x34fe7e]  (no source info available)
V  [jvm.dll+0x350118]  (no source info available)
V  [jvm.dll+0x328aec]  (no source info available)
V  [jvm.dll+0x328b7a]  (no source info available)
V  [jvm.dll+0x374db2]  (no source info available)
V  [jvm.dll+0x3734b2]  (no source info available)
V  [jvm.dll+0x3282c7]  (no source info available)
V  [jvm.dll+0x372c64]  (no source info available)
V  [jvm.dll+0x886d50]  (no source info available)
V  [jvm.dll+0x888077]  (no source info available)
V  [jvm.dll+0x8885a8]  (no source info available)
V  [jvm.dll+0x888843]  (no source info available)
V  [jvm.dll+0x8254cb]  (no source info available)
V  [jvm.dll+0x6df345]  (no source info available)
C  [ucrtbase.dll+0x29333]  (no source info available)
C  [KERNEL32.DLL+0x1259d]  (no source info available)
C  [ntdll.dll+0x5af78]  (no source info available)

VM_Operation (0x0000006a5c8fc8d0): G1CollectForAllocation, mode: safepoint, requested by thread 0x00000222a400eb70


---------------  P R O C E S S  ---------------

Threads class SMR info:
_java_thread_list=0x000002229871f320, length=19, elements={
0x0000022252bbf780, 0x0000022252bc0590, 0x0000022252bc5340, 0x0000022252bc5e90,
0x0000022252bc6db0, 0x0000022252bcfa40, 0x0000022252bd64d0, 0x0000022252bd9fa0,
0x0000022298153c60, 0x000002229815b6b0, 0x0000022299da1a10, 0x000002223450cea0,
0x0000022299d9b640, 0x00000222a2dd4300, 0x00000222a25ed0b0, 0x00000222a25ee460,
0x0000022299bbcf80, 0x00000222a400eb70, 0x00000222a38e7110
}

Java Threads: ( => current thread )
  0x0000022252bbf780 JavaThread "Reference Handler"          daemon [_thread_blocked, id=17832, stack(0x0000006a5b500000,0x0000006a5b600000) (1024K)]
  0x0000022252bc0590 JavaThread "Finalizer"                  daemon [_thread_blocked, id=7636, stack(0x0000006a5b600000,0x0000006a5b700000) (1024K)]
  0x0000022252bc5340 JavaThread "Signal Dispatcher"          daemon [_thread_blocked, id=17880, stack(0x0000006a5b700000,0x0000006a5b800000) (1024K)]
  0x0000022252bc5e90 JavaThread "Attach Listener"            daemon [_thread_blocked, id=4700, stack(0x0000006a5b800000,0x0000006a5b900000) (1024K)]
  0x0000022252bc6db0 JavaThread "Service Thread"             daemon [_thread_blocked, id=11684, stack(0x0000006a5b900000,0x0000006a5ba00000) (1024K)]
  0x0000022252bcfa40 JavaThread "Monitor Deflation Thread"   daemon [_thread_blocked, id=17836, stack(0x0000006a5ba00000,0x0000006a5bb00000) (1024K)]
  0x0000022252bd64d0 JavaThread "C2 CompilerThread0"         daemon [_thread_in_native, id=18284, stack(0x0000006a5bb00000,0x0000006a5bc00000) (1024K)]
  0x0000022252bd9fa0 JavaThread "C1 CompilerThread0"         daemon [_thread_blocked, id=4664, stack(0x0000006a5bc00000,0x0000006a5bd00000) (1024K)]
  0x0000022298153c60 JavaThread "Notification Thread"        daemon [_thread_blocked, id=17808, stack(0x0000006a5bd00000,0x0000006a5be00000) (1024K)]
  0x000002229815b6b0 JavaThread "Common-Cleaner"             daemon [_thread_blocked, id=17768, stack(0x0000006a5be00000,0x0000006a5bf00000) (1024K)]
  0x0000022299da1a10 JavaThread "client"                            [_thread_in_native, id=5384, stack(0x0000006a5c300000,0x0000006a5c400000) (1024K)]
  0x000002223450cea0 JavaThread "DestroyJavaVM"                     [_thread_blocked, id=17828, stack(0x0000006a5ad00000,0x0000006a5ae00000) (1024K)]
  0x0000022299d9b640 JavaThread "async0"                            [_thread_blocked, id=17892, stack(0x0000006a5c400000,0x0000006a5c500000) (1024K)]
  0x00000222a2dd4300 JavaThread "async1"                            [_thread_blocked, id=17520, stack(0x0000006a5bf00000,0x0000006a5c000000) (1024K)]
  0x00000222a25ed0b0 JavaThread "debounce0"                         [_thread_blocked, id=17840, stack(0x0000006a5c500000,0x0000006a5c600000) (1024K)]
  0x00000222a25ee460 JavaThread "async2"                            [_thread_blocked, id=2984, stack(0x0000006a5c600000,0x0000006a5c700000) (1024K)]
  0x0000022299bbcf80 JavaThread "async3"                            [_thread_blocked, id=17992, stack(0x0000006a5c700000,0x0000006a5c800000) (1024K)]
  0x00000222a400eb70 JavaThread "ForkJoinPool.commonPool-worker-1" daemon [_thread_blocked, id=3504, stack(0x0000006a5c800000,0x0000006a5c900000) (1024K)]
  0x00000222a38e7110 JavaThread "C2 CompilerThread1"         daemon [_thread_blocked, id=18348, stack(0x0000006a5c900000,0x0000006a5ca00000) (1024K)]
Total: 19

Other Threads:
=>0x0000022252ba71b0 VMThread "VM Thread"                           [id=18272, stack(0x0000006a5b400000,0x0000006a5b500000) (1024K)]
  0x0000022252b96c90 WatcherThread "VM Periodic Task Thread"        [id=15772, stack(0x0000006a5b300000,0x0000006a5b400000) (1024K)]
  0x0000022236973f30 WorkerThread "GC Thread#0"                     [id=8096, stack(0x0000006a5ae00000,0x0000006a5af00000) (1024K)]
  0x000002229858df50 WorkerThread "GC Thread#1"                     [id=10064, stack(0x0000006a5c000000,0x0000006a5c100000) (1024K)]
  0x0000022298598720 WorkerThread "GC Thread#2"                     [id=5964, stack(0x0000006a5c100000,0x0000006a5c200000) (1024K)]
  0x00000222988c7a40 WorkerThread "GC Thread#3"                     [id=17444, stack(0x0000006a5c200000,0x0000006a5c300000) (1024K)]
  0x0000022236988640 ConcurrentGCThread "G1 Main Marker"            [id=13520, stack(0x0000006a5af00000,0x0000006a5b000000) (1024K)]
  0x0000022236989150 WorkerThread "G1 Conc#0"                       [id=1712, stack(0x0000006a5b000000,0x0000006a5b100000) (1024K)]
  0x0000022252a6b1e0 ConcurrentGCThread "G1 Refine#0"               [id=2556, stack(0x0000006a5b100000,0x0000006a5b200000) (1024K)]
  0x0000022252a6bc60 ConcurrentGCThread "G1 Service"                [id=17872, stack(0x0000006a5b200000,0x0000006a5b300000) (1024K)]
Total: 10

Threads with active compile tasks:
C2 CompilerThread0  23780 10706       4       org.jetbrains.org.objectweb.asm.ClassReader::accept (1380 bytes)
C2 CompilerThread1  23780 10697       4       org.jetbrains.kotlin.load.kotlin.VirtualFileFinder::findKotlinClassOrContent (37 bytes)
Total: 2

VM state: at safepoint (normal execution)

VM Mutex/Monitor currently owned by a thread:  ([mutex/lock_event])
[0x00007ffbbc624888] Threads_lock - owner thread: 0x0000022252ba71b0
[0x00007ffbbc624988] Heap_lock - owner thread: 0x00000222a400eb70

Heap address: 0x0000000084a00000, size: 1974 MB, Compressed Oops mode: 32-bit

CDS archive(s) mapped at: [0x0000022253000000-0x0000022253d70000-0x0000022253d70000), size 14090240, SharedBaseAddress: 0x0000022253000000, ArchiveRelocationMode: 1.
Compressed class space mapped at: 0x0000022254000000-0x0000022294000000, reserved size: 1073741824
Narrow klass base: 0x0000022253000000, Narrow klass shift: 0, Narrow klass range: 0x41000000

GC Precious Log:
 CardTable entry size: 512
 Card Set container configuration: InlinePtr #cards 5 size 8 Array Of Cards #cards 10 size 36 Howl #buckets 4 coarsen threshold 1843 Howl Bitmap #cards 512 size 80 coarsen threshold 460 Card regions per heap region 1 cards per card region 2048
 CPUs: 4 total, 4 available
 Memory: 7894M
 Large Page Support: Disabled
 NUMA Support: Disabled
 Compressed Oops: Enabled (32-bit)
 Heap Region Size: 1M
 Heap Min Capacity: 8M
 Heap Initial Capacity: 124M
 Heap Max Capacity: 1974M
 Pre-touch: Disabled
 Parallel Workers: 4
 Concurrent Workers: 1
 Concurrent Refinement Workers: 4
 Periodic GC: Disabled

Heap:
 garbage-first heap   total reserved 2021376K, committed 165888K, used 117297K [0x0000000084a00000, 0x0000000100000000)
  region size 1024K, 6 young (6144K), 6 survivors (6144K)
 Metaspace       used 71513K, committed 72448K, reserved 1114112K
  class space    used 8644K, committed 9088K, reserved 1048576K

Heap Regions: E=young(eden), S=young(survivor), O=old, HS=humongous(starts), HC=humongous(continues), CS=collection set, F=free, TAMS=top-at-mark-start, PB=parsable bottom
|   0|0x0000000084a00000, 0x0000000084b00000, 0x0000000084b00000|100%|HS|  |TAMS 0x0000000084b00000| PB 0x0000000084a00000| Complete |  0
|   1|0x0000000084b00000, 0x0000000084c00000, 0x0000000084c00000|100%|HC|  |TAMS 0x0000000084c00000| PB 0x0000000084b00000| Complete |  0
|   2|0x0000000084c00000, 0x0000000084d00000, 0x0000000084d00000|100%|HC|  |TAMS 0x0000000084d00000| PB 0x0000000084c00000| Complete |  0
|   3|0x0000000084d00000, 0x0000000084e00000, 0x0000000084e00000|100%|HC|  |TAMS 0x0000000084e00000| PB 0x0000000084d00000| Complete |  0
|   4|0x0000000084e00000, 0x0000000084f00000, 0x0000000084f00000|100%| O|  |TAMS 0x0000000084f00000| PB 0x0000000084e00000| Untracked |  0
|   5|0x0000000084f00000, 0x0000000085000000, 0x0000000085000000|100%| O|  |TAMS 0x0000000085000000| PB 0x0000000084f00000| Untracked |  0
|   6|0x0000000085000000, 0x0000000085100000, 0x0000000085100000|100%| O|  |TAMS 0x0000000085100000| PB 0x0000000085000000| Untracked |  0
|   7|0x0000000085100000, 0x0000000085200000, 0x0000000085200000|100%| O|  |TAMS 0x0000000085200000| PB 0x0000000085100000| Untracked |  0
|   8|0x0000000085200000, 0x0000000085300000, 0x0000000085300000|100%| O|  |TAMS 0x0000000085300000| PB 0x0000000085200000| Untracked |  0
|   9|0x0000000085300000, 0x0000000085400000, 0x0000000085400000|100%| O|  |TAMS 0x0000000085400000| PB 0x0000000085300000| Untracked |  0
|  10|0x0000000085400000, 0x0000000085500000, 0x0000000085500000|100%| O|  |TAMS 0x0000000085500000| PB 0x0000000085400000| Untracked |  0
|  11|0x0000000085500000, 0x0000000085600000, 0x0000000085600000|100%| O|  |TAMS 0x0000000085600000| PB 0x0000000085500000| Untracked |  0
|  12|0x0000000085600000, 0x0000000085700000, 0x0000000085700000|100%| O|  |TAMS 0x0000000085700000| PB 0x0000000085600000| Untracked |  0
|  13|0x0000000085700000, 0x0000000085800000, 0x0000000085800000|100%| O|  |TAMS 0x0000000085800000| PB 0x0000000085700000| Untracked |  0
|  14|0x0000000085800000, 0x0000000085900000, 0x0000000085900000|100%| O|  |TAMS 0x0000000085900000| PB 0x0000000085800000| Untracked |  0
|  15|0x0000000085900000, 0x0000000085a00000, 0x0000000085a00000|100%| O|  |TAMS 0x0000000085a00000| PB 0x0000000085900000| Untracked |  0
|  16|0x0000000085a00000, 0x0000000085b00000, 0x0000000085b00000|100%| O|  |TAMS 0x0000000085b00000| PB 0x0000000085a00000| Untracked |  0
|  17|0x0000000085b00000, 0x0000000085c00000, 0x0000000085c00000|100%| O|  |TAMS 0x0000000085c00000| PB 0x0000000085b00000| Untracked |  0
|  18|0x0000000085c00000, 0x0000000085d00000, 0x0000000085d00000|100%| O|  |TAMS 0x0000000085d00000| PB 0x0000000085c00000| Untracked |  0
|  19|0x0000000085d00000, 0x0000000085e00000, 0x0000000085e00000|100%| O|  |TAMS 0x0000000085e00000| PB 0x0000000085d00000| Untracked |  0
|  20|0x0000000085e00000, 0x0000000085f00000, 0x0000000085f00000|100%| O|  |TAMS 0x0000000085f00000| PB 0x0000000085e00000| Untracked |  0
|  21|0x0000000085f00000, 0x0000000086000000, 0x0000000086000000|100%| O|  |TAMS 0x0000000086000000| PB 0x0000000085f00000| Untracked |  0
|  22|0x0000000086000000, 0x0000000086100000, 0x0000000086100000|100%| O|  |TAMS 0x0000000086100000| PB 0x0000000086000000| Untracked |  0
|  23|0x0000000086100000, 0x0000000086200000, 0x0000000086200000|100%| O|  |TAMS 0x0000000086200000| PB 0x0000000086100000| Untracked |  0
|  24|0x0000000086200000, 0x0000000086300000, 0x0000000086300000|100%| O|  |TAMS 0x0000000086300000| PB 0x0000000086200000| Untracked |  0
|  25|0x0000000086300000, 0x0000000086400000, 0x0000000086400000|100%| O|  |TAMS 0x0000000086400000| PB 0x0000000086300000| Untracked |  0
|  26|0x0000000086400000, 0x0000000086500000, 0x0000000086500000|100%| O|  |TAMS 0x0000000086500000| PB 0x0000000086400000| Untracked |  0
|  27|0x0000000086500000, 0x0000000086600000, 0x0000000086600000|100%| O|  |TAMS 0x0000000086600000| PB 0x0000000086500000| Untracked |  0
|  28|0x0000000086600000, 0x0000000086700000, 0x0000000086700000|100%| O|  |TAMS 0x0000000086700000| PB 0x0000000086600000| Untracked |  0
|  29|0x0000000086700000, 0x0000000086800000, 0x0000000086800000|100%| O|  |TAMS 0x0000000086800000| PB 0x0000000086700000| Untracked |  0
|  30|0x0000000086800000, 0x0000000086900000, 0x0000000086900000|100%| O|  |TAMS 0x0000000086900000| PB 0x0000000086800000| Untracked |  0
|  31|0x0000000086900000, 0x0000000086a00000, 0x0000000086a00000|100%| O|  |TAMS 0x0000000086a00000| PB 0x0000000086900000| Untracked |  0
|  32|0x0000000086a00000, 0x0000000086b00000, 0x0000000086b00000|100%| O|  |TAMS 0x0000000086b00000| PB 0x0000000086a00000| Untracked |  0
|  33|0x0000000086b00000, 0x0000000086c00000, 0x0000000086c00000|100%| O|  |TAMS 0x0000000086c00000| PB 0x0000000086b00000| Untracked |  0
|  34|0x0000000086c00000, 0x0000000086d00000, 0x0000000086d00000|100%| O|  |TAMS 0x0000000086d00000| PB 0x0000000086c00000| Untracked |  0
|  35|0x0000000086d00000, 0x0000000086e00000, 0x0000000086e00000|100%| O|  |TAMS 0x0000000086e00000| PB 0x0000000086d00000| Untracked |  0
|  36|0x0000000086e00000, 0x0000000086f00000, 0x0000000086f00000|100%| O|  |TAMS 0x0000000086f00000| PB 0x0000000086e00000| Untracked |  0
|  37|0x0000000086f00000, 0x0000000087000000, 0x0000000087000000|100%| O|  |TAMS 0x0000000087000000| PB 0x0000000086f00000| Untracked |  0
|  38|0x0000000087000000, 0x0000000087100000, 0x0000000087100000|100%| O|  |TAMS 0x0000000087100000| PB 0x0000000087000000| Untracked |  0
|  39|0x0000000087100000, 0x0000000087200000, 0x0000000087200000|100%| O|  |TAMS 0x0000000087200000| PB 0x0000000087100000| Untracked |  0
|  40|0x0000000087200000, 0x0000000087300000, 0x0000000087300000|100%| O|  |TAMS 0x0000000087300000| PB 0x0000000087200000| Untracked |  0
|  41|0x0000000087300000, 0x0000000087400000, 0x0000000087400000|100%| O|  |TAMS 0x0000000087400000| PB 0x0000000087300000| Untracked |  0
|  42|0x0000000087400000, 0x0000000087500000, 0x0000000087500000|100%| O|  |TAMS 0x0000000087500000| PB 0x0000000087400000| Untracked |  0
|  43|0x0000000087500000, 0x0000000087600000, 0x0000000087600000|100%| O|  |TAMS 0x0000000087600000| PB 0x0000000087500000| Untracked |  0
|  44|0x0000000087600000, 0x0000000087700000, 0x0000000087700000|100%| O|  |TAMS 0x0000000087700000| PB 0x0000000087600000| Untracked |  0
|  45|0x0000000087700000, 0x0000000087800000, 0x0000000087800000|100%| O|  |TAMS 0x0000000087800000| PB 0x0000000087700000| Untracked |  0
|  46|0x0000000087800000, 0x0000000087900000, 0x0000000087900000|100%| O|  |TAMS 0x0000000087900000| PB 0x0000000087800000| Untracked |  0
|  47|0x0000000087900000, 0x0000000087a00000, 0x0000000087a00000|100%| O|  |TAMS 0x0000000087a00000| PB 0x0000000087900000| Untracked |  0
|  48|0x0000000087a00000, 0x0000000087b00000, 0x0000000087b00000|100%| O|  |TAMS 0x0000000087b00000| PB 0x0000000087a00000| Untracked |  0
|  49|0x0000000087b00000, 0x0000000087c00000, 0x0000000087c00000|100%| O|  |TAMS 0x0000000087c00000| PB 0x0000000087b00000| Untracked |  0
|  50|0x0000000087c00000, 0x0000000087d00000, 0x0000000087d00000|100%| O|  |TAMS 0x0000000087d00000| PB 0x0000000087c00000| Untracked |  0
|  51|0x0000000087d00000, 0x0000000087e00000, 0x0000000087e00000|100%| O|  |TAMS 0x0000000087e00000| PB 0x0000000087d00000| Untracked |  0
|  52|0x0000000087e00000, 0x0000000087f00000, 0x0000000087f00000|100%| O|  |TAMS 0x0000000087f00000| PB 0x0000000087e00000| Untracked |  0
|  53|0x0000000087f00000, 0x0000000088000000, 0x0000000088000000|100%| O|  |TAMS 0x0000000088000000| PB 0x0000000087f00000| Untracked |  0
|  54|0x0000000088000000, 0x0000000088100000, 0x0000000088100000|100%| O|  |TAMS 0x0000000088100000| PB 0x0000000088000000| Untracked |  0
|  55|0x0000000088100000, 0x0000000088200000, 0x0000000088200000|100%| O|  |TAMS 0x0000000088200000| PB 0x0000000088100000| Untracked |  0
|  56|0x0000000088200000, 0x0000000088300000, 0x0000000088300000|100%| O|  |TAMS 0x0000000088300000| PB 0x0000000088200000| Untracked |  0
|  57|0x0000000088300000, 0x0000000088400000, 0x0000000088400000|100%| O|  |TAMS 0x0000000088400000| PB 0x0000000088300000| Untracked |  0
|  58|0x0000000088400000, 0x0000000088500000, 0x0000000088500000|100%| O|  |TAMS 0x0000000088500000| PB 0x0000000088400000| Untracked |  0
|  59|0x0000000088500000, 0x0000000088600000, 0x0000000088600000|100%| O|  |TAMS 0x0000000088600000| PB 0x0000000088500000| Untracked |  0
|  60|0x0000000088600000, 0x0000000088700000, 0x0000000088700000|100%| O|  |TAMS 0x0000000088600000| PB 0x0000000088600000| Untracked |  0
|  61|0x0000000088700000, 0x0000000088800000, 0x0000000088800000|100%| O|  |TAMS 0x0000000088800000| PB 0x0000000088700000| Untracked |  0
|  62|0x0000000088800000, 0x0000000088900000, 0x0000000088900000|100%| O|  |TAMS 0x0000000088900000| PB 0x0000000088800000| Untracked |  0
|  63|0x0000000088900000, 0x0000000088a00000, 0x0000000088a00000|100%| O|  |TAMS 0x0000000088a00000| PB 0x0000000088900000| Untracked |  0
|  64|0x0000000088a00000, 0x0000000088b00000, 0x0000000088b00000|100%| O|  |TAMS 0x0000000088b00000| PB 0x0000000088a00000| Untracked |  0
|  65|0x0000000088b00000, 0x0000000088c00000, 0x0000000088c00000|100%| O|  |TAMS 0x0000000088c00000| PB 0x0000000088b00000| Untracked |  0
|  66|0x0000000088c00000, 0x0000000088d00000, 0x0000000088d00000|100%| O|  |TAMS 0x0000000088d00000| PB 0x0000000088c00000| Untracked |  0
|  67|0x0000000088d00000, 0x0000000088e00000, 0x0000000088e00000|100%| O|  |TAMS 0x0000000088e00000| PB 0x0000000088d00000| Untracked |  0
|  68|0x0000000088e00000, 0x0000000088f00000, 0x0000000088f00000|100%| O|  |TAMS 0x0000000088f00000| PB 0x0000000088e00000| Untracked |  0
|  69|0x0000000088f00000, 0x0000000089000000, 0x0000000089000000|100%| O|  |TAMS 0x0000000089000000| PB 0x0000000088f00000| Untracked |  0
|  70|0x0000000089000000, 0x0000000089100000, 0x0000000089100000|100%| O|  |TAMS 0x0000000089100000| PB 0x0000000089000000| Untracked |  0
|  71|0x0000000089100000, 0x0000000089200000, 0x0000000089200000|100%| O|  |TAMS 0x0000000089200000| PB 0x0000000089100000| Untracked |  0
|  72|0x0000000089200000, 0x0000000089300000, 0x0000000089300000|100%| O|  |TAMS 0x0000000089300000| PB 0x0000000089200000| Untracked |  0
|  73|0x0000000089300000, 0x0000000089400000, 0x0000000089400000|100%| O|  |TAMS 0x0000000089400000| PB 0x0000000089300000| Untracked |  0
|  74|0x0000000089400000, 0x0000000089500000, 0x0000000089500000|100%| O|  |TAMS 0x0000000089500000| PB 0x0000000089400000| Untracked |  0
|  75|0x0000000089500000, 0x0000000089600000, 0x0000000089600000|100%| O|  |TAMS 0x0000000089600000| PB 0x0000000089500000| Untracked |  0
|  76|0x0000000089600000, 0x0000000089700000, 0x0000000089700000|100%| O|  |TAMS 0x0000000089600000| PB 0x0000000089600000| Untracked |  0
|  77|0x0000000089700000, 0x0000000089800000, 0x0000000089800000|100%| O|  |TAMS 0x0000000089800000| PB 0x0000000089700000| Untracked |  0
|  78|0x0000000089800000, 0x0000000089900000, 0x0000000089900000|100%| O|  |TAMS 0x0000000089900000| PB 0x0000000089800000| Untracked |  0
|  79|0x0000000089900000, 0x0000000089a00000, 0x0000000089a00000|100%| O|  |TAMS 0x0000000089a00000| PB 0x0000000089900000| Untracked |  0
|  80|0x0000000089a00000, 0x0000000089b00000, 0x0000000089b00000|100%| O|  |TAMS 0x0000000089b00000| PB 0x0000000089a00000| Untracked |  0
|  81|0x0000000089b00000, 0x0000000089c00000, 0x0000000089c00000|100%| O|  |TAMS 0x0000000089c00000| PB 0x0000000089b00000| Untracked |  0
|  82|0x0000000089c00000, 0x0000000089d00000, 0x0000000089d00000|100%| O|  |TAMS 0x0000000089d00000| PB 0x0000000089c00000| Untracked |  0
|  83|0x0000000089d00000, 0x0000000089e00000, 0x0000000089e00000|100%| O|  |TAMS 0x0000000089e00000| PB 0x0000000089d00000| Untracked |  0
|  84|0x0000000089e00000, 0x0000000089f00000, 0x0000000089f00000|100%| O|  |TAMS 0x0000000089f00000| PB 0x0000000089e00000| Untracked |  0
|  85|0x0000000089f00000, 0x000000008a000000, 0x000000008a000000|100%| O|  |TAMS 0x000000008a000000| PB 0x0000000089f00000| Untracked |  0
|  86|0x000000008a000000, 0x000000008a100000, 0x000000008a100000|100%| O|  |TAMS 0x000000008a100000| PB 0x000000008a000000| Untracked |  0
|  87|0x000000008a100000, 0x000000008a200000, 0x000000008a200000|100%| O|  |TAMS 0x000000008a200000| PB 0x000000008a100000| Untracked |  0
|  88|0x000000008a200000, 0x000000008a300000, 0x000000008a300000|100%| O|  |TAMS 0x000000008a300000| PB 0x000000008a200000| Untracked |  0
|  89|0x000000008a300000, 0x000000008a400000, 0x000000008a400000|100%| O|  |TAMS 0x000000008a400000| PB 0x000000008a300000| Untracked |  0
|  90|0x000000008a400000, 0x000000008a500000, 0x000000008a500000|100%| O|  |TAMS 0x000000008a500000| PB 0x000000008a400000| Untracked |  0
|  91|0x000000008a500000, 0x000000008a600000, 0x000000008a600000|100%| O|  |TAMS 0x000000008a600000| PB 0x000000008a500000| Untracked |  0
|  92|0x000000008a600000, 0x000000008a700000, 0x000000008a700000|100%| O|  |TAMS 0x000000008a700000| PB 0x000000008a600000| Untracked |  0
|  93|0x000000008a700000, 0x000000008a800000, 0x000000008a800000|100%| O|  |TAMS 0x000000008a800000| PB 0x000000008a700000| Untracked |  0
|  94|0x000000008a800000, 0x000000008a900000, 0x000000008a900000|100%| O|  |TAMS 0x000000008a900000| PB 0x000000008a800000| Untracked |  0
|  95|0x000000008a900000, 0x000000008aa00000, 0x000000008aa00000|100%| O|  |TAMS 0x000000008aa00000| PB 0x000000008a900000| Untracked |  0
|  96|0x000000008aa00000, 0x000000008ab00000, 0x000000008ab00000|100%| O|  |TAMS 0x000000008ab00000| PB 0x000000008aa00000| Untracked |  0
|  97|0x000000008ab00000, 0x000000008ac00000, 0x000000008ac00000|100%| O|  |TAMS 0x000000008ac00000| PB 0x000000008ab00000| Untracked |  0
|  98|0x000000008ac00000, 0x000000008ad00000, 0x000000008ad00000|100%| O|  |TAMS 0x000000008ad00000| PB 0x000000008ac00000| Untracked |  0
|  99|0x000000008ad00000, 0x000000008ae00000, 0x000000008ae00000|100%| O|  |TAMS 0x000000008ae00000| PB 0x000000008ad00000| Untracked |  0
| 100|0x000000008ae00000, 0x000000008af00000, 0x000000008af00000|100%| O|  |TAMS 0x000000008af00000| PB 0x000000008ae00000| Untracked |  0
| 101|0x000000008af00000, 0x000000008b000000, 0x000000008b000000|100%| O|  |TAMS 0x000000008afcf558| PB 0x000000008af00000| Untracked |  0
| 102|0x000000008b000000, 0x000000008b100000, 0x000000008b100000|100%| O|  |TAMS 0x000000008b100000| PB 0x000000008b000000| Untracked |  0
| 103|0x000000008b100000, 0x000000008b200000, 0x000000008b200000|100%| O|  |TAMS 0x000000008b100000| PB 0x000000008b100000| Untracked |  0
| 104|0x000000008b200000, 0x000000008b300000, 0x000000008b300000|100%| O|  |TAMS 0x000000008b200000| PB 0x000000008b200000| Untracked |  0
| 105|0x000000008b300000, 0x000000008b400000, 0x000000008b400000|100%| O|  |TAMS 0x000000008b300000| PB 0x000000008b300000| Untracked |  0
| 106|0x000000008b400000, 0x000000008b400000, 0x000000008b500000|  0%| F|  |TAMS 0x000000008b400000| PB 0x000000008b400000| Untracked |  0
| 107|0x000000008b500000, 0x000000008b500000, 0x000000008b600000|  0%| F|  |TAMS 0x000000008b500000| PB 0x000000008b500000| Untracked |  0
| 108|0x000000008b600000, 0x000000008b600000, 0x000000008b700000|  0%| F|  |TAMS 0x000000008b600000| PB 0x000000008b600000| Untracked |  0
| 109|0x000000008b700000, 0x000000008b700000, 0x000000008b800000|  0%| F|  |TAMS 0x000000008b700000| PB 0x000000008b700000| Untracked |  0
| 110|0x000000008b800000, 0x000000008b800000, 0x000000008b900000|  0%| F|  |TAMS 0x000000008b800000| PB 0x000000008b800000| Untracked |  0
| 111|0x000000008b900000, 0x000000008b900000, 0x000000008ba00000|  0%| F|  |TAMS 0x000000008b900000| PB 0x000000008b900000| Untracked |  0
| 112|0x000000008ba00000, 0x000000008ba00000, 0x000000008bb00000|  0%| F|  |TAMS 0x000000008ba00000| PB 0x000000008ba00000| Untracked |  0
| 113|0x000000008bb00000, 0x000000008bc00000, 0x000000008bc00000|100%| O|  |TAMS 0x000000008bb00000| PB 0x000000008bb00000| Untracked |  0
| 114|0x000000008bc00000, 0x000000008bd00000, 0x000000008bd00000|100%| O|  |TAMS 0x000000008bc00000| PB 0x000000008bc00000| Untracked |  0
| 115|0x000000008bd00000, 0x000000008bd8c660, 0x000000008be00000| 54%| O|  |TAMS 0x000000008bd00000| PB 0x000000008bd00000| Untracked |  0
| 116|0x000000008be00000, 0x000000008be00000, 0x000000008bf00000|  0%| F|  |TAMS 0x000000008be00000| PB 0x000000008be00000| Untracked |  0
| 117|0x000000008bf00000, 0x000000008bf00000, 0x000000008c000000|  0%| F|  |TAMS 0x000000008bf00000| PB 0x000000008bf00000| Untracked |  0
| 118|0x000000008c000000, 0x000000008c100000, 0x000000008c100000|100%| S|CS|TAMS 0x000000008c000000| PB 0x000000008c000000| Complete |  0
| 119|0x000000008c100000, 0x000000008c200000, 0x000000008c200000|100%| S|CS|TAMS 0x000000008c100000| PB 0x000000008c100000| Complete |  0
| 120|0x000000008c200000, 0x000000008c300000, 0x000000008c300000|100%| S|CS|TAMS 0x000000008c200000| PB 0x000000008c200000| Complete |  0
| 121|0x000000008c300000, 0x000000008c400000, 0x000000008c400000|100%| S|CS|TAMS 0x000000008c300000| PB 0x000000008c300000| Complete |  0
| 122|0x000000008c400000, 0x000000008c500000, 0x000000008c500000|100%| S|CS|TAMS 0x000000008c400000| PB 0x000000008c400000| Complete |  0
| 123|0x000000008c500000, 0x000000008c600000, 0x000000008c600000|100%| S|CS|TAMS 0x000000008c500000| PB 0x000000008c500000| Complete |  0
| 124|0x000000008c600000, 0x000000008c600000, 0x000000008c700000|  0%| F|  |TAMS 0x000000008c600000| PB 0x000000008c600000| Untracked |  0
| 125|0x000000008c700000, 0x000000008c700000, 0x000000008c800000|  0%| F|  |TAMS 0x000000008c700000| PB 0x000000008c700000| Untracked |  0
| 126|0x000000008c800000, 0x000000008c800000, 0x000000008c900000|  0%| F|  |TAMS 0x000000008c800000| PB 0x000000008c800000| Untracked |  0
| 127|0x000000008c900000, 0x000000008c900000, 0x000000008ca00000|  0%| F|  |TAMS 0x000000008c900000| PB 0x000000008c900000| Untracked |  0
| 128|0x000000008ca00000, 0x000000008ca00000, 0x000000008cb00000|  0%| F|  |TAMS 0x000000008ca00000| PB 0x000000008ca00000| Untracked |  0
| 129|0x000000008cb00000, 0x000000008cb00000, 0x000000008cc00000|  0%| F|  |TAMS 0x000000008cb00000| PB 0x000000008cb00000| Untracked |  0
| 130|0x000000008cc00000, 0x000000008cc00000, 0x000000008cd00000|  0%| F|  |TAMS 0x000000008cc00000| PB 0x000000008cc00000| Untracked |  0
| 131|0x000000008cd00000, 0x000000008cd00000, 0x000000008ce00000|  0%| F|  |TAMS 0x000000008cd00000| PB 0x000000008cd00000| Untracked |  0
| 132|0x000000008ce00000, 0x000000008ce00000, 0x000000008cf00000|  0%| F|  |TAMS 0x000000008ce00000| PB 0x000000008ce00000| Untracked |  0
| 133|0x000000008cf00000, 0x000000008cf00000, 0x000000008d000000|  0%| F|  |TAMS 0x000000008cf00000| PB 0x000000008cf00000| Untracked |  0
| 134|0x000000008d000000, 0x000000008d000000, 0x000000008d100000|  0%| F|  |TAMS 0x000000008d000000| PB 0x000000008d000000| Untracked |  0
| 135|0x000000008d100000, 0x000000008d100000, 0x000000008d200000|  0%| F|  |TAMS 0x000000008d100000| PB 0x000000008d100000| Untracked |  0
| 136|0x000000008d200000, 0x000000008d200000, 0x000000008d300000|  0%| F|  |TAMS 0x000000008d200000| PB 0x000000008d200000| Untracked |  0
| 137|0x000000008d300000, 0x000000008d300000, 0x000000008d400000|  0%| F|  |TAMS 0x000000008d300000| PB 0x000000008d300000| Untracked |  0
| 138|0x000000008d400000, 0x000000008d400000, 0x000000008d500000|  0%| F|  |TAMS 0x000000008d400000| PB 0x000000008d400000| Untracked |  0
| 139|0x000000008d500000, 0x000000008d500000, 0x000000008d600000|  0%| F|  |TAMS 0x000000008d500000| PB 0x000000008d500000| Untracked |  0
| 140|0x000000008d600000, 0x000000008d600000, 0x000000008d700000|  0%| F|  |TAMS 0x000000008d600000| PB 0x000000008d600000| Untracked |  0
| 141|0x000000008d700000, 0x000000008d700000, 0x000000008d800000|  0%| F|  |TAMS 0x000000008d700000| PB 0x000000008d700000| Untracked |  0
| 142|0x000000008d800000, 0x000000008d800000, 0x000000008d900000|  0%| F|  |TAMS 0x000000008d800000| PB 0x000000008d800000| Untracked |  0
| 143|0x000000008d900000, 0x000000008d900000, 0x000000008da00000|  0%| F|  |TAMS 0x000000008d900000| PB 0x000000008d900000| Untracked |  0
| 144|0x000000008da00000, 0x000000008da00000, 0x000000008db00000|  0%| F|  |TAMS 0x000000008da00000| PB 0x000000008da00000| Untracked |  0
| 145|0x000000008db00000, 0x000000008db00000, 0x000000008dc00000|  0%| F|  |TAMS 0x000000008db00000| PB 0x000000008db00000| Untracked |  0
| 146|0x000000008dc00000, 0x000000008dc00000, 0x000000008dd00000|  0%| F|  |TAMS 0x000000008dc00000| PB 0x000000008dc00000| Untracked |  0
| 147|0x000000008dd00000, 0x000000008dd00000, 0x000000008de00000|  0%| F|  |TAMS 0x000000008dd00000| PB 0x000000008dd00000| Untracked |  0
| 148|0x000000008de00000, 0x000000008de00000, 0x000000008df00000|  0%| F|  |TAMS 0x000000008de00000| PB 0x000000008de00000| Untracked |  0
| 149|0x000000008df00000, 0x000000008df00000, 0x000000008e000000|  0%| F|  |TAMS 0x000000008df00000| PB 0x000000008df00000| Untracked |  0
| 150|0x000000008e000000, 0x000000008e000000, 0x000000008e100000|  0%| F|  |TAMS 0x000000008e000000| PB 0x000000008e000000| Untracked |  0
| 151|0x000000008e100000, 0x000000008e100000, 0x000000008e200000|  0%| F|  |TAMS 0x000000008e100000| PB 0x000000008e100000| Untracked |  0
| 152|0x000000008e200000, 0x000000008e200000, 0x000000008e300000|  0%| F|  |TAMS 0x000000008e200000| PB 0x000000008e200000| Untracked |  0
| 153|0x000000008e300000, 0x000000008e300000, 0x000000008e400000|  0%| F|  |TAMS 0x000000008e300000| PB 0x000000008e300000| Untracked |  0
| 154|0x000000008e400000, 0x000000008e400000, 0x000000008e500000|  0%| F|  |TAMS 0x000000008e400000| PB 0x000000008e400000| Untracked |  0
| 155|0x000000008e500000, 0x000000008e500000, 0x000000008e600000|  0%| F|  |TAMS 0x000000008e500000| PB 0x000000008e500000| Untracked |  0
| 156|0x000000008e600000, 0x000000008e600000, 0x000000008e700000|  0%| F|  |TAMS 0x000000008e600000| PB 0x000000008e600000| Untracked |  0
| 157|0x000000008e700000, 0x000000008e700000, 0x000000008e800000|  0%| F|  |TAMS 0x000000008e700000| PB 0x000000008e700000| Untracked |  0
| 158|0x000000008e800000, 0x000000008e800000, 0x000000008e900000|  0%| F|  |TAMS 0x000000008e800000| PB 0x000000008e800000| Untracked |  0
| 159|0x000000008e900000, 0x000000008e900000, 0x000000008ea00000|  0%| F|  |TAMS 0x000000008e900000| PB 0x000000008e900000| Untracked |  0
|1972|0x00000000ffe00000, 0x00000000ffe00000, 0x00000000fff00000|  0%| F|  |TAMS 0x00000000ffe00000| PB 0x00000000ffe00000| Untracked |  0
|1973|0x00000000fff00000, 0x00000000fff00000, 0x0000000100000000|  0%| F|  |TAMS 0x00000000fff00000| PB 0x00000000fff00000| Untracked |  0

Card table byte_map: [0x000002224e420000,0x000002224e800000] _byte_map_base: 0x000002224dffb000

Marking Bits: (CMBitMap*) 0x0000022236974640
 Bits: [0x000002224e800000, 0x00000222506d8000)

Polling page: 0x0000022234660000

Metaspace:

Usage:
  Non-class:     61.39 MB used.
      Class:      8.44 MB used.
       Both:     69.84 MB used.

Virtual space:
  Non-class space:       64.00 MB reserved,      61.88 MB ( 97%) committed,  1 nodes.
      Class space:        1.00 GB reserved,       8.88 MB ( <1%) committed,  1 nodes.
             Both:        1.06 GB reserved,      70.75 MB (  7%) committed. 

Chunk freelists:
   Non-Class:  1.75 MB
       Class:  6.94 MB
        Both:  8.69 MB

MaxMetaspaceSize: unlimited
CompressedClassSpaceSize: 1.00 GB
Initial GC threshold: 21.00 MB
Current GC threshold: 117.81 MB
CDS: on
 - commit_granule_bytes: 65536.
 - commit_granule_words: 8192.
 - virtual_space_node_default_size: 8388608.
 - enlarge_chunks_in_place: 1.
 - use_allocation_guard: 0.


Internal statistics:

num_allocs_failed_limit: 6.
num_arena_births: 1538.
num_arena_deaths: 0.
num_vsnodes_births: 2.
num_vsnodes_deaths: 0.
num_space_committed: 1131.
num_space_uncommitted: 0.
num_chunks_returned_to_freelist: 6.
num_chunks_taken_from_freelist: 4242.
num_chunk_merges: 6.
num_chunk_splits: 3092.
num_chunks_enlarged: 2310.
num_inconsistent_stats: 0.

CodeHeap 'non-profiled nmethods': size=120064Kb used=4435Kb max_used=4435Kb free=115628Kb
 bounds [0x0000022246b00000, 0x0000022246f60000, 0x000002224e040000]
CodeHeap 'profiled nmethods': size=120000Kb used=17010Kb max_used=17149Kb free=102989Kb
 bounds [0x000002223f040000, 0x0000022240100000, 0x0000022246570000]
CodeHeap 'non-nmethods': size=5696Kb used=1911Kb max_used=1990Kb free=3784Kb
 bounds [0x0000022246570000, 0x00000222467e0000, 0x0000022246b00000]
CodeCache: size=245760Kb, used=23356Kb, max_used=23574Kb, free=222401Kb
 total_blobs=9911, nmethods=9146, adapters=669, full_count=0
Compilation: enabled, stopped_count=0, restarted_count=0

Compilation events (20 events):
Event: 23.604 Thread 0x0000022252bd9fa0 10750       3       java.util.stream.ReferencePipeline::filter (22 bytes)
Event: 23.604 Thread 0x0000022252bd9fa0 nmethod 10750 0x000002223f5c2c88 code [0x000002223f5c2de0, 0x000002223f5c32a8]
Event: 23.634 Thread 0x0000022252bd9fa0 10751       2       java.lang.StringUTF16::checkIndex (9 bytes)
Event: 23.634 Thread 0x0000022252bd9fa0 nmethod 10751 0x000002223f88f308 code [0x000002223f88f420, 0x000002223f88f548]
Event: 23.634 Thread 0x0000022252bd9fa0 10752       3       java.lang.Character$UnicodeBlock::of (80 bytes)
Event: 23.635 Thread 0x0000022252bd9fa0 nmethod 10752 0x000002223f86a688 code [0x000002223f86a8c0, 0x000002223f86b820]
Event: 23.635 Thread 0x0000022252bd9fa0 10753       3       com.intellij.openapi.util.text.StringUtil::isPrintableUnicode (70 bytes)
Event: 23.635 Thread 0x0000022252bd9fa0 nmethod 10753 0x000002223f55db08 code [0x000002223f55dc80, 0x000002223f55e180]
Event: 23.635 Thread 0x0000022252bd9fa0 10754       3       java.lang.Character::isValidCodePoint (17 bytes)
Event: 23.635 Thread 0x0000022252bd9fa0 nmethod 10754 0x000002223f89c688 code [0x000002223f89c7a0, 0x000002223f89c8e0]
Event: 23.635 Thread 0x0000022252bd9fa0 10755       3       java.lang.AbstractStringBuilder::append (77 bytes)
Event: 23.636 Thread 0x0000022252bd9fa0 nmethod 10755 0x000002223f766788 code [0x000002223f766920, 0x000002223f766fb0]
Event: 23.636 Thread 0x0000022252bd9fa0 10756       3       java.lang.CharacterData00::getProperties (32 bytes)
Event: 23.636 Thread 0x0000022252bd9fa0 nmethod 10756 0x000002223fbc5d88 code [0x000002223fbc5ea0, 0x000002223fbc6050]
Event: 23.636 Thread 0x0000022252bd9fa0 10757       3       java.lang.CharacterData00::getType (11 bytes)
Event: 23.636 Thread 0x0000022252bd9fa0 nmethod 10757 0x000002223fbe4488 code [0x000002223fbe45a0, 0x000002223fbe46e0]
Event: 23.636 Thread 0x0000022252bd9fa0 10758       3       java.lang.StringUTF16::putCharSB (12 bytes)
Event: 23.636 Thread 0x0000022252bd9fa0 nmethod 10758 0x000002223f87c208 code [0x000002223f87c340, 0x000002223f87c5a0]
Event: 23.675 Thread 0x0000022252bd9fa0 10761       2       kotlin.sequences.SequencesKt___SequencesKt::flatMap (31 bytes)
Event: 23.675 Thread 0x0000022252bd9fa0 nmethod 10761 0x000002223f869f88 code [0x000002223f86a140, 0x000002223f86a5f0]

GC Heap History (20 events):
Event: 20.444 GC heap after
{Heap after GC invocations=41 (full 0):
 garbage-first heap   total reserved 2021376K, committed 103424K, used 68461K [0x0000000084a00000, 0x0000000100000000)
  region size 1024K, 4 young (4096K), 4 survivors (4096K)
 Metaspace       used 69542K, committed 70528K, reserved 1114112K
  class space    used 8502K, committed 8960K, reserved 1048576K
}
Event: 20.549 GC heap before
{Heap before GC invocations=41 (full 0):
 garbage-first heap   total reserved 2021376K, committed 103424K, used 93037K [0x0000000084a00000, 0x0000000100000000)
  region size 1024K, 28 young (28672K), 4 survivors (4096K)
 Metaspace       used 69576K, committed 70528K, reserved 1114112K
  class space    used 8505K, committed 8960K, reserved 1048576K
}
Event: 20.553 GC heap after
{Heap after GC invocations=42 (full 0):
 garbage-first heap   total reserved 2021376K, committed 144384K, used 70243K [0x0000000084a00000, 0x0000000100000000)
  region size 1024K, 2 young (2048K), 2 survivors (2048K)
 Metaspace       used 69576K, committed 70528K, reserved 1114112K
  class space    used 8505K, committed 8960K, reserved 1048576K
}
Event: 21.141 GC heap before
{Heap before GC invocations=43 (full 0):
 garbage-first heap   total reserved 2021376K, committed 144384K, used 121443K [0x0000000084a00000, 0x0000000100000000)
  region size 1024K, 51 young (52224K), 2 survivors (2048K)
 Metaspace       used 69844K, committed 70848K, reserved 1114112K
  class space    used 8522K, committed 9024K, reserved 1048576K
}
Event: 21.146 GC heap after
{Heap after GC invocations=44 (full 0):
 garbage-first heap   total reserved 2021376K, committed 144384K, used 76164K [0x0000000084a00000, 0x0000000100000000)
  region size 1024K, 7 young (7168K), 7 survivors (7168K)
 Metaspace       used 69844K, committed 70848K, reserved 1114112K
  class space    used 8522K, committed 9024K, reserved 1048576K
}
Event: 21.774 GC heap before
{Heap before GC invocations=44 (full 0):
 garbage-first heap   total reserved 2021376K, committed 144384K, used 123268K [0x0000000084a00000, 0x0000000100000000)
  region size 1024K, 52 young (53248K), 7 survivors (7168K)
 Metaspace       used 70826K, committed 71808K, reserved 1114112K
  class space    used 8636K, committed 9088K, reserved 1048576K
}
Event: 21.781 GC heap after
{Heap after GC invocations=45 (full 0):
 garbage-first heap   total reserved 2021376K, committed 144384K, used 78554K [0x0000000084a00000, 0x0000000100000000)
  region size 1024K, 4 young (4096K), 4 survivors (4096K)
 Metaspace       used 70826K, committed 71808K, reserved 1114112K
  class space    used 8636K, committed 9088K, reserved 1048576K
}
Event: 22.296 GC heap before
{Heap before GC invocations=45 (full 0):
 garbage-first heap   total reserved 2021376K, committed 144384K, used 124634K [0x0000000084a00000, 0x0000000100000000)
  region size 1024K, 49 young (50176K), 4 survivors (4096K)
 Metaspace       used 71127K, committed 72128K, reserved 1114112K
  class space    used 8642K, committed 9088K, reserved 1048576K
}
Event: 22.304 GC heap after
{Heap after GC invocations=46 (full 0):
 garbage-first heap   total reserved 2021376K, committed 144384K, used 83945K [0x0000000084a00000, 0x0000000100000000)
  region size 1024K, 6 young (6144K), 6 survivors (6144K)
 Metaspace       used 71127K, committed 72128K, reserved 1114112K
  class space    used 8642K, committed 9088K, reserved 1048576K
}
Event: 22.625 GC heap before
{Heap before GC invocations=47 (full 0):
 garbage-first heap   total reserved 2021376K, committed 144384K, used 126953K [0x0000000084a00000, 0x0000000100000000)
  region size 1024K, 49 young (50176K), 6 survivors (6144K)
 Metaspace       used 71199K, committed 72192K, reserved 1114112K
  class space    used 8642K, committed 9088K, reserved 1048576K
}
Event: 22.634 GC heap after
{Heap after GC invocations=48 (full 0):
 garbage-first heap   total reserved 2021376K, committed 144384K, used 88324K [0x0000000084a00000, 0x0000000100000000)
  region size 1024K, 5 young (5120K), 5 survivors (5120K)
 Metaspace       used 71199K, committed 72192K, reserved 1114112K
  class space    used 8642K, committed 9088K, reserved 1048576K
}
Event: 22.761 GC heap before
{Heap before GC invocations=48 (full 0):
 garbage-first heap   total reserved 2021376K, committed 144384K, used 129284K [0x0000000084a00000, 0x0000000100000000)
  region size 1024K, 46 young (47104K), 5 survivors (5120K)
 Metaspace       used 71239K, committed 72192K, reserved 1114112K
  class space    used 8642K, committed 9088K, reserved 1048576K
}
Event: 22.768 GC heap after
{Heap after GC invocations=49 (full 0):
 garbage-first heap   total reserved 2021376K, committed 144384K, used 91712K [0x0000000084a00000, 0x0000000100000000)
  region size 1024K, 4 young (4096K), 4 survivors (4096K)
 Metaspace       used 71239K, committed 72192K, reserved 1114112K
  class space    used 8642K, committed 9088K, reserved 1048576K
}
Event: 23.049 GC heap before
{Heap before GC invocations=49 (full 0):
 garbage-first heap   total reserved 2021376K, committed 144384K, used 131648K [0x0000000084a00000, 0x0000000100000000)
  region size 1024K, 43 young (44032K), 4 survivors (4096K)
 Metaspace       used 71408K, committed 72384K, reserved 1114112K
  class space    used 8644K, committed 9088K, reserved 1048576K
}
Event: 23.057 GC heap after
{Heap after GC invocations=50 (full 0):
 garbage-first heap   total reserved 2021376K, committed 144384K, used 98816K [0x0000000084a00000, 0x0000000100000000)
  region size 1024K, 6 young (6144K), 6 survivors (6144K)
 Metaspace       used 71408K, committed 72384K, reserved 1114112K
  class space    used 8644K, committed 9088K, reserved 1048576K
}
Event: 23.314 GC heap before
{Heap before GC invocations=51 (full 0):
 garbage-first heap   total reserved 2021376K, committed 165888K, used 128512K [0x0000000084a00000, 0x0000000100000000)
  region size 1024K, 35 young (35840K), 6 survivors (6144K)
 Metaspace       used 71456K, committed 72448K, reserved 1114112K
  class space    used 8644K, committed 9088K, reserved 1048576K
}
Event: 23.322 GC heap after
{Heap after GC invocations=52 (full 0):
 garbage-first heap   total reserved 2021376K, committed 165888K, used 103823K [0x0000000084a00000, 0x0000000100000000)
  region size 1024K, 5 young (5120K), 5 survivors (5120K)
 Metaspace       used 71456K, committed 72448K, reserved 1114112K
  class space    used 8644K, committed 9088K, reserved 1048576K
}
Event: 23.505 GC heap before
{Heap before GC invocations=52 (full 0):
 garbage-first heap   total reserved 2021376K, committed 165888K, used 148879K [0x0000000084a00000, 0x0000000100000000)
  region size 1024K, 49 young (50176K), 5 survivors (5120K)
 Metaspace       used 71482K, committed 72448K, reserved 1114112K
  class space    used 8644K, committed 9088K, reserved 1048576K
}
Event: 23.514 GC heap after
{Heap after GC invocations=53 (full 0):
 garbage-first heap   total reserved 2021376K, committed 165888K, used 110397K [0x0000000084a00000, 0x0000000100000000)
  region size 1024K, 7 young (7168K), 7 survivors (7168K)
 Metaspace       used 71482K, committed 72448K, reserved 1114112K
  class space    used 8644K, committed 9088K, reserved 1048576K
}
Event: 23.708 GC heap before
{Heap before GC invocations=53 (full 0):
 garbage-first heap   total reserved 2021376K, committed 165888K, used 149309K [0x0000000084a00000, 0x0000000100000000)
  region size 1024K, 45 young (46080K), 7 survivors (7168K)
 Metaspace       used 71513K, committed 72448K, reserved 1114112K
  class space    used 8644K, committed 9088K, reserved 1048576K
}

Dll operation events (8 events):
Event: 0.008 Loaded shared library C:\Program Files\Java\jdk-23\bin\java.dll
Event: 0.040 Loaded shared library C:\Program Files\Java\jdk-23\bin\jsvml.dll
Event: 0.074 Loaded shared library C:\Program Files\Java\jdk-23\bin\net.dll
Event: 0.076 Loaded shared library C:\Program Files\Java\jdk-23\bin\nio.dll
Event: 0.080 Loaded shared library C:\Program Files\Java\jdk-23\bin\zip.dll
Event: 0.169 Loaded shared library C:\Program Files\Java\jdk-23\bin\jimage.dll
Event: 1.555 Loaded shared library C:\Program Files\Java\jdk-23\bin\verify.dll
Event: 3.588 Loaded shared library C:\Users\USER\AppData\Local\Temp\sqlite-3.41.2.1-bb99e9d9-b298-40cf-8d73-e9062232915b-sqlitejdbc.dll

Deoptimization events (20 events):
Event: 23.461 Thread 0x00000222a400eb70 Uncommon trap: trap_request=0xffffff45 fr.pc=0x0000022246cdaf90 relative=0x00000000000008b0
Event: 23.461 Thread 0x00000222a400eb70 Uncommon trap: reason=unstable_if action=reinterpret pc=0x0000022246cdaf90 method=org.jetbrains.org.objectweb.asm.ClassReader.readUtf(II[C)Ljava/lang/String; @ 69 c2
Event: 23.461 Thread 0x00000222a400eb70 DEOPT PACKING pc=0x0000022246cdaf90 sp=0x0000006a5c8fc730
Event: 23.461 Thread 0x00000222a400eb70 DEOPT UNPACKING pc=0x00000222465c7982 sp=0x0000006a5c8fc710 mode 2
Event: 23.461 Thread 0x00000222a400eb70 Uncommon trap: trap_request=0xffffff45 fr.pc=0x0000022246e79d3c relative=0x000000000000073c
Event: 23.461 Thread 0x00000222a400eb70 Uncommon trap: reason=unstable_if action=reinterpret pc=0x0000022246e79d3c method=java.lang.Character$UnicodeBlock.of(I)Ljava/lang/Character$UnicodeBlock; @ 55 c2
Event: 23.461 Thread 0x00000222a400eb70 DEOPT PACKING pc=0x0000022246e79d3c sp=0x0000006a5c8fc830
Event: 23.461 Thread 0x00000222a400eb70 DEOPT UNPACKING pc=0x00000222465c7982 sp=0x0000006a5c8fc698 mode 2
Event: 23.633 Thread 0x00000222a400eb70 Uncommon trap: trap_request=0xffffff45 fr.pc=0x0000022246ecf858 relative=0x00000000000001f8
Event: 23.633 Thread 0x00000222a400eb70 Uncommon trap: reason=unstable_if action=reinterpret pc=0x0000022246ecf858 method=java.lang.Character$UnicodeBlock.of(I)Ljava/lang/Character$UnicodeBlock; @ 55 c2
Event: 23.633 Thread 0x00000222a400eb70 DEOPT PACKING pc=0x0000022246ecf858 sp=0x0000006a5c8fc830
Event: 23.633 Thread 0x00000222a400eb70 DEOPT UNPACKING pc=0x00000222465c7982 sp=0x0000006a5c8fc6e8 mode 2
Event: 23.633 Thread 0x00000222a400eb70 Uncommon trap: trap_request=0xffffff45 fr.pc=0x0000022246f35c08 relative=0x00000000000000e8
Event: 23.633 Thread 0x00000222a400eb70 Uncommon trap: reason=unstable_if action=reinterpret pc=0x0000022246f35c08 method=java.lang.Character$UnicodeBlock.of(I)Ljava/lang/Character$UnicodeBlock; @ 55 c2
Event: 23.633 Thread 0x00000222a400eb70 DEOPT PACKING pc=0x0000022246f35c08 sp=0x0000006a5c8fc790
Event: 23.633 Thread 0x00000222a400eb70 DEOPT UNPACKING pc=0x00000222465c7982 sp=0x0000006a5c8fc708 mode 2
Event: 23.633 Thread 0x00000222a400eb70 Uncommon trap: trap_request=0xffffff45 fr.pc=0x0000022246b48200 relative=0x00000000000004c0
Event: 23.633 Thread 0x00000222a400eb70 Uncommon trap: reason=unstable_if action=reinterpret pc=0x0000022246b48200 method=java.lang.StringLatin1.canEncode(C)Z @ 4 c2
Event: 23.633 Thread 0x00000222a400eb70 DEOPT PACKING pc=0x0000022246b48200 sp=0x0000006a5c8fc7f0
Event: 23.633 Thread 0x00000222a400eb70 DEOPT UNPACKING pc=0x00000222465c7982 sp=0x0000006a5c8fc768 mode 2

Classes loaded (20 events):
Event: 21.653 Loading class java/text/MessageFormat$FormatStyle
Event: 21.655 Loading class java/text/MessageFormat$FormatStyle done
Event: 21.655 Loading class java/text/ChoiceFormat
Event: 21.659 Loading class java/text/ChoiceFormat done
Event: 21.660 Loading class java/util/stream/ReferencePipeline$6
Event: 21.663 Loading class java/util/stream/DoublePipeline$StatelessOp
Event: 21.667 Loading class java/util/stream/DoublePipeline
Event: 21.668 Loading class java/util/stream/DoublePipeline done
Event: 21.668 Loading class java/util/stream/DoublePipeline$StatelessOp done
Event: 21.668 Loading class java/util/stream/ReferencePipeline$6 done
Event: 21.670 Loading class java/util/stream/Nodes$DoubleFixedNodeBuilder
Event: 21.672 Loading class java/util/stream/Node$Builder$OfDouble
Event: 21.672 Loading class java/util/stream/Sink$OfDouble
Event: 21.672 Loading class java/util/stream/Sink$OfDouble done
Event: 21.672 Loading class java/util/stream/Node$Builder$OfDouble done
Event: 21.672 Loading class java/util/stream/Nodes$DoubleArrayNode
Event: 21.672 Loading class java/util/stream/Nodes$DoubleArrayNode done
Event: 21.672 Loading class java/util/stream/Nodes$DoubleFixedNodeBuilder done
Event: 21.672 Loading class java/util/stream/ReferencePipeline$6$1
Event: 21.673 Loading class java/util/stream/ReferencePipeline$6$1 done

Classes unloaded (0 events):
No events

Classes redefined (0 events):
No events

Internal exceptions (20 events):
Event: 11.198 Thread 0x00000222a25ed0b0 Implicit null exception at 0x0000022246d5045b to 0x0000022246d50f00
Event: 11.270 Thread 0x00000222a25ed0b0 Exception <a 'java/lang/NoSuchMethodError'{0x00000000879cc1d0}: 'int java.lang.invoke.DirectMethodHandle$Holder.invokeStaticInit(java.lang.Object, int)'> (0x00000000879cc1d0) 
thrown [s\open\src\hotspot\share\interpreter\linkResolver.cpp, line 796]
Event: 11.546 Thread 0x00000222a25ed0b0 Implicit null exception at 0x0000022246d12eb3 to 0x0000022246d13288
Event: 11.546 Thread 0x00000222a25ed0b0 Implicit null exception at 0x0000022246d1351d to 0x0000022246d13558
Event: 12.431 Thread 0x00000222a25ed0b0 Exception <a 'java/lang/NoSuchMethodError'{0x000000008bb1ffd8}: 'java.lang.Object java.lang.invoke.DirectMethodHandle$Holder.newInvokeSpecial(java.lang.Object, java.lang.Object, java.lang.Object, java.lang.Object, java.lang.Object, java.lang.Object, java.lang.Object, int)'> (0x000000008bb1ffd8) 
thrown [s\open\src\hotspot\share\interpreter\linkResolver.cpp, line 796]
Event: 12.431 Thread 0x00000222a25ed0b0 Exception <a 'java/lang/NoSuchMethodError'{0x000000008bb248d8}: 'java.lang.Object java.lang.invoke.DirectMethodHandle$Holder.invokeSpecial(java.lang.Object, java.lang.Object, java.lang.Object, java.lang.Object, java.lang.Object, java.lang.Object, java.lang.Object, java.lang.Object, int)'> (0x000000008bb248d8) 
thrown [s\open\src\hotspot\share\interpreter\linkResolver.cpp, line 796]
Event: 12.482 Thread 0x00000222a25ed0b0 Implicit null exception at 0x0000022246b7eee8 to 0x0000022246b7f0c4
Event: 13.178 Thread 0x00000222a25ee460 Exception <a 'java/lang/NoSuchMethodError'{0x000000008bcfb578}: 'java.lang.Object java.lang.invoke.DirectMethodHandle$Holder.invokeSpecial(java.lang.Object, java.lang.Object, java.lang.Object, java.lang.Object, java.lang.Object, java.lang.Object, int)'> (0x000000008bcfb578) 
thrown [s\open\src\hotspot\share\interpreter\linkResolver.cpp, line 796]
Event: 13.215 Thread 0x00000222a25ee460 Exception <a 'java/lang/NoSuchMethodError'{0x000000008bba8d68}: 'java.lang.Object java.lang.invoke.DirectMethodHandle$Holder.invokeStatic(java.lang.Object, int, java.lang.Object)'> (0x000000008bba8d68) 
thrown [s\open\src\hotspot\share\interpreter\linkResolver.cpp, line 796]
Event: 14.686 Thread 0x00000222a25ee460 Exception <a 'java/lang/NoSuchMethodError'{0x000000008bc2a208}: 'java.lang.Object java.lang.invoke.DirectMethodHandle$Holder.invokeStatic(java.lang.Object, int, int, java.lang.Object)'> (0x000000008bc2a208) 
thrown [s\open\src\hotspot\share\interpreter\linkResolver.cpp, line 796]
Event: 14.775 Thread 0x0000022299bbcf80 Exception <a 'java/lang/NoSuchMethodError'{0x0000000088042c20}: 'java.lang.Object java.lang.invoke.DirectMethodHandle$Holder.invokeStatic(java.lang.Object, java.lang.Object, java.lang.Object, java.lang.Object, long, java.lang.Object)'> (0x0000000088042c20) 
thrown [s\open\src\hotspot\share\interpreter\linkResolver.cpp, line 796]
Event: 14.776 Thread 0x0000022299bbcf80 Exception <a 'java/lang/NoSuchMethodError'{0x0000000088049bf8}: 'java.lang.Object java.lang.invoke.DirectMethodHandle$Holder.newInvokeSpecial(java.lang.Object, java.lang.Object, java.lang.Object, java.lang.Object, long)'> (0x0000000088049bf8) 
thrown [s\open\src\hotspot\share\interpreter\linkResolver.cpp, line 796]
Event: 14.776 Thread 0x0000022299bbcf80 Exception <a 'java/lang/NoSuchMethodError'{0x000000008804d8e8}: 'java.lang.Object java.lang.invoke.DirectMethodHandle$Holder.invokeSpecial(java.lang.Object, java.lang.Object, java.lang.Object, java.lang.Object, java.lang.Object, long)'> (0x000000008804d8e8) 
thrown [s\open\src\hotspot\share\interpreter\linkResolver.cpp, line 796]
Event: 14.777 Thread 0x0000022299bbcf80 Exception <a 'java/lang/NoSuchMethodError'{0x0000000088051078}: 'java.lang.Object java.lang.invoke.Invokers$Holder.linkToTargetMethod(java.lang.Object, java.lang.Object, java.lang.Object, long, java.lang.Object)'> (0x0000000088051078) 
thrown [s\open\src\hotspot\share\interpreter\linkResolver.cpp, line 796]
Event: 18.841 Thread 0x00000222a25ed0b0 Exception <a 'java/lang/NoSuchMethodError'{0x000000008a064318}: 'java.lang.Object java.lang.invoke.DirectMethodHandle$Holder.newInvokeSpecial(java.lang.Object, java.lang.Object, java.lang.Object, java.lang.Object, java.lang.Object, java.lang.Object, java.lang.Object, int, java.lang.Object)'> (0x000000008a064318) 
thrown [s\open\src\hotspot\share\interpreter\linkResolver.cpp, line 796]
Event: 19.439 Thread 0x00000222a25ed0b0 Exception <a 'java/lang/NoSuchMethodError'{0x000000008a1f3388}: 'java.lang.Object java.lang.invoke.DirectMethodHandle$Holder.invokeSpecial(java.lang.Object, java.lang.Object, int, java.lang.Object, java.lang.Object)'> (0x000000008a1f3388) 
thrown [s\open\src\hotspot\share\interpreter\linkResolver.cpp, line 796]
Event: 19.501 Thread 0x00000222a25ed0b0 Exception <a 'java/lang/IncompatibleClassChangeError'{0x0000000089f94e18}: Found class java.lang.Object, but interface was expected> (0x0000000089f94e18) 
thrown [s\open\src\hotspot\share\interpreter\linkResolver.cpp, line 863]
Event: 19.552 Thread 0x00000222a25ed0b0 Implicit null exception at 0x0000022246b8700a to 0x0000022246b87380
Event: 21.537 Thread 0x00000222a400eb70 Implicit null exception at 0x0000022246e9f0cd to 0x0000022246e9f189
Event: 21.659 Thread 0x00000222a25ed0b0 Exception <a 'java/lang/NoSuchMethodError'{0x000000008acb4978}: 'double java.lang.invoke.DirectMethodHandle$Holder.invokeStatic(java.lang.Object, java.lang.Object)'> (0x000000008acb4978) 
thrown [s\open\src\hotspot\share\interpreter\linkResolver.cpp, line 796]

VM Operations (20 events):
Event: 22.304 Executing VM operation: G1CollectForAllocation (G1 Evacuation Pause) done
Event: 22.433 Executing VM operation: G1PauseRemark
Event: 22.438 Executing VM operation: G1PauseRemark done
Event: 22.478 Executing VM operation: G1PauseCleanup
Event: 22.478 Executing VM operation: G1PauseCleanup done
Event: 22.625 Executing VM operation: G1CollectForAllocation (G1 Evacuation Pause)
Event: 22.634 Executing VM operation: G1CollectForAllocation (G1 Evacuation Pause) done
Event: 22.761 Executing VM operation: G1CollectForAllocation (G1 Evacuation Pause)
Event: 22.768 Executing VM operation: G1CollectForAllocation (G1 Evacuation Pause) done
Event: 23.049 Executing VM operation: G1CollectForAllocation (G1 Evacuation Pause)
Event: 23.057 Executing VM operation: G1CollectForAllocation (G1 Evacuation Pause) done
Event: 23.200 Executing VM operation: G1PauseRemark
Event: 23.206 Executing VM operation: G1PauseRemark done
Event: 23.250 Executing VM operation: G1PauseCleanup
Event: 23.250 Executing VM operation: G1PauseCleanup done
Event: 23.314 Executing VM operation: G1CollectForAllocation (G1 Evacuation Pause)
Event: 23.322 Executing VM operation: G1CollectForAllocation (G1 Evacuation Pause) done
Event: 23.505 Executing VM operation: G1CollectForAllocation (G1 Evacuation Pause)
Event: 23.514 Executing VM operation: G1CollectForAllocation (G1 Evacuation Pause) done
Event: 23.708 Executing VM operation: G1CollectForAllocation (G1 Evacuation Pause)

Memory protections (0 events):
No events

Nmethod flushes (20 events):
Event: 23.205 Thread 0x0000022252ba71b0 flushing  nmethod 0x000002223f8aa108
Event: 23.205 Thread 0x0000022252ba71b0 flushing  nmethod 0x000002223fa53108
Event: 23.205 Thread 0x0000022252ba71b0 flushing  nmethod 0x000002223fa54c08
Event: 23.205 Thread 0x0000022252ba71b0 flushing  nmethod 0x000002223fba7a88
Event: 23.205 Thread 0x0000022252ba71b0 flushing  nmethod 0x000002223fbe4488
Event: 23.205 Thread 0x0000022252ba71b0 flushing  nmethod 0x000002223fbe5208
Event: 23.205 Thread 0x0000022252ba71b0 flushing  nmethod 0x000002223fe77208
Event: 23.205 Thread 0x0000022252ba71b0 flushing  nmethod 0x000002223fa6d488
Event: 23.205 Thread 0x0000022252ba71b0 flushing  nmethod 0x000002223fbc4508
Event: 23.205 Thread 0x0000022252ba71b0 flushing  nmethod 0x000002223fbc5008
Event: 23.205 Thread 0x0000022252ba71b0 flushing  nmethod 0x000002223fbc5d88
Event: 23.205 Thread 0x0000022252ba71b0 flushing  nmethod 0x000002223fbe6488
Event: 23.205 Thread 0x0000022252ba71b0 flushing  nmethod 0x000002223fbe6788
Event: 23.205 Thread 0x0000022252ba71b0 flushing  nmethod 0x000002223fbeb308
Event: 23.205 Thread 0x0000022252ba71b0 flushing  nmethod 0x000002223fbeb688
Event: 23.205 Thread 0x0000022252ba71b0 flushing  nmethod 0x000002223fbeb988
Event: 23.205 Thread 0x0000022252ba71b0 flushing  nmethod 0x000002223fc96408
Event: 23.205 Thread 0x0000022252ba71b0 flushing  nmethod 0x000002223fe09508
Event: 23.205 Thread 0x0000022252ba71b0 flushing  nmethod 0x000002223fe37088
Event: 23.205 Thread 0x0000022252ba71b0 flushing  nmethod 0x000002223fe37f88

Events (20 events):
Event: 0.070 Thread 0x000002223450cea0 Thread added: 0x0000022298153c60
Event: 0.072 Thread 0x000002223450cea0 Thread added: 0x000002229815b6b0
Event: 0.116 Thread 0x0000022252bd64d0 Thread added: 0x0000022298156bb0
Event: 0.648 Thread 0x0000022298156bb0 Thread exited: 0x0000022298156bb0
Event: 1.571 Thread 0x0000022252bd9fa0 Thread added: 0x000002229931e8a0
Event: 2.602 Thread 0x000002223450cea0 Thread added: 0x00000222996d5510
Event: 2.603 Thread 0x00000222996d5510 Thread exited: 0x00000222996d5510
Event: 2.931 Thread 0x000002223450cea0 Thread added: 0x0000022299da1a10
Event: 2.931 Thread 0x000002223450cea0 Thread exited: 0x000002223450cea0
Event: 2.931 Thread 0x000002223450cea0 Thread added: 0x000002223450cea0
Event: 3.125 Thread 0x0000022299da1a10 Thread added: 0x0000022299d9b640
Event: 3.601 Thread 0x000002229931e8a0 Thread exited: 0x000002229931e8a0
Event: 3.930 Thread 0x0000022299d9b640 Thread added: 0x00000222a2dd4300
Event: 4.313 Thread 0x0000022299d9b640 Thread added: 0x00000222a25ed0b0
Event: 4.623 Thread 0x0000022299da1a10 Thread added: 0x00000222a25ee460
Event: 5.652 Thread 0x0000022252bd9fa0 Thread added: 0x00000222983be190
Event: 6.300 Thread 0x00000222983be190 Thread exited: 0x00000222983be190
Event: 14.714 Thread 0x00000222a25ee460 Thread added: 0x0000022299bbcf80
Event: 21.461 Thread 0x0000022299bbcf80 Thread added: 0x00000222a400eb70
Event: 21.490 Thread 0x0000022252bd9fa0 Thread added: 0x00000222a38e7110


Dynamic libraries:
0x00007ff7d9490000 - 0x00007ff7d94a0000 	C:\Program Files\Java\jdk-23\bin\java.exe
0x00007ffc76df0000 - 0x00007ffc77008000 	C:\WINDOWS\SYSTEM32\ntdll.dll
0x00007ffc75d30000 - 0x00007ffc75df4000 	C:\WINDOWS\System32\KERNEL32.DLL
0x00007ffc74330000 - 0x00007ffc74703000 	C:\WINDOWS\System32\KERNELBASE.dll
0x00007ffc73f00000 - 0x00007ffc74011000 	C:\WINDOWS\System32\ucrtbase.dll
0x00007ffc33660000 - 0x00007ffc3367b000 	C:\Program Files\Java\jdk-23\bin\VCRUNTIME140.dll
0x00007ffc33810000 - 0x00007ffc33827000 	C:\Program Files\Java\jdk-23\bin\jli.dll
0x00007ffc752c0000 - 0x00007ffc75472000 	C:\WINDOWS\System32\USER32.dll
0x00007ffc74880000 - 0x00007ffc748a6000 	C:\WINDOWS\System32\win32u.dll
0x00007ffc760e0000 - 0x00007ffc76109000 	C:\WINDOWS\System32\GDI32.dll
0x00007ffc740e0000 - 0x00007ffc741fb000 	C:\WINDOWS\System32\gdi32full.dll
0x00007ffc748b0000 - 0x00007ffc7494a000 	C:\WINDOWS\System32\msvcp_win.dll
0x00007ffc5ecd0000 - 0x00007ffc5ef6c000 	C:\WINDOWS\WinSxS\amd64_microsoft.windows.common-controls_6595b64144ccf1df_6.0.22621.6060_none_2712eda17382d24b\COMCTL32.dll
0x00007ffc76220000 - 0x00007ffc762c7000 	C:\WINDOWS\System32\msvcrt.dll
0x00007ffc761e0000 - 0x00007ffc76211000 	C:\WINDOWS\System32\IMM32.DLL
0x00007ffc52860000 - 0x00007ffc52952000 	C:\Program Files\Windhawk\Engine\1.7.3\64\windhawk.dll
0x00007ffc750a0000 - 0x00007ffc75151000 	C:\WINDOWS\System32\ADVAPI32.dll
0x00007ffc75c50000 - 0x00007ffc75cf8000 	C:\WINDOWS\System32\sechost.dll
0x00007ffc74280000 - 0x00007ffc742a8000 	C:\WINDOWS\System32\bcrypt.dll
0x00007ffc76c90000 - 0x00007ffc76da8000 	C:\WINDOWS\System32\RPCRT4.dll
0x00007ffc5b0c0000 - 0x00007ffc5b0cc000 	C:\Program Files\Java\jdk-23\bin\vcruntime140_1.dll
0x00007ffc310b0000 - 0x00007ffc3113e000 	C:\Program Files\Java\jdk-23\bin\msvcp140.dll
0x00007ffbbb9b0000 - 0x00007ffbbc700000 	C:\Program Files\Java\jdk-23\bin\server\jvm.dll
0x00007ffc76160000 - 0x00007ffc761d1000 	C:\WINDOWS\System32\WS2_32.dll
0x00007ffc6a860000 - 0x00007ffc6a894000 	C:\WINDOWS\SYSTEM32\WINMM.dll
0x00007ffc68cc0000 - 0x00007ffc68cca000 	C:\WINDOWS\SYSTEM32\VERSION.dll
0x00007ffc73760000 - 0x00007ffc737ad000 	C:\WINDOWS\SYSTEM32\POWRPROF.dll
0x00007ffc73740000 - 0x00007ffc73753000 	C:\WINDOWS\SYSTEM32\UMPDC.dll
0x00007ffc72eb0000 - 0x00007ffc72ec8000 	C:\WINDOWS\SYSTEM32\kernel.appcore.dll
0x00007ffc570f0000 - 0x00007ffc570fa000 	C:\Program Files\Java\jdk-23\bin\jimage.dll
0x00007ffc718b0000 - 0x00007ffc71ae3000 	C:\WINDOWS\SYSTEM32\DBGHELP.DLL
0x00007ffc755b0000 - 0x00007ffc75941000 	C:\WINDOWS\System32\combase.dll
0x00007ffc75b70000 - 0x00007ffc75c48000 	C:\WINDOWS\System32\OLEAUT32.dll
0x00007ffc4b380000 - 0x00007ffc4b3b2000 	C:\WINDOWS\SYSTEM32\dbgcore.DLL
0x00007ffc74200000 - 0x00007ffc7427b000 	C:\WINDOWS\System32\bcryptPrimitives.dll
0x00007ffc33640000 - 0x00007ffc3365e000 	C:\Program Files\Java\jdk-23\bin\java.dll
0x00007ffc759c0000 - 0x00007ffc75b61000 	C:\WINDOWS\System32\ole32.dll
0x00007ffc76330000 - 0x00007ffc76bcc000 	C:\WINDOWS\System32\SHELL32.dll
0x00007ffc74950000 - 0x00007ffc74a8f000 	C:\WINDOWS\System32\wintypes.dll
0x00007ffc71db0000 - 0x00007ffc726ca000 	C:\WINDOWS\SYSTEM32\windows.storage.dll
0x00007ffc75480000 - 0x00007ffc75584000 	C:\WINDOWS\System32\SHCORE.dll
0x00007ffc74a90000 - 0x00007ffc74af9000 	C:\WINDOWS\System32\shlwapi.dll
0x00007ffc73e30000 - 0x00007ffc73e55000 	C:\WINDOWS\SYSTEM32\profapi.dll
0x00007ffc24540000 - 0x00007ffc24617000 	C:\Program Files\Java\jdk-23\bin\jsvml.dll
0x00007ffc65f20000 - 0x00007ffc65f30000 	C:\Program Files\Java\jdk-23\bin\net.dll
0x00007ffc73410000 - 0x00007ffc73479000 	C:\WINDOWS\system32\mswsock.dll
0x00007ffc33620000 - 0x00007ffc33636000 	C:\Program Files\Java\jdk-23\bin\nio.dll
0x00007ffc33600000 - 0x00007ffc33617000 	C:\Program Files\Java\jdk-23\bin\zip.dll
0x00007ffc73680000 - 0x00007ffc7369b000 	C:\WINDOWS\SYSTEM32\CRYPTSP.dll
0x00007ffc72e10000 - 0x00007ffc72e47000 	C:\WINDOWS\system32\rsaenh.dll
0x00007ffc73520000 - 0x00007ffc73548000 	C:\WINDOWS\SYSTEM32\USERENV.dll
0x00007ffc736a0000 - 0x00007ffc736ac000 	C:\WINDOWS\SYSTEM32\CRYPTBASE.dll
0x00007ffc72930000 - 0x00007ffc7295d000 	C:\WINDOWS\SYSTEM32\IPHLPAPI.DLL
0x00007ffc74b00000 - 0x00007ffc74b09000 	C:\WINDOWS\System32\NSI.dll
0x00007ffc545f0000 - 0x00007ffc54600000 	C:\Program Files\Java\jdk-23\bin\verify.dll
0x00007ffc1f330000 - 0x00007ffc1f419000 	C:\Users\USER\AppData\Local\Temp\sqlite-3.41.2.1-bb99e9d9-b298-40cf-8d73-e9062232915b-sqlitejdbc.dll

dbghelp: loaded successfully - version: 4.0.5 - missing functions: none
symbol engine: initialized successfully - sym options: 0x614 - pdb path: .;C:\Program Files\Java\jdk-23\bin;C:\WINDOWS\SYSTEM32;C:\WINDOWS\WinSxS\amd64_microsoft.windows.common-controls_6595b64144ccf1df_6.0.22621.6060_none_2712eda17382d24b;C:\Program Files\Windhawk\Engine\1.7.3\64;C:\Program Files\Java\jdk-23\bin\server;C:\Users\USER\AppData\Local\Temp

VM Arguments:
jvm_args: -DkotlinLanguageServer.version=1.3.13 
java_command: org.javacs.kt.MainKt
java_class_path (initial): c:\Users\USER\AppData\Roaming\Antigravity\User\globalStorage\fwcd.kotlin\langServerInstall\server\lib\server-1.3.13.jar;c:\Users\USER\AppData\Roaming\Antigravity\User\globalStorage\fwcd.kotlin\langServerInstall\server\lib\shared-1.3.13.jar;c:\Users\USER\AppData\Roaming\Antigravity\User\globalStorage\fwcd.kotlin\langServerInstall\server\lib\kotlin-scripting-jvm-host-unshaded-2.1.0.jar;c:\Users\USER\AppData\Roaming\Antigravity\User\globalStorage\fwcd.kotlin\langServerInstall\server\lib\kotlin-scripting-compiler-2.1.0.jar;c:\Users\USER\AppData\Roaming\Antigravity\User\globalStorage\fwcd.kotlin\langServerInstall\server\lib\ktfmt-b5d31d1.jar;c:\Users\USER\AppData\Roaming\Antigravity\User\globalStorage\fwcd.kotlin\langServerInstall\server\lib\kotlin-compiler-2.1.0.jar;c:\Users\USER\AppData\Roaming\Antigravity\User\globalStorage\fwcd.kotlin\langServerInstall\server\lib\exposed-dao-0.37.3.jar;c:\Users\USER\AppData\Roaming\Antigravity\User\globalStorage\fwcd.kotlin\langServerInstall\server\lib\exposed-jdbc-0.37.3.jar;c:\Users\USER\AppData\Roaming\Antigravity\User\globalStorage\fwcd.kotlin\langServerInstall\server\lib\exposed-core-0.37.3.jar;c:\Users\USER\AppData\Roaming\Antigravity\User\globalStorage\fwcd.kotlin\langServerInstall\server\lib\kotlin-scripting-compiler-impl-2.1.0.jar;c:\Users\USER\AppData\Roaming\Antigravity\User\globalStorage\fwcd.kotlin\langServerInstall\server\lib\kotlin-reflect-2.1.0.jar;c:\Users\USER\AppData\Roaming\Antigravity\User\globalStorage\fwcd.kotlin\langServerInstall\server\lib\kotlin-scripting-jvm-2.1.0.jar;c:\Users\USER\AppData\Roaming\Antigravity\User\globalStorage\fwcd.kotlin\langServerInstall\server\lib\kotlin-scripting-common-2.1.0.jar;c:\Users\USER\AppData\Roaming\Antigravity\User\globalStorage\fwcd.kotlin\langServerInstall\server\lib\kotlinx-coroutines-core-jvm-1.6.4.jar;c:\Users\USER\AppData\Roaming\Antigravity\User\globalStorage\fwcd.kotlin\langServerInstall\server\lib\kotlin-stdlib-jdk8-2.1.0.jar;c:\Users\USER\AppData\Roaming\Antigravity\User\globalStorage\fwcd.kotlin\langServerInstall\server\lib\kotlin-stdlib-jdk7-2.1.0.jar;c:\Users\USER\AppData\Roaming\Antigravity\User\globalStorage\fwcd.kotlin\langServerInstall\server\lib\kotlin-stdlib-2.1.0.jar;c:\Users\USER\AppData\Roaming\Antigravity\User\globalStorage\fwcd.kotlin\langServerInstall\server\lib\org.eclipse.lsp4j-0.21.2.jar;c:\Users\USER\AppData\Roaming\Antigravity\User\globalStorage\fwcd.kotlin\langServerInstall\server\lib\org.eclipse.lsp4j.jsonrpc-0.21.2.jar;c:\Users\USER\AppData\Roaming\Antigravity\User\globalStorage\fwcd.kotlin\langServerInstall\server\lib\kotlin-sam-with-receiver-compiler-plugin-2.1.0.jar;c:\Users\USER\AppData\Roaming\Antigravity\User\globalStorage\fwcd.kotlin\langServerInstall\server\lib\fernflower-1.0.jar;c:\Users\USER\AppData\Roaming\Antigravity\User\globalStorage\fwcd.kotlin\langServerInstall\server\lib\h2-1.4.200.jar;c:\Users\USER\AppData\Roaming\Antigravity\User\globalStorage\fwcd.kotlin\langServerInstall\server\lib\jcommander-1.78.jar;c:\Users\USER\AppData\Roaming\Antigravity\User\globalStorage\fwcd.kotlin\langServerInstall\server\lib\sqlite-jdbc-3.41.2.1.jar;c:\Users\USER\AppData\Roaming\Antigravity\User\globalStorage\fwcd.kotlin\langServerInstall\server\lib\google-java-format-1.8.jar;c:\Users\USER\AppData\Roaming\Antigravity\User\globalStorage\fwcd.kotlin\langServerInstall\server\lib\guava-33.3.0-jre.jar;c:\Users\USER\AppData\Roaming\Antigravity\User\globalStorage\fwcd.kotlin\langServerInstall\server\lib\annotations-13.0.jar;c:\Users\USER\AppData\Roaming\Antigravity\User\globalStorage\fwcd.kotlin\langServerInstall\server\lib\gson-2.10.1.jar;c:\Users\USER\AppData\Roaming\Antigravity\User\globalStorage\fwcd.kotlin\langServerInstall\server\lib\kotlin-script-runtime-2.1.0.jar;c:\Users\USER\AppData\Roaming\Antigravity\User\globalStorage\fwcd.kotlin\langServerInstall\server\lib\trove4j-1.0.20200330.jar;c:\Users\USER\AppData\Roaming\Antigravity\User\globalStorage\fwcd.kotlin\langServerInstall\server\lib\jline-3.24.1.jar;c:\Users\USER\AppData\Roaming\Antigravity\User\globalStorage\fwcd.kotlin\langServerInstall\server\lib\slf4j-api-1.7.25.jar;c:\Users\USER\AppData\Roaming\Antigravity\User\globalStorage\fwcd.kotlin\langServerInstall\server\lib\jna-4.2.2.jar;c:\Users\USER\AppData\Roaming\Antigravity\User\globalStorage\fwcd.kotlin\langServerInstall\server\lib\failureaccess-1.0.2.jar;c:\Users\USER\AppData\Roaming\Antigravity\User\globalStorage\fwcd.kotlin\langServerInstall\server\lib\listenablefuture-9999.0-empty-to-avoid-conflict-with-guava.jar;c:\Users\USER\AppData\Roaming\Antigravity\User\globalStorage\fwcd.kotlin\langServerInstall\server\lib\jsr305-3.0.2.jar;c:\Users\USER\AppData\Roaming\Antigravity\User\globalStorage\fwcd.kotlin\langServerInstall\server\lib\checker-qual-3.43.0.jar;c:\Users\USER\AppData\Roaming\Antigravity\User\globalStorage\fwcd.kotlin\langServerInstall\server\lib\error_prone_annotations-2.28.0.jar
Launcher Type: SUN_STANDARD

[Global flags]
     intx CICompilerCount                          = 3                                         {product} {ergonomic}
     uint ConcGCThreads                            = 1                                         {product} {ergonomic}
     uint G1ConcRefinementThreads                  = 4                                         {product} {ergonomic}
   size_t G1HeapRegionSize                         = 1048576                                   {product} {ergonomic}
   size_t InitialHeapSize                          = 130023424                                 {product} {ergonomic}
   size_t MarkStackSize                            = 4194304                                   {product} {ergonomic}
   size_t MarkStackSizeMax                         = 536870912                                 {product} {ergonomic}
   size_t MaxHeapSize                              = 2069889024                                {product} {ergonomic}
   size_t MaxNewSize                               = 1241513984                                {product} {ergonomic}
   size_t MinHeapDeltaBytes                        = 1048576                                   {product} {ergonomic}
   size_t MinHeapSize                              = 8388608                                   {product} {ergonomic}
    uintx NonNMethodCodeHeapSize                   = 5832704                                {pd product} {ergonomic}
    uintx NonProfiledCodeHeapSize                  = 122945536                              {pd product} {ergonomic}
    uintx ProfiledCodeHeapSize                     = 122880000                              {pd product} {ergonomic}
    uintx ReservedCodeCacheSize                    = 251658240                              {pd product} {ergonomic}
     bool SegmentedCodeCache                       = true                                      {product} {ergonomic}
   size_t SoftMaxHeapSize                          = 2069889024                             {manageable} {ergonomic}
     bool UseCompressedOops                        = true                           {product lp64_product} {ergonomic}
     bool UseG1GC                                  = true                                      {product} {ergonomic}
     bool UseLargePagesIndividualAllocation        = false                                  {pd product} {ergonomic}

Logging:
Log output configuration:
 #0: stdout all=warning uptime,level,tags foldmultilines=false
 #1: stderr all=off uptime,level,tags foldmultilines=false

Environment Variables:
JAVA_HOME=C:\Program Files\Java\jdk-23
CLASSPATH=c:\Users\USER\AppData\Roaming\Antigravity\User\globalStorage\fwcd.kotlin\langServerInstall\server\lib\server-1.3.13.jar;c:\Users\USER\AppData\Roaming\Antigravity\User\globalStorage\fwcd.kotlin\langServerInstall\server\lib\shared-1.3.13.jar;c:\Users\USER\AppData\Roaming\Antigravity\User\globalStorage\fwcd.kotlin\langServerInstall\server\lib\kotlin-scripting-jvm-host-unshaded-2.1.0.jar;c:\Users\USER\AppData\Roaming\Antigravity\User\globalStorage\fwcd.kotlin\langServerInstall\server\lib\kotlin-scripting-compiler-2.1.0.jar;c:\Users\USER\AppData\Roaming\Antigravity\User\globalStorage\fwcd.kotlin\langServerInstall\server\lib\ktfmt-b5d31d1.jar;c:\Users\USER\AppData\Roaming\Antigravity\User\globalStorage\fwcd.kotlin\langServerInstall\server\lib\kotlin-compiler-2.1.0.jar;c:\Users\USER\AppData\Roaming\Antigravity\User\globalStorage\fwcd.kotlin\langServerInstall\server\lib\exposed-dao-0.37.3.jar;c:\Users\USER\AppData\Roaming\Antigravity\User\globalStorage\fwcd.kotlin\langServerInstall\server\lib\exposed-jdbc-0.37.3.jar;c:\Users\USER\AppData\Roaming\Antigravity\User\globalStorage\fwcd.kotlin\langServerInstall\server\lib\exposed-core-0.37.3.jar;c:\Users\USER\AppData\Roaming\Antigravity\User\globalStorage\fwcd.kotlin\langServerInstall\server\lib\kotlin-scripting-compiler-impl-2.1.0.jar;c:\Users\USER\AppData\Roaming\Antigravity\User\globalStorage\fwcd.kotlin\langServerInstall\server\lib\kotlin-reflect-2.1.0.jar;c:\Users\USER\AppData\Roaming\Antigravity\User\globalStorage\fwcd.kotlin\langServerInstall\server\lib\kotlin-scripting-jvm-2.1.0.jar;c:\Users\USER\AppData\Roaming\Antigravity\User\globalStorage\fwcd.kotlin\langServerInstall\server\lib\kotlin-scripting-common-2.1.0.jar;c:\Users\USER\AppData\Roaming\Antigravity\User\globalStorage\fwcd.kotlin\langServerInstall\server\lib\kotlinx-coroutines-core-jvm-1.6.4.jar;c:\Users\USER\AppData\Roaming\Antigravity\User\globalStorage\fwcd.kotlin\langServerInstall\server\lib\kotlin-stdlib-jdk8-2.1.0.jar;c:\Users\USER\AppData\Roaming\Antigravity\User\globalStorage\fwcd.kotlin\langServerInstall\server\lib\kotlin-stdlib-jdk7-2.1.0.jar;c:\Users\USER\AppData\Roaming\Antigravity\User\globalStorage\fwcd.kotlin\langServerInstall\server\lib\kotlin-stdlib-2.1.0.jar;c:\Users\USER\AppData\Roaming\Antigravity\User\globalStorage\fwcd.kotlin\langServerInstall\server\lib\org.eclipse.lsp4j-0.21.2.jar;c:\Users\USER\AppData\Roaming\Antigravity\User\globalStorage\fwcd.kotlin\langServerInstall\server\lib\org.eclipse.lsp4j.jsonrpc-0.21.2.jar;c:\Users\USER\AppData\Roaming\Antigravity\User\globalStorage\fwcd.kotlin\langServerInstall\server\lib\kotlin-sam-with-receiver-compiler-plugin-2.1.0.jar;c:\Users\USER\AppData\Roaming\Antigravity\User\globalStorage\fwcd.kotlin\langServerInstall\server\lib\fernflower-1.0.jar;c:\Users\USER\AppData\Roaming\Antigravity\User\globalStorage\fwcd.kotlin\langServerInstall\server\lib\h2-1.4.200.jar;c:\Users\USER\AppData\Roaming\Antigravity\User\globalStorage\fwcd.kotlin\langServerInstall\server\lib\jcommander-1.78.jar;c:\Users\USER\AppData\Roaming\Antigravity\User\globalStorage\fwcd.kotlin\langServerInstall\server\lib\sqlite-jdbc-3.41.2.1.jar;c:\Users\USER\AppData\Roaming\Antigravity\User\globalStorage\fwcd.kotlin\langServerInstall\server\lib\google-java-format-1.8.jar;c:\Users\USER\AppData\Roaming\Antigravity\User\globalStorage\fwcd.kotlin\langServerInstall\server\lib\guava-33.3.0-jre.jar;c:\Users\USER\AppData\Roaming\Antigravity\User\globalStorage\fwcd.kotlin\langServerInstall\server\lib\annotations-13.0.jar;c:\Users\USER\AppData\Roaming\Antigravity\User\globalStorage\fwcd.kotlin\langServerInstall\server\lib\gson-2.10.1.jar;c:\Users\USER\AppData\Roaming\Antigravity\User\globalStorage\fwcd.kotlin\langServerInstall\server\lib\kotlin-script-runtime-2.1.0.jar;c:\Users\USER\AppData\Roaming\Antigravity\User\globalStorage\fwcd.kotlin\langServerInstall\server\lib\trove4j-1.0.20200330.jar;c:\Users\USER\AppData\Roaming\Antigravity\User\globalStorage\fwcd.kotlin\langServerInstall\server\lib\jline-3.24.1.jar;c:\Users\USER\AppData\Roaming\Antigravity\User\globalStorage\fwcd.kotlin\langServerInstall\server\lib\slf4j-api-1.7.25.jar;c:\Users\USER\AppData\Roaming\Antigravity\User\globalStorage\fwcd.kotlin\langServerInstall\server\lib\jna-4.2.2.jar;c:\Users\USER\AppData\Roaming\Antigravity\User\globalStorage\fwcd.kotlin\langServerInstall\server\lib\failureaccess-1.0.2.jar;c:\Users\USER\AppData\Roaming\Antigravity\User\globalStorage\fwcd.kotlin\langServerInstall\server\lib\listenablefuture-9999.0-empty-to-avoid-conflict-with-guava.jar;c:\Users\USER\AppData\Roaming\Antigravity\User\globalStorage\fwcd.kotlin\langServerInstall\server\lib\jsr305-3.0.2.jar;c:\Users\USER\AppData\Roaming\Antigravity\User\globalStorage\fwcd.kotlin\langServerInstall\server\lib\checker-qual-3.43.0.jar;c:\Users\USER\AppData\Roaming\Antigravity\User\globalStorage\fwcd.kotlin\langServerInstall\server\lib\error_prone_annotations-2.28.0.jar
PATH=C:\Program Files\Common Files\Oracle\Java\javapath;C:\Program Files (x86)\Common Files\Intel\Shared Files\cpp\bin\Intel64;C:\WINDOWS\system32;C:\WINDOWS;C:\WINDOWS\System32\Wbem;C:\WINDOWS\System32\WindowsPowerShell\v1.0\;C:\WINDOWS\System32\OpenSSH\;C:\Program Files\Microsoft\Web Platform Installer\;C:\Program Files\Microsoft SQL Server\110\Tools\Binn\;C:\ProgramData\ComposerSetup\bin;C:\Program Files\Git\cmd;C:\Program Files\Java\jdk-1.8\bin;D:\laragon\bin\php;C:\laragon\bin\nginx\nginx-1.19.10;C:\ngrok;D:\kotlin-compiler-2.2.20\kotlinc\bin;C:\Program Files\nodejs\;C:\Program Files\Go\bin;C:\Users\USER\.local\bin;C:\laragon\bin;C:\laragon\bin\apache\httpd-2.4.47-win64-VS16\bin;C:\laragon\bin\composer;C:\laragon\bin\git\bin;C:\laragon\bin\git\cmd;C:\laragon\bin\git\mingw64\bin;C:\laragon\bin\git\usr\bin;C:\laragon\bin\laragon\utils;C:\laragon\bin\mysql\mysql-5.7.33-winx64\bin;C:\laragon\bin\nginx\nginx-1.19.10;C:\laragon\bin\ngrok;C:\laragon\bin\nodejs\node-v14;C:\laragon\bin\notepad++;C:\laragon\bin\php\php-8.4.4-Win32-vs17-x64;C:\laragon\bin\redis\redis-x64-3.2.100;C:\laragon\bin\telnet;C:\laragon\usr\bin;C:\Users\USER\AppData\Local\Yarn\config\global\node_modules\.bin;C:\Users\USER\AppData\Roaming\Composer\vendor\bin;C:\Users\USER\AppData\Roaming\npm;C:\Users\USER\.config\herd-lite\bin;C:\Users\USER\AppData\Local\Microsoft\WindowsApps;C:\Users\USER\AppData\Local\Programs\Microsoft VS Code\bin;C:\Users\USER\AppData\Local\Microsoft\WinGet\Packages\Genymobile.scrcpy_Microsoft.Winget.Source_8wekyb3d8bbwe\scrcpy-win64-v3.3.2;C:\Users\USER\AppData\Local\Python\bin;C:\Users\USER\AppData\Local\Programs\Antigravity\bin;C:\Users\USER\go\bin
USERNAME=Ardhana Syah Hidayat
OS=Windows_NT
PROCESSOR_IDENTIFIER=Intel64 Family 6 Model 140 Stepping 2, GenuineIntel
TMP=C:\Users\USER\AppData\Local\Temp
TEMP=C:\Users\USER\AppData\Local\Temp




Periodic native trim disabled

---------------  S Y S T E M  ---------------

OS:
 Windows 11 , 64 bit Build 22621 (10.0.22621.5415)
OS uptime: 0 days 3:24 hours
Hyper-V role detected

CPU: total 4 (initial active 4) (2 cores per cpu, 2 threads per core) family 6 model 140 stepping 2 microcode 0x16, cx8, cmov, fxsr, ht, mmx, 3dnowpref, sse, sse2, sse3, ssse3, sse4.1, sse4.2, popcnt, lzcnt, tsc, tscinvbit, avx, avx2, aes, erms, clmul, bmi1, bmi2, adx, avx512f, avx512dq, avx512cd, avx512bw, avx512vl, sha, fma, vzeroupper, avx512_vpopcntdq, avx512_vpclmulqdq, avx512_vaes, avx512_vnni, clflush, clflushopt, clwb, avx512_vbmi2, avx512_vbmi, hv, rdtscp, rdpid, fsrm, gfni, avx512_bitalg, f16c, cet_ibt, cet_ss, avx512_ifma
Processor Information for processor 0
  Max Mhz: 2995, Current Mhz: 1198, Mhz Limit: 2995
Processor Information for processor 1
  Max Mhz: 2995, Current Mhz: 2995, Mhz Limit: 2995
Processor Information for processor 2
  Max Mhz: 2995, Current Mhz: 2995, Mhz Limit: 2995
Processor Information for processor 3
  Max Mhz: 2995, Current Mhz: 2995, Mhz Limit: 2995

Memory: 4k page, system-wide physical 7894M (450M free)
TotalPageFile size 17211M (AvailPageFile size 52M)
current process WorkingSet (physical memory assigned to process): 421M, peak: 421M
current process commit charge ("private bytes"): 430M, peak: 542M

vm_info: Java HotSpot(TM) 64-Bit Server VM (23.0.2+7-58) for windows-amd64 JRE (23.0.2+7-58), built on 2024-11-29T09:34:55Z with MS VC++ 17.6 (VS2022)

END.
