#
# There is insufficient memory for the Java Runtime Environment to continue.
# Native memory allocation (malloc) failed to allocate 1189776 bytes. Error detail: Chunk::new
# Possible reasons:
#   The system is out of physical RAM or swap space
#   This process is running with CompressedOops enabled, and the Java Heap may be blocking the growth of the native heap
# Possible solutions:
#   Reduce memory load on the system
#   Increase physical memory or swap space
#   Check if swap backing store is full
#   Decrease Java heap size (-Xmx/-Xms)
#   Decrease number of Java threads
#   Decrease Java thread stack sizes (-Xss)
#   Set larger code cache with -XX:ReservedCodeCacheSize=
#   JVM is running with Unscaled Compressed Oops mode in which the Java heap is
#     placed in the first 4GB address space. The Java Heap base address is the
#     maximum limit for the native heap growth. Please use -XX:HeapBaseMinAddress
#     to set the Java Heap base and to place the Java Heap above 4GB virtual address.
# This output file may be truncated or incomplete.
#
#  Out of Memory Error (arena.cpp:149), pid=9584, tid=8892
#
# JRE version: Java(TM) SE Runtime Environment (23.0.2+7) (build 23.0.2+7-58)
# Java VM: Java HotSpot(TM) 64-Bit Server VM (23.0.2+7-58, mixed mode, sharing, tiered, compressed oops, compressed class ptrs, g1 gc, windows-amd64)
# No core dump will be written. Minidumps are not enabled by default on client versions of Windows
#

---------------  S U M M A R Y ------------

Command Line: --add-opens=java.base/java.lang=ALL-UNNAMED --add-opens=java.base/java.lang.invoke=ALL-UNNAMED --add-opens=java.base/java.util=ALL-UNNAMED --add-opens=java.prefs/java.util.prefs=ALL-UNNAMED --add-exports=jdk.compiler/com.sun.tools.javac.api=ALL-UNNAMED --add-exports=jdk.compiler/com.sun.tools.javac.util=ALL-UNNAMED --add-opens=java.base/java.util=ALL-UNNAMED --add-opens=java.prefs/java.util.prefs=ALL-UNNAMED --add-opens=java.base/java.nio.charset=ALL-UNNAMED --add-opens=java.base/java.net=ALL-UNNAMED --add-opens=java.base/java.util.concurrent.atomic=ALL-UNNAMED --add-opens=java.xml/javax.xml.namespace=ALL-UNNAMED -Xmx2048m -Dfile.encoding=UTF-8 -Duser.country=US -Duser.language=en -Duser.variant -javaagent:D:\.gradle\wrapper\dists\gradle-8.13-bin\5xuhj0ry160q40clulazy9h7d\gradle-8.13\lib\agents\gradle-instrumentation-agent-8.13.jar org.gradle.launcher.daemon.bootstrap.GradleDaemon 8.13

Host: 11th Gen Intel(R) Core(TM) i3-1115G4 @ 3.00GHz, 4 cores, 7G,  Windows 11 , 64 bit Build 22621 (10.0.22621.5415)
Time: Thu May 14 06:48:24 2026 SE Asia Standard Time elapsed time: 273.276073 seconds (0d 0h 4m 33s)

---------------  T H R E A D  ---------------

Current thread (0x0000024fc7e197f0):  JavaThread "C2 CompilerThread0" daemon [_thread_in_native, id=8892, stack(0x000000a189700000,0x000000a189800000) (1024K)]


Current CompileTask:
C2:273276 20371   !   4       java.util.concurrent.ConcurrentHashMap::compute (654 bytes)

Stack: [0x000000a189700000,0x000000a189800000]
Native frames: (J=compiled Java code, j=interpreted, Vv=VM code, C=native code)
V  [jvm.dll+0x6e0b99]  (no source info available)
V  [jvm.dll+0x87e2b3]  (no source info available)
V  [jvm.dll+0x88073e]  (no source info available)
V  [jvm.dll+0x880e13]  (no source info available)
V  [jvm.dll+0x27b006]  (no source info available)
V  [jvm.dll+0xbc06f]  (no source info available)
V  [jvm.dll+0xbc2cb]  (no source info available)
V  [jvm.dll+0x2eea6d]  (no source info available)
V  [jvm.dll+0x606669]  (no source info available)
V  [jvm.dll+0x24def2]  (no source info available)
V  [jvm.dll+0x24681d]  (no source info available)
V  [jvm.dll+0x243e04]  (no source info available)
V  [jvm.dll+0x1c34b0]  (no source info available)
V  [jvm.dll+0x253df1]  (no source info available)
V  [jvm.dll+0x2520aa]  (no source info available)
V  [jvm.dll+0x3ee226]  (no source info available)
V  [jvm.dll+0x8254cb]  (no source info available)
V  [jvm.dll+0x6df345]  (no source info available)
C  [ucrtbase.dll+0x29333]  (no source info available)
C  [KERNEL32.DLL+0x1259d]  (no source info available)
C  [ntdll.dll+0x5af78]  (no source info available)

Lock stack of current Java thread (top to bottom):


---------------  P R O C E S S  ---------------

Threads class SMR info:
_java_thread_list=0x000002501177a650, length=49, elements={
0x0000024fab8f1fd0, 0x0000024fc7e0d140, 0x0000024fc7e0df60, 0x0000024fc7e15b30,
0x0000024fc7e175a0, 0x0000024fc7e18000, 0x0000024fc7e18a60, 0x0000024fc7e197f0,
0x0000024fc7e1c6c0, 0x000002500d115d30, 0x000002500d2ccb80, 0x000002500ef03660,
0x000002500ec7f150, 0x000002500ef5d3f0, 0x000002500ef48bf0, 0x000002500ed63c10,
0x000002500ed7ca90, 0x000002500ed7d120, 0x000002500ed7d7b0, 0x000002500e1c2710,
0x000002500e1c75d0, 0x000002500e1c0640, 0x000002500e1c3430, 0x000002500e1c6f40,
0x000002500e1c0cd0, 0x0000025011277b00, 0x0000025011aaac60, 0x0000025013ac59f0,
0x00000250121de3a0, 0x0000025013ac6710, 0x0000025019023a70, 0x000002501178d480,
0x000002501178a000, 0x000002501178a690, 0x0000025013ac8e70, 0x0000025019028930,
0x00000250194e9430, 0x0000025011277470, 0x0000025011276de0, 0x0000025011273960,
0x0000025011276750, 0x0000025011272c40, 0x0000025011274d10, 0x0000025019027c10,
0x00000250190219a0, 0x0000025019024100, 0x0000025019026ef0, 0x0000025019027580,
0x00000250134ddb60
}
_to_delete_list=0x0000025011779c30
Skipping _to_delete_list fields and contents for safety.

Java Threads: ( => current thread )
  0x0000024fab8f1fd0 JavaThread "main"                              [_thread_blocked, id=12792, stack(0x000000a188900000,0x000000a188a00000) (1024K)]
  0x0000024fc7e0d140 JavaThread "Reference Handler"          daemon [_thread_blocked, id=1996, stack(0x000000a189100000,0x000000a189200000) (1024K)]
  0x0000024fc7e0df60 JavaThread "Finalizer"                  daemon [_thread_blocked, id=11032, stack(0x000000a189200000,0x000000a189300000) (1024K)]
  0x0000024fc7e15b30 JavaThread "Signal Dispatcher"          daemon [_thread_blocked, id=1724, stack(0x000000a189300000,0x000000a189400000) (1024K)]
  0x0000024fc7e175a0 JavaThread "Attach Listener"            daemon [_thread_blocked, id=17060, stack(0x000000a189400000,0x000000a189500000) (1024K)]
  0x0000024fc7e18000 JavaThread "Service Thread"             daemon [_thread_blocked, id=3580, stack(0x000000a189500000,0x000000a189600000) (1024K)]
  0x0000024fc7e18a60 JavaThread "Monitor Deflation Thread"   daemon [_thread_blocked, id=13616, stack(0x000000a189600000,0x000000a189700000) (1024K)]
=>0x0000024fc7e197f0 JavaThread "C2 CompilerThread0"         daemon [_thread_in_native, id=8892, stack(0x000000a189700000,0x000000a189800000) (1024K)]
  0x0000024fc7e1c6c0 JavaThread "C1 CompilerThread0"         daemon [_thread_blocked, id=13188, stack(0x000000a189800000,0x000000a189900000) (1024K)]
  0x000002500d115d30 JavaThread "Common-Cleaner"             daemon [_thread_blocked, id=13368, stack(0x000000a189900000,0x000000a189a00000) (1024K)]
  0x000002500d2ccb80 JavaThread "Notification Thread"        daemon [_thread_blocked, id=7204, stack(0x000000a189a00000,0x000000a189b00000) (1024K)]
  0x000002500ef03660 JavaThread "Daemon health stats"               [_thread_blocked, id=8772, stack(0x000000a189f00000,0x000000a18a000000) (1024K)]
  0x000002500ec7f150 JavaThread "Incoming local TCP Connector on port 64545"        [_thread_in_native, id=1804, stack(0x000000a189e00000,0x000000a189f00000) (1024K)]
  0x000002500ef5d3f0 JavaThread "Daemon periodic checks"            [_thread_blocked, id=9260, stack(0x000000a18a000000,0x000000a18a100000) (1024K)]
  0x000002500ef48bf0 JavaThread "Daemon"                            [_thread_blocked, id=9044, stack(0x000000a18a100000,0x000000a18a200000) (1024K)]
  0x000002500ed63c10 JavaThread "Daemon worker"                     [_thread_blocked, id=10640, stack(0x000000a18a400000,0x000000a18a500000) (1024K)]
  0x000002500ed7ca90 JavaThread "Cache worker for journal cache (D:\.gradle\caches\journal-1)"        [_thread_blocked, id=13180, stack(0x000000a18a800000,0x000000a18a900000) (1024K)]
  0x000002500ed7d120 JavaThread "File lock request listener"        [_thread_in_native, id=8084, stack(0x000000a18a900000,0x000000a18aa00000) (1024K)]
  0x000002500ed7d7b0 JavaThread "Cache worker for file hash cache (D:\.gradle\caches\8.13\fileHashes)"        [_thread_blocked, id=6404, stack(0x000000a18aa00000,0x000000a18ab00000) (1024K)]
  0x000002500e1c2710 JavaThread "File watcher server"        daemon [_thread_in_native, id=13492, stack(0x000000a18ad00000,0x000000a18ae00000) (1024K)]
  0x000002500e1c75d0 JavaThread "File watcher consumer"      daemon [_thread_blocked, id=15212, stack(0x000000a18ae00000,0x000000a18af00000) (1024K)]
  0x000002500e1c0640 JavaThread "jar transforms"                    [_thread_blocked, id=10892, stack(0x000000a18b000000,0x000000a18b100000) (1024K)]
  0x000002500e1c3430 JavaThread "jar transforms Thread 2"           [_thread_blocked, id=10996, stack(0x000000a18b100000,0x000000a18b200000) (1024K)]
  0x000002500e1c6f40 JavaThread "jar transforms Thread 3"           [_thread_blocked, id=4908, stack(0x000000a18af00000,0x000000a18b000000) (1024K)]
  0x000002500e1c0cd0 JavaThread "Cache worker for file content cache (D:\.gradle\caches\8.13\fileContent)"        [_thread_blocked, id=3984, stack(0x000000a18b400000,0x000000a18b500000) (1024K)]
  0x0000025011277b00 JavaThread "jar transforms Thread 4"           [_thread_blocked, id=6200, stack(0x000000a18b800000,0x000000a18b900000) (1024K)]
  0x0000025011aaac60 JavaThread "Memory manager"                    [_thread_blocked, id=1960, stack(0x000000a18c400000,0x000000a18c500000) (1024K)]
  0x0000025013ac59f0 JavaThread "pool-3-thread-1"                   [_thread_blocked, id=8736, stack(0x000000a188700000,0x000000a188800000) (1024K)]
  0x00000250121de3a0 JavaThread "pool-6-thread-1"                   [_thread_blocked, id=6588, stack(0x000000a18bf00000,0x000000a18c000000) (1024K)]
  0x0000025013ac6710 JavaThread "RMI Scheduler(0)"           daemon [_thread_blocked, id=11760, stack(0x000000a18eb00000,0x000000a18ec00000) (1024K)]
  0x0000025019023a70 JavaThread "RMI GC Daemon"              daemon [_thread_blocked, id=15428, stack(0x000000a18ed00000,0x000000a18ee00000) (1024K)]
  0x000002501178d480 JavaThread "RMI TCP Accept-0"           daemon [_thread_in_native, id=10048, stack(0x000000a18ee00000,0x000000a18ef00000) (1024K)]
  0x000002501178a000 JavaThread "RMI Reaper"                        [_thread_blocked, id=10024, stack(0x000000a18ef00000,0x000000a18f000000) (1024K)]
  0x000002501178a690 JavaThread "RMI TCP Connection(idle)"   daemon [_thread_blocked, id=1032, stack(0x000000a18f300000,0x000000a18f400000) (1024K)]
  0x0000025013ac8e70 JavaThread "VFS cleanup Thread 2"              [_thread_blocked, id=17300, stack(0x000000a188500000,0x000000a188600000) (1024K)]
  0x0000025019028930 JavaThread "pool-9-thread-1"                   [_thread_blocked, id=1156, stack(0x000000a18c000000,0x000000a18c100000) (1024K)]
  0x00000250194e9430 JavaThread "included builds"                   [_thread_blocked, id=6684, stack(0x000000a18c600000,0x000000a18c700000) (1024K)]
  0x0000025011277470 JavaThread "RMI RenewClean-[127.0.0.1:17840,org.jetbrains.kotlin.daemon.common.LoopbackNetworkInterface$ClientLoopbackSocketFactory@dcccfaf]" daemon [_thread_blocked, id=6984, stack(0x000000a18de00000,0x000000a18df00000) (1024K)]
  0x0000025011276de0 JavaThread "Handler for socket connection from /127.0.0.1:64545 to /127.0.0.1:50545"        [_thread_in_native, id=9716, stack(0x000000a188600000,0x000000a188700000) (1024K)]
  0x0000025011273960 JavaThread "Cancel handler"                    [_thread_blocked, id=6040, stack(0x000000a18a200000,0x000000a18a300000) (1024K)]
  0x0000025011276750 JavaThread "Asynchronous log dispatcher for DefaultDaemonConnection: socket connection from /127.0.0.1:64545 to /127.0.0.1:50545"        [_thread_blocked, id=3000, stack(0x000000a18a300000,0x000000a18a400000) (1024K)]
  0x0000025011272c40 JavaThread "Stdin handler"                     [_thread_blocked, id=13136, stack(0x000000a18a500000,0x000000a18a600000) (1024K)]
  0x0000025011274d10 JavaThread "Daemon client event forwarder"        [_thread_blocked, id=10096, stack(0x000000a18a600000,0x000000a18a700000) (1024K)]
  0x0000025019027c10 JavaThread "Cache worker for file hash cache (D:\AndroidProject\QuizBattleApp\.gradle\8.13\fileHashes)"        [_thread_blocked, id=8792, stack(0x000000a18a700000,0x000000a18a800000) (1024K)]
  0x00000250190219a0 JavaThread "Cache worker for Build Output Cleanup Cache (D:\AndroidProject\QuizBattleApp\.gradle\buildOutputCleanup)"        [_thread_blocked, id=14208, stack(0x000000a18ab00000,0x000000a18ac00000) (1024K)]
  0x0000025019024100 JavaThread "Cache worker for checksums cache (D:\AndroidProject\QuizBattleApp\.gradle\8.13\checksums)"        [_thread_blocked, id=13060, stack(0x000000a18ac00000,0x000000a18ad00000) (1024K)]
  0x0000025019026ef0 JavaThread "Cache worker for cache directory md-supplier (D:\.gradle\caches\8.13\md-supplier)"        [_thread_blocked, id=7440, stack(0x000000a18b200000,0x000000a18b300000) (1024K)]
  0x0000025019027580 JavaThread "Cache worker for cache directory md-rule (D:\.gradle\caches\8.13\md-rule)"        [_thread_blocked, id=11716, stack(0x000000a18b300000,0x000000a18b400000) (1024K)]
  0x00000250134ddb60 JavaThread "C2 CompilerThread1"         daemon [_thread_blocked, id=6180, stack(0x000000a18b500000,0x000000a18b600000) (1024K)]
Total: 49

Other Threads:
  0x0000024fc7df3720 VMThread "VM Thread"                           [id=1952, stack(0x000000a189000000,0x000000a189100000) (1024K)]
  0x0000024fc7de43c0 WatcherThread "VM Periodic Task Thread"        [id=6124, stack(0x000000a188f00000,0x000000a189000000) (1024K)]
  0x0000024fab952660 WorkerThread "GC Thread#0"                     [id=3856, stack(0x000000a188a00000,0x000000a188b00000) (1024K)]
  0x000002500d4076e0 WorkerThread "GC Thread#1"                     [id=11464, stack(0x000000a189b00000,0x000000a189c00000) (1024K)]
  0x000002500d3479d0 WorkerThread "GC Thread#2"                     [id=6744, stack(0x000000a189c00000,0x000000a189d00000) (1024K)]
  0x000002500d347d80 WorkerThread "GC Thread#3"                     [id=9192, stack(0x000000a189d00000,0x000000a189e00000) (1024K)]
  0x0000024fab9675c0 ConcurrentGCThread "G1 Main Marker"            [id=1788, stack(0x000000a188b00000,0x000000a188c00000) (1024K)]
  0x0000024fab968230 WorkerThread "G1 Conc#0"                       [id=6936, stack(0x000000a188c00000,0x000000a188d00000) (1024K)]
  0x0000024fab99e8a0 ConcurrentGCThread "G1 Refine#0"               [id=11156, stack(0x000000a188d00000,0x000000a188e00000) (1024K)]
  0x0000024fc7cbc5e0 ConcurrentGCThread "G1 Service"                [id=11592, stack(0x000000a188e00000,0x000000a188f00000) (1024K)]
Total: 10

Threads with active compile tasks:
C2 CompilerThread0  273387 20371   !   4       java.util.concurrent.ConcurrentHashMap::compute (654 bytes)
C1 CompilerThread0  273387 20406   !   3       org.gradle.util.internal.DefaultGradleVersion::parseSnapshot (132 bytes)
C2 CompilerThread1  273387 20404       4       com.esotericsoftware.kryo.io.Input::readUtf8_slow (255 bytes)
Total: 3

VM state: at safepoint (normal execution)

VM Mutex/Monitor currently owned by a thread:  ([mutex/lock_event])
[0x00007fffad324888] Threads_lock - owner thread: 0x0000024fc7df3720
[0x00007fffad324988] Heap_lock - owner thread: 0x000002500ed63c10

Heap address: 0x0000000080000000, size: 2048 MB, Compressed Oops mode: 32-bit

CDS archive(s) mapped at: [0x0000024fc8000000-0x0000024fc8d70000-0x0000024fc8d70000), size 14090240, SharedBaseAddress: 0x0000024fc8000000, ArchiveRelocationMode: 1.
Compressed class space mapped at: 0x0000024fc9000000-0x0000025009000000, reserved size: 1073741824
Narrow klass base: 0x0000024fc8000000, Narrow klass shift: 0, Narrow klass range: 0x41000000

GC Precious Log:
 CardTable entry size: 512
 Card Set container configuration: InlinePtr #cards 5 size 8 Array Of Cards #cards 10 size 36 Howl #buckets 4 coarsen threshold 1843 Howl Bitmap #cards 512 size 80 coarsen threshold 460 Card regions per heap region 1 cards per card region 2048
 CPUs: 4 total, 4 available
 Memory: 7894M
 Large Page Support: Disabled
 NUMA Support: Disabled
 Compressed Oops: Enabled (32-bit)
 Heap Region Size: 1M
 Heap Min Capacity: 8M
 Heap Initial Capacity: 124M
 Heap Max Capacity: 2G
 Pre-touch: Disabled
 Parallel Workers: 4
 Concurrent Workers: 1
 Concurrent Refinement Workers: 4
 Periodic GC: Disabled

Heap:
 garbage-first heap   total reserved 2097152K, committed 270336K, used 243164K [0x0000000080000000, 0x0000000100000000)
  region size 1024K, 74 young (75776K), 5 survivors (5120K)
 Metaspace       used 129494K, committed 131968K, reserved 1179648K
  class space    used 17932K, committed 19136K, reserved 1048576K

Heap Regions: E=young(eden), S=young(survivor), O=old, HS=humongous(starts), HC=humongous(continues), CS=collection set, F=free, TAMS=top-at-mark-start, PB=parsable bottom
|   0|0x0000000080000000, 0x0000000080100000, 0x0000000080100000|100%|HS|  |TAMS 0x0000000080100000| PB 0x0000000080000000| Complete |  0
|   1|0x0000000080100000, 0x0000000080200000, 0x0000000080200000|100%|HC|  |TAMS 0x0000000080200000| PB 0x0000000080100000| Complete |  0
|   2|0x0000000080200000, 0x0000000080300000, 0x0000000080300000|100%|HC|  |TAMS 0x0000000080300000| PB 0x0000000080200000| Complete |  0
|   3|0x0000000080300000, 0x0000000080400000, 0x0000000080400000|100%| O|  |TAMS 0x0000000080400000| PB 0x0000000080300000| Untracked |  0
|   4|0x0000000080400000, 0x0000000080500000, 0x0000000080500000|100%| O|  |TAMS 0x0000000080500000| PB 0x0000000080400000| Untracked |  0
|   5|0x0000000080500000, 0x0000000080600000, 0x0000000080600000|100%| O|  |TAMS 0x0000000080600000| PB 0x0000000080500000| Untracked |  0
|   6|0x0000000080600000, 0x0000000080700000, 0x0000000080700000|100%| O|  |TAMS 0x0000000080700000| PB 0x0000000080600000| Untracked |  0
|   7|0x0000000080700000, 0x0000000080800000, 0x0000000080800000|100%| O|  |TAMS 0x0000000080800000| PB 0x0000000080700000| Untracked |  0
|   8|0x0000000080800000, 0x0000000080900000, 0x0000000080900000|100%| O|  |TAMS 0x0000000080900000| PB 0x0000000080800000| Untracked |  0
|   9|0x0000000080900000, 0x0000000080a00000, 0x0000000080a00000|100%| O|  |TAMS 0x0000000080a00000| PB 0x0000000080900000| Untracked |  0
|  10|0x0000000080a00000, 0x0000000080b00000, 0x0000000080b00000|100%|HS|  |TAMS 0x0000000080b00000| PB 0x0000000080a00000| Complete |  0
|  11|0x0000000080b00000, 0x0000000080c00000, 0x0000000080c00000|100%| O|  |TAMS 0x0000000080c00000| PB 0x0000000080b00000| Untracked |  0
|  12|0x0000000080c00000, 0x0000000080d00000, 0x0000000080d00000|100%| O|  |TAMS 0x0000000080d00000| PB 0x0000000080c00000| Untracked |  0
|  13|0x0000000080d00000, 0x0000000080e00000, 0x0000000080e00000|100%| O|  |TAMS 0x0000000080e00000| PB 0x0000000080d00000| Untracked |  0
|  14|0x0000000080e00000, 0x0000000080f00000, 0x0000000080f00000|100%| O|  |TAMS 0x0000000080f00000| PB 0x0000000080e00000| Untracked |  0
|  15|0x0000000080f00000, 0x0000000081000000, 0x0000000081000000|100%| O|  |TAMS 0x0000000081000000| PB 0x0000000080f00000| Untracked |  0
|  16|0x0000000081000000, 0x0000000081100000, 0x0000000081100000|100%| O|  |TAMS 0x0000000081100000| PB 0x0000000081000000| Untracked |  0
|  17|0x0000000081100000, 0x0000000081200000, 0x0000000081200000|100%| O|  |TAMS 0x0000000081200000| PB 0x0000000081100000| Untracked |  0
|  18|0x0000000081200000, 0x0000000081300000, 0x0000000081300000|100%| O|  |TAMS 0x0000000081300000| PB 0x0000000081200000| Untracked |  0
|  19|0x0000000081300000, 0x0000000081400000, 0x0000000081400000|100%| O|  |TAMS 0x0000000081400000| PB 0x0000000081300000| Untracked |  0
|  20|0x0000000081400000, 0x0000000081500000, 0x0000000081500000|100%| O|  |TAMS 0x0000000081500000| PB 0x0000000081400000| Untracked |  0
|  21|0x0000000081500000, 0x0000000081600000, 0x0000000081600000|100%| O|  |TAMS 0x0000000081600000| PB 0x0000000081500000| Untracked |  0
|  22|0x0000000081600000, 0x0000000081700000, 0x0000000081700000|100%| O|  |TAMS 0x0000000081700000| PB 0x0000000081600000| Untracked |  0
|  23|0x0000000081700000, 0x0000000081800000, 0x0000000081800000|100%| O|  |TAMS 0x0000000081800000| PB 0x0000000081700000| Untracked |  0
|  24|0x0000000081800000, 0x0000000081900000, 0x0000000081900000|100%| O|  |TAMS 0x0000000081900000| PB 0x0000000081800000| Untracked |  0
|  25|0x0000000081900000, 0x0000000081a00000, 0x0000000081a00000|100%| O|  |TAMS 0x0000000081a00000| PB 0x0000000081900000| Untracked |  0
|  26|0x0000000081a00000, 0x0000000081b00000, 0x0000000081b00000|100%| O|  |TAMS 0x0000000081b00000| PB 0x0000000081a00000| Untracked |  0
|  27|0x0000000081b00000, 0x0000000081c00000, 0x0000000081c00000|100%| O|  |TAMS 0x0000000081c00000| PB 0x0000000081b00000| Untracked |  0
|  28|0x0000000081c00000, 0x0000000081d00000, 0x0000000081d00000|100%| O|  |TAMS 0x0000000081d00000| PB 0x0000000081c00000| Untracked |  0
|  29|0x0000000081d00000, 0x0000000081e00000, 0x0000000081e00000|100%| O|  |TAMS 0x0000000081e00000| PB 0x0000000081d00000| Untracked |  0
|  30|0x0000000081e00000, 0x0000000081f00000, 0x0000000081f00000|100%| O|  |TAMS 0x0000000081f00000| PB 0x0000000081e00000| Untracked |  0
|  31|0x0000000081f00000, 0x0000000082000000, 0x0000000082000000|100%| O|  |TAMS 0x0000000082000000| PB 0x0000000081f00000| Untracked |  0
|  32|0x0000000082000000, 0x0000000082100000, 0x0000000082100000|100%| O|  |TAMS 0x0000000082100000| PB 0x0000000082000000| Untracked |  0
|  33|0x0000000082100000, 0x0000000082200000, 0x0000000082200000|100%| O|  |TAMS 0x0000000082200000| PB 0x0000000082100000| Untracked |  0
|  34|0x0000000082200000, 0x0000000082300000, 0x0000000082300000|100%| O|  |TAMS 0x0000000082300000| PB 0x0000000082200000| Untracked |  0
|  35|0x0000000082300000, 0x0000000082400000, 0x0000000082400000|100%| O|  |TAMS 0x0000000082400000| PB 0x0000000082300000| Untracked |  0
|  36|0x0000000082400000, 0x0000000082500000, 0x0000000082500000|100%| O|  |TAMS 0x0000000082500000| PB 0x0000000082400000| Untracked |  0
|  37|0x0000000082500000, 0x0000000082600000, 0x0000000082600000|100%| O|  |TAMS 0x0000000082600000| PB 0x0000000082500000| Untracked |  0
|  38|0x0000000082600000, 0x0000000082700000, 0x0000000082700000|100%| O|  |TAMS 0x0000000082700000| PB 0x0000000082600000| Untracked |  0
|  39|0x0000000082700000, 0x0000000082800000, 0x0000000082800000|100%| O|  |TAMS 0x0000000082700000| PB 0x0000000082700000| Untracked |  0
|  40|0x0000000082800000, 0x0000000082900000, 0x0000000082900000|100%|HS|  |TAMS 0x0000000082900000| PB 0x0000000082800000| Complete |  0
|  41|0x0000000082900000, 0x0000000082a00000, 0x0000000082a00000|100%| O|  |TAMS 0x0000000082a00000| PB 0x0000000082900000| Untracked |  0
|  42|0x0000000082a00000, 0x0000000082b00000, 0x0000000082b00000|100%| O|  |TAMS 0x0000000082b00000| PB 0x0000000082a00000| Untracked |  0
|  43|0x0000000082b00000, 0x0000000082c00000, 0x0000000082c00000|100%| O|  |TAMS 0x0000000082c00000| PB 0x0000000082b00000| Untracked |  0
|  44|0x0000000082c00000, 0x0000000082d00000, 0x0000000082d00000|100%| O|  |TAMS 0x0000000082d00000| PB 0x0000000082c00000| Untracked |  0
|  45|0x0000000082d00000, 0x0000000082e00000, 0x0000000082e00000|100%| O|  |TAMS 0x0000000082e00000| PB 0x0000000082d00000| Untracked |  0
|  46|0x0000000082e00000, 0x0000000082f00000, 0x0000000082f00000|100%| O|  |TAMS 0x0000000082f00000| PB 0x0000000082e00000| Untracked |  0
|  47|0x0000000082f00000, 0x0000000083000000, 0x0000000083000000|100%| O|  |TAMS 0x0000000083000000| PB 0x0000000082f00000| Untracked |  0
|  48|0x0000000083000000, 0x0000000083100000, 0x0000000083100000|100%| O|  |TAMS 0x0000000083100000| PB 0x0000000083000000| Untracked |  0
|  49|0x0000000083100000, 0x0000000083200000, 0x0000000083200000|100%| O|  |TAMS 0x0000000083100000| PB 0x0000000083100000| Untracked |  0
|  50|0x0000000083200000, 0x0000000083300000, 0x0000000083300000|100%| O|  |TAMS 0x0000000083300000| PB 0x0000000083200000| Untracked |  0
|  51|0x0000000083300000, 0x0000000083400000, 0x0000000083400000|100%| O|  |TAMS 0x0000000083400000| PB 0x0000000083300000| Untracked |  0
|  52|0x0000000083400000, 0x0000000083500000, 0x0000000083500000|100%|HS|  |TAMS 0x0000000083500000| PB 0x0000000083400000| Complete |  0
|  53|0x0000000083500000, 0x0000000083600000, 0x0000000083600000|100%| O|  |TAMS 0x0000000083600000| PB 0x0000000083500000| Untracked |  0
|  54|0x0000000083600000, 0x0000000083700000, 0x0000000083700000|100%| O|  |TAMS 0x0000000083700000| PB 0x0000000083600000| Untracked |  0
|  55|0x0000000083700000, 0x0000000083800000, 0x0000000083800000|100%| O|  |TAMS 0x0000000083800000| PB 0x0000000083700000| Untracked |  0
|  56|0x0000000083800000, 0x0000000083900000, 0x0000000083900000|100%| O|  |TAMS 0x0000000083900000| PB 0x0000000083800000| Untracked |  0
|  57|0x0000000083900000, 0x0000000083a00000, 0x0000000083a00000|100%| O|  |TAMS 0x0000000083a00000| PB 0x0000000083900000| Untracked |  0
|  58|0x0000000083a00000, 0x0000000083b00000, 0x0000000083b00000|100%|HS|  |TAMS 0x0000000083b00000| PB 0x0000000083a00000| Complete |  0
|  59|0x0000000083b00000, 0x0000000083c00000, 0x0000000083c00000|100%|HC|  |TAMS 0x0000000083c00000| PB 0x0000000083b00000| Complete |  0
|  60|0x0000000083c00000, 0x0000000083d00000, 0x0000000083d00000|100%|HS|  |TAMS 0x0000000083d00000| PB 0x0000000083c00000| Complete |  0
|  61|0x0000000083d00000, 0x0000000083e00000, 0x0000000083e00000|100%|HC|  |TAMS 0x0000000083e00000| PB 0x0000000083d00000| Complete |  0
|  62|0x0000000083e00000, 0x0000000083f00000, 0x0000000083f00000|100%|HS|  |TAMS 0x0000000083f00000| PB 0x0000000083e00000| Complete |  0
|  63|0x0000000083f00000, 0x0000000084000000, 0x0000000084000000|100%|HS|  |TAMS 0x0000000084000000| PB 0x0000000083f00000| Complete |  0
|  64|0x0000000084000000, 0x0000000084100000, 0x0000000084100000|100%|HS|  |TAMS 0x0000000084100000| PB 0x0000000084000000| Complete |  0
|  65|0x0000000084100000, 0x0000000084200000, 0x0000000084200000|100%|HC|  |TAMS 0x0000000084200000| PB 0x0000000084100000| Complete |  0
|  66|0x0000000084200000, 0x0000000084300000, 0x0000000084300000|100%|HC|  |TAMS 0x0000000084300000| PB 0x0000000084200000| Complete |  0
|  67|0x0000000084300000, 0x0000000084400000, 0x0000000084400000|100%|HS|  |TAMS 0x0000000084400000| PB 0x0000000084300000| Complete |  0
|  68|0x0000000084400000, 0x0000000084500000, 0x0000000084500000|100%| O|  |TAMS 0x0000000084500000| PB 0x0000000084400000| Untracked |  0
|  69|0x0000000084500000, 0x0000000084600000, 0x0000000084600000|100%| O|  |TAMS 0x0000000084600000| PB 0x0000000084500000| Untracked |  0
|  70|0x0000000084600000, 0x0000000084700000, 0x0000000084700000|100%| O|  |TAMS 0x0000000084700000| PB 0x0000000084600000| Untracked |  0
|  71|0x0000000084700000, 0x0000000084800000, 0x0000000084800000|100%|HS|  |TAMS 0x0000000084800000| PB 0x0000000084700000| Complete |  0
|  72|0x0000000084800000, 0x0000000084900000, 0x0000000084900000|100%| O|  |TAMS 0x0000000084900000| PB 0x0000000084800000| Untracked |  0
|  73|0x0000000084900000, 0x0000000084a00000, 0x0000000084a00000|100%| O|  |TAMS 0x0000000084a00000| PB 0x0000000084900000| Untracked |  0
|  74|0x0000000084a00000, 0x0000000084b00000, 0x0000000084b00000|100%| O|  |TAMS 0x0000000084b00000| PB 0x0000000084a00000| Untracked |  0
|  75|0x0000000084b00000, 0x0000000084c00000, 0x0000000084c00000|100%| O|  |TAMS 0x0000000084c00000| PB 0x0000000084b00000| Untracked |  0
|  76|0x0000000084c00000, 0x0000000084d00000, 0x0000000084d00000|100%| O|  |TAMS 0x0000000084d00000| PB 0x0000000084c00000| Untracked |  0
|  77|0x0000000084d00000, 0x0000000084e00000, 0x0000000084e00000|100%| O|  |TAMS 0x0000000084e00000| PB 0x0000000084d00000| Untracked |  0
|  78|0x0000000084e00000, 0x0000000084f00000, 0x0000000084f00000|100%| O|  |TAMS 0x0000000084f00000| PB 0x0000000084e00000| Untracked |  0
|  79|0x0000000084f00000, 0x0000000085000000, 0x0000000085000000|100%|HS|  |TAMS 0x0000000085000000| PB 0x0000000084f00000| Complete |  0
|  80|0x0000000085000000, 0x0000000085100000, 0x0000000085100000|100%| O|  |TAMS 0x0000000085100000| PB 0x0000000085000000| Untracked |  0
|  81|0x0000000085100000, 0x0000000085200000, 0x0000000085200000|100%| O|  |TAMS 0x0000000085200000| PB 0x0000000085100000| Untracked |  0
|  82|0x0000000085200000, 0x0000000085300000, 0x0000000085300000|100%| O|  |TAMS 0x0000000085300000| PB 0x0000000085200000| Untracked |  0
|  83|0x0000000085300000, 0x0000000085400000, 0x0000000085400000|100%| O|  |TAMS 0x0000000085400000| PB 0x0000000085300000| Untracked |  0
|  84|0x0000000085400000, 0x0000000085500000, 0x0000000085500000|100%|HS|  |TAMS 0x0000000085500000| PB 0x0000000085400000| Complete |  0
|  85|0x0000000085500000, 0x0000000085600000, 0x0000000085600000|100%|HC|  |TAMS 0x0000000085600000| PB 0x0000000085500000| Complete |  0
|  86|0x0000000085600000, 0x0000000085700000, 0x0000000085700000|100%|HC|  |TAMS 0x0000000085700000| PB 0x0000000085600000| Complete |  0
|  87|0x0000000085700000, 0x0000000085800000, 0x0000000085800000|100%| O|  |TAMS 0x0000000085800000| PB 0x0000000085700000| Untracked |  0
|  88|0x0000000085800000, 0x0000000085900000, 0x0000000085900000|100%| O|  |TAMS 0x0000000085900000| PB 0x0000000085800000| Untracked |  0
|  89|0x0000000085900000, 0x0000000085a00000, 0x0000000085a00000|100%| O|  |TAMS 0x0000000085a00000| PB 0x0000000085900000| Untracked |  0
|  90|0x0000000085a00000, 0x0000000085b00000, 0x0000000085b00000|100%| O|  |TAMS 0x0000000085b00000| PB 0x0000000085a00000| Untracked |  0
|  91|0x0000000085b00000, 0x0000000085c00000, 0x0000000085c00000|100%| O|  |TAMS 0x0000000085c00000| PB 0x0000000085b00000| Untracked |  0
|  92|0x0000000085c00000, 0x0000000085d00000, 0x0000000085d00000|100%| O|  |TAMS 0x0000000085d00000| PB 0x0000000085c00000| Untracked |  0
|  93|0x0000000085d00000, 0x0000000085e00000, 0x0000000085e00000|100%| O|  |TAMS 0x0000000085e00000| PB 0x0000000085d00000| Untracked |  0
|  94|0x0000000085e00000, 0x0000000085f00000, 0x0000000085f00000|100%| O|  |TAMS 0x0000000085f00000| PB 0x0000000085e00000| Untracked |  0
|  95|0x0000000085f00000, 0x0000000086000000, 0x0000000086000000|100%| O|  |TAMS 0x0000000086000000| PB 0x0000000085f00000| Untracked |  0
|  96|0x0000000086000000, 0x0000000086100000, 0x0000000086100000|100%| O|  |TAMS 0x0000000086100000| PB 0x0000000086000000| Untracked |  0
|  97|0x0000000086100000, 0x0000000086200000, 0x0000000086200000|100%| O|  |TAMS 0x0000000086200000| PB 0x0000000086100000| Untracked |  0
|  98|0x0000000086200000, 0x0000000086300000, 0x0000000086300000|100%| O|  |TAMS 0x0000000086300000| PB 0x0000000086200000| Untracked |  0
|  99|0x0000000086300000, 0x0000000086400000, 0x0000000086400000|100%| O|  |TAMS 0x0000000086400000| PB 0x0000000086300000| Untracked |  0
| 100|0x0000000086400000, 0x0000000086500000, 0x0000000086500000|100%| O|  |TAMS 0x0000000086500000| PB 0x0000000086400000| Untracked |  0
| 101|0x0000000086500000, 0x0000000086600000, 0x0000000086600000|100%| O|  |TAMS 0x0000000086600000| PB 0x0000000086500000| Untracked |  0
| 102|0x0000000086600000, 0x0000000086700000, 0x0000000086700000|100%| O|  |TAMS 0x0000000086700000| PB 0x0000000086600000| Untracked |  0
| 103|0x0000000086700000, 0x0000000086800000, 0x0000000086800000|100%|HS|  |TAMS 0x0000000086800000| PB 0x0000000086700000| Complete |  0
| 104|0x0000000086800000, 0x0000000086900000, 0x0000000086900000|100%| O|  |TAMS 0x0000000086900000| PB 0x0000000086800000| Untracked |  0
| 105|0x0000000086900000, 0x0000000086a00000, 0x0000000086a00000|100%| O|  |TAMS 0x0000000086a00000| PB 0x0000000086900000| Untracked |  0
| 106|0x0000000086a00000, 0x0000000086b00000, 0x0000000086b00000|100%| O|  |TAMS 0x0000000086b00000| PB 0x0000000086a00000| Untracked |  0
| 107|0x0000000086b00000, 0x0000000086c00000, 0x0000000086c00000|100%| O|  |TAMS 0x0000000086b00000| PB 0x0000000086b00000| Untracked |  0
| 108|0x0000000086c00000, 0x0000000086d00000, 0x0000000086d00000|100%| O|  |TAMS 0x0000000086c00000| PB 0x0000000086c00000| Untracked |  0
| 109|0x0000000086d00000, 0x0000000086e00000, 0x0000000086e00000|100%| O|  |TAMS 0x0000000086e00000| PB 0x0000000086d00000| Untracked |  0
| 110|0x0000000086e00000, 0x0000000086f00000, 0x0000000086f00000|100%| O|  |TAMS 0x0000000086f00000| PB 0x0000000086e00000| Untracked |  0
| 111|0x0000000086f00000, 0x0000000087000000, 0x0000000087000000|100%| O|  |TAMS 0x0000000087000000| PB 0x0000000086f00000| Untracked |  0
| 112|0x0000000087000000, 0x0000000087100000, 0x0000000087100000|100%| O|  |TAMS 0x0000000087100000| PB 0x0000000087000000| Untracked |  0
| 113|0x0000000087100000, 0x0000000087200000, 0x0000000087200000|100%| O|  |TAMS 0x0000000087200000| PB 0x0000000087100000| Untracked |  0
| 114|0x0000000087200000, 0x0000000087300000, 0x0000000087300000|100%| O|  |TAMS 0x0000000087300000| PB 0x0000000087200000| Untracked |  0
| 115|0x0000000087300000, 0x0000000087400000, 0x0000000087400000|100%| O|  |TAMS 0x0000000087400000| PB 0x0000000087300000| Untracked |  0
| 116|0x0000000087400000, 0x0000000087500000, 0x0000000087500000|100%| O|  |TAMS 0x0000000087500000| PB 0x0000000087400000| Untracked |  0
| 117|0x0000000087500000, 0x0000000087600000, 0x0000000087600000|100%| O|  |TAMS 0x0000000087500000| PB 0x0000000087500000| Untracked |  0
| 118|0x0000000087600000, 0x0000000087700000, 0x0000000087700000|100%| O|  |TAMS 0x0000000087600000| PB 0x0000000087600000| Untracked |  0
| 119|0x0000000087700000, 0x0000000087800000, 0x0000000087800000|100%| O|  |TAMS 0x0000000087800000| PB 0x0000000087700000| Untracked |  0
| 120|0x0000000087800000, 0x0000000087900000, 0x0000000087900000|100%| O|  |TAMS 0x0000000087900000| PB 0x0000000087800000| Untracked |  0
| 121|0x0000000087900000, 0x0000000087a00000, 0x0000000087a00000|100%| O|  |TAMS 0x0000000087a00000| PB 0x0000000087900000| Untracked |  0
| 122|0x0000000087a00000, 0x0000000087b00000, 0x0000000087b00000|100%| O|  |TAMS 0x0000000087b00000| PB 0x0000000087a00000| Untracked |  0
| 123|0x0000000087b00000, 0x0000000087c00000, 0x0000000087c00000|100%| O|  |TAMS 0x0000000087c00000| PB 0x0000000087b00000| Untracked |  0
| 124|0x0000000087c00000, 0x0000000087d00000, 0x0000000087d00000|100%| O|  |TAMS 0x0000000087d00000| PB 0x0000000087c00000| Untracked |  0
| 125|0x0000000087d00000, 0x0000000087e00000, 0x0000000087e00000|100%| O|  |TAMS 0x0000000087e00000| PB 0x0000000087d00000| Untracked |  0
| 126|0x0000000087e00000, 0x0000000087f00000, 0x0000000087f00000|100%| O|  |TAMS 0x0000000087f00000| PB 0x0000000087e00000| Untracked |  0
| 127|0x0000000087f00000, 0x0000000088000000, 0x0000000088000000|100%| O|  |TAMS 0x0000000088000000| PB 0x0000000087f00000| Untracked |  0
| 128|0x0000000088000000, 0x0000000088100000, 0x0000000088100000|100%| O|  |TAMS 0x0000000088100000| PB 0x0000000088000000| Untracked |  0
| 129|0x0000000088100000, 0x0000000088200000, 0x0000000088200000|100%| O|  |TAMS 0x0000000088200000| PB 0x0000000088100000| Untracked |  0
| 130|0x0000000088200000, 0x0000000088300000, 0x0000000088300000|100%| O|  |TAMS 0x0000000088300000| PB 0x0000000088200000| Untracked |  0
| 131|0x0000000088300000, 0x0000000088400000, 0x0000000088400000|100%| O|  |TAMS 0x0000000088400000| PB 0x0000000088300000| Untracked |  0
| 132|0x0000000088400000, 0x0000000088500000, 0x0000000088500000|100%| O|  |TAMS 0x0000000088500000| PB 0x0000000088400000| Untracked |  0
| 133|0x0000000088500000, 0x0000000088600000, 0x0000000088600000|100%| O|  |TAMS 0x0000000088600000| PB 0x0000000088500000| Untracked |  0
| 134|0x0000000088600000, 0x0000000088700000, 0x0000000088700000|100%| O|  |TAMS 0x0000000088700000| PB 0x0000000088600000| Untracked |  0
| 135|0x0000000088700000, 0x0000000088800000, 0x0000000088800000|100%| O|  |TAMS 0x0000000088800000| PB 0x0000000088700000| Untracked |  0
| 136|0x0000000088800000, 0x0000000088900000, 0x0000000088900000|100%| O|  |TAMS 0x0000000088900000| PB 0x0000000088800000| Untracked |  0
| 137|0x0000000088900000, 0x0000000088a00000, 0x0000000088a00000|100%| O|  |TAMS 0x0000000088a00000| PB 0x0000000088900000| Untracked |  0
| 138|0x0000000088a00000, 0x0000000088b00000, 0x0000000088b00000|100%| O|  |TAMS 0x0000000088b00000| PB 0x0000000088a00000| Untracked |  0
| 139|0x0000000088b00000, 0x0000000088c00000, 0x0000000088c00000|100%| O|  |TAMS 0x0000000088c00000| PB 0x0000000088b00000| Untracked |  0
| 140|0x0000000088c00000, 0x0000000088d00000, 0x0000000088d00000|100%| O|  |TAMS 0x0000000088d00000| PB 0x0000000088c00000| Untracked |  0
| 141|0x0000000088d00000, 0x0000000088e00000, 0x0000000088e00000|100%| O|  |TAMS 0x0000000088e00000| PB 0x0000000088d00000| Untracked |  0
| 142|0x0000000088e00000, 0x0000000088f00000, 0x0000000088f00000|100%| O|  |TAMS 0x0000000088f00000| PB 0x0000000088e00000| Untracked |  0
| 143|0x0000000088f00000, 0x0000000089000000, 0x0000000089000000|100%| O|  |TAMS 0x0000000089000000| PB 0x0000000088f00000| Untracked |  0
| 144|0x0000000089000000, 0x0000000089100000, 0x0000000089100000|100%| O|  |TAMS 0x0000000089100000| PB 0x0000000089000000| Untracked |  0
| 145|0x0000000089100000, 0x0000000089200000, 0x0000000089200000|100%| O|  |TAMS 0x0000000089200000| PB 0x0000000089100000| Untracked |  0
| 146|0x0000000089200000, 0x0000000089300000, 0x0000000089300000|100%| O|  |TAMS 0x0000000089300000| PB 0x0000000089200000| Untracked |  0
| 147|0x0000000089300000, 0x0000000089400000, 0x0000000089400000|100%| O|  |TAMS 0x0000000089400000| PB 0x0000000089300000| Untracked |  0
| 148|0x0000000089400000, 0x0000000089500000, 0x0000000089500000|100%| O|  |TAMS 0x0000000089500000| PB 0x0000000089400000| Untracked |  0
| 149|0x0000000089500000, 0x0000000089600000, 0x0000000089600000|100%| O|  |TAMS 0x0000000089600000| PB 0x0000000089500000| Untracked |  0
| 150|0x0000000089600000, 0x0000000089700000, 0x0000000089700000|100%| O|  |TAMS 0x0000000089700000| PB 0x0000000089600000| Untracked |  0
| 151|0x0000000089700000, 0x0000000089800000, 0x0000000089800000|100%| O|  |TAMS 0x0000000089800000| PB 0x0000000089700000| Untracked |  0
| 152|0x0000000089800000, 0x0000000089900000, 0x0000000089900000|100%| O|  |TAMS 0x0000000089900000| PB 0x0000000089800000| Untracked |  0
| 153|0x0000000089900000, 0x0000000089a00000, 0x0000000089a00000|100%| O|  |TAMS 0x0000000089a00000| PB 0x0000000089900000| Untracked |  0
| 154|0x0000000089a00000, 0x0000000089b00000, 0x0000000089b00000|100%| O|  |TAMS 0x0000000089b00000| PB 0x0000000089a00000| Untracked |  0
| 155|0x0000000089b00000, 0x0000000089c00000, 0x0000000089c00000|100%| O|  |TAMS 0x0000000089c00000| PB 0x0000000089b00000| Untracked |  0
| 156|0x0000000089c00000, 0x0000000089d00000, 0x0000000089d00000|100%| O|  |TAMS 0x0000000089d00000| PB 0x0000000089c00000| Untracked |  0
| 157|0x0000000089d00000, 0x0000000089e00000, 0x0000000089e00000|100%| O|  |TAMS 0x0000000089e00000| PB 0x0000000089d00000| Untracked |  0
| 158|0x0000000089e00000, 0x0000000089f00000, 0x0000000089f00000|100%| O|  |TAMS 0x0000000089f00000| PB 0x0000000089e00000| Untracked |  0
| 159|0x0000000089f00000, 0x000000008a000000, 0x000000008a000000|100%| O|  |TAMS 0x000000008a000000| PB 0x0000000089f00000| Untracked |  0
| 160|0x000000008a000000, 0x000000008a100000, 0x000000008a100000|100%| O|  |TAMS 0x000000008a100000| PB 0x000000008a000000| Untracked |  0
| 161|0x000000008a100000, 0x000000008a200000, 0x000000008a200000|100%| O|  |TAMS 0x000000008a200000| PB 0x000000008a100000| Untracked |  0
| 162|0x000000008a200000, 0x000000008a300000, 0x000000008a300000|100%| O|  |TAMS 0x000000008a2772a8| PB 0x000000008a200000| Untracked |  0
| 163|0x000000008a300000, 0x000000008a400000, 0x000000008a400000|100%| O|  |TAMS 0x000000008a300000| PB 0x000000008a300000| Untracked |  0
| 164|0x000000008a400000, 0x000000008a500000, 0x000000008a500000|100%| O|  |TAMS 0x000000008a400000| PB 0x000000008a400000| Untracked |  0
| 165|0x000000008a500000, 0x000000008a600000, 0x000000008a600000|100%| O|  |TAMS 0x000000008a500000| PB 0x000000008a500000| Untracked |  0
| 166|0x000000008a600000, 0x000000008a6dee98, 0x000000008a700000| 87%| O|  |TAMS 0x000000008a600000| PB 0x000000008a600000| Untracked |  0
| 167|0x000000008a700000, 0x000000008a700000, 0x000000008a800000|  0%| F|  |TAMS 0x000000008a700000| PB 0x000000008a700000| Untracked |  0
| 168|0x000000008a800000, 0x000000008a800000, 0x000000008a900000|  0%| F|  |TAMS 0x000000008a800000| PB 0x000000008a800000| Untracked |  0
| 169|0x000000008a900000, 0x000000008a900000, 0x000000008aa00000|  0%| F|  |TAMS 0x000000008a900000| PB 0x000000008a900000| Untracked |  0
| 170|0x000000008aa00000, 0x000000008aa00000, 0x000000008ab00000|  0%| F|  |TAMS 0x000000008aa00000| PB 0x000000008aa00000| Untracked |  0
| 171|0x000000008ab00000, 0x000000008ab00000, 0x000000008ac00000|  0%| F|  |TAMS 0x000000008ab00000| PB 0x000000008ab00000| Untracked |  0
| 172|0x000000008ac00000, 0x000000008ac00000, 0x000000008ad00000|  0%| F|  |TAMS 0x000000008ac00000| PB 0x000000008ac00000| Untracked |  0
| 173|0x000000008ad00000, 0x000000008ad00000, 0x000000008ae00000|  0%| F|  |TAMS 0x000000008ad00000| PB 0x000000008ad00000| Untracked |  0
| 174|0x000000008ae00000, 0x000000008af00000, 0x000000008af00000|100%| E|CS|TAMS 0x000000008ae00000| PB 0x000000008ae00000| Complete |  0
| 175|0x000000008af00000, 0x000000008b000000, 0x000000008b000000|100%| E|CS|TAMS 0x000000008af00000| PB 0x000000008af00000| Complete |  0
| 176|0x000000008b000000, 0x000000008b100000, 0x000000008b100000|100%| E|CS|TAMS 0x000000008b000000| PB 0x000000008b000000| Complete |  0
| 177|0x000000008b100000, 0x000000008b200000, 0x000000008b200000|100%| E|CS|TAMS 0x000000008b100000| PB 0x000000008b100000| Complete |  0
| 178|0x000000008b200000, 0x000000008b300000, 0x000000008b300000|100%| E|CS|TAMS 0x000000008b200000| PB 0x000000008b200000| Complete |  0
| 179|0x000000008b300000, 0x000000008b400000, 0x000000008b400000|100%| E|CS|TAMS 0x000000008b300000| PB 0x000000008b300000| Complete |  0
| 180|0x000000008b400000, 0x000000008b500000, 0x000000008b500000|100%| E|CS|TAMS 0x000000008b400000| PB 0x000000008b400000| Complete |  0
| 181|0x000000008b500000, 0x000000008b600000, 0x000000008b600000|100%| E|CS|TAMS 0x000000008b500000| PB 0x000000008b500000| Complete |  0
| 182|0x000000008b600000, 0x000000008b700000, 0x000000008b700000|100%| E|CS|TAMS 0x000000008b600000| PB 0x000000008b600000| Complete |  0
| 183|0x000000008b700000, 0x000000008b800000, 0x000000008b800000|100%| E|CS|TAMS 0x000000008b700000| PB 0x000000008b700000| Complete |  0
| 184|0x000000008b800000, 0x000000008b800000, 0x000000008b900000|  0%| F|  |TAMS 0x000000008b800000| PB 0x000000008b800000| Untracked |  0
| 185|0x000000008b900000, 0x000000008b900000, 0x000000008ba00000|  0%| F|  |TAMS 0x000000008b900000| PB 0x000000008b900000| Untracked |  0
| 186|0x000000008ba00000, 0x000000008ba00000, 0x000000008bb00000|  0%| F|  |TAMS 0x000000008ba00000| PB 0x000000008ba00000| Untracked |  0
| 187|0x000000008bb00000, 0x000000008bb00000, 0x000000008bc00000|  0%| F|  |TAMS 0x000000008bb00000| PB 0x000000008bb00000| Untracked |  0
| 188|0x000000008bc00000, 0x000000008bce3180, 0x000000008bd00000| 88%| S|  |TAMS 0x000000008bc00000| PB 0x000000008bc00000| Complete |  0
| 189|0x000000008bd00000, 0x000000008be00000, 0x000000008be00000|100%| S|  |TAMS 0x000000008bd00000| PB 0x000000008bd00000| Complete |  0
| 190|0x000000008be00000, 0x000000008bf00000, 0x000000008bf00000|100%| S|  |TAMS 0x000000008be00000| PB 0x000000008be00000| Complete |  0
| 191|0x000000008bf00000, 0x000000008c000000, 0x000000008c000000|100%| S|  |TAMS 0x000000008bf00000| PB 0x000000008bf00000| Complete |  0
| 192|0x000000008c000000, 0x000000008c100000, 0x000000008c100000|100%| S|  |TAMS 0x000000008c000000| PB 0x000000008c000000| Complete |  0
| 193|0x000000008c100000, 0x000000008c200000, 0x000000008c200000|100%| E|CS|TAMS 0x000000008c100000| PB 0x000000008c100000| Complete |  0
| 194|0x000000008c200000, 0x000000008c300000, 0x000000008c300000|100%| E|CS|TAMS 0x000000008c200000| PB 0x000000008c200000| Complete |  0
| 195|0x000000008c300000, 0x000000008c400000, 0x000000008c400000|100%| E|CS|TAMS 0x000000008c300000| PB 0x000000008c300000| Complete |  0
| 196|0x000000008c400000, 0x000000008c500000, 0x000000008c500000|100%| E|CS|TAMS 0x000000008c400000| PB 0x000000008c400000| Complete |  0
| 197|0x000000008c500000, 0x000000008c600000, 0x000000008c600000|100%| E|CS|TAMS 0x000000008c500000| PB 0x000000008c500000| Complete |  0
| 198|0x000000008c600000, 0x000000008c700000, 0x000000008c700000|100%| E|CS|TAMS 0x000000008c600000| PB 0x000000008c600000| Complete |  0
| 199|0x000000008c700000, 0x000000008c800000, 0x000000008c800000|100%| E|CS|TAMS 0x000000008c700000| PB 0x000000008c700000| Complete |  0
| 200|0x000000008c800000, 0x000000008c900000, 0x000000008c900000|100%| E|CS|TAMS 0x000000008c800000| PB 0x000000008c800000| Complete |  0
| 201|0x000000008c900000, 0x000000008ca00000, 0x000000008ca00000|100%| E|CS|TAMS 0x000000008c900000| PB 0x000000008c900000| Complete |  0
| 202|0x000000008ca00000, 0x000000008cb00000, 0x000000008cb00000|100%| E|CS|TAMS 0x000000008ca00000| PB 0x000000008ca00000| Complete |  0
| 203|0x000000008cb00000, 0x000000008cc00000, 0x000000008cc00000|100%| E|CS|TAMS 0x000000008cb00000| PB 0x000000008cb00000| Complete |  0
| 204|0x000000008cc00000, 0x000000008cd00000, 0x000000008cd00000|100%| E|CS|TAMS 0x000000008cc00000| PB 0x000000008cc00000| Complete |  0
| 205|0x000000008cd00000, 0x000000008ce00000, 0x000000008ce00000|100%| E|CS|TAMS 0x000000008cd00000| PB 0x000000008cd00000| Complete |  0
| 206|0x000000008ce00000, 0x000000008cf00000, 0x000000008cf00000|100%| E|CS|TAMS 0x000000008ce00000| PB 0x000000008ce00000| Complete |  0
| 207|0x000000008cf00000, 0x000000008d000000, 0x000000008d000000|100%| E|CS|TAMS 0x000000008cf00000| PB 0x000000008cf00000| Complete |  0
| 208|0x000000008d000000, 0x000000008d100000, 0x000000008d100000|100%| E|CS|TAMS 0x000000008d000000| PB 0x000000008d000000| Complete |  0
| 209|0x000000008d100000, 0x000000008d200000, 0x000000008d200000|100%| E|CS|TAMS 0x000000008d100000| PB 0x000000008d100000| Complete |  0
| 210|0x000000008d200000, 0x000000008d300000, 0x000000008d300000|100%| E|CS|TAMS 0x000000008d200000| PB 0x000000008d200000| Complete |  0
| 211|0x000000008d300000, 0x000000008d400000, 0x000000008d400000|100%| E|CS|TAMS 0x000000008d300000| PB 0x000000008d300000| Complete |  0
| 212|0x000000008d400000, 0x000000008d500000, 0x000000008d500000|100%| E|CS|TAMS 0x000000008d400000| PB 0x000000008d400000| Complete |  0
| 213|0x000000008d500000, 0x000000008d600000, 0x000000008d600000|100%| E|CS|TAMS 0x000000008d500000| PB 0x000000008d500000| Complete |  0
| 214|0x000000008d600000, 0x000000008d700000, 0x000000008d700000|100%| E|CS|TAMS 0x000000008d600000| PB 0x000000008d600000| Complete |  0
| 215|0x000000008d700000, 0x000000008d800000, 0x000000008d800000|100%| E|CS|TAMS 0x000000008d700000| PB 0x000000008d700000| Complete |  0
| 216|0x000000008d800000, 0x000000008d900000, 0x000000008d900000|100%| E|CS|TAMS 0x000000008d800000| PB 0x000000008d800000| Complete |  0
| 217|0x000000008d900000, 0x000000008da00000, 0x000000008da00000|100%| E|CS|TAMS 0x000000008d900000| PB 0x000000008d900000| Complete |  0
| 218|0x000000008da00000, 0x000000008db00000, 0x000000008db00000|100%| E|CS|TAMS 0x000000008da00000| PB 0x000000008da00000| Complete |  0
| 219|0x000000008db00000, 0x000000008dc00000, 0x000000008dc00000|100%| E|CS|TAMS 0x000000008db00000| PB 0x000000008db00000| Complete |  0
| 220|0x000000008dc00000, 0x000000008dd00000, 0x000000008dd00000|100%| E|CS|TAMS 0x000000008dc00000| PB 0x000000008dc00000| Complete |  0
| 221|0x000000008dd00000, 0x000000008de00000, 0x000000008de00000|100%| E|CS|TAMS 0x000000008dd00000| PB 0x000000008dd00000| Complete |  0
| 222|0x000000008de00000, 0x000000008df00000, 0x000000008df00000|100%| E|CS|TAMS 0x000000008de00000| PB 0x000000008de00000| Complete |  0
| 223|0x000000008df00000, 0x000000008e000000, 0x000000008e000000|100%| E|CS|TAMS 0x000000008df00000| PB 0x000000008df00000| Complete |  0
| 224|0x000000008e000000, 0x000000008e100000, 0x000000008e100000|100%| E|CS|TAMS 0x000000008e000000| PB 0x000000008e000000| Complete |  0
| 225|0x000000008e100000, 0x000000008e200000, 0x000000008e200000|100%| E|CS|TAMS 0x000000008e100000| PB 0x000000008e100000| Complete |  0
| 226|0x000000008e200000, 0x000000008e300000, 0x000000008e300000|100%| E|CS|TAMS 0x000000008e200000| PB 0x000000008e200000| Complete |  0
| 227|0x000000008e300000, 0x000000008e400000, 0x000000008e400000|100%| E|CS|TAMS 0x000000008e300000| PB 0x000000008e300000| Complete |  0
| 228|0x000000008e400000, 0x000000008e500000, 0x000000008e500000|100%| E|CS|TAMS 0x000000008e400000| PB 0x000000008e400000| Complete |  0
| 229|0x000000008e500000, 0x000000008e600000, 0x000000008e600000|100%| E|CS|TAMS 0x000000008e500000| PB 0x000000008e500000| Complete |  0
| 230|0x000000008e600000, 0x000000008e700000, 0x000000008e700000|100%| E|CS|TAMS 0x000000008e600000| PB 0x000000008e600000| Complete |  0
| 231|0x000000008e700000, 0x000000008e800000, 0x000000008e800000|100%| E|CS|TAMS 0x000000008e700000| PB 0x000000008e700000| Complete |  0
| 232|0x000000008e800000, 0x000000008e900000, 0x000000008e900000|100%| E|CS|TAMS 0x000000008e800000| PB 0x000000008e800000| Complete |  0
| 233|0x000000008e900000, 0x000000008ea00000, 0x000000008ea00000|100%| E|CS|TAMS 0x000000008e900000| PB 0x000000008e900000| Complete |  0
| 234|0x000000008ea00000, 0x000000008eb00000, 0x000000008eb00000|100%| E|CS|TAMS 0x000000008ea00000| PB 0x000000008ea00000| Complete |  0
| 235|0x000000008eb00000, 0x000000008ec00000, 0x000000008ec00000|100%| E|CS|TAMS 0x000000008eb00000| PB 0x000000008eb00000| Complete |  0
| 236|0x000000008ec00000, 0x000000008ed00000, 0x000000008ed00000|100%| E|CS|TAMS 0x000000008ec00000| PB 0x000000008ec00000| Complete |  0
| 237|0x000000008ed00000, 0x000000008ee00000, 0x000000008ee00000|100%| E|CS|TAMS 0x000000008ed00000| PB 0x000000008ed00000| Complete |  0
| 238|0x000000008ee00000, 0x000000008ef00000, 0x000000008ef00000|100%| E|CS|TAMS 0x000000008ee00000| PB 0x000000008ee00000| Complete |  0
| 239|0x000000008ef00000, 0x000000008f000000, 0x000000008f000000|100%| E|CS|TAMS 0x000000008ef00000| PB 0x000000008ef00000| Complete |  0
| 240|0x000000008f000000, 0x000000008f100000, 0x000000008f100000|100%| E|CS|TAMS 0x000000008f000000| PB 0x000000008f000000| Complete |  0
| 241|0x000000008f100000, 0x000000008f200000, 0x000000008f200000|100%| E|CS|TAMS 0x000000008f100000| PB 0x000000008f100000| Complete |  0
| 242|0x000000008f200000, 0x000000008f300000, 0x000000008f300000|100%| E|CS|TAMS 0x000000008f200000| PB 0x000000008f200000| Complete |  0
| 243|0x000000008f300000, 0x000000008f400000, 0x000000008f400000|100%| E|CS|TAMS 0x000000008f300000| PB 0x000000008f300000| Complete |  0
| 244|0x000000008f400000, 0x000000008f500000, 0x000000008f500000|100%| E|CS|TAMS 0x000000008f400000| PB 0x000000008f400000| Complete |  0
| 245|0x000000008f500000, 0x000000008f600000, 0x000000008f600000|100%| E|CS|TAMS 0x000000008f500000| PB 0x000000008f500000| Complete |  0
| 246|0x000000008f600000, 0x000000008f700000, 0x000000008f700000|100%| E|CS|TAMS 0x000000008f600000| PB 0x000000008f600000| Complete |  0
| 247|0x000000008f700000, 0x000000008f800000, 0x000000008f800000|100%| E|CS|TAMS 0x000000008f700000| PB 0x000000008f700000| Complete |  0
| 248|0x000000008f800000, 0x000000008f900000, 0x000000008f900000|100%| E|CS|TAMS 0x000000008f800000| PB 0x000000008f800000| Complete |  0
| 249|0x000000008f900000, 0x000000008fa00000, 0x000000008fa00000|100%| E|CS|TAMS 0x000000008f900000| PB 0x000000008f900000| Complete |  0
| 250|0x000000008fa00000, 0x000000008fb00000, 0x000000008fb00000|100%| E|CS|TAMS 0x000000008fa00000| PB 0x000000008fa00000| Complete |  0
| 251|0x000000008fb00000, 0x000000008fc00000, 0x000000008fc00000|100%| E|CS|TAMS 0x000000008fb00000| PB 0x000000008fb00000| Complete |  0
| 252|0x000000008fc00000, 0x000000008fd00000, 0x000000008fd00000|100%| E|CS|TAMS 0x000000008fc00000| PB 0x000000008fc00000| Complete |  0
| 253|0x000000008fd00000, 0x000000008fe00000, 0x000000008fe00000|100%| E|CS|TAMS 0x000000008fd00000| PB 0x000000008fd00000| Complete |  0
| 254|0x000000008fe00000, 0x000000008ff00000, 0x000000008ff00000|100%| E|CS|TAMS 0x000000008fe00000| PB 0x000000008fe00000| Complete |  0
| 255|0x000000008ff00000, 0x0000000090000000, 0x0000000090000000|100%| E|CS|TAMS 0x000000008ff00000| PB 0x000000008ff00000| Complete |  0
| 256|0x0000000090000000, 0x0000000090100000, 0x0000000090100000|100%| E|CS|TAMS 0x0000000090000000| PB 0x0000000090000000| Complete |  0
|2041|0x00000000ff900000, 0x00000000ffa00000, 0x00000000ffa00000|100%| O|  |TAMS 0x00000000ffa00000| PB 0x00000000ff900000| Untracked |  0
|2042|0x00000000ffa00000, 0x00000000ffb00000, 0x00000000ffb00000|100%| O|  |TAMS 0x00000000ffb00000| PB 0x00000000ffa00000| Untracked |  0
|2043|0x00000000ffb00000, 0x00000000ffc00000, 0x00000000ffc00000|100%| E|CS|TAMS 0x00000000ffb00000| PB 0x00000000ffb00000| Complete |  0
|2044|0x00000000ffc00000, 0x00000000ffd00000, 0x00000000ffd00000|100%| E|CS|TAMS 0x00000000ffc00000| PB 0x00000000ffc00000| Complete |  0
|2045|0x00000000ffd00000, 0x00000000ffe00000, 0x00000000ffe00000|100%| E|CS|TAMS 0x00000000ffd00000| PB 0x00000000ffd00000| Complete |  0
|2046|0x00000000ffe00000, 0x00000000fff00000, 0x00000000fff00000|100%| E|CS|TAMS 0x00000000ffe00000| PB 0x00000000ffe00000| Complete |  0
|2047|0x00000000fff00000, 0x0000000100000000, 0x0000000100000000|100%| E|CS|TAMS 0x00000000fff00000| PB 0x00000000fff00000| Complete |  0

Card table byte_map: [0x0000024fc3420000,0x0000024fc3820000] _byte_map_base: 0x0000024fc3020000

Marking Bits: (CMBitMap*) 0x0000024fab952c80
 Bits: [0x0000024fc3820000, 0x0000024fc5820000)

Polling page: 0x0000024fa98b0000

Metaspace:

Usage:
  Non-class:    108.95 MB used.
      Class:     17.51 MB used.
       Both:    126.46 MB used.

Virtual space:
  Non-class space:      128.00 MB reserved,     110.19 MB ( 86%) committed,  2 nodes.
      Class space:        1.00 GB reserved,      18.69 MB (  2%) committed,  1 nodes.
             Both:        1.12 GB reserved,     128.88 MB ( 11%) committed. 

Chunk freelists:
   Non-Class:  1.53 MB
       Class:  13.37 MB
        Both:  14.90 MB

MaxMetaspaceSize: unlimited
CompressedClassSpaceSize: 1.00 GB
Initial GC threshold: 21.00 MB
Current GC threshold: 213.44 MB
CDS: on
 - commit_granule_bytes: 65536.
 - commit_granule_words: 8192.
 - virtual_space_node_default_size: 8388608.
 - enlarge_chunks_in_place: 1.
 - use_allocation_guard: 0.


Internal statistics:

num_allocs_failed_limit: 8.
num_arena_births: 4344.
num_arena_deaths: 0.
num_vsnodes_births: 3.
num_vsnodes_deaths: 0.
num_space_committed: 2061.
num_space_uncommitted: 0.
num_chunks_returned_to_freelist: 8.
num_chunks_taken_from_freelist: 9750.
num_chunk_merges: 8.
num_chunk_splits: 6547.
num_chunks_enlarged: 4338.
num_inconsistent_stats: 0.

CodeHeap 'non-profiled nmethods': size=120064Kb used=10058Kb max_used=10058Kb free=110005Kb
 bounds [0x0000024fbbae0000, 0x0000024fbc4c0000, 0x0000024fc3020000]
CodeHeap 'profiled nmethods': size=120000Kb used=24239Kb max_used=24239Kb free=95760Kb
 bounds [0x0000024fb4020000, 0x0000024fb57d0000, 0x0000024fbb550000]
CodeHeap 'non-nmethods': size=5696Kb used=3301Kb max_used=3371Kb free=2394Kb
 bounds [0x0000024fbb550000, 0x0000024fbb8a0000, 0x0000024fbbae0000]
CodeCache: size=245760Kb, used=37598Kb, max_used=37668Kb, free=208159Kb
 total_blobs=18094, nmethods=16972, adapters=1026, full_count=0
Compilation: enabled, stopped_count=0, restarted_count=0

Compilation events (20 events):
Event: 273.163 Thread 0x0000024fc7e1c6c0 nmethod 20370 0x0000024fb57c0e08 code [0x0000024fb57c1000, 0x0000024fb57c1d98]
Event: 273.200 Thread 0x0000024fc7e1c6c0 20373       3       java.util.ArrayList::remove (26 bytes)
Event: 273.201 Thread 0x0000024fc7e1c6c0 nmethod 20373 0x0000024fb57c1e08 code [0x0000024fb57c1f40, 0x0000024fb57c2168]
Event: 273.209 Thread 0x0000024fc7e1c6c0 20374       3       org.gradle.internal.execution.steps.WorkspaceResult::getOutputAs (28 bytes)
Event: 273.210 Thread 0x0000024fc7e1c6c0 nmethod 20374 0x0000024fb57c2188 code [0x0000024fb57c2380, 0x0000024fb57c2f90]
Event: 273.224 Thread 0x0000024fc7e1c6c0 20377   !   3       org.tomlj.internal.TomlParser::val (421 bytes)
Event: 273.230 Thread 0x0000024fc7e1c6c0 nmethod 20377 0x0000024fb57c3088 code [0x0000024fb57c33a0, 0x0000024fb57c4c50]
Event: 273.230 Thread 0x0000024fc7e1c6c0 20378       3       org.tomlj.internal.TomlParser$BasicStringContext::accept (26 bytes)
Event: 273.230 Thread 0x00000250134ddb60 20372       4       org.gradle.internal.snapshot.impl.AbstractValueProcessor::processValue (402 bytes)
Event: 273.230 Thread 0x0000024fc7e1c6c0 nmethod 20378 0x0000024fb57c4d88 code [0x0000024fb57c4ee0, 0x0000024fb57c5500]
Event: 273.230 Thread 0x0000024fc7e1c6c0 20379       3       org.tomlj.internal.TomlParserBaseVisitor::visitBasicString (6 bytes)
Event: 273.231 Thread 0x0000024fc7e1c6c0 nmethod 20379 0x0000024fb57c5588 code [0x0000024fb57c56a0, 0x0000024fb57c5860]
Event: 273.231 Thread 0x0000024fc7e1c6c0 20381       1       org.gradle.api.internal.catalog.DefaultVersionCatalogBuilder::access$700 (5 bytes)
Event: 273.231 Thread 0x0000024fc7e1c6c0 nmethod 20381 0x0000024fbc4ac308 code [0x0000024fbc4ac420, 0x0000024fbc4ac4d0]
Event: 273.231 Thread 0x0000024fc7e1c6c0 20382       1       org.gradle.api.internal.catalog.DefaultVersionCatalogBuilder::access$200 (5 bytes)
Event: 273.231 Thread 0x0000024fc7e1c6c0 nmethod 20382 0x0000024fbc4ac608 code [0x0000024fbc4ac720, 0x0000024fbc4ac7d0]
Event: 273.234 Thread 0x0000024fc7e1c6c0 20383       3       org.gradle.internal.service.scopes.AbstractGradleModuleServices::registerProjectServices (1 bytes)
Event: 273.235 Thread 0x0000024fc7e1c6c0 nmethod 20383 0x0000024fb57c5888 code [0x0000024fb57c59a0, 0x0000024fb57c5aa8]
Event: 273.263 Thread 0x0000024fc7e1c6c0 20384       3       org.gradle.api.internal.catalog.AbstractExternalDependencyFactory$SubDependencyFactory::<init> (10 bytes)
Event: 273.263 Thread 0x0000024fc7e1c6c0 nmethod 20384 0x0000024fb57c5b88 code [0x0000024fb57c5ca0, 0x0000024fb57c5e58]

GC Heap History (20 events):
Event: 112.240 GC heap before
{Heap before GC invocations=58 (full 0):
 garbage-first heap   total reserved 2097152K, committed 222208K, used 196100K [0x0000000080000000, 0x0000000100000000)
  region size 1024K, 64 young (65536K), 4 survivors (4096K)
 Metaspace       used 118163K, committed 120448K, reserved 1179648K
  class space    used 16295K, committed 17408K, reserved 1048576K
}
Event: 112.252 GC heap after
{Heap after GC invocations=59 (full 0):
 garbage-first heap   total reserved 2097152K, committed 222208K, used 139050K [0x0000000080000000, 0x0000000100000000)
  region size 1024K, 8 young (8192K), 8 survivors (8192K)
 Metaspace       used 118163K, committed 120448K, reserved 1179648K
  class space    used 16295K, committed 17408K, reserved 1048576K
}
Event: 113.520 GC heap before
{Heap before GC invocations=59 (full 0):
 garbage-first heap   total reserved 2097152K, committed 222208K, used 199466K [0x0000000080000000, 0x0000000100000000)
  region size 1024K, 67 young (68608K), 8 survivors (8192K)
 Metaspace       used 120510K, committed 122880K, reserved 1179648K
  class space    used 16626K, committed 17792K, reserved 1048576K
}
Event: 113.532 GC heap after
{Heap after GC invocations=60 (full 0):
 garbage-first heap   total reserved 2097152K, committed 222208K, used 144033K [0x0000000080000000, 0x0000000100000000)
  region size 1024K, 9 young (9216K), 9 survivors (9216K)
 Metaspace       used 120510K, committed 122880K, reserved 1179648K
  class space    used 16626K, committed 17792K, reserved 1048576K
}
Event: 114.934 GC heap before
{Heap before GC invocations=61 (full 0):
 garbage-first heap   total reserved 2097152K, committed 240640K, used 199329K [0x0000000080000000, 0x0000000100000000)
  region size 1024K, 63 young (64512K), 9 survivors (9216K)
 Metaspace       used 123401K, committed 125824K, reserved 1179648K
  class space    used 17120K, committed 18304K, reserved 1048576K
}
Event: 114.951 GC heap after
{Heap after GC invocations=62 (full 0):
 garbage-first heap   total reserved 2097152K, committed 240640K, used 151232K [0x0000000080000000, 0x0000000100000000)
  region size 1024K, 7 young (7168K), 7 survivors (7168K)
 Metaspace       used 123401K, committed 125824K, reserved 1179648K
  class space    used 17120K, committed 18304K, reserved 1048576K
}
Event: 116.346 GC heap before
{Heap before GC invocations=62 (full 0):
 garbage-first heap   total reserved 2097152K, committed 240640K, used 215744K [0x0000000080000000, 0x0000000100000000)
  region size 1024K, 71 young (72704K), 7 survivors (7168K)
 Metaspace       used 123428K, committed 125888K, reserved 1179648K
  class space    used 17120K, committed 18304K, reserved 1048576K
}
Event: 116.372 GC heap after
{Heap after GC invocations=63 (full 0):
 garbage-first heap   total reserved 2097152K, committed 240640K, used 152934K [0x0000000080000000, 0x0000000100000000)
  region size 1024K, 4 young (4096K), 4 survivors (4096K)
 Metaspace       used 123428K, committed 125888K, reserved 1179648K
  class space    used 17120K, committed 18304K, reserved 1048576K
}
Event: 118.222 GC heap before
{Heap before GC invocations=63 (full 0):
 garbage-first heap   total reserved 2097152K, committed 240640K, used 216422K [0x0000000080000000, 0x0000000100000000)
  region size 1024K, 67 young (68608K), 4 survivors (4096K)
 Metaspace       used 123946K, committed 126336K, reserved 1179648K
  class space    used 17222K, committed 18368K, reserved 1048576K
}
Event: 118.230 GC heap after
{Heap after GC invocations=64 (full 0):
 garbage-first heap   total reserved 2097152K, committed 240640K, used 155619K [0x0000000080000000, 0x0000000100000000)
  region size 1024K, 7 young (7168K), 7 survivors (7168K)
 Metaspace       used 123946K, committed 126336K, reserved 1179648K
  class space    used 17222K, committed 18368K, reserved 1048576K
}
Event: 121.189 GC heap before
{Heap before GC invocations=65 (full 0):
 garbage-first heap   total reserved 2097152K, committed 261120K, used 217059K [0x0000000080000000, 0x0000000100000000)
  region size 1024K, 68 young (69632K), 7 survivors (7168K)
 Metaspace       used 124219K, committed 126528K, reserved 1179648K
  class space    used 17259K, committed 18368K, reserved 1048576K
}
Event: 121.199 GC heap after
{Heap after GC invocations=66 (full 0):
 garbage-first heap   total reserved 2097152K, committed 261120K, used 158263K [0x0000000080000000, 0x0000000100000000)
  region size 1024K, 5 young (5120K), 5 survivors (5120K)
 Metaspace       used 124219K, committed 126528K, reserved 1179648K
  class space    used 17259K, committed 18368K, reserved 1048576K
}
Event: 123.619 GC heap before
{Heap before GC invocations=66 (full 0):
 garbage-first heap   total reserved 2097152K, committed 261120K, used 234039K [0x0000000080000000, 0x0000000100000000)
  region size 1024K, 80 young (81920K), 5 survivors (5120K)
 Metaspace       used 124712K, committed 127040K, reserved 1179648K
  class space    used 17344K, committed 18496K, reserved 1048576K
}
Event: 123.649 GC heap after
{Heap after GC invocations=67 (full 0):
 garbage-first heap   total reserved 2097152K, committed 261120K, used 149845K [0x0000000080000000, 0x0000000100000000)
  region size 1024K, 10 young (10240K), 10 survivors (10240K)
 Metaspace       used 124712K, committed 127040K, reserved 1179648K
  class space    used 17344K, committed 18496K, reserved 1048576K
}
Event: 148.661 GC heap before
{Heap before GC invocations=67 (full 0):
 garbage-first heap   total reserved 2097152K, committed 261120K, used 223573K [0x0000000080000000, 0x0000000100000000)
  region size 1024K, 83 young (84992K), 10 survivors (10240K)
 Metaspace       used 128618K, committed 131072K, reserved 1179648K
  class space    used 17871K, committed 19072K, reserved 1048576K
}
Event: 148.714 GC heap after
{Heap after GC invocations=68 (full 0):
 garbage-first heap   total reserved 2097152K, committed 261120K, used 160700K [0x0000000080000000, 0x0000000100000000)
  region size 1024K, 11 young (11264K), 11 survivors (11264K)
 Metaspace       used 128618K, committed 131072K, reserved 1179648K
  class space    used 17871K, committed 19072K, reserved 1048576K
}
Event: 207.009 GC heap before
{Heap before GC invocations=69 (full 0):
 garbage-first heap   total reserved 2097152K, committed 270336K, used 230332K [0x0000000080000000, 0x0000000100000000)
  region size 1024K, 80 young (81920K), 11 survivors (11264K)
 Metaspace       used 129038K, committed 131520K, reserved 1179648K
  class space    used 17926K, committed 19136K, reserved 1048576K
}
Event: 207.114 GC heap after
{Heap after GC invocations=70 (full 0):
 garbage-first heap   total reserved 2097152K, committed 270336K, used 165788K [0x0000000080000000, 0x0000000100000000)
  region size 1024K, 5 young (5120K), 5 survivors (5120K)
 Metaspace       used 129038K, committed 131520K, reserved 1179648K
  class space    used 17926K, committed 19136K, reserved 1048576K
}
Event: 210.255 GC heap before
{Heap before GC invocations=70 (full 0):
 garbage-first heap   total reserved 2097152K, committed 270336K, used 240540K [0x0000000080000000, 0x0000000100000000)
  region size 1024K, 78 young (79872K), 5 survivors (5120K)
 Metaspace       used 129355K, committed 131840K, reserved 1179648K
  class space    used 17929K, committed 19136K, reserved 1048576K
}
Event: 210.295 GC heap after
{Heap after GC invocations=71 (full 0):
 garbage-first heap   total reserved 2097152K, committed 270336K, used 172508K [0x0000000080000000, 0x0000000100000000)
  region size 1024K, 10 young (10240K), 10 survivors (10240K)
 Metaspace       used 129355K, committed 131840K, reserved 1179648K
  class space    used 17929K, committed 19136K, reserved 1048576K
}

Dll operation events (16 events):
Event: 0.027 Loaded shared library C:\Program Files\Java\jdk-23\bin\java.dll
Event: 0.054 Loaded shared library C:\Program Files\Java\jdk-23\bin\jsvml.dll
Event: 0.100 Loaded shared library C:\Program Files\Java\jdk-23\bin\zip.dll
Event: 0.111 Loaded shared library C:\Program Files\Java\jdk-23\bin\instrument.dll
Event: 0.113 Loaded shared library C:\Program Files\Java\jdk-23\bin\net.dll
Event: 0.114 Loaded shared library C:\Program Files\Java\jdk-23\bin\nio.dll
Event: 0.116 Loaded shared library C:\Program Files\Java\jdk-23\bin\zip.dll
Event: 0.415 Loaded shared library C:\Program Files\Java\jdk-23\bin\jimage.dll
Event: 1.100 Loaded shared library C:\Program Files\Java\jdk-23\bin\verify.dll
Event: 1.334 Loaded shared library D:\.gradle\native\1def1411415f61bf3af743bc5b6707747c0891f09f0c88961ee8f79bc544acac\windows-amd64\native-platform.dll
Event: 3.347 Loaded shared library D:\.gradle\native\0.2.7\x86_64-windows-gnu\gradle-fileevents.dll
Event: 5.877 Loaded shared library C:\Program Files\Java\jdk-23\bin\management.dll
Event: 5.880 Loaded shared library C:\Program Files\Java\jdk-23\bin\management_ext.dll
Event: 7.671 Loaded shared library C:\Program Files\Java\jdk-23\bin\extnet.dll
Event: 8.444 Loaded shared library C:\Program Files\Java\jdk-23\bin\sunmscapi.dll
Event: 125.955 Loaded shared library C:\Program Files\Java\jdk-23\bin\rmi.dll

Deoptimization events (20 events):
Event: 272.712 Thread 0x000002500ed63c10 Uncommon trap: trap_request=0xffffffd6 fr.pc=0x0000024fbc48deec relative=0x000000000000044c
Event: 272.712 Thread 0x000002500ed63c10 Uncommon trap: reason=array_check action=maybe_recompile pc=0x0000024fbc48deec method=java.util.HashMap.keysToArray([Ljava/lang/Object;)[Ljava/lang/Object; @ 62 c2
Event: 272.712 Thread 0x000002500ed63c10 DEOPT PACKING pc=0x0000024fbc48deec sp=0x000000a18a4fd560
Event: 272.712 Thread 0x000002500ed63c10 DEOPT UNPACKING pc=0x0000024fbb5a7982 sp=0x000000a18a4fd4e8 mode 2
Event: 273.086 Thread 0x000002500ed63c10 Uncommon trap: trap_request=0xffffffd6 fr.pc=0x0000024fbc48deec relative=0x000000000000044c
Event: 273.086 Thread 0x000002500ed63c10 Uncommon trap: reason=array_check action=maybe_recompile pc=0x0000024fbc48deec method=java.util.HashMap.keysToArray([Ljava/lang/Object;)[Ljava/lang/Object; @ 62 c2
Event: 273.086 Thread 0x000002500ed63c10 DEOPT PACKING pc=0x0000024fbc48deec sp=0x000000a18a4fad50
Event: 273.086 Thread 0x000002500ed63c10 DEOPT UNPACKING pc=0x0000024fbb5a7982 sp=0x000000a18a4facd8 mode 2
Event: 273.103 Thread 0x000002500ed63c10 Uncommon trap: trap_request=0xffffffd6 fr.pc=0x0000024fbc48deec relative=0x000000000000044c
Event: 273.104 Thread 0x000002500ed63c10 Uncommon trap: reason=array_check action=maybe_recompile pc=0x0000024fbc48deec method=java.util.HashMap.keysToArray([Ljava/lang/Object;)[Ljava/lang/Object; @ 62 c2
Event: 273.104 Thread 0x000002500ed63c10 DEOPT PACKING pc=0x0000024fbc48deec sp=0x000000a18a4fcda0
Event: 273.104 Thread 0x000002500ed63c10 DEOPT UNPACKING pc=0x0000024fbb5a7982 sp=0x000000a18a4fcd28 mode 2
Event: 273.210 Thread 0x000002500ed63c10 Uncommon trap: trap_request=0xffffffd6 fr.pc=0x0000024fbc48deec relative=0x000000000000044c
Event: 273.211 Thread 0x000002500ed63c10 Uncommon trap: reason=array_check action=maybe_recompile pc=0x0000024fbc48deec method=java.util.HashMap.keysToArray([Ljava/lang/Object;)[Ljava/lang/Object; @ 62 c2
Event: 273.211 Thread 0x000002500ed63c10 DEOPT PACKING pc=0x0000024fbc48deec sp=0x000000a18a4fa570
Event: 273.211 Thread 0x000002500ed63c10 DEOPT UNPACKING pc=0x0000024fbb5a7982 sp=0x000000a18a4fa4f8 mode 2
Event: 273.240 Thread 0x000002500ed63c10 Uncommon trap: trap_request=0xffffff45 fr.pc=0x0000024fbbf1b340 relative=0x0000000000000b80
Event: 273.240 Thread 0x000002500ed63c10 Uncommon trap: reason=unstable_if action=reinterpret pc=0x0000024fbbf1b340 method=com.google.common.collect.MapMakerInternalMap$Segment.put(Ljava/lang/Object;ILjava/lang/Object;Z)Ljava/lang/Object; @ 92 c2
Event: 273.240 Thread 0x000002500ed63c10 DEOPT PACKING pc=0x0000024fbbf1b340 sp=0x000000a18a4f8cb0
Event: 273.240 Thread 0x000002500ed63c10 DEOPT UNPACKING pc=0x0000024fbb5a7982 sp=0x000000a18a4f8bd0 mode 2

Classes loaded (20 events):
Event: 172.498 Loading class java/util/Collections$EmptyListIterator
Event: 172.499 Loading class java/util/Collections$EmptyListIterator done
Event: 172.679 Loading class java/lang/StackStreamFactory
Event: 172.690 Loading class java/lang/StackStreamFactory done
Event: 172.691 Loading class java/lang/StackWalker$ExtendedOption
Event: 172.700 Loading class java/lang/StackWalker$ExtendedOption done
Event: 172.700 Loading class java/lang/StackStreamFactory$StackFrameTraverser
Event: 172.705 Loading class java/lang/StackStreamFactory$StackFrameTraverser done
Event: 172.705 Loading class java/lang/StackStreamFactory$WalkerState
Event: 172.705 Loading class java/lang/StackStreamFactory$WalkerState done
Event: 172.705 Loading class java/lang/StackStreamFactory$StackFrameBuffer
Event: 172.706 Loading class java/lang/StackStreamFactory$FrameBuffer
Event: 172.721 Loading class java/lang/StackStreamFactory$FrameBuffer done
Event: 172.721 Loading class java/lang/StackStreamFactory$StackFrameBuffer done
Event: 172.722 Loading class java/util/stream/SliceOps
Event: 172.724 Loading class java/util/stream/SliceOps done
Event: 172.724 Loading class java/util/stream/SliceOps$1
Event: 172.725 Loading class java/util/stream/SliceOps$1 done
Event: 172.728 Loading class java/util/stream/SliceOps$1$1
Event: 172.728 Loading class java/util/stream/SliceOps$1$1 done

Classes unloaded (0 events):
No events

Classes redefined (0 events):
No events

Internal exceptions (20 events):
Event: 208.239 Thread 0x000002500ed63c10 Implicit null exception at 0x0000024fbc1f7fdc to 0x0000024fbc1f80a8
Event: 208.811 Thread 0x000002500ed63c10 Exception <a 'sun/nio/fs/WindowsException'{0x000000008e3dd358}> (0x000000008e3dd358) 
thrown [s\open\src\hotspot\share\prims\jni.cpp, line 520]
Event: 208.812 Thread 0x000002500ed63c10 Exception <a 'sun/nio/fs/WindowsException'{0x000000008e3dec70}> (0x000000008e3dec70) 
thrown [s\open\src\hotspot\share\prims\jni.cpp, line 520]
Event: 208.812 Thread 0x000002500ed63c10 Exception <a 'sun/nio/fs/WindowsException'{0x000000008e3e05d8}> (0x000000008e3e05d8) 
thrown [s\open\src\hotspot\share\prims\jni.cpp, line 520]
Event: 208.812 Thread 0x000002500ed63c10 Exception <a 'sun/nio/fs/WindowsException'{0x000000008e3e1f40}> (0x000000008e3e1f40) 
thrown [s\open\src\hotspot\share\prims\jni.cpp, line 520]
Event: 209.067 Thread 0x000002500ed63c10 Exception <a 'sun/nio/fs/WindowsException'{0x000000008df07880}> (0x000000008df07880) 
thrown [s\open\src\hotspot\share\prims\jni.cpp, line 520]
Event: 214.156 Thread 0x0000025011274d10 Exception <a 'sun/nio/fs/WindowsException'{0x000000008e683138}> (0x000000008e683138) 
thrown [s\open\src\hotspot\share\prims\jni.cpp, line 520]
Event: 214.157 Thread 0x000002500ed63c10 Exception <a 'sun/nio/fs/WindowsException'{0x000000008e61c178}> (0x000000008e61c178) 
thrown [s\open\src\hotspot\share\prims\jni.cpp, line 520]
Event: 214.391 Thread 0x0000025013ac8e70 Exception <a 'sun/nio/fs/WindowsException'{0x000000008df72150}> (0x000000008df72150) 
thrown [s\open\src\hotspot\share\prims\jni.cpp, line 520]
Event: 214.391 Thread 0x0000025013ac8e70 Exception <a 'sun/nio/fs/WindowsException'{0x000000008df72bd8}> (0x000000008df72bd8) 
thrown [s\open\src\hotspot\share\prims\jni.cpp, line 520]
Event: 214.391 Thread 0x0000025013ac8e70 Exception <a 'sun/nio/fs/WindowsException'{0x000000008df73af8}> (0x000000008df73af8) 
thrown [s\open\src\hotspot\share\prims\jni.cpp, line 520]
Event: 214.392 Thread 0x0000025013ac8e70 Exception <a 'sun/nio/fs/WindowsException'{0x000000008df88f50}> (0x000000008df88f50) 
thrown [s\open\src\hotspot\share\prims\jni.cpp, line 520]
Event: 214.393 Thread 0x0000025013ac8e70 Exception <a 'sun/nio/fs/WindowsException'{0x000000008df8b8f8}> (0x000000008df8b8f8) 
thrown [s\open\src\hotspot\share\prims\jni.cpp, line 520]
Event: 273.115 Thread 0x000002500ed63c10 Exception <a 'sun/nio/fs/WindowsException'{0x000000008dafaa70}> (0x000000008dafaa70) 
thrown [s\open\src\hotspot\share\prims\jni.cpp, line 520]
Event: 273.116 Thread 0x000002500ed63c10 Exception <a 'sun/nio/fs/WindowsException'{0x000000008dafbe48}> (0x000000008dafbe48) 
thrown [s\open\src\hotspot\share\prims\jni.cpp, line 520]
Event: 273.116 Thread 0x000002500ed63c10 Exception <a 'sun/nio/fs/WindowsException'{0x000000008dafd210}> (0x000000008dafd210) 
thrown [s\open\src\hotspot\share\prims\jni.cpp, line 520]
Event: 273.116 Thread 0x000002500ed63c10 Exception <a 'sun/nio/fs/WindowsException'{0x000000008dafe5a8}> (0x000000008dafe5a8) 
thrown [s\open\src\hotspot\share\prims\jni.cpp, line 520]
Event: 273.217 Thread 0x000002500ed63c10 Exception <a 'sun/nio/fs/WindowsException'{0x000000008c7db170}> (0x000000008c7db170) 
thrown [s\open\src\hotspot\share\prims\jni.cpp, line 520]
Event: 273.217 Thread 0x000002500ed63c10 Exception <a 'sun/nio/fs/WindowsException'{0x000000008c7dc7f8}> (0x000000008c7dc7f8) 
thrown [s\open\src\hotspot\share\prims\jni.cpp, line 520]
Event: 273.218 Thread 0x000002500ed63c10 Exception <a 'sun/nio/fs/WindowsException'{0x000000008c7deab0}> (0x000000008c7deab0) 
thrown [s\open\src\hotspot\share\prims\jni.cpp, line 520]

VM Operations (20 events):
Event: 150.932 Executing VM operation: G1PauseRemark
Event: 151.138 Executing VM operation: G1PauseRemark done
Event: 151.637 Executing VM operation: G1PauseCleanup
Event: 151.637 Executing VM operation: G1PauseCleanup done
Event: 172.228 Executing VM operation: HandshakeAllThreads (Deoptimize)
Event: 172.229 Executing VM operation: HandshakeAllThreads (Deoptimize) done
Event: 172.727 Executing VM operation: HandshakeAllThreads (Deoptimize)
Event: 172.727 Executing VM operation: HandshakeAllThreads (Deoptimize) done
Event: 180.354 Executing VM operation: HandshakeAllThreads (HandshakeForDeflation)
Event: 180.354 Executing VM operation: HandshakeAllThreads (HandshakeForDeflation) done
Event: 180.354 Executing VM operation: RendezvousGCThreads
Event: 180.354 Executing VM operation: RendezvousGCThreads done
Event: 206.984 Executing VM operation: G1CollectForAllocation (G1 Evacuation Pause)
Event: 207.114 Executing VM operation: G1CollectForAllocation (G1 Evacuation Pause) done
Event: 210.255 Executing VM operation: G1CollectForAllocation (G1 Evacuation Pause)
Event: 210.295 Executing VM operation: G1CollectForAllocation (G1 Evacuation Pause) done
Event: 240.511 Executing VM operation: HandshakeAllThreads (HandshakeForDeflation)
Event: 240.511 Executing VM operation: HandshakeAllThreads (HandshakeForDeflation) done
Event: 240.511 Executing VM operation: RendezvousGCThreads
Event: 240.511 Executing VM operation: RendezvousGCThreads done

Memory protections (0 events):
No events

Nmethod flushes (20 events):
Event: 151.132 Thread 0x0000024fc7df3720 flushing  nmethod 0x0000024fb4ea2088
Event: 151.132 Thread 0x0000024fc7df3720 flushing  nmethod 0x0000024fb4ea3388
Event: 151.132 Thread 0x0000024fc7df3720 flushing  nmethod 0x0000024fb4eabc08
Event: 151.132 Thread 0x0000024fc7df3720 flushing  nmethod 0x0000024fb4f0d908
Event: 151.132 Thread 0x0000024fc7df3720 flushing  nmethod 0x0000024fb4f2cd88
Event: 151.132 Thread 0x0000024fc7df3720 flushing  nmethod 0x0000024fb5046808
Event: 151.132 Thread 0x0000024fc7df3720 flushing  nmethod 0x0000024fb5046f88
Event: 151.132 Thread 0x0000024fc7df3720 flushing  nmethod 0x0000024fb5047808
Event: 151.132 Thread 0x0000024fc7df3720 flushing  nmethod 0x0000024fb504a308
Event: 151.132 Thread 0x0000024fc7df3720 flushing  nmethod 0x0000024fb5188d08
Event: 151.132 Thread 0x0000024fc7df3720 flushing  nmethod 0x0000024fb5189e88
Event: 151.132 Thread 0x0000024fc7df3720 flushing  nmethod 0x0000024fb518e408
Event: 151.132 Thread 0x0000024fc7df3720 flushing  nmethod 0x0000024fb518fb88
Event: 151.132 Thread 0x0000024fc7df3720 flushing  nmethod 0x0000024fb51fe608
Event: 151.132 Thread 0x0000024fc7df3720 flushing  nmethod 0x0000024fb5242488
Event: 151.132 Thread 0x0000024fc7df3720 flushing  nmethod 0x0000024fb5242808
Event: 151.132 Thread 0x0000024fc7df3720 flushing  nmethod 0x0000024fb526b688
Event: 151.132 Thread 0x0000024fc7df3720 flushing  nmethod 0x0000024fb52d7988
Event: 151.132 Thread 0x0000024fc7df3720 flushing  nmethod 0x0000024fb530c708
Event: 151.132 Thread 0x0000024fc7df3720 flushing  nmethod 0x0000024fb5319988

Events (20 events):
Event: 214.264 Thread 0x0000025013acc2f0 Thread exited: 0x0000025013acc2f0
Event: 214.265 Thread 0x0000024fc7e1c6c0 Thread added: 0x00000250134ddb60
Event: 214.272 Thread 0x0000025013ac6080 Thread exited: 0x0000025013ac6080
Event: 214.359 Thread 0x0000025013ac5360 Thread exited: 0x0000025013ac5360
Event: 214.423 Thread 0x0000025013acaf40 Thread exited: 0x0000025013acaf40
Event: 218.960 Thread 0x00000250134ddb60 Thread exited: 0x00000250134ddb60
Event: 232.097 Thread 0x000002500ed7c400 Thread exited: 0x000002500ed7c400
Event: 232.457 Thread 0x0000025011790f90 Thread exited: 0x0000025011790f90
Event: 237.599 Thread 0x0000025011790270 Thread exited: 0x0000025011790270
Event: 272.619 Thread 0x000002500ef48bf0 Thread added: 0x0000025011276de0
Event: 272.680 Thread 0x000002500ef48bf0 Thread added: 0x0000025011273960
Event: 272.697 Thread 0x000002500ed63c10 Thread added: 0x0000025011276750
Event: 272.701 Thread 0x000002500ed63c10 Thread added: 0x0000025011272c40
Event: 272.702 Thread 0x000002500ed63c10 Thread added: 0x0000025011274d10
Event: 273.078 Thread 0x000002500ed63c10 Thread added: 0x0000025019027c10
Event: 273.087 Thread 0x000002500ed63c10 Thread added: 0x00000250190219a0
Event: 273.125 Thread 0x000002500ed63c10 Thread added: 0x0000025019024100
Event: 273.129 Thread 0x000002500ed63c10 Thread added: 0x0000025019026ef0
Event: 273.134 Thread 0x000002500ed63c10 Thread added: 0x0000025019027580
Event: 273.230 Thread 0x0000024fc7e1c6c0 Thread added: 0x00000250134ddb60


Dynamic libraries:
0x00007ff6a1980000 - 0x00007ff6a1990000 	C:\Program Files\Java\jdk-23\bin\java.exe
0x00007ff8692d0000 - 0x00007ff8694e8000 	C:\WINDOWS\SYSTEM32\ntdll.dll
0x00007ff867730000 - 0x00007ff8677f4000 	C:\WINDOWS\System32\KERNEL32.DLL
0x00007ff866b90000 - 0x00007ff866f63000 	C:\WINDOWS\System32\KERNELBASE.dll
0x00007ff866760000 - 0x00007ff866871000 	C:\WINDOWS\System32\ucrtbase.dll
0x00007ff818be0000 - 0x00007ff818bfb000 	C:\Program Files\Java\jdk-23\bin\VCRUNTIME140.dll
0x00007ff818c00000 - 0x00007ff818c17000 	C:\Program Files\Java\jdk-23\bin\jli.dll
0x00007ff8690d0000 - 0x00007ff869282000 	C:\WINDOWS\System32\USER32.dll
0x00007ff8664b0000 - 0x00007ff8664d6000 	C:\WINDOWS\System32\win32u.dll
0x00007ff8670b0000 - 0x00007ff8670d9000 	C:\WINDOWS\System32\GDI32.dll
0x00007ff866a70000 - 0x00007ff866b8b000 	C:\WINDOWS\System32\gdi32full.dll
0x00007ff8663e0000 - 0x00007ff86647a000 	C:\WINDOWS\System32\msvcp_win.dll
0x00007ff8511c0000 - 0x00007ff85145c000 	C:\WINDOWS\WinSxS\amd64_microsoft.windows.common-controls_6595b64144ccf1df_6.0.22621.6060_none_2712eda17382d24b\COMCTL32.dll
0x00007ff869020000 - 0x00007ff8690c7000 	C:\WINDOWS\System32\msvcrt.dll
0x00007ff868ed0000 - 0x00007ff868f01000 	C:\WINDOWS\System32\IMM32.DLL
0x00007ff844c70000 - 0x00007ff844d62000 	C:\Program Files\Windhawk\Engine\1.7.3\64\windhawk.dll
0x00007ff867190000 - 0x00007ff867241000 	C:\WINDOWS\System32\ADVAPI32.dll
0x00007ff867000000 - 0x00007ff8670a8000 	C:\WINDOWS\System32\sechost.dll
0x00007ff866480000 - 0x00007ff8664a8000 	C:\WINDOWS\System32\bcrypt.dll
0x00007ff868300000 - 0x00007ff868418000 	C:\WINDOWS\System32\RPCRT4.dll
0x00007ff85e380000 - 0x00007ff85e38c000 	C:\Program Files\Java\jdk-23\bin\vcruntime140_1.dll
0x00007ff818b50000 - 0x00007ff818bde000 	C:\Program Files\Java\jdk-23\bin\msvcp140.dll
0x00007fffac6b0000 - 0x00007fffad400000 	C:\Program Files\Java\jdk-23\bin\server\jvm.dll
0x00007ff868e50000 - 0x00007ff868ec1000 	C:\WINDOWS\System32\WS2_32.dll
0x00007ff865c40000 - 0x00007ff865c8d000 	C:\WINDOWS\SYSTEM32\POWRPROF.dll
0x00007ff85d480000 - 0x00007ff85d4b4000 	C:\WINDOWS\SYSTEM32\WINMM.dll
0x00007ff85c0e0000 - 0x00007ff85c0ea000 	C:\WINDOWS\SYSTEM32\VERSION.dll
0x00007ff865c20000 - 0x00007ff865c33000 	C:\WINDOWS\SYSTEM32\UMPDC.dll
0x00007ff865390000 - 0x00007ff8653a8000 	C:\WINDOWS\SYSTEM32\kernel.appcore.dll
0x00007ff858770000 - 0x00007ff85877a000 	C:\Program Files\Java\jdk-23\bin\jimage.dll
0x00007ff863c50000 - 0x00007ff863e83000 	C:\WINDOWS\SYSTEM32\DBGHELP.DLL
0x00007ff867a80000 - 0x00007ff867e11000 	C:\WINDOWS\System32\combase.dll
0x00007ff868d00000 - 0x00007ff868dd8000 	C:\WINDOWS\System32\OLEAUT32.dll
0x00007ff83d7f0000 - 0x00007ff83d822000 	C:\WINDOWS\SYSTEM32\dbgcore.DLL
0x00007ff866620000 - 0x00007ff86669b000 	C:\WINDOWS\System32\bcryptPrimitives.dll
0x00007ff85daf0000 - 0x00007ff85daff000 	C:\Program Files\Java\jdk-23\bin\instrument.dll
0x00007ff818b30000 - 0x00007ff818b4e000 	C:\Program Files\Java\jdk-23\bin\java.dll
0x00007ff8678d0000 - 0x00007ff867a71000 	C:\WINDOWS\System32\ole32.dll
0x00007ff868440000 - 0x00007ff868cdc000 	C:\WINDOWS\System32\SHELL32.dll
0x00007ff8664e0000 - 0x00007ff86661f000 	C:\WINDOWS\System32\wintypes.dll
0x00007ff864290000 - 0x00007ff864baa000 	C:\WINDOWS\SYSTEM32\windows.storage.dll
0x00007ff868f10000 - 0x00007ff869014000 	C:\WINDOWS\System32\SHCORE.dll
0x00007ff868de0000 - 0x00007ff868e49000 	C:\WINDOWS\System32\shlwapi.dll
0x00007ff866310000 - 0x00007ff866335000 	C:\WINDOWS\SYSTEM32\profapi.dll
0x00007ff818a50000 - 0x00007ff818b27000 	C:\Program Files\Java\jdk-23\bin\jsvml.dll
0x00007fffaa490000 - 0x00007fffaa4a7000 	C:\Program Files\Java\jdk-23\bin\zip.dll
0x00007ff81d9f0000 - 0x00007ff81da00000 	C:\Program Files\Java\jdk-23\bin\net.dll
0x00007ff865910000 - 0x00007ff865979000 	C:\WINDOWS\system32\mswsock.dll
0x00007fffd04f0000 - 0x00007fffd0506000 	C:\Program Files\Java\jdk-23\bin\nio.dll
0x00007ff80c3d0000 - 0x00007ff80c3e0000 	C:\Program Files\Java\jdk-23\bin\verify.dll
0x00007fffadd60000 - 0x00007fffadd87000 	D:\.gradle\native\1def1411415f61bf3af743bc5b6707747c0891f09f0c88961ee8f79bc544acac\windows-amd64\native-platform.dll
0x00007ff81e600000 - 0x00007ff81e678000 	D:\.gradle\native\0.2.7\x86_64-windows-gnu\gradle-fileevents.dll
0x00007ff85db10000 - 0x00007ff85db1a000 	C:\Program Files\Java\jdk-23\bin\management.dll
0x00007ff85db00000 - 0x00007ff85db0b000 	C:\Program Files\Java\jdk-23\bin\management_ext.dll
0x00007ff867720000 - 0x00007ff867728000 	C:\WINDOWS\System32\PSAPI.DLL
0x00007ff864e00000 - 0x00007ff864e2d000 	C:\WINDOWS\SYSTEM32\IPHLPAPI.DLL
0x00007ff867870000 - 0x00007ff867879000 	C:\WINDOWS\System32\NSI.dll
0x00007ff80dd70000 - 0x00007ff80dd79000 	C:\Program Files\Java\jdk-23\bin\extnet.dll
0x00007ff865b60000 - 0x00007ff865b7b000 	C:\WINDOWS\SYSTEM32\CRYPTSP.dll
0x00007ff8652f0000 - 0x00007ff865327000 	C:\WINDOWS\system32\rsaenh.dll
0x00007ff865a00000 - 0x00007ff865a28000 	C:\WINDOWS\SYSTEM32\USERENV.dll
0x00007ff865bb0000 - 0x00007ff865bbc000 	C:\WINDOWS\SYSTEM32\CRYPTBASE.dll
0x00007ff80e990000 - 0x00007ff80e99e000 	C:\Program Files\Java\jdk-23\bin\sunmscapi.dll
0x00007ff866900000 - 0x00007ff866a68000 	C:\WINDOWS\System32\CRYPT32.dll
0x00007ff865d80000 - 0x00007ff865dae000 	C:\WINDOWS\SYSTEM32\ncrypt.dll
0x00007ff865d40000 - 0x00007ff865d77000 	C:\WINDOWS\SYSTEM32\NTASN1.dll
0x00007fffd80b0000 - 0x00007fffd80b8000 	C:\WINDOWS\system32\wshunix.dll
0x00007ff864e30000 - 0x00007ff864f28000 	C:\WINDOWS\SYSTEM32\DNSAPI.dll
0x00007ff85aff0000 - 0x00007ff85affa000 	C:\Windows\System32\rasadhlp.dll
0x00007ff85b040000 - 0x00007ff85b0c4000 	C:\WINDOWS\System32\fwpuclnt.dll
0x00007ff808e90000 - 0x00007ff808ea7000 	C:\WINDOWS\system32\napinsp.dll
0x00007ff808e70000 - 0x00007ff808e8b000 	C:\WINDOWS\system32\pnrpnsp.dll
0x00007ff808e50000 - 0x00007ff808e61000 	C:\WINDOWS\System32\winrnr.dll
0x00007ff83b260000 - 0x00007ff83b275000 	C:\WINDOWS\system32\wshbth.dll
0x00007ff808e20000 - 0x00007ff808e41000 	C:\WINDOWS\system32\nlansp_c.dll
0x00007ff850420000 - 0x00007ff850427000 	C:\Program Files\Java\jdk-23\bin\rmi.dll

dbghelp: loaded successfully - version: 4.0.5 - missing functions: none
symbol engine: initialized successfully - sym options: 0x614 - pdb path: .;C:\Program Files\Java\jdk-23\bin;C:\WINDOWS\SYSTEM32;C:\WINDOWS\WinSxS\amd64_microsoft.windows.common-controls_6595b64144ccf1df_6.0.22621.6060_none_2712eda17382d24b;C:\Program Files\Windhawk\Engine\1.7.3\64;C:\Program Files\Java\jdk-23\bin\server;D:\.gradle\native\1def1411415f61bf3af743bc5b6707747c0891f09f0c88961ee8f79bc544acac\windows-amd64;D:\.gradle\native\0.2.7\x86_64-windows-gnu

VM Arguments:
jvm_args: --add-opens=java.base/java.lang=ALL-UNNAMED --add-opens=java.base/java.lang.invoke=ALL-UNNAMED --add-opens=java.base/java.util=ALL-UNNAMED --add-opens=java.prefs/java.util.prefs=ALL-UNNAMED --add-exports=jdk.compiler/com.sun.tools.javac.api=ALL-UNNAMED --add-exports=jdk.compiler/com.sun.tools.javac.util=ALL-UNNAMED --add-opens=java.base/java.util=ALL-UNNAMED --add-opens=java.prefs/java.util.prefs=ALL-UNNAMED --add-opens=java.base/java.nio.charset=ALL-UNNAMED --add-opens=java.base/java.net=ALL-UNNAMED --add-opens=java.base/java.util.concurrent.atomic=ALL-UNNAMED --add-opens=java.xml/javax.xml.namespace=ALL-UNNAMED -Xmx2048m -Dfile.encoding=UTF-8 -Duser.country=US -Duser.language=en -Duser.variant -javaagent:D:\.gradle\wrapper\dists\gradle-8.13-bin\5xuhj0ry160q40clulazy9h7d\gradle-8.13\lib\agents\gradle-instrumentation-agent-8.13.jar 
java_command: org.gradle.launcher.daemon.bootstrap.GradleDaemon 8.13
java_class_path (initial): D:\.gradle\wrapper\dists\gradle-8.13-bin\5xuhj0ry160q40clulazy9h7d\gradle-8.13\lib\gradle-daemon-main-8.13.jar
Launcher Type: SUN_STANDARD

[Global flags]
     intx CICompilerCount                          = 3                                         {product} {ergonomic}
     uint ConcGCThreads                            = 1                                         {product} {ergonomic}
     uint G1ConcRefinementThreads                  = 4                                         {product} {ergonomic}
   size_t G1HeapRegionSize                         = 1048576                                   {product} {ergonomic}
   size_t InitialHeapSize                          = 130023424                                 {product} {ergonomic}
   size_t MarkStackSize                            = 4194304                                   {product} {ergonomic}
   size_t MarkStackSizeMax                         = 536870912                                 {product} {ergonomic}
   size_t MaxHeapSize                              = 2147483648                                {product} {command line}
   size_t MaxNewSize                               = 1287651328                                {product} {ergonomic}
   size_t MinHeapDeltaBytes                        = 1048576                                   {product} {ergonomic}
   size_t MinHeapSize                              = 8388608                                   {product} {ergonomic}
    uintx NonNMethodCodeHeapSize                   = 5832704                                {pd product} {ergonomic}
    uintx NonProfiledCodeHeapSize                  = 122945536                              {pd product} {ergonomic}
    uintx ProfiledCodeHeapSize                     = 122880000                              {pd product} {ergonomic}
    uintx ReservedCodeCacheSize                    = 251658240                              {pd product} {ergonomic}
     bool SegmentedCodeCache                       = true                                      {product} {ergonomic}
   size_t SoftMaxHeapSize                          = 2147483648                             {manageable} {ergonomic}
     bool UseCompressedOops                        = true                           {product lp64_product} {ergonomic}
     bool UseG1GC                                  = true                                      {product} {ergonomic}
     bool UseLargePagesIndividualAllocation        = false                                  {pd product} {ergonomic}

Logging:
Log output configuration:
 #0: stdout all=warning uptime,level,tags foldmultilines=false
 #1: stderr all=off uptime,level,tags foldmultilines=false

Environment Variables:
JAVA_HOME=C:\Program Files\Java\jdk-23
CLASSPATH=c:\Users\USER\.antigravity\extensions\vscjava.vscode-gradle-3.17.3-universal\lib\gradle-server.jar
PATH=C:\Program Files\Common Files\Oracle\Java\javapath;C:\Program Files (x86)\Common Files\Intel\Shared Files\cpp\bin\Intel64;C:\WINDOWS\system32;C:\WINDOWS;C:\WINDOWS\System32\Wbem;C:\WINDOWS\System32\WindowsPowerShell\v1.0\;C:\WINDOWS\System32\OpenSSH\;C:\Program Files\Microsoft\Web Platform Installer\;C:\Program Files\Microsoft SQL Server\110\Tools\Binn\;C:\ProgramData\ComposerSetup\bin;C:\Program Files\Git\cmd;C:\Program Files\Java\jdk-1.8\bin;D:\laragon\bin\php;C:\laragon\bin\nginx\nginx-1.19.10;C:\ngrok;D:\kotlin-compiler-2.2.20\kotlinc\bin;C:\Program Files\nodejs\;C:\Program Files\Go\bin;C:\Users\USER\.local\bin;C:\laragon\bin;C:\laragon\bin\apache\httpd-2.4.47-win64-VS16\bin;C:\laragon\bin\composer;C:\laragon\bin\git\bin;C:\laragon\bin\git\cmd;C:\laragon\bin\git\mingw64\bin;C:\laragon\bin\git\usr\bin;C:\laragon\bin\laragon\utils;C:\laragon\bin\mysql\mysql-5.7.33-winx64\bin;C:\laragon\bin\nginx\nginx-1.19.10;C:\laragon\bin\ngrok;C:\laragon\bin\nodejs\node-v14;C:\laragon\bin\notepad++;C:\laragon\bin\php\php-8.4.4-Win32-vs17-x64;C:\laragon\bin\redis\redis-x64-3.2.100;C:\laragon\bin\telnet;C:\laragon\usr\bin;C:\Users\USER\AppData\Local\Yarn\config\global\node_modules\.bin;C:\Users\USER\AppData\Roaming\Composer\vendor\bin;C:\Users\USER\AppData\Roaming\npm;C:\Users\USER\.config\herd-lite\bin;C:\Users\USER\AppData\Local\Microsoft\WindowsApps;C:\Users\USER\AppData\Local\Programs\Microsoft VS Code\bin;C:\Users\USER\AppData\Local\Microsoft\WinGet\Packages\Genymobile.scrcpy_Microsoft.Winget.Source_8wekyb3d8bbwe\scrcpy-win64-v3.3.2;C:\Users\USER\AppData\Local\Python\bin;C:\Users\USER\AppData\Local\Programs\Antigravity\bin;C:\Users\USER\go\bin
USERNAME=Ardhana Syah Hidayat
OS=Windows_NT
PROCESSOR_IDENTIFIER=Intel64 Family 6 Model 140 Stepping 2, GenuineIntel
TMP=C:\Users\USER\AppData\Local\Temp
TEMP=C:\Users\USER\AppData\Local\Temp




Periodic native trim disabled

---------------  S Y S T E M  ---------------

OS:
 Windows 11 , 64 bit Build 22621 (10.0.22621.5415)
OS uptime: 0 days 0:28 hours
Hyper-V role detected

CPU: total 4 (initial active 4) (2 cores per cpu, 2 threads per core) family 6 model 140 stepping 2 microcode 0x16, cx8, cmov, fxsr, ht, mmx, 3dnowpref, sse, sse2, sse3, ssse3, sse4.1, sse4.2, popcnt, lzcnt, tsc, tscinvbit, avx, avx2, aes, erms, clmul, bmi1, bmi2, adx, avx512f, avx512dq, avx512cd, avx512bw, avx512vl, sha, fma, vzeroupper, avx512_vpopcntdq, avx512_vpclmulqdq, avx512_vaes, avx512_vnni, clflush, clflushopt, clwb, avx512_vbmi2, avx512_vbmi, hv, rdtscp, rdpid, fsrm, gfni, avx512_bitalg, f16c, cet_ibt, cet_ss, avx512_ifma
Processor Information for the first 4 processors :
  Max Mhz: 2995, Current Mhz: 2995, Mhz Limit: 2995

Memory: 4k page, system-wide physical 7894M (419M free)
TotalPageFile size 15959M (AvailPageFile size 0M)
current process WorkingSet (physical memory assigned to process): 292M, peak: 547M
current process commit charge ("private bytes"): 647M, peak: 668M

vm_info: Java HotSpot(TM) 64-Bit Server VM (23.0.2+7-58) for windows-amd64 JRE (23.0.2+7-58), built on 2024-11-29T09:34:55Z with MS VC++ 17.6 (VS2022)

END.
