#
# There is insufficient memory for the Java Runtime Environment to continue.
# Native memory allocation (mmap) failed to map 13631488 bytes. Error detail: G1 virtual space
# Possible reasons:
#   The system is out of physical RAM or swap space
#   This process is running with CompressedOops enabled, and the Java Heap may be blocking the growth of the native heap
# Possible solutions:
#   Reduce memory load on the system
#   Increase physical memory or swap space
#   Check if swap backing store is full
#   Decrease Java heap size (-Xmx/-Xms)
#   Decrease number of Java threads
#   Decrease Java thread stack sizes (-Xss)
#   Set larger code cache with -XX:ReservedCodeCacheSize=
#   JVM is running with Unscaled Compressed Oops mode in which the Java heap is
#     placed in the first 4GB address space. The Java Heap base address is the
#     maximum limit for the native heap growth. Please use -XX:HeapBaseMinAddress
#     to set the Java Heap base and to place the Java Heap above 4GB virtual address.
# This output file may be truncated or incomplete.
#
#  Out of Memory Error (os_windows.cpp:3707), pid=14936, tid=12040
#
# JRE version: Java(TM) SE Runtime Environment (23.0.2+7) (build 23.0.2+7-58)
# Java VM: Java HotSpot(TM) 64-Bit Server VM (23.0.2+7-58, mixed mode, sharing, tiered, compressed oops, compressed class ptrs, g1 gc, windows-amd64)
# No core dump will be written. Minidumps are not enabled by default on client versions of Windows
#

---------------  S U M M A R Y ------------

Command Line: -DkotlinLanguageServer.version=1.3.13 org.javacs.kt.MainKt

Host: 11th Gen Intel(R) Core(TM) i3-1115G4 @ 3.00GHz, 4 cores, 7G,  Windows 11 , 64 bit Build 22621 (10.0.22621.5415)
Time: Fri May  8 21:08:01 2026 SE Asia Standard Time elapsed time: 10.258888 seconds (0d 0h 0m 10s)

---------------  T H R E A D  ---------------

Current thread (0x000001ccfe7a7570):  VMThread "VM Thread"          [id=12040, stack(0x0000004bb5100000,0x0000004bb5200000) (1024K)]

Stack: [0x0000004bb5100000,0x0000004bb5200000]
Native frames: (J=compiled Java code, j=interpreted, Vv=VM code, C=native code)
V  [jvm.dll+0x6e0b99]  (no source info available)
V  [jvm.dll+0x87e2b3]  (no source info available)
V  [jvm.dll+0x88073e]  (no source info available)
V  [jvm.dll+0x880e13]  (no source info available)
V  [jvm.dll+0x27b006]  (no source info available)
V  [jvm.dll+0x6dd485]  (no source info available)
V  [jvm.dll+0x6d127a]  (no source info available)
V  [jvm.dll+0x35b50a]  (no source info available)
V  [jvm.dll+0x363916]  (no source info available)
V  [jvm.dll+0x34fe7e]  (no source info available)
V  [jvm.dll+0x350118]  (no source info available)
V  [jvm.dll+0x328aec]  (no source info available)
V  [jvm.dll+0x328b7a]  (no source info available)
V  [jvm.dll+0x374db2]  (no source info available)
V  [jvm.dll+0x3734b2]  (no source info available)
V  [jvm.dll+0x3282c7]  (no source info available)
V  [jvm.dll+0x372c64]  (no source info available)
V  [jvm.dll+0x886d50]  (no source info available)
V  [jvm.dll+0x888077]  (no source info available)
V  [jvm.dll+0x8885a8]  (no source info available)
V  [jvm.dll+0x888843]  (no source info available)
V  [jvm.dll+0x8254cb]  (no source info available)
V  [jvm.dll+0x6df345]  (no source info available)
C  [ucrtbase.dll+0x29333]  (no source info available)
C  [KERNEL32.DLL+0x1259d]  (no source info available)
C  [ntdll.dll+0x5af78]  (no source info available)

VM_Operation (0x0000004bb63fbfe0): G1CollectForAllocation, mode: safepoint, requested by thread 0x000001ccd2d4d510


---------------  P R O C E S S  ---------------

Threads class SMR info:
_java_thread_list=0x000001ccd3bc9010, length=18, elements={
0x000001ccfe7c0060, 0x000001ccfe7c11c0, 0x000001ccfe7c49a0, 0x000001ccfe7c54f0,
0x000001ccfe7ca3a0, 0x000001ccfe7d3430, 0x000001ccfe7dca00, 0x000001ccfe7dfe30,
0x000001ccc718b800, 0x000001ccc718d8d0, 0x000001ccc718b170, 0x000001ccc718c520,
0x000001ccd2d4b440, 0x000001ccd2d4adb0, 0x000001ccd2d4d510, 0x000001ccd2d4f5e0,
0x000001ccd2d31b10, 0x000001ccd37e46e0
}

Java Threads: ( => current thread )
  0x000001ccfe7c0060 JavaThread "Reference Handler"          daemon [_thread_blocked, id=832, stack(0x0000004bb5200000,0x0000004bb5300000) (1024K)]
  0x000001ccfe7c11c0 JavaThread "Finalizer"                  daemon [_thread_blocked, id=4884, stack(0x0000004bb5300000,0x0000004bb5400000) (1024K)]
  0x000001ccfe7c49a0 JavaThread "Signal Dispatcher"          daemon [_thread_blocked, id=17600, stack(0x0000004bb5400000,0x0000004bb5500000) (1024K)]
  0x000001ccfe7c54f0 JavaThread "Attach Listener"            daemon [_thread_blocked, id=17580, stack(0x0000004bb5500000,0x0000004bb5600000) (1024K)]
  0x000001ccfe7ca3a0 JavaThread "Service Thread"             daemon [_thread_blocked, id=1932, stack(0x0000004bb5600000,0x0000004bb5700000) (1024K)]
  0x000001ccfe7d3430 JavaThread "Monitor Deflation Thread"   daemon [_thread_blocked, id=8648, stack(0x0000004bb5700000,0x0000004bb5800000) (1024K)]
  0x000001ccfe7dca00 JavaThread "C2 CompilerThread0"         daemon [_thread_blocked, id=2856, stack(0x0000004bb5800000,0x0000004bb5900000) (1024K)]
  0x000001ccfe7dfe30 JavaThread "C1 CompilerThread0"         daemon [_thread_blocked, id=10564, stack(0x0000004bb5900000,0x0000004bb5a00000) (1024K)]
  0x000001ccc718b800 JavaThread "Notification Thread"        daemon [_thread_blocked, id=1096, stack(0x0000004bb5a00000,0x0000004bb5b00000) (1024K)]
  0x000001ccc718d8d0 JavaThread "Common-Cleaner"             daemon [_thread_blocked, id=17708, stack(0x0000004bb5b00000,0x0000004bb5c00000) (1024K)]
  0x000001ccc718b170 JavaThread "client"                            [_thread_in_native, id=16216, stack(0x0000004bb6000000,0x0000004bb6100000) (1024K)]
  0x000001ccc718c520 JavaThread "DestroyJavaVM"                     [_thread_blocked, id=18052, stack(0x0000004bb4a00000,0x0000004bb4b00000) (1024K)]
  0x000001ccd2d4b440 JavaThread "async0"                            [_thread_blocked, id=9568, stack(0x0000004bb6100000,0x0000004bb6200000) (1024K)]
  0x000001ccd2d4adb0 JavaThread "async1"                            [_thread_blocked, id=6116, stack(0x0000004bb6200000,0x0000004bb6300000) (1024K)]
  0x000001ccd2d4d510 JavaThread "debounce0"                         [_thread_blocked, id=17788, stack(0x0000004bb6300000,0x0000004bb6400000) (1024K)]
  0x000001ccd2d4f5e0 JavaThread "async2"                            [_thread_blocked, id=18304, stack(0x0000004bb6400000,0x0000004bb6500000) (1024K)]
  0x000001ccd2d31b10 JavaThread "async3"                            [_thread_blocked, id=2564, stack(0x0000004bb6500000,0x0000004bb6600000) (1024K)]
  0x000001ccd37e46e0 JavaThread "C2 CompilerThread1"         daemon [_thread_blocked, id=11444, stack(0x0000004bb5c00000,0x0000004bb5d00000) (1024K)]
Total: 18

Other Threads:
=>0x000001ccfe7a7570 VMThread "VM Thread"                           [id=12040, stack(0x0000004bb5100000,0x0000004bb5200000) (1024K)]
  0x000001ccfe796330 WatcherThread "VM Periodic Task Thread"        [id=17472, stack(0x0000004bb5000000,0x0000004bb5100000) (1024K)]
  0x000001cce4663690 WorkerThread "GC Thread#0"                     [id=5472, stack(0x0000004bb4b00000,0x0000004bb4c00000) (1024K)]
  0x000001ccc7855320 WorkerThread "GC Thread#1"                     [id=3284, stack(0x0000004bb5d00000,0x0000004bb5e00000) (1024K)]
  0x000001ccc78a3350 WorkerThread "GC Thread#2"                     [id=11884, stack(0x0000004bb5e00000,0x0000004bb5f00000) (1024K)]
  0x000001ccc78a3700 WorkerThread "GC Thread#3"                     [id=10020, stack(0x0000004bb5f00000,0x0000004bb6000000) (1024K)]
  0x000001cce4693ff0 ConcurrentGCThread "G1 Main Marker"            [id=14472, stack(0x0000004bb4c00000,0x0000004bb4d00000) (1024K)]
  0x000001cce4695670 WorkerThread "G1 Conc#0"                       [id=15152, stack(0x0000004bb4d00000,0x0000004bb4e00000) (1024K)]
  0x000001ccfe66a540 ConcurrentGCThread "G1 Refine#0"               [id=17468, stack(0x0000004bb4e00000,0x0000004bb4f00000) (1024K)]
  0x000001ccfe66be70 ConcurrentGCThread "G1 Service"                [id=13596, stack(0x0000004bb4f00000,0x0000004bb5000000) (1024K)]
Total: 10

Threads with active compile tasks:
C2 CompilerThread0  10289 8555       4       org.jetbrains.org.objectweb.asm.ClassReader::accept (1380 bytes)
C2 CompilerThread1  10290 8688 %     4       org.jetbrains.kotlin.metadata.jvm.deserialization.JvmNameResolverKt::toExpandedRecordsList @ 36 (106 bytes)
Total: 2

VM state: at safepoint (normal execution)

VM Mutex/Monitor currently owned by a thread:  ([mutex/lock_event])
[0x00007ffbbc624888] Threads_lock - owner thread: 0x000001ccfe7a7570
[0x00007ffbbc624988] Heap_lock - owner thread: 0x000001ccd2d4d510

Heap address: 0x0000000084a00000, size: 1974 MB, Compressed Oops mode: 32-bit

CDS archive(s) mapped at: [0x000001cc82000000-0x000001cc82d70000-0x000001cc82d70000), size 14090240, SharedBaseAddress: 0x000001cc82000000, ArchiveRelocationMode: 1.
Compressed class space mapped at: 0x000001cc83000000-0x000001ccc3000000, reserved size: 1073741824
Narrow klass base: 0x000001cc82000000, Narrow klass shift: 0, Narrow klass range: 0x41000000

GC Precious Log:
 CardTable entry size: 512
 Card Set container configuration: InlinePtr #cards 5 size 8 Array Of Cards #cards 10 size 36 Howl #buckets 4 coarsen threshold 1843 Howl Bitmap #cards 512 size 80 coarsen threshold 460 Card regions per heap region 1 cards per card region 2048
 CPUs: 4 total, 4 available
 Memory: 7894M
 Large Page Support: Disabled
 NUMA Support: Disabled
 Compressed Oops: Enabled (32-bit)
 Heap Region Size: 1M
 Heap Min Capacity: 8M
 Heap Initial Capacity: 124M
 Heap Max Capacity: 1974M
 Pre-touch: Disabled
 Parallel Workers: 4
 Concurrent Workers: 1
 Concurrent Refinement Workers: 4
 Periodic GC: Disabled

Heap:
 garbage-first heap   total reserved 2021376K, committed 128000K, used 59725K [0x0000000084a00000, 0x0000000100000000)
  region size 1024K, 3 young (3072K), 3 survivors (3072K)
 Metaspace       used 66968K, committed 67968K, reserved 1114112K
  class space    used 8195K, committed 8704K, reserved 1048576K

Heap Regions: E=young(eden), S=young(survivor), O=old, HS=humongous(starts), HC=humongous(continues), CS=collection set, F=free, TAMS=top-at-mark-start, PB=parsable bottom
|   0|0x0000000084a00000, 0x0000000084b00000, 0x0000000084b00000|100%|HS|  |TAMS 0x0000000084b00000| PB 0x0000000084a00000| Complete |  0
|   1|0x0000000084b00000, 0x0000000084c00000, 0x0000000084c00000|100%|HC|  |TAMS 0x0000000084c00000| PB 0x0000000084b00000| Complete |  0
|   2|0x0000000084c00000, 0x0000000084d00000, 0x0000000084d00000|100%|HC|  |TAMS 0x0000000084d00000| PB 0x0000000084c00000| Complete |  0
|   3|0x0000000084d00000, 0x0000000084e00000, 0x0000000084e00000|100%|HC|  |TAMS 0x0000000084e00000| PB 0x0000000084d00000| Complete |  0
|   4|0x0000000084e00000, 0x0000000084f00000, 0x0000000084f00000|100%| O|  |TAMS 0x0000000084f00000| PB 0x0000000084e00000| Untracked |  0
|   5|0x0000000084f00000, 0x0000000085000000, 0x0000000085000000|100%| O|  |TAMS 0x0000000085000000| PB 0x0000000084f00000| Untracked |  0
|   6|0x0000000085000000, 0x0000000085100000, 0x0000000085100000|100%| O|  |TAMS 0x0000000085100000| PB 0x0000000085000000| Untracked |  0
|   7|0x0000000085100000, 0x0000000085200000, 0x0000000085200000|100%| O|  |TAMS 0x0000000085200000| PB 0x0000000085100000| Untracked |  0
|   8|0x0000000085200000, 0x0000000085300000, 0x0000000085300000|100%| O|  |TAMS 0x0000000085300000| PB 0x0000000085200000| Untracked |  0
|   9|0x0000000085300000, 0x0000000085400000, 0x0000000085400000|100%| O|  |TAMS 0x0000000085400000| PB 0x0000000085300000| Untracked |  0
|  10|0x0000000085400000, 0x0000000085500000, 0x0000000085500000|100%| O|  |TAMS 0x0000000085500000| PB 0x0000000085400000| Untracked |  0
|  11|0x0000000085500000, 0x0000000085600000, 0x0000000085600000|100%| O|  |TAMS 0x0000000085600000| PB 0x0000000085500000| Untracked |  0
|  12|0x0000000085600000, 0x0000000085700000, 0x0000000085700000|100%| O|  |TAMS 0x0000000085700000| PB 0x0000000085600000| Untracked |  0
|  13|0x0000000085700000, 0x0000000085800000, 0x0000000085800000|100%| O|  |TAMS 0x0000000085800000| PB 0x0000000085700000| Untracked |  0
|  14|0x0000000085800000, 0x0000000085900000, 0x0000000085900000|100%| O|  |TAMS 0x0000000085900000| PB 0x0000000085800000| Untracked |  0
|  15|0x0000000085900000, 0x0000000085a00000, 0x0000000085a00000|100%| O|  |TAMS 0x0000000085a00000| PB 0x0000000085900000| Untracked |  0
|  16|0x0000000085a00000, 0x0000000085b00000, 0x0000000085b00000|100%| O|  |TAMS 0x0000000085b00000| PB 0x0000000085a00000| Untracked |  0
|  17|0x0000000085b00000, 0x0000000085c00000, 0x0000000085c00000|100%| O|  |TAMS 0x0000000085c00000| PB 0x0000000085b00000| Untracked |  0
|  18|0x0000000085c00000, 0x0000000085d00000, 0x0000000085d00000|100%| O|  |TAMS 0x0000000085d00000| PB 0x0000000085c00000| Untracked |  0
|  19|0x0000000085d00000, 0x0000000085e00000, 0x0000000085e00000|100%| O|  |TAMS 0x0000000085e00000| PB 0x0000000085d00000| Untracked |  0
|  20|0x0000000085e00000, 0x0000000085f00000, 0x0000000085f00000|100%| O|  |TAMS 0x0000000085f00000| PB 0x0000000085e00000| Untracked |  0
|  21|0x0000000085f00000, 0x0000000086000000, 0x0000000086000000|100%| O|  |TAMS 0x0000000086000000| PB 0x0000000085f00000| Untracked |  0
|  22|0x0000000086000000, 0x0000000086100000, 0x0000000086100000|100%| O|  |TAMS 0x0000000086100000| PB 0x0000000086000000| Untracked |  0
|  23|0x0000000086100000, 0x0000000086200000, 0x0000000086200000|100%| O|  |TAMS 0x0000000086200000| PB 0x0000000086100000| Untracked |  0
|  24|0x0000000086200000, 0x0000000086300000, 0x0000000086300000|100%| O|  |TAMS 0x0000000086300000| PB 0x0000000086200000| Untracked |  0
|  25|0x0000000086300000, 0x0000000086400000, 0x0000000086400000|100%| O|  |TAMS 0x0000000086400000| PB 0x0000000086300000| Untracked |  0
|  26|0x0000000086400000, 0x0000000086500000, 0x0000000086500000|100%| O|  |TAMS 0x0000000086500000| PB 0x0000000086400000| Untracked |  0
|  27|0x0000000086500000, 0x0000000086600000, 0x0000000086600000|100%| O|  |TAMS 0x0000000086600000| PB 0x0000000086500000| Untracked |  0
|  28|0x0000000086600000, 0x0000000086700000, 0x0000000086700000|100%| O|  |TAMS 0x0000000086700000| PB 0x0000000086600000| Untracked |  0
|  29|0x0000000086700000, 0x0000000086800000, 0x0000000086800000|100%| O|  |TAMS 0x0000000086800000| PB 0x0000000086700000| Untracked |  0
|  30|0x0000000086800000, 0x0000000086900000, 0x0000000086900000|100%| O|  |TAMS 0x0000000086900000| PB 0x0000000086800000| Untracked |  0
|  31|0x0000000086900000, 0x0000000086a00000, 0x0000000086a00000|100%| O|  |TAMS 0x0000000086a00000| PB 0x0000000086900000| Untracked |  0
|  32|0x0000000086a00000, 0x0000000086b00000, 0x0000000086b00000|100%| O|  |TAMS 0x0000000086a00000| PB 0x0000000086a00000| Untracked |  0
|  33|0x0000000086b00000, 0x0000000086c00000, 0x0000000086c00000|100%| O|  |TAMS 0x0000000086c00000| PB 0x0000000086b00000| Untracked |  0
|  34|0x0000000086c00000, 0x0000000086d00000, 0x0000000086d00000|100%| O|  |TAMS 0x0000000086d00000| PB 0x0000000086c00000| Untracked |  0
|  35|0x0000000086d00000, 0x0000000086e00000, 0x0000000086e00000|100%| O|  |TAMS 0x0000000086e00000| PB 0x0000000086d00000| Untracked |  0
|  36|0x0000000086e00000, 0x0000000086f00000, 0x0000000086f00000|100%| O|  |TAMS 0x0000000086f00000| PB 0x0000000086e00000| Untracked |  0
|  37|0x0000000086f00000, 0x0000000087000000, 0x0000000087000000|100%| O|  |TAMS 0x0000000086f00000| PB 0x0000000086f00000| Untracked |  0
|  38|0x0000000087000000, 0x0000000087100000, 0x0000000087100000|100%| O|  |TAMS 0x0000000087100000| PB 0x0000000087000000| Untracked |  0
|  39|0x0000000087100000, 0x0000000087200000, 0x0000000087200000|100%| O|  |TAMS 0x0000000087200000| PB 0x0000000087100000| Untracked |  0
|  40|0x0000000087200000, 0x0000000087300000, 0x0000000087300000|100%| O|  |TAMS 0x0000000087300000| PB 0x0000000087200000| Untracked |  0
|  41|0x0000000087300000, 0x0000000087400000, 0x0000000087400000|100%| O|  |TAMS 0x0000000087400000| PB 0x0000000087300000| Untracked |  0
|  42|0x0000000087400000, 0x0000000087500000, 0x0000000087500000|100%| O|  |TAMS 0x0000000087500000| PB 0x0000000087400000| Untracked |  0
|  43|0x0000000087500000, 0x0000000087600000, 0x0000000087600000|100%| O|  |TAMS 0x0000000087500000| PB 0x0000000087500000| Untracked |  0
|  44|0x0000000087600000, 0x0000000087700000, 0x0000000087700000|100%| O|  |TAMS 0x0000000087700000| PB 0x0000000087600000| Untracked |  0
|  45|0x0000000087700000, 0x0000000087800000, 0x0000000087800000|100%| O|  |TAMS 0x0000000087800000| PB 0x0000000087700000| Untracked |  0
|  46|0x0000000087800000, 0x0000000087900000, 0x0000000087900000|100%| O|  |TAMS 0x0000000087900000| PB 0x0000000087800000| Untracked |  0
|  47|0x0000000087900000, 0x0000000087a00000, 0x0000000087a00000|100%| O|  |TAMS 0x0000000087a00000| PB 0x0000000087900000| Untracked |  0
|  48|0x0000000087a00000, 0x0000000087b00000, 0x0000000087b00000|100%| O|  |TAMS 0x0000000087b00000| PB 0x0000000087a00000| Untracked |  0
|  49|0x0000000087b00000, 0x0000000087c00000, 0x0000000087c00000|100%| O|  |TAMS 0x0000000087c00000| PB 0x0000000087b00000| Untracked |  0
|  50|0x0000000087c00000, 0x0000000087d00000, 0x0000000087d00000|100%| O|  |TAMS 0x0000000087d00000| PB 0x0000000087c00000| Untracked |  0
|  51|0x0000000087d00000, 0x0000000087e00000, 0x0000000087e00000|100%| O|  |TAMS 0x0000000087d00000| PB 0x0000000087d00000| Untracked |  0
|  52|0x0000000087e00000, 0x0000000087e00000, 0x0000000087f00000|  0%| F|  |TAMS 0x0000000087e00000| PB 0x0000000087e00000| Untracked |  0
|  53|0x0000000087f00000, 0x0000000088000000, 0x0000000088000000|100%| O|  |TAMS 0x0000000087f00000| PB 0x0000000087f00000| Untracked |  0
|  54|0x0000000088000000, 0x0000000088100000, 0x0000000088100000|100%| O|  |TAMS 0x00000000880be810| PB 0x0000000088000000| Untracked |  0
|  55|0x0000000088100000, 0x0000000088183688, 0x0000000088200000| 51%| O|  |TAMS 0x0000000088100000| PB 0x0000000088100000| Untracked |  0
|  56|0x0000000088200000, 0x0000000088200000, 0x0000000088300000|  0%| F|  |TAMS 0x0000000088200000| PB 0x0000000088200000| Untracked |  0
|  57|0x0000000088300000, 0x0000000088300000, 0x0000000088400000|  0%| F|  |TAMS 0x0000000088300000| PB 0x0000000088300000| Untracked |  0
|  58|0x0000000088400000, 0x0000000088400000, 0x0000000088500000|  0%| F|  |TAMS 0x0000000088400000| PB 0x0000000088400000| Untracked |  0
|  59|0x0000000088500000, 0x0000000088500000, 0x0000000088600000|  0%| F|  |TAMS 0x0000000088500000| PB 0x0000000088500000| Untracked |  0
|  60|0x0000000088600000, 0x00000000886cffc0, 0x0000000088700000| 81%| S|CS|TAMS 0x0000000088600000| PB 0x0000000088600000| Complete |  0
|  61|0x0000000088700000, 0x0000000088700000, 0x0000000088800000|  0%| F|  |TAMS 0x0000000088700000| PB 0x0000000088700000| Untracked |  0
|  62|0x0000000088800000, 0x0000000088800000, 0x0000000088900000|  0%| F|  |TAMS 0x0000000088800000| PB 0x0000000088800000| Untracked |  0
|  63|0x0000000088900000, 0x0000000088900000, 0x0000000088a00000|  0%| F|  |TAMS 0x0000000088900000| PB 0x0000000088900000| Untracked |  0
|  64|0x0000000088a00000, 0x0000000088b00000, 0x0000000088b00000|100%| S|CS|TAMS 0x0000000088a00000| PB 0x0000000088a00000| Complete |  0
|  65|0x0000000088b00000, 0x0000000088c00000, 0x0000000088c00000|100%| S|CS|TAMS 0x0000000088b00000| PB 0x0000000088b00000| Complete |  0
|  66|0x0000000088c00000, 0x0000000088c00000, 0x0000000088d00000|  0%| F|  |TAMS 0x0000000088c00000| PB 0x0000000088c00000| Untracked |  0
|  67|0x0000000088d00000, 0x0000000088d00000, 0x0000000088e00000|  0%| F|  |TAMS 0x0000000088d00000| PB 0x0000000088d00000| Untracked |  0
|  68|0x0000000088e00000, 0x0000000088e00000, 0x0000000088f00000|  0%| F|  |TAMS 0x0000000088e00000| PB 0x0000000088e00000| Untracked |  0
|  69|0x0000000088f00000, 0x0000000088f00000, 0x0000000089000000|  0%| F|  |TAMS 0x0000000088f00000| PB 0x0000000088f00000| Untracked |  0
|  70|0x0000000089000000, 0x0000000089000000, 0x0000000089100000|  0%| F|  |TAMS 0x0000000089000000| PB 0x0000000089000000| Untracked |  0
|  71|0x0000000089100000, 0x0000000089100000, 0x0000000089200000|  0%| F|  |TAMS 0x0000000089100000| PB 0x0000000089100000| Untracked |  0
|  72|0x0000000089200000, 0x0000000089200000, 0x0000000089300000|  0%| F|  |TAMS 0x0000000089200000| PB 0x0000000089200000| Untracked |  0
|  73|0x0000000089300000, 0x0000000089300000, 0x0000000089400000|  0%| F|  |TAMS 0x0000000089300000| PB 0x0000000089300000| Untracked |  0
|  74|0x0000000089400000, 0x0000000089400000, 0x0000000089500000|  0%| F|  |TAMS 0x0000000089400000| PB 0x0000000089400000| Untracked |  0
|  75|0x0000000089500000, 0x0000000089500000, 0x0000000089600000|  0%| F|  |TAMS 0x0000000089500000| PB 0x0000000089500000| Untracked |  0
|  76|0x0000000089600000, 0x0000000089600000, 0x0000000089700000|  0%| F|  |TAMS 0x0000000089600000| PB 0x0000000089600000| Untracked |  0
|  77|0x0000000089700000, 0x0000000089700000, 0x0000000089800000|  0%| F|  |TAMS 0x0000000089700000| PB 0x0000000089700000| Untracked |  0
|  78|0x0000000089800000, 0x0000000089800000, 0x0000000089900000|  0%| F|  |TAMS 0x0000000089800000| PB 0x0000000089800000| Untracked |  0
|  79|0x0000000089900000, 0x0000000089900000, 0x0000000089a00000|  0%| F|  |TAMS 0x0000000089900000| PB 0x0000000089900000| Untracked |  0
|  80|0x0000000089a00000, 0x0000000089a00000, 0x0000000089b00000|  0%| F|  |TAMS 0x0000000089a00000| PB 0x0000000089a00000| Untracked |  0
|  81|0x0000000089b00000, 0x0000000089b00000, 0x0000000089c00000|  0%| F|  |TAMS 0x0000000089b00000| PB 0x0000000089b00000| Untracked |  0
|  82|0x0000000089c00000, 0x0000000089c00000, 0x0000000089d00000|  0%| F|  |TAMS 0x0000000089c00000| PB 0x0000000089c00000| Untracked |  0
|  83|0x0000000089d00000, 0x0000000089d00000, 0x0000000089e00000|  0%| F|  |TAMS 0x0000000089d00000| PB 0x0000000089d00000| Untracked |  0
|  84|0x0000000089e00000, 0x0000000089e00000, 0x0000000089f00000|  0%| F|  |TAMS 0x0000000089e00000| PB 0x0000000089e00000| Untracked |  0
|  85|0x0000000089f00000, 0x0000000089f00000, 0x000000008a000000|  0%| F|  |TAMS 0x0000000089f00000| PB 0x0000000089f00000| Untracked |  0
|  86|0x000000008a000000, 0x000000008a000000, 0x000000008a100000|  0%| F|  |TAMS 0x000000008a000000| PB 0x000000008a000000| Untracked |  0
|  87|0x000000008a100000, 0x000000008a100000, 0x000000008a200000|  0%| F|  |TAMS 0x000000008a100000| PB 0x000000008a100000| Untracked |  0
|  88|0x000000008a200000, 0x000000008a200000, 0x000000008a300000|  0%| F|  |TAMS 0x000000008a200000| PB 0x000000008a200000| Untracked |  0
|  89|0x000000008a300000, 0x000000008a300000, 0x000000008a400000|  0%| F|  |TAMS 0x000000008a300000| PB 0x000000008a300000| Untracked |  0
|  90|0x000000008a400000, 0x000000008a400000, 0x000000008a500000|  0%| F|  |TAMS 0x000000008a400000| PB 0x000000008a400000| Untracked |  0
|  91|0x000000008a500000, 0x000000008a500000, 0x000000008a600000|  0%| F|  |TAMS 0x000000008a500000| PB 0x000000008a500000| Untracked |  0
|  92|0x000000008a600000, 0x000000008a600000, 0x000000008a700000|  0%| F|  |TAMS 0x000000008a600000| PB 0x000000008a600000| Untracked |  0
|  93|0x000000008a700000, 0x000000008a700000, 0x000000008a800000|  0%| F|  |TAMS 0x000000008a700000| PB 0x000000008a700000| Untracked |  0
|  94|0x000000008a800000, 0x000000008a800000, 0x000000008a900000|  0%| F|  |TAMS 0x000000008a800000| PB 0x000000008a800000| Untracked |  0
|  95|0x000000008a900000, 0x000000008a900000, 0x000000008aa00000|  0%| F|  |TAMS 0x000000008a900000| PB 0x000000008a900000| Untracked |  0
|  96|0x000000008aa00000, 0x000000008aa00000, 0x000000008ab00000|  0%| F|  |TAMS 0x000000008aa00000| PB 0x000000008aa00000| Untracked |  0
|  97|0x000000008ab00000, 0x000000008ab00000, 0x000000008ac00000|  0%| F|  |TAMS 0x000000008ab00000| PB 0x000000008ab00000| Untracked |  0
|  98|0x000000008ac00000, 0x000000008ac00000, 0x000000008ad00000|  0%| F|  |TAMS 0x000000008ac00000| PB 0x000000008ac00000| Untracked |  0
|  99|0x000000008ad00000, 0x000000008ad00000, 0x000000008ae00000|  0%| F|  |TAMS 0x000000008ad00000| PB 0x000000008ad00000| Untracked |  0
| 100|0x000000008ae00000, 0x000000008ae00000, 0x000000008af00000|  0%| F|  |TAMS 0x000000008ae00000| PB 0x000000008ae00000| Untracked |  0
| 101|0x000000008af00000, 0x000000008af00000, 0x000000008b000000|  0%| F|  |TAMS 0x000000008af00000| PB 0x000000008af00000| Untracked |  0
| 102|0x000000008b000000, 0x000000008b000000, 0x000000008b100000|  0%| F|  |TAMS 0x000000008b000000| PB 0x000000008b000000| Untracked |  0
| 103|0x000000008b100000, 0x000000008b100000, 0x000000008b200000|  0%| F|  |TAMS 0x000000008b100000| PB 0x000000008b100000| Untracked |  0
| 104|0x000000008b200000, 0x000000008b200000, 0x000000008b300000|  0%| F|  |TAMS 0x000000008b200000| PB 0x000000008b200000| Untracked |  0
| 105|0x000000008b300000, 0x000000008b300000, 0x000000008b400000|  0%| F|  |TAMS 0x000000008b300000| PB 0x000000008b300000| Untracked |  0
| 106|0x000000008b400000, 0x000000008b400000, 0x000000008b500000|  0%| F|  |TAMS 0x000000008b400000| PB 0x000000008b400000| Untracked |  0
| 107|0x000000008b500000, 0x000000008b500000, 0x000000008b600000|  0%| F|  |TAMS 0x000000008b500000| PB 0x000000008b500000| Untracked |  0
| 108|0x000000008b600000, 0x000000008b600000, 0x000000008b700000|  0%| F|  |TAMS 0x000000008b600000| PB 0x000000008b600000| Untracked |  0
| 109|0x000000008b700000, 0x000000008b700000, 0x000000008b800000|  0%| F|  |TAMS 0x000000008b700000| PB 0x000000008b700000| Untracked |  0
| 110|0x000000008b800000, 0x000000008b800000, 0x000000008b900000|  0%| F|  |TAMS 0x000000008b800000| PB 0x000000008b800000| Untracked |  0
| 111|0x000000008b900000, 0x000000008b900000, 0x000000008ba00000|  0%| F|  |TAMS 0x000000008b900000| PB 0x000000008b900000| Untracked |  0
| 112|0x000000008ba00000, 0x000000008ba00000, 0x000000008bb00000|  0%| F|  |TAMS 0x000000008ba00000| PB 0x000000008ba00000| Untracked |  0
| 113|0x000000008bb00000, 0x000000008bb00000, 0x000000008bc00000|  0%| F|  |TAMS 0x000000008bb00000| PB 0x000000008bb00000| Untracked |  0
| 114|0x000000008bc00000, 0x000000008bc00000, 0x000000008bd00000|  0%| F|  |TAMS 0x000000008bc00000| PB 0x000000008bc00000| Untracked |  0
| 115|0x000000008bd00000, 0x000000008bd00000, 0x000000008be00000|  0%| F|  |TAMS 0x000000008bd00000| PB 0x000000008bd00000| Untracked |  0
| 116|0x000000008be00000, 0x000000008be00000, 0x000000008bf00000|  0%| F|  |TAMS 0x000000008be00000| PB 0x000000008be00000| Untracked |  0
| 117|0x000000008bf00000, 0x000000008bf00000, 0x000000008c000000|  0%| F|  |TAMS 0x000000008bf00000| PB 0x000000008bf00000| Untracked |  0
| 118|0x000000008c000000, 0x000000008c000000, 0x000000008c100000|  0%| F|  |TAMS 0x000000008c000000| PB 0x000000008c000000| Untracked |  0
| 119|0x000000008c100000, 0x000000008c100000, 0x000000008c200000|  0%| F|  |TAMS 0x000000008c100000| PB 0x000000008c100000| Untracked |  0
| 120|0x000000008c200000, 0x000000008c200000, 0x000000008c300000|  0%| F|  |TAMS 0x000000008c200000| PB 0x000000008c200000| Untracked |  0
| 121|0x000000008c300000, 0x000000008c300000, 0x000000008c400000|  0%| F|  |TAMS 0x000000008c300000| PB 0x000000008c300000| Untracked |  0
| 122|0x000000008c400000, 0x000000008c400000, 0x000000008c500000|  0%| F|  |TAMS 0x000000008c400000| PB 0x000000008c400000| Untracked |  0
| 123|0x000000008c500000, 0x000000008c500000, 0x000000008c600000|  0%| F|  |TAMS 0x000000008c500000| PB 0x000000008c500000| Untracked |  0
|1973|0x00000000fff00000, 0x0000000100000000, 0x0000000100000000|100%| O|  |TAMS 0x0000000100000000| PB 0x00000000fff00000| Untracked |  0

Card table byte_map: [0x000001ccfc110000,0x000001ccfc4f0000] _byte_map_base: 0x000001ccfbceb000

Marking Bits: (CMBitMap*) 0x000001cce4663da0
 Bits: [0x000001ccfc4f0000, 0x000001ccfe3c8000)

Polling page: 0x000001cce2230000

Metaspace:

Usage:
  Non-class:     57.40 MB used.
      Class:      8.00 MB used.
       Both:     65.40 MB used.

Virtual space:
  Non-class space:       64.00 MB reserved,      57.88 MB ( 90%) committed,  1 nodes.
      Class space:        1.00 GB reserved,       8.50 MB ( <1%) committed,  1 nodes.
             Both:        1.06 GB reserved,      66.38 MB (  6%) committed. 

Chunk freelists:
   Non-Class:  5.52 MB
       Class:  7.48 MB
        Both:  13.00 MB

MaxMetaspaceSize: unlimited
CompressedClassSpaceSize: 1.00 GB
Initial GC threshold: 21.00 MB
Current GC threshold: 110.12 MB
CDS: on
 - commit_granule_bytes: 65536.
 - commit_granule_words: 8192.
 - virtual_space_node_default_size: 8388608.
 - enlarge_chunks_in_place: 1.
 - use_allocation_guard: 0.


Internal statistics:

num_allocs_failed_limit: 6.
num_arena_births: 1518.
num_arena_deaths: 0.
num_vsnodes_births: 2.
num_vsnodes_deaths: 0.
num_space_committed: 1061.
num_space_uncommitted: 0.
num_chunks_returned_to_freelist: 6.
num_chunks_taken_from_freelist: 4022.
num_chunk_merges: 6.
num_chunk_splits: 2953.
num_chunks_enlarged: 2204.
num_inconsistent_stats: 0.

CodeHeap 'non-profiled nmethods': size=120064Kb used=3453Kb max_used=3453Kb free=116610Kb
 bounds [0x000001ccf47f0000, 0x000001ccf4b50000, 0x000001ccfbd30000]
CodeHeap 'profiled nmethods': size=120000Kb used=13270Kb max_used=13270Kb free=106729Kb
 bounds [0x000001ccecd30000, 0x000001cceda30000, 0x000001ccf4260000]
CodeHeap 'non-nmethods': size=5696Kb used=1895Kb max_used=1944Kb free=3800Kb
 bounds [0x000001ccf4260000, 0x000001ccf44d0000, 0x000001ccf47f0000]
CodeCache: size=245760Kb, used=18618Kb, max_used=18667Kb, free=227139Kb
 total_blobs=8378, nmethods=7621, adapters=660, full_count=0
Compilation: enabled, stopped_count=0, restarted_count=0

Compilation events (20 events):
Event: 7.942 Thread 0x000001ccd37e46e0 nmethod 8590 0x000001ccf4b48088 code [0x000001ccf4b48780, 0x000001ccf4b4ce88]
Event: 7.942 Thread 0x000001ccd37e46e0 8641       4       org.jetbrains.kotlin.protobuf.CodedInputStream::popLimit (10 bytes)
Event: 7.943 Thread 0x000001ccd37e46e0 nmethod 8641 0x000001ccf4b4d008 code [0x000001ccf4b4d100, 0x000001ccf4b4d1a8]
Event: 7.943 Thread 0x000001ccd37e46e0 8608       4       org.jetbrains.kotlin.utils.SmartList::<init> (5 bytes)
Event: 7.943 Thread 0x000001ccd37e46e0 nmethod 8608 0x000001ccf4b4d308 code [0x000001ccf4b4d400, 0x000001ccf4b4d480]
Event: 7.943 Thread 0x000001ccd37e46e0 8594       4       kotlin.text.StringsKt__StringsJVMKt::replace (127 bytes)
Event: 7.948 Thread 0x000001ccfe7dfe30 8686       3       org.jetbrains.kotlin.load.kotlin.FileBasedKotlinClass::resolveNameByInternalName (177 bytes)
Event: 7.949 Thread 0x000001ccfe7dfe30 nmethod 8686 0x000001cceda22988 code [0x000001cceda22e60, 0x000001cceda25460]
Event: 7.953 Thread 0x000001ccd37e46e0 nmethod 8594 0x000001ccf4b4d608 code [0x000001ccf4b4d740, 0x000001ccf4b4df00]
Event: 7.954 Thread 0x000001ccd37e46e0 8599       4       org.jetbrains.kotlin.storage.LockBasedStorageManager$LockBasedLazyValue::<init> (38 bytes)
Event: 7.956 Thread 0x000001ccd37e46e0 nmethod 8599 0x000001ccf4b4df88 code [0x000001ccf4b4e0a0, 0x000001ccf4b4e420]
Event: 7.956 Thread 0x000001ccd37e46e0 8591       4       java.util.LinkedHashMap::afterNodeAccess (266 bytes)
Event: 7.962 Thread 0x000001ccd37e46e0 nmethod 8591 0x000001ccf4b4e488 code [0x000001ccf4b4e5c0, 0x000001ccf4b4edf8]
Event: 7.962 Thread 0x000001ccd37e46e0 8604       4       org.jetbrains.kotlin.storage.LockBasedStorageManager$LockBasedLazyValue::postCompute (1 bytes)
Event: 7.962 Thread 0x000001ccd37e46e0 nmethod 8604 0x000001ccf4b4ee88 code [0x000001ccf4b4ef80, 0x000001ccf4b4eff8]
Event: 7.962 Thread 0x000001ccd37e46e0 8607       4       java.util.LinkedHashMap$LinkedKeySet::size (8 bytes)
Event: 7.962 Thread 0x000001ccd37e46e0 nmethod 8607 0x000001ccf4b4f188 code [0x000001ccf4b4f280, 0x000001ccf4b4f310]
Event: 7.962 Thread 0x000001ccfe7dfe30 8687       3       org.jetbrains.kotlin.metadata.ProtoBuf$Package::getDefaultInstanceForType (5 bytes)
Event: 7.963 Thread 0x000001ccfe7dfe30 nmethod 8687 0x000001cceda25588 code [0x000001cceda256a0, 0x000001cceda25810]
Event: 7.965 Thread 0x000001ccd37e46e0 8688 %     4       org.jetbrains.kotlin.metadata.jvm.deserialization.JvmNameResolverKt::toExpandedRecordsList @ 36 (106 bytes)

GC Heap History (20 events):
Event: 5.829 GC heap after
{Heap after GC invocations=21 (full 0):
 garbage-first heap   total reserved 2021376K, committed 54272K, used 31301K [0x0000000084a00000, 0x0000000100000000)
  region size 1024K, 3 young (3072K), 3 survivors (3072K)
 Metaspace       used 60930K, committed 61888K, reserved 1114112K
  class space    used 7581K, committed 8000K, reserved 1048576K
}
Event: 6.219 GC heap before
{Heap before GC invocations=22 (full 0):
 garbage-first heap   total reserved 2021376K, committed 55296K, used 45637K [0x0000000084a00000, 0x0000000100000000)
  region size 1024K, 17 young (17408K), 3 survivors (3072K)
 Metaspace       used 62364K, committed 63296K, reserved 1114112K
  class space    used 7680K, committed 8128K, reserved 1048576K
}
Event: 6.222 GC heap after
{Heap after GC invocations=23 (full 0):
 garbage-first heap   total reserved 2021376K, committed 55296K, used 32581K [0x0000000084a00000, 0x0000000100000000)
  region size 1024K, 3 young (3072K), 3 survivors (3072K)
 Metaspace       used 62364K, committed 63296K, reserved 1114112K
  class space    used 7680K, committed 8128K, reserved 1048576K
}
Event: 6.280 GC heap before
{Heap before GC invocations=23 (full 0):
 garbage-first heap   total reserved 2021376K, committed 55296K, used 47941K [0x0000000084a00000, 0x0000000100000000)
  region size 1024K, 17 young (17408K), 3 survivors (3072K)
 Metaspace       used 62492K, committed 63424K, reserved 1114112K
  class space    used 7691K, committed 8128K, reserved 1048576K
}
Event: 6.287 GC heap after
{Heap after GC invocations=24 (full 0):
 garbage-first heap   total reserved 2021376K, committed 56320K, used 36278K [0x0000000084a00000, 0x0000000100000000)
  region size 1024K, 3 young (3072K), 3 survivors (3072K)
 Metaspace       used 62492K, committed 63424K, reserved 1114112K
  class space    used 7691K, committed 8128K, reserved 1048576K
}
Event: 6.309 GC heap before
{Heap before GC invocations=24 (full 0):
 garbage-first heap   total reserved 2021376K, committed 56320K, used 48566K [0x0000000084a00000, 0x0000000100000000)
  region size 1024K, 15 young (15360K), 3 survivors (3072K)
 Metaspace       used 62508K, committed 63424K, reserved 1114112K
  class space    used 7691K, committed 8128K, reserved 1048576K
}
Event: 6.313 GC heap after
{Heap after GC invocations=25 (full 0):
 garbage-first heap   total reserved 2021376K, committed 92160K, used 38071K [0x0000000084a00000, 0x0000000100000000)
  region size 1024K, 2 young (2048K), 2 survivors (2048K)
 Metaspace       used 62508K, committed 63424K, reserved 1114112K
  class space    used 7691K, committed 8128K, reserved 1048576K
}
Event: 6.998 GC heap before
{Heap before GC invocations=26 (full 0):
 garbage-first heap   total reserved 2021376K, committed 92160K, used 80055K [0x0000000084a00000, 0x0000000100000000)
  region size 1024K, 42 young (43008K), 2 survivors (2048K)
 Metaspace       used 66073K, committed 67136K, reserved 1114112K
  class space    used 8129K, committed 8640K, reserved 1048576K
}
Event: 7.003 GC heap after
{Heap after GC invocations=27 (full 0):
 garbage-first heap   total reserved 2021376K, committed 92160K, used 43008K [0x0000000084a00000, 0x0000000100000000)
  region size 1024K, 6 young (6144K), 6 survivors (6144K)
 Metaspace       used 66073K, committed 67136K, reserved 1114112K
  class space    used 8129K, committed 8640K, reserved 1048576K
}
Event: 7.375 GC heap before
{Heap before GC invocations=27 (full 0):
 garbage-first heap   total reserved 2021376K, committed 92160K, used 79872K [0x0000000084a00000, 0x0000000100000000)
  region size 1024K, 41 young (41984K), 6 survivors (6144K)
 Metaspace       used 66325K, committed 67328K, reserved 1114112K
  class space    used 8156K, committed 8640K, reserved 1048576K
}
Event: 7.382 GC heap after
{Heap after GC invocations=28 (full 0):
 garbage-first heap   total reserved 2021376K, committed 92160K, used 44990K [0x0000000084a00000, 0x0000000100000000)
  region size 1024K, 4 young (4096K), 4 survivors (4096K)
 Metaspace       used 66325K, committed 67328K, reserved 1114112K
  class space    used 8156K, committed 8640K, reserved 1048576K
}
Event: 7.549 GC heap before
{Heap before GC invocations=28 (full 0):
 garbage-first heap   total reserved 2021376K, committed 92160K, used 79806K [0x0000000084a00000, 0x0000000100000000)
  region size 1024K, 38 young (38912K), 4 survivors (4096K)
 Metaspace       used 66550K, committed 67520K, reserved 1114112K
  class space    used 8171K, committed 8640K, reserved 1048576K
}
Event: 7.553 GC heap after
{Heap after GC invocations=29 (full 0):
 garbage-first heap   total reserved 2021376K, committed 92160K, used 47446K [0x0000000084a00000, 0x0000000100000000)
  region size 1024K, 3 young (3072K), 3 survivors (3072K)
 Metaspace       used 66550K, committed 67520K, reserved 1114112K
  class space    used 8171K, committed 8640K, reserved 1048576K
}
Event: 7.704 GC heap before
{Heap before GC invocations=30 (full 0):
 garbage-first heap   total reserved 2021376K, committed 92160K, used 81238K [0x0000000084a00000, 0x0000000100000000)
  region size 1024K, 35 young (35840K), 3 survivors (3072K)
 Metaspace       used 66764K, committed 67712K, reserved 1114112K
  class space    used 8188K, committed 8640K, reserved 1048576K
}
Event: 7.710 GC heap after
{Heap after GC invocations=31 (full 0):
 garbage-first heap   total reserved 2021376K, committed 92160K, used 52093K [0x0000000084a00000, 0x0000000100000000)
  region size 1024K, 5 young (5120K), 5 survivors (5120K)
 Metaspace       used 66764K, committed 67712K, reserved 1114112K
  class space    used 8188K, committed 8640K, reserved 1048576K
}
Event: 7.824 GC heap before
{Heap before GC invocations=31 (full 0):
 garbage-first heap   total reserved 2021376K, committed 92160K, used 81789K [0x0000000084a00000, 0x0000000100000000)
  region size 1024K, 33 young (33792K), 5 survivors (5120K)
 Metaspace       used 66888K, committed 67904K, reserved 1114112K
  class space    used 8195K, committed 8704K, reserved 1048576K
}
Event: 7.830 GC heap after
{Heap after GC invocations=32 (full 0):
 garbage-first heap   total reserved 2021376K, committed 93184K, used 56058K [0x0000000084a00000, 0x0000000100000000)
  region size 1024K, 5 young (5120K), 5 survivors (5120K)
 Metaspace       used 66888K, committed 67904K, reserved 1114112K
  class space    used 8195K, committed 8704K, reserved 1048576K
}
Event: 7.892 GC heap before
{Heap before GC invocations=32 (full 0):
 garbage-first heap   total reserved 2021376K, committed 93184K, used 81658K [0x0000000084a00000, 0x0000000100000000)
  region size 1024K, 30 young (30720K), 5 survivors (5120K)
 Metaspace       used 66956K, committed 67968K, reserved 1114112K
  class space    used 8195K, committed 8704K, reserved 1048576K
}
Event: 7.896 GC heap after
{Heap after GC invocations=33 (full 0):
 garbage-first heap   total reserved 2021376K, committed 93184K, used 57243K [0x0000000084a00000, 0x0000000100000000)
  region size 1024K, 3 young (3072K), 3 survivors (3072K)
 Metaspace       used 66956K, committed 67968K, reserved 1114112K
  class space    used 8195K, committed 8704K, reserved 1048576K
}
Event: 7.966 GC heap before
{Heap before GC invocations=33 (full 0):
 garbage-first heap   total reserved 2021376K, committed 93184K, used 82843K [0x0000000084a00000, 0x0000000100000000)
  region size 1024K, 27 young (27648K), 3 survivors (3072K)
 Metaspace       used 66968K, committed 67968K, reserved 1114112K
  class space    used 8195K, committed 8704K, reserved 1048576K
}

Dll operation events (8 events):
Event: 0.010 Loaded shared library C:\Program Files\Java\jdk-23\bin\java.dll
Event: 0.047 Loaded shared library C:\Program Files\Java\jdk-23\bin\jsvml.dll
Event: 0.082 Loaded shared library C:\Program Files\Java\jdk-23\bin\net.dll
Event: 0.083 Loaded shared library C:\Program Files\Java\jdk-23\bin\nio.dll
Event: 0.087 Loaded shared library C:\Program Files\Java\jdk-23\bin\zip.dll
Event: 0.166 Loaded shared library C:\Program Files\Java\jdk-23\bin\jimage.dll
Event: 1.248 Loaded shared library C:\Program Files\Java\jdk-23\bin\verify.dll
Event: 3.061 Loaded shared library C:\Users\USER\AppData\Local\Temp\sqlite-3.41.2.1-91db71ca-9e12-4ebe-a86c-d05586c2a27a-sqlitejdbc.dll

Deoptimization events (20 events):
Event: 7.155 Thread 0x000001ccd2d4d510 Uncommon trap: trap_request=0xffffffde fr.pc=0x000001ccf49c9ebc relative=0x000000000000017c
Event: 7.155 Thread 0x000001ccd2d4d510 Uncommon trap: reason=class_check action=maybe_recompile pc=0x000001ccf49c9ebc method=com.intellij.lexer.FlexAdapter.locateToken()V @ 29 c2
Event: 7.155 Thread 0x000001ccd2d4d510 DEOPT PACKING pc=0x000001ccf49c9ebc sp=0x0000004bb63fdbe0
Event: 7.155 Thread 0x000001ccd2d4d510 DEOPT UNPACKING pc=0x000001ccf42b7982 sp=0x0000004bb63fdb88 mode 2
Event: 7.155 Thread 0x000001ccd2d4d510 Uncommon trap: trap_request=0xffffffde fr.pc=0x000001ccf49c9ebc relative=0x000000000000017c
Event: 7.155 Thread 0x000001ccd2d4d510 Uncommon trap: reason=class_check action=maybe_recompile pc=0x000001ccf49c9ebc method=com.intellij.lexer.FlexAdapter.locateToken()V @ 29 c2
Event: 7.155 Thread 0x000001ccd2d4d510 DEOPT PACKING pc=0x000001ccf49c9ebc sp=0x0000004bb63fdbe0
Event: 7.155 Thread 0x000001ccd2d4d510 DEOPT UNPACKING pc=0x000001ccf42b7982 sp=0x0000004bb63fdb88 mode 2
Event: 7.346 Thread 0x000001ccd2d4d510 DEOPT PACKING pc=0x000001ccecf3c685 sp=0x0000004bb63fbc60
Event: 7.346 Thread 0x000001ccd2d4d510 DEOPT UNPACKING pc=0x000001ccf42b84c2 sp=0x0000004bb63fb0f0 mode 0
Event: 7.369 Thread 0x000001ccd2d4d510 DEOPT PACKING pc=0x000001ccecf3c685 sp=0x0000004bb63fbbd0
Event: 7.369 Thread 0x000001ccd2d4d510 DEOPT UNPACKING pc=0x000001ccf42b84c2 sp=0x0000004bb63fb060 mode 0
Event: 7.435 Thread 0x000001ccd2d4d510 DEOPT PACKING pc=0x000001cced4a4ae0 sp=0x0000004bb63fb910
Event: 7.435 Thread 0x000001ccd2d4d510 DEOPT UNPACKING pc=0x000001ccf42b84c2 sp=0x0000004bb63fadd0 mode 0
Event: 7.482 Thread 0x000001ccd2d4d510 Uncommon trap: trap_request=0xffffff6e fr.pc=0x000001ccf4b16ca8 relative=0x0000000000000108
Event: 7.482 Thread 0x000001ccd2d4d510 Uncommon trap: reason=loop_limit_check action=maybe_recompile pc=0x000001ccf4b16ca8 method=it.unimi.dsi.fastutil.objects.ObjectOpenHashSet$SetIterator.next()Ljava/lang/Object; @ 83 c2
Event: 7.482 Thread 0x000001ccd2d4d510 DEOPT PACKING pc=0x000001ccf4b16ca8 sp=0x0000004bb63fb500
Event: 7.482 Thread 0x000001ccd2d4d510 DEOPT UNPACKING pc=0x000001ccf42b7982 sp=0x0000004bb63fb498 mode 2
Event: 7.680 Thread 0x000001ccd2d4d510 DEOPT PACKING pc=0x000001cced4a4abf sp=0x0000004bb63fc100
Event: 7.680 Thread 0x000001ccd2d4d510 DEOPT UNPACKING pc=0x000001ccf42b84c2 sp=0x0000004bb63fb5c0 mode 0

Classes loaded (20 events):
Event: 5.635 Loading class java/util/AbstractList$RandomAccessSubList
Event: 5.635 Loading class java/util/AbstractList$RandomAccessSubList done
Event: 6.394 Loading class java/util/stream/IntPipeline$Head
Event: 6.394 Loading class java/util/stream/IntPipeline
Event: 6.394 Loading class java/util/stream/IntPipeline done
Event: 6.395 Loading class java/util/stream/IntPipeline$Head done
Event: 6.395 Loading class java/util/stream/IntPipeline$1
Event: 6.395 Loading class java/util/stream/IntPipeline$1 done
Event: 6.396 Loading class java/util/stream/IntPipeline$1$1
Event: 6.396 Loading class java/util/stream/Sink$ChainedInt
Event: 6.396 Loading class java/util/stream/Sink$OfInt
Event: 6.396 Loading class java/util/stream/Sink$OfInt done
Event: 6.396 Loading class java/util/stream/Sink$ChainedInt done
Event: 6.396 Loading class java/util/stream/IntPipeline$1$1 done
Event: 6.431 Loading class java/util/RegularEnumSet$EnumSetIterator
Event: 6.431 Loading class java/util/RegularEnumSet$EnumSetIterator done
Event: 6.899 Loading class java/util/concurrent/CompletableFuture$AsyncRun
Event: 6.899 Loading class java/util/concurrent/CompletableFuture$AsyncRun done
Event: 6.985 Loading class java/util/concurrent/ConcurrentLinkedQueue$Itr
Event: 6.985 Loading class java/util/concurrent/ConcurrentLinkedQueue$Itr done

Classes unloaded (0 events):
No events

Classes redefined (0 events):
No events

Internal exceptions (20 events):
Event: 5.028 Thread 0x000001ccd2d4d510 Exception <a 'java/lang/NoSuchMethodError'{0x0000000087451fc8}: 'java.lang.Object java.lang.invoke.DirectMethodHandle$Holder.invokeSpecial(java.lang.Object, java.lang.Object, java.lang.Object, java.lang.Object, java.lang.Object, int)'> (0x0000000087451fc8) 
thrown [s\open\src\hotspot\share\interpreter\linkResolver.cpp, line 796]
Event: 5.028 Thread 0x000001ccd2d4d510 Exception <a 'java/lang/NoSuchMethodError'{0x0000000087455a50}: 'java.lang.Object java.lang.invoke.Invokers$Holder.linkToTargetMethod(java.lang.Object, java.lang.Object, java.lang.Object, int, java.lang.Object)'> (0x0000000087455a50) 
thrown [s\open\src\hotspot\share\interpreter\linkResolver.cpp, line 796]
Event: 5.111 Thread 0x000001ccd2d4d510 Exception <a 'java/lang/NoSuchMethodError'{0x0000000086fe8ad8}: 'java.lang.Object java.lang.invoke.DirectMethodHandle$Holder.invokeStaticInit(java.lang.Object, java.lang.Object, java.lang.Object, java.lang.Object)'> (0x0000000086fe8ad8) 
thrown [s\open\src\hotspot\share\interpreter\linkResolver.cpp, line 796]
Event: 5.297 Thread 0x000001ccd2d4d510 Exception <a 'java/lang/NoSuchMethodError'{0x0000000086fd89b0}: 'java.lang.Object java.lang.invoke.DirectMethodHandle$Holder.newInvokeSpecial(java.lang.Object, java.lang.Object, java.lang.Object, java.lang.Object, int, java.lang.Object)'> (0x0000000086fd89b0) 
thrown [s\open\src\hotspot\share\interpreter\linkResolver.cpp, line 796]
Event: 5.298 Thread 0x000001ccd2d4d510 Exception <a 'java/lang/NoSuchMethodError'{0x0000000086fe03a0}: 'java.lang.Object java.lang.invoke.Invokers$Holder.linkToTargetMethod(java.lang.Object, java.lang.Object, java.lang.Object, int, java.lang.Object, java.lang.Object)'> (0x0000000086fe03a0) 
thrown [s\open\src\hotspot\share\interpreter\linkResolver.cpp, line 796]
Event: 5.704 Thread 0x000001ccd2d4d510 Exception <a 'java/lang/NoSuchMethodError'{0x00000000870600b0}: 'int java.lang.invoke.DirectMethodHandle$Holder.invokeStaticInit(java.lang.Object, int)'> (0x00000000870600b0) 
thrown [s\open\src\hotspot\share\interpreter\linkResolver.cpp, line 796]
Event: 5.792 Thread 0x000001ccd2d4d510 Implicit null exception at 0x000001ccf4a0b933 to 0x000001ccf4a0bd16
Event: 5.792 Thread 0x000001ccd2d4d510 Implicit null exception at 0x000001ccf4a0ad9d to 0x000001ccf4a0add8
Event: 6.161 Thread 0x000001ccd2d4d510 Exception <a 'java/lang/NoSuchMethodError'{0x0000000087608758}: 'java.lang.Object java.lang.invoke.DirectMethodHandle$Holder.newInvokeSpecial(java.lang.Object, java.lang.Object, java.lang.Object, java.lang.Object, java.lang.Object, java.lang.Object, java.lang.Object, int)'> (0x0000000087608758) 
thrown [s\open\src\hotspot\share\interpreter\linkResolver.cpp, line 796]
Event: 6.161 Thread 0x000001ccd2d4d510 Exception <a 'java/lang/NoSuchMethodError'{0x000000008760d058}: 'java.lang.Object java.lang.invoke.DirectMethodHandle$Holder.invokeSpecial(java.lang.Object, java.lang.Object, java.lang.Object, java.lang.Object, java.lang.Object, java.lang.Object, java.lang.Object, java.lang.Object, int)'> (0x000000008760d058) 
thrown [s\open\src\hotspot\share\interpreter\linkResolver.cpp, line 796]
Event: 6.181 Thread 0x000001ccd2d4d510 Implicit null exception at 0x000001ccf4870d68 to 0x000001ccf4870f44
Event: 6.417 Thread 0x000001ccd2d4f5e0 Exception <a 'java/lang/NoSuchMethodError'{0x00000000898a7ca0}: 'java.lang.Object java.lang.invoke.DirectMethodHandle$Holder.invokeSpecial(java.lang.Object, java.lang.Object, java.lang.Object, java.lang.Object, java.lang.Object, java.lang.Object, int)'> (0x00000000898a7ca0) 
thrown [s\open\src\hotspot\share\interpreter\linkResolver.cpp, line 796]
Event: 6.437 Thread 0x000001ccd2d4f5e0 Exception <a 'java/lang/NoSuchMethodError'{0x00000000897554d8}: 'java.lang.Object java.lang.invoke.DirectMethodHandle$Holder.invokeStatic(java.lang.Object, int, java.lang.Object)'> (0x00000000897554d8) 
thrown [s\open\src\hotspot\share\interpreter\linkResolver.cpp, line 796]
Event: 6.478 Thread 0x000001ccd2d4f5e0 Implicit null exception at 0x000001ccf4a35d2b to 0x000001ccf4a37650
Event: 6.895 Thread 0x000001ccd2d4f5e0 Exception <a 'java/lang/NoSuchMethodError'{0x0000000088aff2a8}: 'java.lang.Object java.lang.invoke.DirectMethodHandle$Holder.invokeStatic(java.lang.Object, int, int, java.lang.Object)'> (0x0000000088aff2a8) 
thrown [s\open\src\hotspot\share\interpreter\linkResolver.cpp, line 796]
Event: 6.956 Thread 0x000001ccd2d31b10 Exception <a 'java/lang/NoSuchMethodError'{0x0000000088347d38}: 'java.lang.Object java.lang.invoke.DirectMethodHandle$Holder.invokeStatic(java.lang.Object, java.lang.Object, java.lang.Object, java.lang.Object, long, java.lang.Object)'> (0x0000000088347d38) 
thrown [s\open\src\hotspot\share\interpreter\linkResolver.cpp, line 796]
Event: 6.957 Thread 0x000001ccd2d31b10 Exception <a 'java/lang/NoSuchMethodError'{0x000000008834ed10}: 'java.lang.Object java.lang.invoke.DirectMethodHandle$Holder.newInvokeSpecial(java.lang.Object, java.lang.Object, java.lang.Object, java.lang.Object, long)'> (0x000000008834ed10) 
thrown [s\open\src\hotspot\share\interpreter\linkResolver.cpp, line 796]
Event: 6.957 Thread 0x000001ccd2d31b10 Exception <a 'java/lang/NoSuchMethodError'{0x0000000088352a00}: 'java.lang.Object java.lang.invoke.DirectMethodHandle$Holder.invokeSpecial(java.lang.Object, java.lang.Object, java.lang.Object, java.lang.Object, java.lang.Object, long)'> (0x0000000088352a00) 
thrown [s\open\src\hotspot\share\interpreter\linkResolver.cpp, line 796]
Event: 6.957 Thread 0x000001ccd2d31b10 Exception <a 'java/lang/NoSuchMethodError'{0x0000000088356190}: 'java.lang.Object java.lang.invoke.Invokers$Holder.linkToTargetMethod(java.lang.Object, java.lang.Object, java.lang.Object, long, java.lang.Object)'> (0x0000000088356190) 
thrown [s\open\src\hotspot\share\interpreter\linkResolver.cpp, line 796]
Event: 7.792 Thread 0x000001ccd2d4d510 Exception <a 'java/lang/NoSuchMethodError'{0x00000000894803f8}: 'java.lang.Object java.lang.invoke.DirectMethodHandle$Holder.newInvokeSpecial(java.lang.Object, java.lang.Object, java.lang.Object, java.lang.Object, java.lang.Object, java.lang.Object, java.lang.Object, int, java.lang.Object)'> (0x00000000894803f8) 
thrown [s\open\src\hotspot\share\interpreter\linkResolver.cpp, line 796]

VM Operations (20 events):
Event: 7.003 Executing VM operation: G1CollectForAllocation (G1 Evacuation Pause) done
Event: 7.375 Executing VM operation: G1CollectForAllocation (G1 Evacuation Pause)
Event: 7.382 Executing VM operation: G1CollectForAllocation (G1 Evacuation Pause) done
Event: 7.469 Executing VM operation: HandshakeAllThreads (Deoptimize)
Event: 7.469 Executing VM operation: HandshakeAllThreads (Deoptimize) done
Event: 7.474 Executing VM operation: HandshakeAllThreads (Deoptimize)
Event: 7.474 Executing VM operation: HandshakeAllThreads (Deoptimize) done
Event: 7.549 Executing VM operation: G1CollectForAllocation (G1 Evacuation Pause)
Event: 7.553 Executing VM operation: G1CollectForAllocation (G1 Evacuation Pause) done
Event: 7.611 Executing VM operation: G1PauseRemark
Event: 7.615 Executing VM operation: G1PauseRemark done
Event: 7.635 Executing VM operation: G1PauseCleanup
Event: 7.635 Executing VM operation: G1PauseCleanup done
Event: 7.704 Executing VM operation: G1CollectForAllocation (G1 Evacuation Pause)
Event: 7.710 Executing VM operation: G1CollectForAllocation (G1 Evacuation Pause) done
Event: 7.824 Executing VM operation: G1CollectForAllocation (G1 Evacuation Pause)
Event: 7.830 Executing VM operation: G1CollectForAllocation (G1 Evacuation Pause) done
Event: 7.892 Executing VM operation: G1CollectForAllocation (G1 Evacuation Pause)
Event: 7.896 Executing VM operation: G1CollectForAllocation (G1 Evacuation Pause) done
Event: 7.966 Executing VM operation: G1CollectForAllocation (G1 Evacuation Pause)

Memory protections (0 events):
No events

Nmethod flushes (20 events):
Event: 7.614 Thread 0x000001ccfe7a7570 flushing  nmethod 0x000001cced08ee88
Event: 7.614 Thread 0x000001ccfe7a7570 flushing  nmethod 0x000001cced090688
Event: 7.614 Thread 0x000001ccfe7a7570 flushing  nmethod 0x000001cced253488
Event: 7.614 Thread 0x000001ccfe7a7570 flushing  nmethod 0x000001cced43de08
Event: 7.614 Thread 0x000001ccfe7a7570 flushing  nmethod 0x000001cced443108
Event: 7.614 Thread 0x000001ccfe7a7570 flushing  nmethod 0x000001cced449188
Event: 7.614 Thread 0x000001ccfe7a7570 flushing  nmethod 0x000001cced48dc88
Event: 7.614 Thread 0x000001ccfe7a7570 flushing  nmethod 0x000001cced48e808
Event: 7.614 Thread 0x000001ccfe7a7570 flushing  nmethod 0x000001cced48fe08
Event: 7.614 Thread 0x000001ccfe7a7570 flushing  nmethod 0x000001cced4e7c88
Event: 7.614 Thread 0x000001ccfe7a7570 flushing  nmethod 0x000001cced4ed308
Event: 7.614 Thread 0x000001ccfe7a7570 flushing  nmethod 0x000001cced4ef088
Event: 7.614 Thread 0x000001ccfe7a7570 flushing  nmethod 0x000001cced529988
Event: 7.614 Thread 0x000001ccfe7a7570 flushing  nmethod 0x000001cced52e588
Event: 7.614 Thread 0x000001ccfe7a7570 flushing  nmethod 0x000001cced54ca88
Event: 7.614 Thread 0x000001ccfe7a7570 flushing  nmethod 0x000001cced54d888
Event: 7.614 Thread 0x000001ccfe7a7570 flushing  nmethod 0x000001cced54db88
Event: 7.614 Thread 0x000001ccfe7a7570 flushing  nmethod 0x000001cced574c08
Event: 7.614 Thread 0x000001ccfe7a7570 flushing  nmethod 0x000001cced5b7688
Event: 7.614 Thread 0x000001ccfe7a7570 flushing  nmethod 0x000001cced5b9d88

Events (20 events):
Event: 0.045 Thread 0x000001cce22da7c0 Thread added: 0x000001ccfe7c54f0
Event: 0.045 Thread 0x000001cce22da7c0 Thread added: 0x000001ccfe7ca3a0
Event: 0.045 Thread 0x000001cce22da7c0 Thread added: 0x000001ccfe7d3430
Event: 0.045 Thread 0x000001cce22da7c0 Thread added: 0x000001ccfe7dca00
Event: 0.045 Thread 0x000001cce22da7c0 Thread added: 0x000001ccfe7dfe30
Event: 0.078 Thread 0x000001cce22da7c0 Thread added: 0x000001ccc718b800
Event: 0.080 Thread 0x000001cce22da7c0 Thread added: 0x000001ccc718d8d0
Event: 0.118 Thread 0x000001ccfe7dca00 Thread added: 0x000001ccc718f940
Event: 2.141 Thread 0x000001cce22da7c0 Thread added: 0x000001ccc718c520
Event: 2.144 Thread 0x000001ccc718c520 Thread exited: 0x000001ccc718c520
Event: 2.578 Thread 0x000001cce22da7c0 Thread added: 0x000001ccc718b170
Event: 2.578 Thread 0x000001cce22da7c0 Thread exited: 0x000001cce22da7c0
Event: 2.578 Thread 0x000001ccc718c520 Thread added: 0x000001ccc718c520
Event: 2.673 Thread 0x000001ccc718b170 Thread added: 0x000001ccd2d4b440
Event: 3.219 Thread 0x000001ccd2d4b440 Thread added: 0x000001ccd2d4adb0
Event: 3.291 Thread 0x000001ccd2d4b440 Thread added: 0x000001ccd2d4d510
Event: 3.332 Thread 0x000001ccc718b170 Thread added: 0x000001ccd2d4f5e0
Event: 6.899 Thread 0x000001ccd2d4f5e0 Thread added: 0x000001ccd2d31b10
Event: 7.315 Thread 0x000001ccc718f940 Thread exited: 0x000001ccc718f940
Event: 7.326 Thread 0x000001ccfe7dfe30 Thread added: 0x000001ccd37e46e0


Dynamic libraries:
0x00007ff7d9490000 - 0x00007ff7d94a0000 	C:\Program Files\Java\jdk-23\bin\java.exe
0x00007ffc76df0000 - 0x00007ffc77008000 	C:\WINDOWS\SYSTEM32\ntdll.dll
0x00007ffc75d30000 - 0x00007ffc75df4000 	C:\WINDOWS\System32\KERNEL32.DLL
0x00007ffc74330000 - 0x00007ffc74703000 	C:\WINDOWS\System32\KERNELBASE.dll
0x00007ffc73f00000 - 0x00007ffc74011000 	C:\WINDOWS\System32\ucrtbase.dll
0x00007ffc33660000 - 0x00007ffc3367b000 	C:\Program Files\Java\jdk-23\bin\VCRUNTIME140.dll
0x00007ffc33810000 - 0x00007ffc33827000 	C:\Program Files\Java\jdk-23\bin\jli.dll
0x00007ffc752c0000 - 0x00007ffc75472000 	C:\WINDOWS\System32\USER32.dll
0x00007ffc5ecd0000 - 0x00007ffc5ef6c000 	C:\WINDOWS\WinSxS\amd64_microsoft.windows.common-controls_6595b64144ccf1df_6.0.22621.6060_none_2712eda17382d24b\COMCTL32.dll
0x00007ffc74880000 - 0x00007ffc748a6000 	C:\WINDOWS\System32\win32u.dll
0x00007ffc76220000 - 0x00007ffc762c7000 	C:\WINDOWS\System32\msvcrt.dll
0x00007ffc760e0000 - 0x00007ffc76109000 	C:\WINDOWS\System32\GDI32.dll
0x00007ffc740e0000 - 0x00007ffc741fb000 	C:\WINDOWS\System32\gdi32full.dll
0x00007ffc748b0000 - 0x00007ffc7494a000 	C:\WINDOWS\System32\msvcp_win.dll
0x00007ffc761e0000 - 0x00007ffc76211000 	C:\WINDOWS\System32\IMM32.DLL
0x00007ffc52860000 - 0x00007ffc52952000 	C:\Program Files\Windhawk\Engine\1.7.3\64\windhawk.dll
0x00007ffc750a0000 - 0x00007ffc75151000 	C:\WINDOWS\System32\ADVAPI32.dll
0x00007ffc75c50000 - 0x00007ffc75cf8000 	C:\WINDOWS\System32\sechost.dll
0x00007ffc74280000 - 0x00007ffc742a8000 	C:\WINDOWS\System32\bcrypt.dll
0x00007ffc76c90000 - 0x00007ffc76da8000 	C:\WINDOWS\System32\RPCRT4.dll
0x00007ffc5b0c0000 - 0x00007ffc5b0cc000 	C:\Program Files\Java\jdk-23\bin\vcruntime140_1.dll
0x00007ffc310b0000 - 0x00007ffc3113e000 	C:\Program Files\Java\jdk-23\bin\msvcp140.dll
0x00007ffbbb9b0000 - 0x00007ffbbc700000 	C:\Program Files\Java\jdk-23\bin\server\jvm.dll
0x00007ffc76160000 - 0x00007ffc761d1000 	C:\WINDOWS\System32\WS2_32.dll
0x00007ffc6a860000 - 0x00007ffc6a894000 	C:\WINDOWS\SYSTEM32\WINMM.dll
0x00007ffc68cc0000 - 0x00007ffc68cca000 	C:\WINDOWS\SYSTEM32\VERSION.dll
0x00007ffc73760000 - 0x00007ffc737ad000 	C:\WINDOWS\SYSTEM32\POWRPROF.dll
0x00007ffc73740000 - 0x00007ffc73753000 	C:\WINDOWS\SYSTEM32\UMPDC.dll
0x00007ffc72eb0000 - 0x00007ffc72ec8000 	C:\WINDOWS\SYSTEM32\kernel.appcore.dll
0x00007ffc570f0000 - 0x00007ffc570fa000 	C:\Program Files\Java\jdk-23\bin\jimage.dll
0x00007ffc718b0000 - 0x00007ffc71ae3000 	C:\WINDOWS\SYSTEM32\DBGHELP.DLL
0x00007ffc755b0000 - 0x00007ffc75941000 	C:\WINDOWS\System32\combase.dll
0x00007ffc75b70000 - 0x00007ffc75c48000 	C:\WINDOWS\System32\OLEAUT32.dll
0x00007ffc4b380000 - 0x00007ffc4b3b2000 	C:\WINDOWS\SYSTEM32\dbgcore.DLL
0x00007ffc74200000 - 0x00007ffc7427b000 	C:\WINDOWS\System32\bcryptPrimitives.dll
0x00007ffc33640000 - 0x00007ffc3365e000 	C:\Program Files\Java\jdk-23\bin\java.dll
0x00007ffc759c0000 - 0x00007ffc75b61000 	C:\WINDOWS\System32\ole32.dll
0x00007ffc76330000 - 0x00007ffc76bcc000 	C:\WINDOWS\System32\SHELL32.dll
0x00007ffc74950000 - 0x00007ffc74a8f000 	C:\WINDOWS\System32\wintypes.dll
0x00007ffc71db0000 - 0x00007ffc726ca000 	C:\WINDOWS\SYSTEM32\windows.storage.dll
0x00007ffc75480000 - 0x00007ffc75584000 	C:\WINDOWS\System32\SHCORE.dll
0x00007ffc74a90000 - 0x00007ffc74af9000 	C:\WINDOWS\System32\shlwapi.dll
0x00007ffc73e30000 - 0x00007ffc73e55000 	C:\WINDOWS\SYSTEM32\profapi.dll
0x00007ffc24540000 - 0x00007ffc24617000 	C:\Program Files\Java\jdk-23\bin\jsvml.dll
0x00007ffc65f20000 - 0x00007ffc65f30000 	C:\Program Files\Java\jdk-23\bin\net.dll
0x00007ffc73410000 - 0x00007ffc73479000 	C:\WINDOWS\system32\mswsock.dll
0x00007ffc33620000 - 0x00007ffc33636000 	C:\Program Files\Java\jdk-23\bin\nio.dll
0x00007ffc33600000 - 0x00007ffc33617000 	C:\Program Files\Java\jdk-23\bin\zip.dll
0x00007ffc73680000 - 0x00007ffc7369b000 	C:\WINDOWS\SYSTEM32\CRYPTSP.dll
0x00007ffc72e10000 - 0x00007ffc72e47000 	C:\WINDOWS\system32\rsaenh.dll
0x00007ffc73520000 - 0x00007ffc73548000 	C:\WINDOWS\SYSTEM32\USERENV.dll
0x00007ffc736a0000 - 0x00007ffc736ac000 	C:\WINDOWS\SYSTEM32\CRYPTBASE.dll
0x00007ffc72930000 - 0x00007ffc7295d000 	C:\WINDOWS\SYSTEM32\IPHLPAPI.DLL
0x00007ffc74b00000 - 0x00007ffc74b09000 	C:\WINDOWS\System32\NSI.dll
0x00007ffc545f0000 - 0x00007ffc54600000 	C:\Program Files\Java\jdk-23\bin\verify.dll
0x00007ffc1f330000 - 0x00007ffc1f419000 	C:\Users\USER\AppData\Local\Temp\sqlite-3.41.2.1-91db71ca-9e12-4ebe-a86c-d05586c2a27a-sqlitejdbc.dll

dbghelp: loaded successfully - version: 4.0.5 - missing functions: none
symbol engine: initialized successfully - sym options: 0x614 - pdb path: .;C:\Program Files\Java\jdk-23\bin;C:\WINDOWS\SYSTEM32;C:\WINDOWS\WinSxS\amd64_microsoft.windows.common-controls_6595b64144ccf1df_6.0.22621.6060_none_2712eda17382d24b;C:\Program Files\Windhawk\Engine\1.7.3\64;C:\Program Files\Java\jdk-23\bin\server;C:\Users\USER\AppData\Local\Temp

VM Arguments:
jvm_args: -DkotlinLanguageServer.version=1.3.13 
java_command: org.javacs.kt.MainKt
java_class_path (initial): c:\Users\USER\AppData\Roaming\Antigravity\User\globalStorage\fwcd.kotlin\langServerInstall\server\lib\server-1.3.13.jar;c:\Users\USER\AppData\Roaming\Antigravity\User\globalStorage\fwcd.kotlin\langServerInstall\server\lib\shared-1.3.13.jar;c:\Users\USER\AppData\Roaming\Antigravity\User\globalStorage\fwcd.kotlin\langServerInstall\server\lib\kotlin-scripting-jvm-host-unshaded-2.1.0.jar;c:\Users\USER\AppData\Roaming\Antigravity\User\globalStorage\fwcd.kotlin\langServerInstall\server\lib\kotlin-scripting-compiler-2.1.0.jar;c:\Users\USER\AppData\Roaming\Antigravity\User\globalStorage\fwcd.kotlin\langServerInstall\server\lib\ktfmt-b5d31d1.jar;c:\Users\USER\AppData\Roaming\Antigravity\User\globalStorage\fwcd.kotlin\langServerInstall\server\lib\kotlin-compiler-2.1.0.jar;c:\Users\USER\AppData\Roaming\Antigravity\User\globalStorage\fwcd.kotlin\langServerInstall\server\lib\exposed-dao-0.37.3.jar;c:\Users\USER\AppData\Roaming\Antigravity\User\globalStorage\fwcd.kotlin\langServerInstall\server\lib\exposed-jdbc-0.37.3.jar;c:\Users\USER\AppData\Roaming\Antigravity\User\globalStorage\fwcd.kotlin\langServerInstall\server\lib\exposed-core-0.37.3.jar;c:\Users\USER\AppData\Roaming\Antigravity\User\globalStorage\fwcd.kotlin\langServerInstall\server\lib\kotlin-scripting-compiler-impl-2.1.0.jar;c:\Users\USER\AppData\Roaming\Antigravity\User\globalStorage\fwcd.kotlin\langServerInstall\server\lib\kotlin-reflect-2.1.0.jar;c:\Users\USER\AppData\Roaming\Antigravity\User\globalStorage\fwcd.kotlin\langServerInstall\server\lib\kotlin-scripting-jvm-2.1.0.jar;c:\Users\USER\AppData\Roaming\Antigravity\User\globalStorage\fwcd.kotlin\langServerInstall\server\lib\kotlin-scripting-common-2.1.0.jar;c:\Users\USER\AppData\Roaming\Antigravity\User\globalStorage\fwcd.kotlin\langServerInstall\server\lib\kotlinx-coroutines-core-jvm-1.6.4.jar;c:\Users\USER\AppData\Roaming\Antigravity\User\globalStorage\fwcd.kotlin\langServerInstall\server\lib\kotlin-stdlib-jdk8-2.1.0.jar;c:\Users\USER\AppData\Roaming\Antigravity\User\globalStorage\fwcd.kotlin\langServerInstall\server\lib\kotlin-stdlib-jdk7-2.1.0.jar;c:\Users\USER\AppData\Roaming\Antigravity\User\globalStorage\fwcd.kotlin\langServerInstall\server\lib\kotlin-stdlib-2.1.0.jar;c:\Users\USER\AppData\Roaming\Antigravity\User\globalStorage\fwcd.kotlin\langServerInstall\server\lib\org.eclipse.lsp4j-0.21.2.jar;c:\Users\USER\AppData\Roaming\Antigravity\User\globalStorage\fwcd.kotlin\langServerInstall\server\lib\org.eclipse.lsp4j.jsonrpc-0.21.2.jar;c:\Users\USER\AppData\Roaming\Antigravity\User\globalStorage\fwcd.kotlin\langServerInstall\server\lib\kotlin-sam-with-receiver-compiler-plugin-2.1.0.jar;c:\Users\USER\AppData\Roaming\Antigravity\User\globalStorage\fwcd.kotlin\langServerInstall\server\lib\fernflower-1.0.jar;c:\Users\USER\AppData\Roaming\Antigravity\User\globalStorage\fwcd.kotlin\langServerInstall\server\lib\h2-1.4.200.jar;c:\Users\USER\AppData\Roaming\Antigravity\User\globalStorage\fwcd.kotlin\langServerInstall\server\lib\jcommander-1.78.jar;c:\Users\USER\AppData\Roaming\Antigravity\User\globalStorage\fwcd.kotlin\langServerInstall\server\lib\sqlite-jdbc-3.41.2.1.jar;c:\Users\USER\AppData\Roaming\Antigravity\User\globalStorage\fwcd.kotlin\langServerInstall\server\lib\google-java-format-1.8.jar;c:\Users\USER\AppData\Roaming\Antigravity\User\globalStorage\fwcd.kotlin\langServerInstall\server\lib\guava-33.3.0-jre.jar;c:\Users\USER\AppData\Roaming\Antigravity\User\globalStorage\fwcd.kotlin\langServerInstall\server\lib\annotations-13.0.jar;c:\Users\USER\AppData\Roaming\Antigravity\User\globalStorage\fwcd.kotlin\langServerInstall\server\lib\gson-2.10.1.jar;c:\Users\USER\AppData\Roaming\Antigravity\User\globalStorage\fwcd.kotlin\langServerInstall\server\lib\kotlin-script-runtime-2.1.0.jar;c:\Users\USER\AppData\Roaming\Antigravity\User\globalStorage\fwcd.kotlin\langServerInstall\server\lib\trove4j-1.0.20200330.jar;c:\Users\USER\AppData\Roaming\Antigravity\User\globalStorage\fwcd.kotlin\langServerInstall\server\lib\jline-3.24.1.jar;c:\Users\USER\AppData\Roaming\Antigravity\User\globalStorage\fwcd.kotlin\langServerInstall\server\lib\slf4j-api-1.7.25.jar;c:\Users\USER\AppData\Roaming\Antigravity\User\globalStorage\fwcd.kotlin\langServerInstall\server\lib\jna-4.2.2.jar;c:\Users\USER\AppData\Roaming\Antigravity\User\globalStorage\fwcd.kotlin\langServerInstall\server\lib\failureaccess-1.0.2.jar;c:\Users\USER\AppData\Roaming\Antigravity\User\globalStorage\fwcd.kotlin\langServerInstall\server\lib\listenablefuture-9999.0-empty-to-avoid-conflict-with-guava.jar;c:\Users\USER\AppData\Roaming\Antigravity\User\globalStorage\fwcd.kotlin\langServerInstall\server\lib\jsr305-3.0.2.jar;c:\Users\USER\AppData\Roaming\Antigravity\User\globalStorage\fwcd.kotlin\langServerInstall\server\lib\checker-qual-3.43.0.jar;c:\Users\USER\AppData\Roaming\Antigravity\User\globalStorage\fwcd.kotlin\langServerInstall\server\lib\error_prone_annotations-2.28.0.jar
Launcher Type: SUN_STANDARD

[Global flags]
     intx CICompilerCount                          = 3                                         {product} {ergonomic}
     uint ConcGCThreads                            = 1                                         {product} {ergonomic}
     uint G1ConcRefinementThreads                  = 4                                         {product} {ergonomic}
   size_t G1HeapRegionSize                         = 1048576                                   {product} {ergonomic}
   size_t InitialHeapSize                          = 130023424                                 {product} {ergonomic}
   size_t MarkStackSize                            = 4194304                                   {product} {ergonomic}
   size_t MarkStackSizeMax                         = 536870912                                 {product} {ergonomic}
   size_t MaxHeapSize                              = 2069889024                                {product} {ergonomic}
   size_t MaxNewSize                               = 1241513984                                {product} {ergonomic}
   size_t MinHeapDeltaBytes                        = 1048576                                   {product} {ergonomic}
   size_t MinHeapSize                              = 8388608                                   {product} {ergonomic}
    uintx NonNMethodCodeHeapSize                   = 5832704                                {pd product} {ergonomic}
    uintx NonProfiledCodeHeapSize                  = 122945536                              {pd product} {ergonomic}
    uintx ProfiledCodeHeapSize                     = 122880000                              {pd product} {ergonomic}
    uintx ReservedCodeCacheSize                    = 251658240                              {pd product} {ergonomic}
     bool SegmentedCodeCache                       = true                                      {product} {ergonomic}
   size_t SoftMaxHeapSize                          = 2069889024                             {manageable} {ergonomic}
     bool UseCompressedOops                        = true                           {product lp64_product} {ergonomic}
     bool UseG1GC                                  = true                                      {product} {ergonomic}
     bool UseLargePagesIndividualAllocation        = false                                  {pd product} {ergonomic}

Logging:
Log output configuration:
 #0: stdout all=warning uptime,level,tags foldmultilines=false
 #1: stderr all=off uptime,level,tags foldmultilines=false

Environment Variables:
JAVA_HOME=C:\Program Files\Java\jdk-23
CLASSPATH=c:\Users\USER\AppData\Roaming\Antigravity\User\globalStorage\fwcd.kotlin\langServerInstall\server\lib\server-1.3.13.jar;c:\Users\USER\AppData\Roaming\Antigravity\User\globalStorage\fwcd.kotlin\langServerInstall\server\lib\shared-1.3.13.jar;c:\Users\USER\AppData\Roaming\Antigravity\User\globalStorage\fwcd.kotlin\langServerInstall\server\lib\kotlin-scripting-jvm-host-unshaded-2.1.0.jar;c:\Users\USER\AppData\Roaming\Antigravity\User\globalStorage\fwcd.kotlin\langServerInstall\server\lib\kotlin-scripting-compiler-2.1.0.jar;c:\Users\USER\AppData\Roaming\Antigravity\User\globalStorage\fwcd.kotlin\langServerInstall\server\lib\ktfmt-b5d31d1.jar;c:\Users\USER\AppData\Roaming\Antigravity\User\globalStorage\fwcd.kotlin\langServerInstall\server\lib\kotlin-compiler-2.1.0.jar;c:\Users\USER\AppData\Roaming\Antigravity\User\globalStorage\fwcd.kotlin\langServerInstall\server\lib\exposed-dao-0.37.3.jar;c:\Users\USER\AppData\Roaming\Antigravity\User\globalStorage\fwcd.kotlin\langServerInstall\server\lib\exposed-jdbc-0.37.3.jar;c:\Users\USER\AppData\Roaming\Antigravity\User\globalStorage\fwcd.kotlin\langServerInstall\server\lib\exposed-core-0.37.3.jar;c:\Users\USER\AppData\Roaming\Antigravity\User\globalStorage\fwcd.kotlin\langServerInstall\server\lib\kotlin-scripting-compiler-impl-2.1.0.jar;c:\Users\USER\AppData\Roaming\Antigravity\User\globalStorage\fwcd.kotlin\langServerInstall\server\lib\kotlin-reflect-2.1.0.jar;c:\Users\USER\AppData\Roaming\Antigravity\User\globalStorage\fwcd.kotlin\langServerInstall\server\lib\kotlin-scripting-jvm-2.1.0.jar;c:\Users\USER\AppData\Roaming\Antigravity\User\globalStorage\fwcd.kotlin\langServerInstall\server\lib\kotlin-scripting-common-2.1.0.jar;c:\Users\USER\AppData\Roaming\Antigravity\User\globalStorage\fwcd.kotlin\langServerInstall\server\lib\kotlinx-coroutines-core-jvm-1.6.4.jar;c:\Users\USER\AppData\Roaming\Antigravity\User\globalStorage\fwcd.kotlin\langServerInstall\server\lib\kotlin-stdlib-jdk8-2.1.0.jar;c:\Users\USER\AppData\Roaming\Antigravity\User\globalStorage\fwcd.kotlin\langServerInstall\server\lib\kotlin-stdlib-jdk7-2.1.0.jar;c:\Users\USER\AppData\Roaming\Antigravity\User\globalStorage\fwcd.kotlin\langServerInstall\server\lib\kotlin-stdlib-2.1.0.jar;c:\Users\USER\AppData\Roaming\Antigravity\User\globalStorage\fwcd.kotlin\langServerInstall\server\lib\org.eclipse.lsp4j-0.21.2.jar;c:\Users\USER\AppData\Roaming\Antigravity\User\globalStorage\fwcd.kotlin\langServerInstall\server\lib\org.eclipse.lsp4j.jsonrpc-0.21.2.jar;c:\Users\USER\AppData\Roaming\Antigravity\User\globalStorage\fwcd.kotlin\langServerInstall\server\lib\kotlin-sam-with-receiver-compiler-plugin-2.1.0.jar;c:\Users\USER\AppData\Roaming\Antigravity\User\globalStorage\fwcd.kotlin\langServerInstall\server\lib\fernflower-1.0.jar;c:\Users\USER\AppData\Roaming\Antigravity\User\globalStorage\fwcd.kotlin\langServerInstall\server\lib\h2-1.4.200.jar;c:\Users\USER\AppData\Roaming\Antigravity\User\globalStorage\fwcd.kotlin\langServerInstall\server\lib\jcommander-1.78.jar;c:\Users\USER\AppData\Roaming\Antigravity\User\globalStorage\fwcd.kotlin\langServerInstall\server\lib\sqlite-jdbc-3.41.2.1.jar;c:\Users\USER\AppData\Roaming\Antigravity\User\globalStorage\fwcd.kotlin\langServerInstall\server\lib\google-java-format-1.8.jar;c:\Users\USER\AppData\Roaming\Antigravity\User\globalStorage\fwcd.kotlin\langServerInstall\server\lib\guava-33.3.0-jre.jar;c:\Users\USER\AppData\Roaming\Antigravity\User\globalStorage\fwcd.kotlin\langServerInstall\server\lib\annotations-13.0.jar;c:\Users\USER\AppData\Roaming\Antigravity\User\globalStorage\fwcd.kotlin\langServerInstall\server\lib\gson-2.10.1.jar;c:\Users\USER\AppData\Roaming\Antigravity\User\globalStorage\fwcd.kotlin\langServerInstall\server\lib\kotlin-script-runtime-2.1.0.jar;c:\Users\USER\AppData\Roaming\Antigravity\User\globalStorage\fwcd.kotlin\langServerInstall\server\lib\trove4j-1.0.20200330.jar;c:\Users\USER\AppData\Roaming\Antigravity\User\globalStorage\fwcd.kotlin\langServerInstall\server\lib\jline-3.24.1.jar;c:\Users\USER\AppData\Roaming\Antigravity\User\globalStorage\fwcd.kotlin\langServerInstall\server\lib\slf4j-api-1.7.25.jar;c:\Users\USER\AppData\Roaming\Antigravity\User\globalStorage\fwcd.kotlin\langServerInstall\server\lib\jna-4.2.2.jar;c:\Users\USER\AppData\Roaming\Antigravity\User\globalStorage\fwcd.kotlin\langServerInstall\server\lib\failureaccess-1.0.2.jar;c:\Users\USER\AppData\Roaming\Antigravity\User\globalStorage\fwcd.kotlin\langServerInstall\server\lib\listenablefuture-9999.0-empty-to-avoid-conflict-with-guava.jar;c:\Users\USER\AppData\Roaming\Antigravity\User\globalStorage\fwcd.kotlin\langServerInstall\server\lib\jsr305-3.0.2.jar;c:\Users\USER\AppData\Roaming\Antigravity\User\globalStorage\fwcd.kotlin\langServerInstall\server\lib\checker-qual-3.43.0.jar;c:\Users\USER\AppData\Roaming\Antigravity\User\globalStorage\fwcd.kotlin\langServerInstall\server\lib\error_prone_annotations-2.28.0.jar
PATH=C:\Program Files\Common Files\Oracle\Java\javapath;C:\Program Files (x86)\Common Files\Intel\Shared Files\cpp\bin\Intel64;C:\WINDOWS\system32;C:\WINDOWS;C:\WINDOWS\System32\Wbem;C:\WINDOWS\System32\WindowsPowerShell\v1.0\;C:\WINDOWS\System32\OpenSSH\;C:\Program Files\Microsoft\Web Platform Installer\;C:\Program Files\Microsoft SQL Server\110\Tools\Binn\;C:\ProgramData\ComposerSetup\bin;C:\Program Files\Git\cmd;C:\Program Files\Java\jdk-1.8\bin;D:\laragon\bin\php;C:\laragon\bin\nginx\nginx-1.19.10;C:\ngrok;D:\kotlin-compiler-2.2.20\kotlinc\bin;C:\Program Files\nodejs\;C:\Program Files\Go\bin;C:\Users\USER\.local\bin;C:\laragon\bin;C:\laragon\bin\apache\httpd-2.4.47-win64-VS16\bin;C:\laragon\bin\composer;C:\laragon\bin\git\bin;C:\laragon\bin\git\cmd;C:\laragon\bin\git\mingw64\bin;C:\laragon\bin\git\usr\bin;C:\laragon\bin\laragon\utils;C:\laragon\bin\mysql\mysql-5.7.33-winx64\bin;C:\laragon\bin\nginx\nginx-1.19.10;C:\laragon\bin\ngrok;C:\laragon\bin\nodejs\node-v14;C:\laragon\bin\notepad++;C:\laragon\bin\php\php-8.4.4-Win32-vs17-x64;C:\laragon\bin\redis\redis-x64-3.2.100;C:\laragon\bin\telnet;C:\laragon\usr\bin;C:\Users\USER\AppData\Local\Yarn\config\global\node_modules\.bin;C:\Users\USER\AppData\Roaming\Composer\vendor\bin;C:\Users\USER\AppData\Roaming\npm;C:\Users\USER\.config\herd-lite\bin;C:\Users\USER\AppData\Local\Microsoft\WindowsApps;C:\Users\USER\AppData\Local\Programs\Microsoft VS Code\bin;C:\Users\USER\AppData\Local\Microsoft\WinGet\Packages\Genymobile.scrcpy_Microsoft.Winget.Source_8wekyb3d8bbwe\scrcpy-win64-v3.3.2;C:\Users\USER\AppData\Local\Python\bin;C:\Users\USER\AppData\Local\Programs\Antigravity\bin;C:\Users\USER\go\bin
USERNAME=Ardhana Syah Hidayat
OS=Windows_NT
PROCESSOR_IDENTIFIER=Intel64 Family 6 Model 140 Stepping 2, GenuineIntel
TMP=C:\Users\USER\AppData\Local\Temp
TEMP=C:\Users\USER\AppData\Local\Temp




Periodic native trim disabled

---------------  S Y S T E M  ---------------

OS:
 Windows 11 , 64 bit Build 22621 (10.0.22621.5415)
OS uptime: 0 days 3:24 hours
Hyper-V role detected

CPU: total 4 (initial active 4) (2 cores per cpu, 2 threads per core) family 6 model 140 stepping 2 microcode 0x16, cx8, cmov, fxsr, ht, mmx, 3dnowpref, sse, sse2, sse3, ssse3, sse4.1, sse4.2, popcnt, lzcnt, tsc, tscinvbit, avx, avx2, aes, erms, clmul, bmi1, bmi2, adx, avx512f, avx512dq, avx512cd, avx512bw, avx512vl, sha, fma, vzeroupper, avx512_vpopcntdq, avx512_vpclmulqdq, avx512_vaes, avx512_vnni, clflush, clflushopt, clwb, avx512_vbmi2, avx512_vbmi, hv, rdtscp, rdpid, fsrm, gfni, avx512_bitalg, f16c, cet_ibt, cet_ss, avx512_ifma
Processor Information for the first 4 processors :
  Max Mhz: 2995, Current Mhz: 2995, Mhz Limit: 2995

Memory: 4k page, system-wide physical 7894M (873M free)
TotalPageFile size 17211M (AvailPageFile size 86M)
current process WorkingSet (physical memory assigned to process): 289M, peak: 293M
current process commit charge ("private bytes"): 351M, peak: 367M

vm_info: Java HotSpot(TM) 64-Bit Server VM (23.0.2+7-58) for windows-amd64 JRE (23.0.2+7-58), built on 2024-11-29T09:34:55Z with MS VC++ 17.6 (VS2022)

END.
